

================================================================
== Vitis HLS Report for 'write_output'
================================================================
* Date:           Mon Nov 18 23:56:46 2024

* Version:        2022.2 (Build 3670227 on Oct 13 2022)
* Project:        yolo_conv_prj
* Solution:       solution1 (Vivado IP Flow Target)
* Product family: zynq
* Target device:  xc7z020-clg400-1


================================================================
== Performance Estimates
================================================================
+ Timing: 
    * Summary: 
    +--------+---------+----------+------------+
    |  Clock |  Target | Estimated| Uncertainty|
    +--------+---------+----------+------------+
    |ap_clk  |  7.50 ns|  2.737 ns|     2.03 ns|
    +--------+---------+----------+------------+

+ Latency: 
    * Summary: 
    +---------+---------+----------+----------+-----+-----+---------+
    |  Latency (cycles) |  Latency (absolute) |  Interval | Pipeline|
    |   min   |   max   |    min   |    max   | min | max |   Type  |
    +---------+---------+----------+----------+-----+-----+---------+
    |        0|        0|      0 ns|      0 ns|    1|    1|      yes|
    +---------+---------+----------+----------+-----+-----+---------+

    + Detail: 
        * Instance: 
        N/A

        * Loop: 
        N/A



================================================================
== Utilization Estimates
================================================================
* Summary: 
+-----------------+---------+-----+--------+-------+-----+
|       Name      | BRAM_18K| DSP |   FF   |  LUT  | URAM|
+-----------------+---------+-----+--------+-------+-----+
|DSP              |        -|    -|       -|      -|    -|
|Expression       |        -|    -|       0|      2|    -|
|FIFO             |        -|    -|       -|      -|    -|
|Instance         |        -|    -|       -|      -|    -|
|Memory           |        -|    -|       -|      -|    -|
|Multiplexer      |        -|    -|       -|      9|    -|
|Register         |        -|    -|       1|      -|    -|
+-----------------+---------+-----+--------+-------+-----+
|Total            |        0|    0|       1|     11|    0|
+-----------------+---------+-----+--------+-------+-----+
|Available        |      280|  220|  106400|  53200|    0|
+-----------------+---------+-----+--------+-------+-----+
|Utilization (%)  |        0|    0|      ~0|     ~0|    0|
+-----------------+---------+-----+--------+-------+-----+

+ Detail: 
    * Instance: 
    N/A

    * DSP: 
    N/A

    * Memory: 
    N/A

    * FIFO: 
    N/A

    * Expression: 
    +-----------------+----------+----+---+----+------------+------------+
    |  Variable Name  | Operation| DSP| FF| LUT| Bitwidth P0| Bitwidth P1|
    +-----------------+----------+----+---+----+------------+------------+
    |ap_block_state1  |        or|   0|  0|   2|           1|           1|
    +-----------------+----------+----+---+----+------------+------------+
    |Total            |          |   0|  0|   2|           1|           1|
    +-----------------+----------+----+---+----+------------+------------+

    * Multiplexer: 
    +--------------------------+----+-----------+-----+-----------+
    |           Name           | LUT| Input Size| Bits| Total Bits|
    +--------------------------+----+-----------+-----+-----------+
    |out_stream_group_0_blk_n  |   9|          2|    1|          2|
    +--------------------------+----+-----------+-----+-----------+
    |Total                     |   9|          2|    1|          2|
    +--------------------------+----+-----------+-----+-----------+

    * Register: 
    +-----------+---+----+-----+-----------+
    |    Name   | FF| LUT| Bits| Const Bits|
    +-----------+---+----+-----+-----------+
    |ap_CS_fsm  |  1|   0|    1|          0|
    +-----------+---+----+-----+-----------+
    |Total      |  1|   0|    1|          0|
    +-----------+---+----+-----+-----------+



================================================================
== Interface
================================================================
* Summary: 
+---------------------------+-----+-----+------------+--------------------+--------------+
|         RTL Ports         | Dir | Bits|  Protocol  |    Source Object   |    C Type    |
+---------------------------+-----+-----+------------+--------------------+--------------+
|ap_clk                     |   in|    1|  ap_ctrl_hs|        write_output|  return value|
|ap_rst                     |   in|    1|  ap_ctrl_hs|        write_output|  return value|
|ap_start                   |   in|    1|  ap_ctrl_hs|        write_output|  return value|
|ap_done                    |  out|    1|  ap_ctrl_hs|        write_output|  return value|
|ap_idle                    |  out|    1|  ap_ctrl_hs|        write_output|  return value|
|ap_ready                   |  out|    1|  ap_ctrl_hs|        write_output|  return value|
|out_stream_group_0_blk_n   |  out|    1|  ap_ctrl_hs|        write_output|  return value|
|ap_ce                      |   in|    1|  ap_ctrl_hs|        write_output|  return value|
|val_output                 |   in|   16|     ap_none|          val_output|        scalar|
|out_stream_group_0_din     |  out|   16|     ap_fifo|  out_stream_group_0|       pointer|
|out_stream_group_0_full_n  |   in|    1|     ap_fifo|  out_stream_group_0|       pointer|
|out_stream_group_0_write   |  out|    1|     ap_fifo|  out_stream_group_0|       pointer|
+---------------------------+-----+-----+------------+--------------------+--------------+

============================================================
+ Verbose Summary: Synthesis Manager
============================================================
InlineROM: 1
ExposeGlobal: 0
============================================================
+ Verbose Summary: CDFG Model
============================================================
IsTopModel: 0
ResetActiveHigh: 1
IsCombinational: 2
IsDatapathOnly: 2
HasWiredReturn: 1
HasMFsm: 2
HasVarLatency: 0
IsPipeline: 1
IsRtlPipelined: 0
IsInstanceOverlapped: 0
IsDontTouch: 0
HasImplIP: 0
IsGatedGlobalClock: 0

+ Individual pipeline summary: 
  * Pipeline-0: initiation interval (II) = 1, depth = 1


============================================================
+ Verbose Summary: Schedule
============================================================
* Number of FSM states : 1
* Pipeline : 1
  Pipeline-0 : II = 1, D = 1, States = { 1 }
* Dataflow Pipeline: 0

* FSM state transitions: 
1 --> 

* FSM state operations: 

State 1 <SV = 0> <Delay = 2.73>
ST_1 : Operation 2 [1/1] (0.00ns)   --->   "%specinterface_ln0 = specinterface void @_ssdm_op_SpecInterface, i16 %out_stream_group_0, void @empty_2, i32 0, i32 0, void @empty_8, i32 0, i32 0, void @empty_8, void @empty_8, void @empty_8, i32 0, i32 0, i32 0, i32 0, void @empty_8, void @empty_8, i32 4294967295, i32 0"   --->   Operation 2 'specinterface' 'specinterface_ln0' <Predicate = true> <Delay = 0.00>
ST_1 : Operation 3 [1/1] (0.00ns)   --->   "%val_output_read = read i16 @_ssdm_op_Read.ap_auto.i16, i16 %val_output" [src/yolo_conv.cpp:285]   --->   Operation 3 'read' 'val_output_read' <Predicate = true> <Delay = 0.00>
ST_1 : Operation 4 [1/1] (2.73ns)   --->   "%write_ln287 = write void @_ssdm_op_Write.ap_fifo.volatile.i16P0A, i16 %out_stream_group_0, i16 %val_output_read" [src/yolo_conv.cpp:287]   --->   Operation 4 'write' 'write_ln287' <Predicate = true> <Delay = 2.73> <CoreInst = "FIFO_SRL">   --->   Core 81 'FIFO_SRL' <Latency = 0> <II = 1> <Delay = 3.63> <Storage> <Opcode : 'read' 'write' 'nbread' 'nbwrite'> <Ports = 0> <Width = 16> <Depth = 2> <FIFO>
ST_1 : Operation 5 [1/1] (0.00ns)   --->   "%ret_ln288 = ret" [src/yolo_conv.cpp:288]   --->   Operation 5 'ret' 'ret_ln288' <Predicate = true> <Delay = 0.00>


============================================================
+ Verbose Summary: Binding
============================================================
STG Binding: 
---------------- STG Properties BEGIN ----------------
- Is combinational: 0
- Is one-state seq: 1
- Is datapath-only: 0
- Is pipelined: 1
- Is top level: 0
Port [ Return ] is wired: 1; IO mode=ap_ctrl_hs:ce=0
Port [ val_output]:  wired=1; compound=0; hidden=0; nouse=0; global=0; static=0; extern=0; dir=0; type=0; pingpong=0; private_global=0; IO mode=ap_none:ce=0
Port [ out_stream_group_0]:  wired=1; compound=1; hidden=0; nouse=0; global=0; static=0; extern=0; dir=1; type=3; pingpong=0; private_global=0; IO mode=ap_fifo:ce=0
---------------- STG Properties END ------------------

---------------- Datapath Model BEGIN ----------------

<LifeTime>
<method=bitvector/>
specinterface_ln0 (specinterface) [ 00]
val_output_read   (read         ) [ 00]
write_ln287       (write        ) [ 00]
ret_ln288         (ret          ) [ 00]
</LifeTime>

<model>

<comp_list>
<comp id="0" class="1000" name="val_output">
<pin_list>
<pin id="1" dir="1" index="0" bw="1" slack="0"/>
</pin_list>
<bind>
<StgValue><ssdm name="val_output"/></StgValue>
</bind>
</comp>

<comp id="2" class="1000" name="out_stream_group_0">
<pin_list>
<pin id="3" dir="1" index="0" bw="1" slack="0"/>
</pin_list>
<bind>
<StgValue><ssdm name="out_stream_group_0"/></StgValue>
</bind>
</comp>

<comp id="4" class="1001" name="const_4">
<pin_list>
<pin id="5" dir="1" index="0" bw="1" slack="2147483647"/>
</pin_list>
<bind>
<StgValue><ssdm name="_ssdm_op_SpecInterface"/></StgValue>
</bind>
</comp>

<comp id="6" class="1001" name="const_6">
<pin_list>
<pin id="7" dir="1" index="0" bw="1" slack="2147483647"/>
</pin_list>
<bind>
<StgValue><ssdm name="empty_2"/></StgValue>
</bind>
</comp>

<comp id="8" class="1001" name="const_8">
<pin_list>
<pin id="9" dir="1" index="0" bw="1" slack="2147483647"/>
</pin_list>
<bind>
<StgValue><ssdm name=""/></StgValue>
</bind>
</comp>

<comp id="10" class="1001" name="const_10">
<pin_list>
<pin id="11" dir="1" index="0" bw="1" slack="2147483647"/>
</pin_list>
<bind>
<StgValue><ssdm name="empty_8"/></StgValue>
</bind>
</comp>

<comp id="12" class="1001" name="const_12">
<pin_list>
<pin id="13" dir="1" index="0" bw="1" slack="2147483647"/>
</pin_list>
<bind>
<StgValue><ssdm name=""/></StgValue>
</bind>
</comp>

<comp id="14" class="1001" name="const_14">
<pin_list>
<pin id="15" dir="1" index="0" bw="1" slack="0"/>
</pin_list>
<bind>
<StgValue><ssdm name="_ssdm_op_Read.ap_auto.i16"/></StgValue>
</bind>
</comp>

<comp id="16" class="1001" name="const_16">
<pin_list>
<pin id="17" dir="1" index="0" bw="1" slack="0"/>
</pin_list>
<bind>
<StgValue><ssdm name="_ssdm_op_Write.ap_fifo.volatile.i16P0A"/></StgValue>
</bind>
</comp>

<comp id="18" class="1004" name="val_output_read_read_fu_18">
<pin_list>
<pin id="19" dir="0" index="0" bw="16" slack="0"/>
<pin id="20" dir="0" index="1" bw="16" slack="0"/>
<pin id="21" dir="1" index="2" bw="16" slack="0"/>
</pin_list>
<bind>
<opcode="read(1150) " fcode="read"/>
<opset="val_output_read/1 "/>
</bind>
</comp>

<comp id="24" class="1004" name="write_ln287_write_fu_24">
<pin_list>
<pin id="25" dir="0" index="0" bw="0" slack="0"/>
<pin id="26" dir="0" index="1" bw="16" slack="0"/>
<pin id="27" dir="0" index="2" bw="16" slack="0"/>
<pin id="28" dir="1" index="3" bw="0" slack="2147483647"/>
</pin_list>
<bind>
<opcode="write(1151) " fcode="write"/>
<opset="write_ln287/1 "/>
</bind>
</comp>

</comp_list>

<net_list>
<net id="22"><net_src comp="14" pin="0"/><net_sink comp="18" pin=0"/></net>

<net id="23"><net_src comp="0" pin="0"/><net_sink comp="18" pin=1"/></net>

<net id="29"><net_src comp="16" pin="0"/><net_sink comp="24" pin=0"/></net>

<net id="30"><net_src comp="2" pin="0"/><net_sink comp="24" pin=1"/></net>

<net id="31"><net_src comp="18" pin="2"/><net_sink comp="24" pin=2"/></net>

</net_list>

</model> 
---------------- Datapath Model END ------------------

* FSMD analyzer results:
  - Output states:
	Port: out_stream_group_0 | {1 }
 - Input state : 
	Port: write_output : val_output | {1 }
	Port: write_output : out_stream_group_0 | {}
  - Chain level:
	State 1


============================================================
+ Verbose Summary: Datapath Resource usage 
============================================================

* Functional unit list:
|----------|----------------------------|
| Operation|       Functional Unit      |
|----------|----------------------------|
|   read   | val_output_read_read_fu_18 |
|----------|----------------------------|
|   write  |   write_ln287_write_fu_24  |
|----------|----------------------------|
|   Total  |                            |
|----------|----------------------------|

Memories:
N/A

* Register list:
N/A

* Multiplexer (MUX) list: 
|--------|------|------|------|--------|
|  Comp  |  Pin | Size |  BW  | S x BW |
|--------|------|------|------|--------|
|  Total |      |      |      |    0   |
|--------|------|------|------|--------|



* Summary:
+-----------+
|           |
+-----------+
|  Function |
|   Memory  |
|Multiplexer|
|  Register |
+-----------+
|   Total   |
+-----------+
