/home/tony/Desktop/Tiny_YOLO_v3_ZYNQ/code/hls/yolo_conv/yolo_conv_prj/solution1/.autopilot/db/yolo_conv.pp.0.cpp:1328:7: warning: Added loop label VITIS_LOOP_1211_1:   [xilinx-label-all-loops]
      for (i = 0; i < __N - 1; ++i) {
      ^~~
      VITIS_LOOP_1211_1: 
/home/tony/Desktop/Tiny_YOLO_v3_ZYNQ/code/hls/yolo_conv/yolo_conv_prj/solution1/.autopilot/db/yolo_conv.pp.0.cpp:1328:7: note: FIX-IT applied suggested code changes
/home/tony/Desktop/Tiny_YOLO_v3_ZYNQ/code/hls/yolo_conv/yolo_conv_prj/solution1/.autopilot/db/yolo_conv.pp.0.cpp:2302:5: warning: Added loop label VITIS_LOOP_676_1:   [xilinx-label-all-loops]
    for (unsigned i = low; i != high; ++i) {
    ^~~
    VITIS_LOOP_676_1: 
/home/tony/Desktop/Tiny_YOLO_v3_ZYNQ/code/hls/yolo_conv/yolo_conv_prj/solution1/.autopilot/db/yolo_conv.pp.0.cpp:2302:5: note: FIX-IT applied suggested code changes
/home/tony/Desktop/Tiny_YOLO_v3_ZYNQ/code/hls/yolo_conv/yolo_conv_prj/solution1/.autopilot/db/yolo_conv.pp.0.cpp:2316:5: warning: Added loop label VITIS_LOOP_690_1:   [xilinx-label-all-loops]
    for (unsigned i = low; i != high; ++i) {
    ^~~
    VITIS_LOOP_690_1: 
/home/tony/Desktop/Tiny_YOLO_v3_ZYNQ/code/hls/yolo_conv/yolo_conv_prj/solution1/.autopilot/db/yolo_conv.pp.0.cpp:2316:5: note: FIX-IT applied suggested code changes
/home/tony/Desktop/Tiny_YOLO_v3_ZYNQ/code/hls/yolo_conv/yolo_conv_prj/solution1/.autopilot/db/yolo_conv.pp.0.cpp:2330:5: warning: Added loop label VITIS_LOOP_704_1:   [xilinx-label-all-loops]
    for (unsigned i = low; i != high; ++i) {
    ^~~
    VITIS_LOOP_704_1: 
/home/tony/Desktop/Tiny_YOLO_v3_ZYNQ/code/hls/yolo_conv/yolo_conv_prj/solution1/.autopilot/db/yolo_conv.pp.0.cpp:2330:5: note: FIX-IT applied suggested code changes
/home/tony/Desktop/Tiny_YOLO_v3_ZYNQ/code/hls/yolo_conv/yolo_conv_prj/solution1/.autopilot/db/yolo_conv.pp.0.cpp:3941:7: warning: Added loop label VITIS_LOOP_1245_1:   [xilinx-label-all-loops]
      for (i = 0; i < __N - 1; ++i) {
      ^~~
      VITIS_LOOP_1245_1: 
/home/tony/Desktop/Tiny_YOLO_v3_ZYNQ/code/hls/yolo_conv/yolo_conv_prj/solution1/.autopilot/db/yolo_conv.pp.0.cpp:3941:7: note: FIX-IT applied suggested code changes
/home/tony/Desktop/Tiny_YOLO_v3_ZYNQ/code/hls/yolo_conv/yolo_conv_prj/solution1/.autopilot/db/yolo_conv.pp.0.cpp:18248:2: warning: Added loop label VITIS_LOOP_307_1:   [xilinx-label-all-loops]
 for (int k = 0; k < N; k++) {
 ^~~
 VITIS_LOOP_307_1: 
/home/tony/Desktop/Tiny_YOLO_v3_ZYNQ/code/hls/yolo_conv/yolo_conv_prj/solution1/.autopilot/db/yolo_conv.pp.0.cpp:18248:2: note: FIX-IT applied suggested code changes
/home/tony/Desktop/Tiny_YOLO_v3_ZYNQ/code/hls/yolo_conv/yolo_conv_prj/solution1/.autopilot/db/yolo_conv.pp.0.cpp:18262:5: warning: Added loop label VITIS_LOOP_321_1:   [xilinx-label-all-loops]
    for (int k = 0; k < N; k++) {
    ^~~
    VITIS_LOOP_321_1: 
/home/tony/Desktop/Tiny_YOLO_v3_ZYNQ/code/hls/yolo_conv/yolo_conv_prj/solution1/.autopilot/db/yolo_conv.pp.0.cpp:18262:5: note: FIX-IT applied suggested code changes
/home/tony/Desktop/Tiny_YOLO_v3_ZYNQ/code/hls/yolo_conv/yolo_conv_prj/solution1/.autopilot/db/yolo_conv.pp.0.cpp:18277:5: warning: Added loop label VITIS_LOOP_336_1:   [xilinx-label-all-loops]
    for (int k = 0; k < N; k++) {
    ^~~
    VITIS_LOOP_336_1: 
/home/tony/Desktop/Tiny_YOLO_v3_ZYNQ/code/hls/yolo_conv/yolo_conv_prj/solution1/.autopilot/db/yolo_conv.pp.0.cpp:18277:5: note: FIX-IT applied suggested code changes
/home/tony/Desktop/Tiny_YOLO_v3_ZYNQ/code/hls/yolo_conv/yolo_conv_prj/solution1/.autopilot/db/yolo_conv.pp.0.cpp:18292:5: warning: Added loop label VITIS_LOOP_351_1:   [xilinx-label-all-loops]
    for (int k = 0; k < N; k++) {
    ^~~
    VITIS_LOOP_351_1: 
/home/tony/Desktop/Tiny_YOLO_v3_ZYNQ/code/hls/yolo_conv/yolo_conv_prj/solution1/.autopilot/db/yolo_conv.pp.0.cpp:18292:5: note: FIX-IT applied suggested code changes
/home/tony/Desktop/Tiny_YOLO_v3_ZYNQ/code/hls/yolo_conv/yolo_conv_prj/solution1/.autopilot/db/yolo_conv.pp.0.cpp:18307:5: warning: Added loop label VITIS_LOOP_366_1:   [xilinx-label-all-loops]
    for (int k = 0; k < N; k++) {
    ^~~
    VITIS_LOOP_366_1: 
/home/tony/Desktop/Tiny_YOLO_v3_ZYNQ/code/hls/yolo_conv/yolo_conv_prj/solution1/.autopilot/db/yolo_conv.pp.0.cpp:18307:5: note: FIX-IT applied suggested code changes
/home/tony/Desktop/Tiny_YOLO_v3_ZYNQ/code/hls/yolo_conv/yolo_conv_prj/solution1/.autopilot/db/yolo_conv.pp.0.cpp:18322:5: warning: Added loop label VITIS_LOOP_381_1:   [xilinx-label-all-loops]
    for (int k = 0; k < N; k++) {
    ^~~
    VITIS_LOOP_381_1: 
/home/tony/Desktop/Tiny_YOLO_v3_ZYNQ/code/hls/yolo_conv/yolo_conv_prj/solution1/.autopilot/db/yolo_conv.pp.0.cpp:18322:5: note: FIX-IT applied suggested code changes
/home/tony/Desktop/Tiny_YOLO_v3_ZYNQ/code/hls/yolo_conv/yolo_conv_prj/solution1/.autopilot/db/yolo_conv.pp.0.cpp:18337:5: warning: Added loop label VITIS_LOOP_396_1:   [xilinx-label-all-loops]
    for (int k = 0; k < N; k++) {
    ^~~
    VITIS_LOOP_396_1: 
/home/tony/Desktop/Tiny_YOLO_v3_ZYNQ/code/hls/yolo_conv/yolo_conv_prj/solution1/.autopilot/db/yolo_conv.pp.0.cpp:18337:5: note: FIX-IT applied suggested code changes
/home/tony/Desktop/Tiny_YOLO_v3_ZYNQ/code/hls/yolo_conv/yolo_conv_prj/solution1/.autopilot/db/yolo_conv.pp.0.cpp:18352:5: warning: Added loop label VITIS_LOOP_411_1:   [xilinx-label-all-loops]
    for (int k = 0; k < N; k++) {
    ^~~
    VITIS_LOOP_411_1: 
/home/tony/Desktop/Tiny_YOLO_v3_ZYNQ/code/hls/yolo_conv/yolo_conv_prj/solution1/.autopilot/db/yolo_conv.pp.0.cpp:18352:5: note: FIX-IT applied suggested code changes
/home/tony/Desktop/Tiny_YOLO_v3_ZYNQ/code/hls/yolo_conv/yolo_conv_prj/solution1/.autopilot/db/yolo_conv.pp.0.cpp:18367:5: warning: Added loop label VITIS_LOOP_426_1:   [xilinx-label-all-loops]
    for (int k = 0; k < N; k++) {
    ^~~
    VITIS_LOOP_426_1: 
/home/tony/Desktop/Tiny_YOLO_v3_ZYNQ/code/hls/yolo_conv/yolo_conv_prj/solution1/.autopilot/db/yolo_conv.pp.0.cpp:18367:5: note: FIX-IT applied suggested code changes
/home/tony/Desktop/Tiny_YOLO_v3_ZYNQ/code/hls/yolo_conv/yolo_conv_prj/solution1/.autopilot/db/yolo_conv.pp.0.cpp:18444:9: warning: Added loop label VITIS_LOOP_511_1:   [xilinx-label-all-loops]
        for (int i = 0; i < (rows * ((cols + NPC - 1) >> xfNPixelsPerCycle<NPC>::datashift)); ++i) {
        ^~~
        VITIS_LOOP_511_1: 
/home/tony/Desktop/Tiny_YOLO_v3_ZYNQ/code/hls/yolo_conv/yolo_conv_prj/solution1/.autopilot/db/yolo_conv.pp.0.cpp:18444:9: note: FIX-IT applied suggested code changes
/home/tony/Desktop/Tiny_YOLO_v3_ZYNQ/code/hls/yolo_conv/yolo_conv_prj/solution1/.autopilot/db/yolo_conv.pp.0.cpp:18652:5: warning: Added loop label VITIS_LOOP_719_1:   [xilinx-label-all-loops]
    for (int r = 0; r < rows; r++) {
    ^~~
    VITIS_LOOP_719_1: 
/home/tony/Desktop/Tiny_YOLO_v3_ZYNQ/code/hls/yolo_conv/yolo_conv_prj/solution1/.autopilot/db/yolo_conv.pp.0.cpp:18652:5: note: FIX-IT applied suggested code changes
/home/tony/Desktop/Tiny_YOLO_v3_ZYNQ/code/hls/yolo_conv/yolo_conv_prj/solution1/.autopilot/db/yolo_conv.pp.0.cpp:18653:9: warning: Added loop label VITIS_LOOP_720_2:   [xilinx-label-all-loops]
        for (int c = 0; c < packcols; c++) {
        ^~~
        VITIS_LOOP_720_2: 
/home/tony/Desktop/Tiny_YOLO_v3_ZYNQ/code/hls/yolo_conv/yolo_conv_prj/solution1/.autopilot/db/yolo_conv.pp.0.cpp:18653:9: note: FIX-IT applied suggested code changes
/home/tony/Desktop/Tiny_YOLO_v3_ZYNQ/code/hls/yolo_conv/yolo_conv_prj/solution1/.autopilot/db/yolo_conv.pp.0.cpp:18654:13: warning: Added loop label VITIS_LOOP_721_3:   [xilinx-label-all-loops]
            for (int p = 0; p < nppc; p++) {
            ^~~
            VITIS_LOOP_721_3: 
/home/tony/Desktop/Tiny_YOLO_v3_ZYNQ/code/hls/yolo_conv/yolo_conv_prj/solution1/.autopilot/db/yolo_conv.pp.0.cpp:18654:13: note: FIX-IT applied suggested code changes
/home/tony/Desktop/Tiny_YOLO_v3_ZYNQ/code/hls/yolo_conv/yolo_conv_prj/solution1/.autopilot/db/yolo_conv.pp.0.cpp:18656:17: warning: Added loop label VITIS_LOOP_723_4:   [xilinx-label-all-loops]
                for (int ch = 0; ch < DataType<T, NPPC>::channel; ch++) {
                ^~~
                VITIS_LOOP_723_4: 
/home/tony/Desktop/Tiny_YOLO_v3_ZYNQ/code/hls/yolo_conv/yolo_conv_prj/solution1/.autopilot/db/yolo_conv.pp.0.cpp:18656:17: note: FIX-IT applied suggested code changes
/home/tony/Desktop/Tiny_YOLO_v3_ZYNQ/code/hls/yolo_conv/yolo_conv_prj/solution1/.autopilot/db/yolo_conv.pp.0.cpp:18694:5: warning: Added loop label VITIS_LOOP_761_1:   [xilinx-label-all-loops]
    for (int r = 0; r < rows; r++) {
    ^~~
    VITIS_LOOP_761_1: 
/home/tony/Desktop/Tiny_YOLO_v3_ZYNQ/code/hls/yolo_conv/yolo_conv_prj/solution1/.autopilot/db/yolo_conv.pp.0.cpp:18694:5: note: FIX-IT applied suggested code changes
/home/tony/Desktop/Tiny_YOLO_v3_ZYNQ/code/hls/yolo_conv/yolo_conv_prj/solution1/.autopilot/db/yolo_conv.pp.0.cpp:18695:9: warning: Added loop label VITIS_LOOP_762_2:   [xilinx-label-all-loops]
        for (int c = 0; c < cols; c++) {
        ^~~
        VITIS_LOOP_762_2: 
/home/tony/Desktop/Tiny_YOLO_v3_ZYNQ/code/hls/yolo_conv/yolo_conv_prj/solution1/.autopilot/db/yolo_conv.pp.0.cpp:18695:9: note: FIX-IT applied suggested code changes
/home/tony/Desktop/Tiny_YOLO_v3_ZYNQ/code/hls/yolo_conv/yolo_conv_prj/solution1/.autopilot/db/yolo_conv.pp.0.cpp:18697:13: warning: Added loop label VITIS_LOOP_764_3:   [xilinx-label-all-loops]
            for (int ch = 0; ch < DataType<T, NPPC>::channel; ch++) {
            ^~~
            VITIS_LOOP_764_3: 
/home/tony/Desktop/Tiny_YOLO_v3_ZYNQ/code/hls/yolo_conv/yolo_conv_prj/solution1/.autopilot/db/yolo_conv.pp.0.cpp:18697:13: note: FIX-IT applied suggested code changes
/home/tony/Desktop/Tiny_YOLO_v3_ZYNQ/code/hls/yolo_conv/yolo_conv_prj/solution1/.autopilot/db/yolo_conv.pp.0.cpp:18698:17: warning: Added loop label VITIS_LOOP_765_4:   [xilinx-label-all-loops]
                for (int b = 0; b < cv_nbytes; ++b) {
                ^~~
                VITIS_LOOP_765_4: 
/home/tony/Desktop/Tiny_YOLO_v3_ZYNQ/code/hls/yolo_conv/yolo_conv_prj/solution1/.autopilot/db/yolo_conv.pp.0.cpp:18698:17: note: FIX-IT applied suggested code changes
/home/tony/Desktop/Tiny_YOLO_v3_ZYNQ/code/hls/yolo_conv/yolo_conv_prj/solution1/.autopilot/db/yolo_conv.pp.0.cpp:18752:5: warning: Added loop label VITIS_LOOP_819_1:   [xilinx-label-all-loops]
    for (int i = 0; i < rows; i++) {
    ^~~
    VITIS_LOOP_819_1: 
/home/tony/Desktop/Tiny_YOLO_v3_ZYNQ/code/hls/yolo_conv/yolo_conv_prj/solution1/.autopilot/db/yolo_conv.pp.0.cpp:18752:5: note: FIX-IT applied suggested code changes
/home/tony/Desktop/Tiny_YOLO_v3_ZYNQ/code/hls/yolo_conv/yolo_conv_prj/solution1/.autopilot/db/yolo_conv.pp.0.cpp:18753:9: warning: Added loop label VITIS_LOOP_820_2:   [xilinx-label-all-loops]
        for (int j = 0; j<cols>> (xfNPixelsPerCycle<NPPC>::datashift); j++) {
        ^~~
        VITIS_LOOP_820_2: 
/home/tony/Desktop/Tiny_YOLO_v3_ZYNQ/code/hls/yolo_conv/yolo_conv_prj/solution1/.autopilot/db/yolo_conv.pp.0.cpp:18753:9: note: FIX-IT applied suggested code changes
/home/tony/Desktop/Tiny_YOLO_v3_ZYNQ/code/hls/yolo_conv/yolo_conv_prj/solution1/.autopilot/db/yolo_conv.pp.0.cpp:18761:13: warning: Added loop label VITIS_LOOP_828_3:   [xilinx-label-all-loops]
            for (int k = 0; k < (1 << (xfNPixelsPerCycle<NPPC>::datashift)); k++) {
            ^~~
            VITIS_LOOP_828_3: 
/home/tony/Desktop/Tiny_YOLO_v3_ZYNQ/code/hls/yolo_conv/yolo_conv_prj/solution1/.autopilot/db/yolo_conv.pp.0.cpp:18761:13: note: FIX-IT applied suggested code changes
/home/tony/Desktop/Tiny_YOLO_v3_ZYNQ/code/hls/yolo_conv/yolo_conv_prj/solution1/.autopilot/db/yolo_conv.pp.0.cpp:18874:9: error: Invalid Directive: for current device, mul + dsp is invalid combination for bind_op [clang-diagnostic-error]
#pragma HLS BIND_OP variable=mul_rows_cols op=mul impl=dsp latency=2
        ^
/home/tony/Desktop/Tiny_YOLO_v3_ZYNQ/code/hls/yolo_conv/yolo_conv_prj/solution1/.autopilot/db/yolo_conv.pp.0.cpp:18946:2: warning: Added loop label VITIS_LOOP_1021_1:   [xilinx-label-all-loops]
 for (c = 0; c < cols_addrbound; c++) {
 ^~~
 VITIS_LOOP_1021_1: 
/home/tony/Desktop/Tiny_YOLO_v3_ZYNQ/code/hls/yolo_conv/yolo_conv_prj/solution1/.autopilot/db/yolo_conv.pp.0.cpp:18946:2: note: FIX-IT applied suggested code changes
/home/tony/Desktop/Tiny_YOLO_v3_ZYNQ/code/hls/yolo_conv/yolo_conv_prj/solution1/.autopilot/db/yolo_conv.pp.0.cpp:19354:13: warning: Added loop label VITIS_LOOP_1429_1:   [xilinx-label-all-loops]
            for (int rowIdx = 0, offset = 0; rowIdx < rows; rowIdx++, offset += offset_1row) {
            ^~~
            VITIS_LOOP_1429_1: 
/home/tony/Desktop/Tiny_YOLO_v3_ZYNQ/code/hls/yolo_conv/yolo_conv_prj/solution1/.autopilot/db/yolo_conv.pp.0.cpp:19354:13: note: FIX-IT applied suggested code changes
/home/tony/Desktop/Tiny_YOLO_v3_ZYNQ/code/hls/yolo_conv/yolo_conv_prj/solution1/.autopilot/db/yolo_conv.pp.0.cpp:19382:13: warning: Added loop label VITIS_LOOP_1457_1:   [xilinx-label-all-loops]
            for (int rowIdx = 0, offset = 0; rowIdx < rows; rowIdx++, offset += offset_1row) {
            ^~~
            VITIS_LOOP_1457_1: 
/home/tony/Desktop/Tiny_YOLO_v3_ZYNQ/code/hls/yolo_conv/yolo_conv_prj/solution1/.autopilot/db/yolo_conv.pp.0.cpp:19382:13: note: FIX-IT applied suggested code changes
/home/tony/Desktop/Tiny_YOLO_v3_ZYNQ/code/hls/yolo_conv/yolo_conv_prj/solution1/.autopilot/db/yolo_conv.pp.0.cpp:19412:13: warning: Added loop label VITIS_LOOP_1487_1:   [xilinx-label-all-loops]
            for (int rowIdx = 0, offset = 0; rowIdx < rows; rowIdx++, offset += offset_1row) {
            ^~~
            VITIS_LOOP_1487_1: 
/home/tony/Desktop/Tiny_YOLO_v3_ZYNQ/code/hls/yolo_conv/yolo_conv_prj/solution1/.autopilot/db/yolo_conv.pp.0.cpp:19412:13: note: FIX-IT applied suggested code changes
/home/tony/Desktop/Tiny_YOLO_v3_ZYNQ/code/hls/yolo_conv/yolo_conv_prj/solution1/.autopilot/db/yolo_conv.pp.0.cpp:19442:13: warning: Added loop label VITIS_LOOP_1517_1:   [xilinx-label-all-loops]
            for (int rowIdx = 0, offset = 0; rowIdx < rows; rowIdx++, offset += offset_1row) {
            ^~~
            VITIS_LOOP_1517_1: 
/home/tony/Desktop/Tiny_YOLO_v3_ZYNQ/code/hls/yolo_conv/yolo_conv_prj/solution1/.autopilot/db/yolo_conv.pp.0.cpp:19442:13: note: FIX-IT applied suggested code changes
/home/tony/Desktop/Tiny_YOLO_v3_ZYNQ/code/hls/yolo_conv/yolo_conv_prj/solution1/.autopilot/db/yolo_conv.pp.0.cpp:19957:5: warning: Added loop label VITIS_LOOP_122_1:   [xilinx-label-all-loops]
    for (i = 0; i < ROWS; i++) {
    ^~~
    VITIS_LOOP_122_1: 
/home/tony/Desktop/Tiny_YOLO_v3_ZYNQ/code/hls/yolo_conv/yolo_conv_prj/solution1/.autopilot/db/yolo_conv.pp.0.cpp:19957:5: note: FIX-IT applied suggested code changes
/home/tony/Desktop/Tiny_YOLO_v3_ZYNQ/code/hls/yolo_conv/yolo_conv_prj/solution1/.autopilot/db/yolo_conv.pp.0.cpp:19961:2: warning: Added loop label VITIS_LOOP_126_2:   [xilinx-label-all-loops]
 for (j = 0; j < COLS - 1; j++) {
 ^~~
 VITIS_LOOP_126_2: 
/home/tony/Desktop/Tiny_YOLO_v3_ZYNQ/code/hls/yolo_conv/yolo_conv_prj/solution1/.autopilot/db/yolo_conv.pp.0.cpp:19961:2: note: FIX-IT applied suggested code changes
/home/tony/Desktop/Tiny_YOLO_v3_ZYNQ/code/hls/yolo_conv/yolo_conv_prj/solution1/.autopilot/db/yolo_conv.pp.0.cpp:19988:5: warning: Added loop label VITIS_LOOP_166_1:   [xilinx-label-all-loops]
    for (i = 0; i < ROWS; i++) {
    ^~~
    VITIS_LOOP_166_1: 
/home/tony/Desktop/Tiny_YOLO_v3_ZYNQ/code/hls/yolo_conv/yolo_conv_prj/solution1/.autopilot/db/yolo_conv.pp.0.cpp:19988:5: note: FIX-IT applied suggested code changes
/home/tony/Desktop/Tiny_YOLO_v3_ZYNQ/code/hls/yolo_conv/yolo_conv_prj/solution1/.autopilot/db/yolo_conv.pp.0.cpp:19992:2: warning: Added loop label VITIS_LOOP_170_2:   [xilinx-label-all-loops]
 for (j = COLS - 1; j > 0; j--) {
 ^~~
 VITIS_LOOP_170_2: 
/home/tony/Desktop/Tiny_YOLO_v3_ZYNQ/code/hls/yolo_conv/yolo_conv_prj/solution1/.autopilot/db/yolo_conv.pp.0.cpp:19992:2: note: FIX-IT applied suggested code changes
/home/tony/Desktop/Tiny_YOLO_v3_ZYNQ/code/hls/yolo_conv/yolo_conv_prj/solution1/.autopilot/db/yolo_conv.pp.0.cpp:20019:5: warning: Added loop label VITIS_LOOP_210_1:   [xilinx-label-all-loops]
    for (i = 0; i < ROWS - 1; i++) {
    ^~~
    VITIS_LOOP_210_1: 
/home/tony/Desktop/Tiny_YOLO_v3_ZYNQ/code/hls/yolo_conv/yolo_conv_prj/solution1/.autopilot/db/yolo_conv.pp.0.cpp:20019:5: note: FIX-IT applied suggested code changes
/home/tony/Desktop/Tiny_YOLO_v3_ZYNQ/code/hls/yolo_conv/yolo_conv_prj/solution1/.autopilot/db/yolo_conv.pp.0.cpp:20023:2: warning: Added loop label VITIS_LOOP_214_2:   [xilinx-label-all-loops]
 for (j = 0; j < COLS; j++) {
 ^~~
 VITIS_LOOP_214_2: 
/home/tony/Desktop/Tiny_YOLO_v3_ZYNQ/code/hls/yolo_conv/yolo_conv_prj/solution1/.autopilot/db/yolo_conv.pp.0.cpp:20023:2: note: FIX-IT applied suggested code changes
/home/tony/Desktop/Tiny_YOLO_v3_ZYNQ/code/hls/yolo_conv/yolo_conv_prj/solution1/.autopilot/db/yolo_conv.pp.0.cpp:20050:5: warning: Added loop label VITIS_LOOP_254_1:   [xilinx-label-all-loops]
    for (i = ROWS - 1; i > 0; i--) {
    ^~~
    VITIS_LOOP_254_1: 
/home/tony/Desktop/Tiny_YOLO_v3_ZYNQ/code/hls/yolo_conv/yolo_conv_prj/solution1/.autopilot/db/yolo_conv.pp.0.cpp:20050:5: note: FIX-IT applied suggested code changes
/home/tony/Desktop/Tiny_YOLO_v3_ZYNQ/code/hls/yolo_conv/yolo_conv_prj/solution1/.autopilot/db/yolo_conv.pp.0.cpp:20054:2: warning: Added loop label VITIS_LOOP_258_2:   [xilinx-label-all-loops]
 for (j = 0; j < COLS; j++) {
 ^~~
 VITIS_LOOP_258_2: 
/home/tony/Desktop/Tiny_YOLO_v3_ZYNQ/code/hls/yolo_conv/yolo_conv_prj/solution1/.autopilot/db/yolo_conv.pp.0.cpp:20054:2: note: FIX-IT applied suggested code changes
/home/tony/Desktop/Tiny_YOLO_v3_ZYNQ/code/hls/yolo_conv/yolo_conv_prj/solution1/.autopilot/db/yolo_conv.pp.0.cpp:20100:5: warning: Added loop label VITIS_LOOP_330_1:   [xilinx-label-all-loops]
    for (j = 0; j < COLS; j++) {
    ^~~
    VITIS_LOOP_330_1: 
/home/tony/Desktop/Tiny_YOLO_v3_ZYNQ/code/hls/yolo_conv/yolo_conv_prj/solution1/.autopilot/db/yolo_conv.pp.0.cpp:20100:5: note: FIX-IT applied suggested code changes
/home/tony/Desktop/Tiny_YOLO_v3_ZYNQ/code/hls/yolo_conv/yolo_conv_prj/solution1/.autopilot/db/yolo_conv.pp.0.cpp:20163:5: warning: Added loop label VITIS_LOOP_435_1:   [xilinx-label-all-loops]
    for (i = 0; i < ROWS; i++) {
    ^~~
    VITIS_LOOP_435_1: 
/home/tony/Desktop/Tiny_YOLO_v3_ZYNQ/code/hls/yolo_conv/yolo_conv_prj/solution1/.autopilot/db/yolo_conv.pp.0.cpp:20163:5: note: FIX-IT applied suggested code changes
/home/tony/Desktop/Tiny_YOLO_v3_ZYNQ/code/hls/yolo_conv/yolo_conv_prj/solution1/.autopilot/db/yolo_conv.pp.0.cpp:20360:44: error: Invalid Directive: for current device, RAM_1P + BRAM is invalid combination for BIND_STORAGE's option 'type + impl' [clang-diagnostic-error]
#pragma HLS bind_storage variable=val type=RAM_1P impl=BRAM
                                           ^
/home/tony/Desktop/Tiny_YOLO_v3_ZYNQ/code/hls/yolo_conv/yolo_conv_prj/solution1/.autopilot/db/yolo_conv.pp.0.cpp:20365:44: error: Invalid Directive: for current device, RAM_1P + URAM is invalid combination for BIND_STORAGE's option 'type + impl' [clang-diagnostic-error]
#pragma HLS bind_storage variable=val type=RAM_1P impl=URAM
                                           ^
/home/tony/Desktop/Tiny_YOLO_v3_ZYNQ/code/hls/yolo_conv/yolo_conv_prj/solution1/.autopilot/db/yolo_conv.pp.0.cpp:20370:44: error: Invalid Directive: for current device, RAM_2P + BRAM is invalid combination for BIND_STORAGE's option 'type + impl' [clang-diagnostic-error]
#pragma HLS bind_storage variable=val type=RAM_2P impl=BRAM
                                           ^
/home/tony/Desktop/Tiny_YOLO_v3_ZYNQ/code/hls/yolo_conv/yolo_conv_prj/solution1/.autopilot/db/yolo_conv.pp.0.cpp:20375:44: error: Invalid Directive: for current device, RAM_2P + URAM is invalid combination for BIND_STORAGE's option 'type + impl' [clang-diagnostic-error]
#pragma HLS bind_storage variable=val type=RAM_2P impl=URAM
                                           ^
/home/tony/Desktop/Tiny_YOLO_v3_ZYNQ/code/hls/yolo_conv/yolo_conv_prj/solution1/.autopilot/db/yolo_conv.pp.0.cpp:20380:44: error: Invalid Directive: for current device, RAM_S2P + BRAM is invalid combination for BIND_STORAGE's option 'type + impl' [clang-diagnostic-error]
#pragma HLS bind_storage variable=val type=RAM_S2P impl=BRAM
                                           ^
/home/tony/Desktop/Tiny_YOLO_v3_ZYNQ/code/hls/yolo_conv/yolo_conv_prj/solution1/.autopilot/db/yolo_conv.pp.0.cpp:20385:44: error: Invalid Directive: for current device, RAM_S2P + URAM is invalid combination for BIND_STORAGE's option 'type + impl' [clang-diagnostic-error]
#pragma HLS bind_storage variable=val type=RAM_S2P impl=URAM
                                           ^
/home/tony/Desktop/Tiny_YOLO_v3_ZYNQ/code/hls/yolo_conv/yolo_conv_prj/solution1/.autopilot/db/yolo_conv.pp.0.cpp:20390:44: error: Invalid Directive: for current device, RAM_T2P + BRAM is invalid combination for BIND_STORAGE's option 'type + impl' [clang-diagnostic-error]
#pragma HLS bind_storage variable=val type=RAM_T2P impl=BRAM
                                           ^
/home/tony/Desktop/Tiny_YOLO_v3_ZYNQ/code/hls/yolo_conv/yolo_conv_prj/solution1/.autopilot/db/yolo_conv.pp.0.cpp:20395:44: error: Invalid Directive: for current device, RAM_T2P + URAM is invalid combination for BIND_STORAGE's option 'type + impl' [clang-diagnostic-error]
#pragma HLS bind_storage variable=val type=RAM_T2P impl=URAM
                                           ^
/home/tony/Desktop/Tiny_YOLO_v3_ZYNQ/code/hls/yolo_conv/yolo_conv_prj/solution1/.autopilot/db/yolo_conv.pp.0.cpp:20451:5: warning: Added loop label VITIS_LOOP_824_1:   [xilinx-label-all-loops]
    for (i = ROWS - 1; i > 0; i--) {
    ^~~
    VITIS_LOOP_824_1: 
/home/tony/Desktop/Tiny_YOLO_v3_ZYNQ/code/hls/yolo_conv/yolo_conv_prj/solution1/.autopilot/db/yolo_conv.pp.0.cpp:20451:5: note: FIX-IT applied suggested code changes
/home/tony/Desktop/Tiny_YOLO_v3_ZYNQ/code/hls/yolo_conv/yolo_conv_prj/solution1/.autopilot/db/yolo_conv.pp.0.cpp:20477:5: warning: Added loop label VITIS_LOOP_867_1:   [xilinx-label-all-loops]
    for (i = 0; i < ROWS - 1; i++) {
    ^~~
    VITIS_LOOP_867_1: 
/home/tony/Desktop/Tiny_YOLO_v3_ZYNQ/code/hls/yolo_conv/yolo_conv_prj/solution1/.autopilot/db/yolo_conv.pp.0.cpp:20477:5: note: FIX-IT applied suggested code changes
/home/tony/Desktop/Tiny_YOLO_v3_ZYNQ/code/hls/yolo_conv/yolo_conv_prj/solution1/.autopilot/db/yolo_conv.pp.0.cpp:20533:5: warning: Added loop label VITIS_LOOP_968_1:   [xilinx-label-all-loops]
    for (i = 0; i < ROWS; i++) {
    ^~~
    VITIS_LOOP_968_1: 
/home/tony/Desktop/Tiny_YOLO_v3_ZYNQ/code/hls/yolo_conv/yolo_conv_prj/solution1/.autopilot/db/yolo_conv.pp.0.cpp:20533:5: note: FIX-IT applied suggested code changes
/home/tony/Desktop/Tiny_YOLO_v3_ZYNQ/code/hls/yolo_conv/yolo_conv_prj/solution1/.autopilot/db/yolo_conv.pp.0.cpp:20650:5: warning: Added loop label VITIS_LOOP_39_1:   [xilinx-label-all-loops]
    for (int i = 0; i < loopcount; i++) {
    ^~~
    VITIS_LOOP_39_1: 
/home/tony/Desktop/Tiny_YOLO_v3_ZYNQ/code/hls/yolo_conv/yolo_conv_prj/solution1/.autopilot/db/yolo_conv.pp.0.cpp:20650:5: note: FIX-IT applied suggested code changes
/home/tony/Desktop/Tiny_YOLO_v3_ZYNQ/code/hls/yolo_conv/yolo_conv_prj/solution1/.autopilot/db/yolo_conv.pp.0.cpp:20669:5: warning: Added loop label VITIS_LOOP_58_1:   [xilinx-label-all-loops]
    for (int i = 0; i < loopcount; i++) {
    ^~~
    VITIS_LOOP_58_1: 
/home/tony/Desktop/Tiny_YOLO_v3_ZYNQ/code/hls/yolo_conv/yolo_conv_prj/solution1/.autopilot/db/yolo_conv.pp.0.cpp:20669:5: note: FIX-IT applied suggested code changes
/home/tony/Desktop/Tiny_YOLO_v3_ZYNQ/code/hls/yolo_conv/yolo_conv_prj/solution1/.autopilot/db/yolo_conv.pp.0.cpp:20697:5: warning: Added loop label VITIS_LOOP_86_1:   [xilinx-label-all-loops]
    for (int i = 0; i < loopcount; i++) {
    ^~~
    VITIS_LOOP_86_1: 
/home/tony/Desktop/Tiny_YOLO_v3_ZYNQ/code/hls/yolo_conv/yolo_conv_prj/solution1/.autopilot/db/yolo_conv.pp.0.cpp:20697:5: note: FIX-IT applied suggested code changes
/home/tony/Desktop/Tiny_YOLO_v3_ZYNQ/code/hls/yolo_conv/yolo_conv_prj/solution1/.autopilot/db/yolo_conv.pp.0.cpp:20730:5: warning: Added loop label VITIS_LOOP_119_1:   [xilinx-label-all-loops]
    for (int i = 0; i < loopcount; i++) {
    ^~~
    VITIS_LOOP_119_1: 
/home/tony/Desktop/Tiny_YOLO_v3_ZYNQ/code/hls/yolo_conv/yolo_conv_prj/solution1/.autopilot/db/yolo_conv.pp.0.cpp:20730:5: note: FIX-IT applied suggested code changes
/home/tony/Desktop/Tiny_YOLO_v3_ZYNQ/code/hls/yolo_conv/yolo_conv_prj/solution1/.autopilot/db/yolo_conv.pp.0.cpp:20764:5: warning: Added loop label VITIS_LOOP_153_1:   [xilinx-label-all-loops]
    for (int i = 0; i < loopcount; i++) {
    ^~~
    VITIS_LOOP_153_1: 
/home/tony/Desktop/Tiny_YOLO_v3_ZYNQ/code/hls/yolo_conv/yolo_conv_prj/solution1/.autopilot/db/yolo_conv.pp.0.cpp:20764:5: note: FIX-IT applied suggested code changes
/home/tony/Desktop/Tiny_YOLO_v3_ZYNQ/code/hls/yolo_conv/yolo_conv_prj/solution1/.autopilot/db/yolo_conv.pp.0.cpp:20792:5: warning: Added loop label VITIS_LOOP_181_1:   [xilinx-label-all-loops]
    for (int i = 0; i < loopcount; i++) {
    ^~~
    VITIS_LOOP_181_1: 
/home/tony/Desktop/Tiny_YOLO_v3_ZYNQ/code/hls/yolo_conv/yolo_conv_prj/solution1/.autopilot/db/yolo_conv.pp.0.cpp:20792:5: note: FIX-IT applied suggested code changes
/home/tony/Desktop/Tiny_YOLO_v3_ZYNQ/code/hls/yolo_conv/yolo_conv_prj/solution1/.autopilot/db/yolo_conv.pp.0.cpp:20816:5: warning: Added loop label VITIS_LOOP_205_1:   [xilinx-label-all-loops]
    for (int i = 0; i < loopcount; i++) {
    ^~~
    VITIS_LOOP_205_1: 
/home/tony/Desktop/Tiny_YOLO_v3_ZYNQ/code/hls/yolo_conv/yolo_conv_prj/solution1/.autopilot/db/yolo_conv.pp.0.cpp:20816:5: note: FIX-IT applied suggested code changes
/home/tony/Desktop/Tiny_YOLO_v3_ZYNQ/code/hls/yolo_conv/yolo_conv_prj/solution1/.autopilot/db/yolo_conv.pp.0.cpp:20839:5: warning: Added loop label VITIS_LOOP_228_1:   [xilinx-label-all-loops]
    for (int i = 0; i < loopcount; i++) {
    ^~~
    VITIS_LOOP_228_1: 
/home/tony/Desktop/Tiny_YOLO_v3_ZYNQ/code/hls/yolo_conv/yolo_conv_prj/solution1/.autopilot/db/yolo_conv.pp.0.cpp:20839:5: note: FIX-IT applied suggested code changes
/home/tony/Desktop/Tiny_YOLO_v3_ZYNQ/code/hls/yolo_conv/yolo_conv_prj/solution1/.autopilot/db/yolo_conv.pp.0.cpp:20874:5: warning: Added loop label VITIS_LOOP_263_1:   [xilinx-label-all-loops]
    for (uint16_t r = 0; r < K_ROWS; r++) {
    ^~~
    VITIS_LOOP_263_1: 
/home/tony/Desktop/Tiny_YOLO_v3_ZYNQ/code/hls/yolo_conv/yolo_conv_prj/solution1/.autopilot/db/yolo_conv.pp.0.cpp:20874:5: note: FIX-IT applied suggested code changes
/home/tony/Desktop/Tiny_YOLO_v3_ZYNQ/code/hls/yolo_conv/yolo_conv_prj/solution1/.autopilot/db/yolo_conv.pp.0.cpp:20876:2: warning: Added loop label VITIS_LOOP_265_2:   [xilinx-label-all-loops]
 for (uint16_t c = 0; c < K_COLS; c++) {
 ^~~
 VITIS_LOOP_265_2: 
/home/tony/Desktop/Tiny_YOLO_v3_ZYNQ/code/hls/yolo_conv/yolo_conv_prj/solution1/.autopilot/db/yolo_conv.pp.0.cpp:20876:2: note: FIX-IT applied suggested code changes
/home/tony/Desktop/Tiny_YOLO_v3_ZYNQ/code/hls/yolo_conv/yolo_conv_prj/solution1/.autopilot/db/yolo_conv.pp.0.cpp:20936:5: warning: Added loop label VITIS_LOOP_325_1:   [xilinx-label-all-loops]
    for (ap_int<9> i = 0; i < loopIter; i++) {
    ^~~
    VITIS_LOOP_325_1: 
/home/tony/Desktop/Tiny_YOLO_v3_ZYNQ/code/hls/yolo_conv/yolo_conv_prj/solution1/.autopilot/db/yolo_conv.pp.0.cpp:20936:5: note: FIX-IT applied suggested code changes
/home/tony/Desktop/Tiny_YOLO_v3_ZYNQ/code/hls/yolo_conv/yolo_conv_prj/solution1/.autopilot/db/yolo_conv.pp.0.cpp:21008:5: warning: Added loop label VITIS_LOOP_397_1:   [xilinx-label-all-loops]
    for (i = 0; i < 6; i++, ind++) {
    ^~~
    VITIS_LOOP_397_1: 
/home/tony/Desktop/Tiny_YOLO_v3_ZYNQ/code/hls/yolo_conv/yolo_conv_prj/solution1/.autopilot/db/yolo_conv.pp.0.cpp:21008:5: note: FIX-IT applied suggested code changes
/home/tony/Desktop/Tiny_YOLO_v3_ZYNQ/code/hls/yolo_conv/yolo_conv_prj/solution1/.autopilot/db/yolo_conv.pp.0.cpp:21079:5: warning: Added loop label VITIS_LOOP_468_1:   [xilinx-label-all-loops]
    for (int i = 0; i < imheight; i++) {
    ^~~
    VITIS_LOOP_468_1: 
/home/tony/Desktop/Tiny_YOLO_v3_ZYNQ/code/hls/yolo_conv/yolo_conv_prj/solution1/.autopilot/db/yolo_conv.pp.0.cpp:21079:5: note: FIX-IT applied suggested code changes
/home/tony/Desktop/Tiny_YOLO_v3_ZYNQ/code/hls/yolo_conv/yolo_conv_prj/solution1/.autopilot/db/yolo_conv.pp.0.cpp:21084:2: warning: Added loop label VITIS_LOOP_473_2:   [xilinx-label-all-loops]
 for (int j = 0; j < (imwidth >> NPC); j++) {
 ^~~
 VITIS_LOOP_473_2: 
/home/tony/Desktop/Tiny_YOLO_v3_ZYNQ/code/hls/yolo_conv/yolo_conv_prj/solution1/.autopilot/db/yolo_conv.pp.0.cpp:21084:2: note: FIX-IT applied suggested code changes
/home/tony/Desktop/Tiny_YOLO_v3_ZYNQ/code/hls/yolo_conv/yolo_conv_prj/solution1/.autopilot/db/yolo_conv.pp.0.cpp:21110:9: warning: Added loop label VITIS_LOOP_499_1:   [xilinx-label-all-loops]
        for (int i = 0; i < loop_count; i++) {
        ^~~
        VITIS_LOOP_499_1: 
/home/tony/Desktop/Tiny_YOLO_v3_ZYNQ/code/hls/yolo_conv/yolo_conv_prj/solution1/.autopilot/db/yolo_conv.pp.0.cpp:21110:9: note: FIX-IT applied suggested code changes
/home/tony/Desktop/Tiny_YOLO_v3_ZYNQ/code/hls/yolo_conv/yolo_conv_prj/solution1/.autopilot/db/yolo_conv.pp.0.cpp:21216:9: warning: Added loop label VITIS_LOOP_623_1:   [xilinx-label-all-loops]
        for (int i = 0; i < loop_count; i++) {
        ^~~
        VITIS_LOOP_623_1: 
/home/tony/Desktop/Tiny_YOLO_v3_ZYNQ/code/hls/yolo_conv/yolo_conv_prj/solution1/.autopilot/db/yolo_conv.pp.0.cpp:21216:9: note: FIX-IT applied suggested code changes
/home/tony/Desktop/Tiny_YOLO_v3_ZYNQ/code/hls/yolo_conv/yolo_conv_prj/solution1/.autopilot/db/yolo_conv.pp.0.cpp:21330:9: warning: Added loop label VITIS_LOOP_737_1:   [xilinx-label-all-loops]
        for (int i = 0; i < loop_count; i++) {
        ^~~
        VITIS_LOOP_737_1: 
/home/tony/Desktop/Tiny_YOLO_v3_ZYNQ/code/hls/yolo_conv/yolo_conv_prj/solution1/.autopilot/db/yolo_conv.pp.0.cpp:21330:9: note: FIX-IT applied suggested code changes
/home/tony/Desktop/Tiny_YOLO_v3_ZYNQ/code/hls/yolo_conv/yolo_conv_prj/solution1/.autopilot/db/yolo_conv.pp.0.cpp:21362:9: warning: Added loop label VITIS_LOOP_788_1:   [xilinx-label-all-loops]
        for (int i = 0; i < loop_count; i++) {
        ^~~
        VITIS_LOOP_788_1: 
/home/tony/Desktop/Tiny_YOLO_v3_ZYNQ/code/hls/yolo_conv/yolo_conv_prj/solution1/.autopilot/db/yolo_conv.pp.0.cpp:21362:9: note: FIX-IT applied suggested code changes
/home/tony/Desktop/Tiny_YOLO_v3_ZYNQ/code/hls/yolo_conv/yolo_conv_prj/solution1/.autopilot/db/yolo_conv.pp.0.cpp:21504:2: warning: Added loop label VITIS_LOOP_48_1:   [xilinx-label-all-loops]
 for(int k=0; k<output_ch; k++)
 ^~~
 VITIS_LOOP_48_1: 
/home/tony/Desktop/Tiny_YOLO_v3_ZYNQ/code/hls/yolo_conv/yolo_conv_prj/solution1/.autopilot/db/yolo_conv.pp.0.cpp:21504:2: note: FIX-IT applied suggested code changes
/home/tony/Desktop/Tiny_YOLO_v3_ZYNQ/code/hls/yolo_conv/yolo_conv_prj/solution1/.autopilot/db/yolo_conv.pp.0.cpp:21507:2: warning: Added loop label VITIS_LOOP_51_2:   [xilinx-label-all-loops]
 for(int i=0;i<input_ch;i++)
 ^~~
 VITIS_LOOP_51_2: 
/home/tony/Desktop/Tiny_YOLO_v3_ZYNQ/code/hls/yolo_conv/yolo_conv_prj/solution1/.autopilot/db/yolo_conv.pp.0.cpp:21507:2: note: FIX-IT applied suggested code changes
/home/tony/Desktop/Tiny_YOLO_v3_ZYNQ/code/hls/yolo_conv/yolo_conv_prj/solution1/.autopilot/db/yolo_conv.pp.0.cpp:21510:2: warning: Added loop label VITIS_LOOP_54_3:   [xilinx-label-all-loops]
 for(int j=0; j<fold_win_area; j++)
 ^~~
 VITIS_LOOP_54_3: 
/home/tony/Desktop/Tiny_YOLO_v3_ZYNQ/code/hls/yolo_conv/yolo_conv_prj/solution1/.autopilot/db/yolo_conv.pp.0.cpp:21510:2: note: FIX-IT applied suggested code changes
/home/tony/Desktop/Tiny_YOLO_v3_ZYNQ/code/hls/yolo_conv/yolo_conv_prj/solution1/.autopilot/db/yolo_conv.pp.0.cpp:21527:2: warning: Added loop label VITIS_LOOP_83_4:   [xilinx-label-all-loops]
 for(int row_idx=0;row_idx<input_h+1;row_idx++)
 ^~~
 VITIS_LOOP_83_4: 
/home/tony/Desktop/Tiny_YOLO_v3_ZYNQ/code/hls/yolo_conv/yolo_conv_prj/solution1/.autopilot/db/yolo_conv.pp.0.cpp:21527:2: note: FIX-IT applied suggested code changes
/home/tony/Desktop/Tiny_YOLO_v3_ZYNQ/code/hls/yolo_conv/yolo_conv_prj/solution1/.autopilot/db/yolo_conv.pp.0.cpp:21531:2: warning: Added loop label VITIS_LOOP_87_5:   [xilinx-label-all-loops]
 for(int col_idx=0;col_idx<input_w;col_idx++)
 ^~~
 VITIS_LOOP_87_5: 
/home/tony/Desktop/Tiny_YOLO_v3_ZYNQ/code/hls/yolo_conv/yolo_conv_prj/solution1/.autopilot/db/yolo_conv.pp.0.cpp:21531:2: note: FIX-IT applied suggested code changes
/home/tony/Desktop/Tiny_YOLO_v3_ZYNQ/code/hls/yolo_conv/yolo_conv_prj/solution1/.autopilot/db/yolo_conv.pp.0.cpp:21534:2: warning: Added loop label VITIS_LOOP_90_6:   [xilinx-label-all-loops]
 for(int input_ch_idx=0;input_ch_idx<fold_input_ch;input_ch_idx++)
 ^~~
 VITIS_LOOP_90_6: 
/home/tony/Desktop/Tiny_YOLO_v3_ZYNQ/code/hls/yolo_conv/yolo_conv_prj/solution1/.autopilot/db/yolo_conv.pp.0.cpp:21534:2: note: FIX-IT applied suggested code changes
/home/tony/Desktop/Tiny_YOLO_v3_ZYNQ/code/hls/yolo_conv/yolo_conv_prj/solution1/.autopilot/db/yolo_conv.pp.0.cpp:21591:7: warning: Added loop label VITIS_LOOP_147_7:   [xilinx-label-all-loops]
      for(int kernel_idx=0; kernel_idx<32; kernel_idx++)
      ^~~
      VITIS_LOOP_147_7: 
/home/tony/Desktop/Tiny_YOLO_v3_ZYNQ/code/hls/yolo_conv/yolo_conv_prj/solution1/.autopilot/db/yolo_conv.pp.0.cpp:21591:7: note: FIX-IT applied suggested code changes
/home/tony/Desktop/Tiny_YOLO_v3_ZYNQ/code/hls/yolo_conv/yolo_conv_prj/solution1/.autopilot/db/yolo_conv.pp.0.cpp:21683:2: warning: Added loop label VITIS_LOOP_257_1:   [xilinx-label-all-loops]
 for(int win_row=0; win_row < 3; win_row++)
 ^~~
 VITIS_LOOP_257_1: 
/home/tony/Desktop/Tiny_YOLO_v3_ZYNQ/code/hls/yolo_conv/yolo_conv_prj/solution1/.autopilot/db/yolo_conv.pp.0.cpp:21683:2: note: FIX-IT applied suggested code changes
/home/tony/Desktop/Tiny_YOLO_v3_ZYNQ/code/hls/yolo_conv/yolo_conv_prj/solution1/.autopilot/db/yolo_conv.pp.0.cpp:21685:3: warning: Added loop label VITIS_LOOP_259_2:   [xilinx-label-all-loops]
  for(int win_col=0; win_col < 3; win_col++)
  ^~~
  VITIS_LOOP_259_2: 
/home/tony/Desktop/Tiny_YOLO_v3_ZYNQ/code/hls/yolo_conv/yolo_conv_prj/solution1/.autopilot/db/yolo_conv.pp.0.cpp:21685:3: note: FIX-IT applied suggested code changes
/home/tony/Desktop/Tiny_YOLO_v3_ZYNQ/code/hls/yolo_conv/yolo_conv_prj/solution1/.autopilot/db/yolo_conv.pp.0.cpp:21699:2: warning: Added loop label VITIS_LOOP_273_1:   [xilinx-label-all-loops]
 for(int win_row=0; win_row < 3; win_row++)
 ^~~
 VITIS_LOOP_273_1: 
/home/tony/Desktop/Tiny_YOLO_v3_ZYNQ/code/hls/yolo_conv/yolo_conv_prj/solution1/.autopilot/db/yolo_conv.pp.0.cpp:21699:2: note: FIX-IT applied suggested code changes
/home/tony/Desktop/Tiny_YOLO_v3_ZYNQ/code/hls/yolo_conv/yolo_conv_prj/solution1/.autopilot/db/yolo_conv.pp.0.cpp:21701:3: warning: Added loop label VITIS_LOOP_275_2:   [xilinx-label-all-loops]
  for(int win_col=0; win_col < 3; win_col++)
  ^~~
  VITIS_LOOP_275_2: 
/home/tony/Desktop/Tiny_YOLO_v3_ZYNQ/code/hls/yolo_conv/yolo_conv_prj/solution1/.autopilot/db/yolo_conv.pp.0.cpp:21701:3: note: FIX-IT applied suggested code changes
/home/tony/Desktop/Tiny_YOLO_v3_ZYNQ/code/hls/yolo_conv/yolo_conv_prj/solution1/.autopilot/db/yolo_conv.pp.0.cpp:21721:2: warning: Added loop label VITIS_LOOP_295_1:   [xilinx-label-all-loops]
 for(int i=0; i<6; i++)
 ^~~
 VITIS_LOOP_295_1: 
/home/tony/Desktop/Tiny_YOLO_v3_ZYNQ/code/hls/yolo_conv/yolo_conv_prj/solution1/.autopilot/db/yolo_conv.pp.0.cpp:21721:2: note: FIX-IT applied suggested code changes
