remark: /tools/Xilinx/Vitis_HLS/2022.2/include/vision/L1/include/common/xf_video_mem.hpp:1042:2: Inlining function 'xf::cv::LineBuffer<1, 13, ap_fixed<16, 8, (ap_q_mode)4, (ap_o_mode)0, 0>, (_ramtype)6, 1>::insert_bottom_row(ap_fixed<16, 8, (ap_q_mode)4, (ap_o_mode)0, 0>, int)' into 'xf::cv::LineBuffer<1, 13, ap_fixed<16, 8, (ap_q_mode)4, (ap_o_mode)0, 0>, (_ramtype)6, 1>::insert_top(ap_fixed<16, 8, (ap_q_mode)4, (ap_o_mode)0, 0>, int)'
remark: src/yolo_upsamp.cpp:9:17: Inlining function 'xf::cv::LineBuffer<1, 13, ap_fixed<16, 8, (ap_q_mode)4, (ap_o_mode)0, 0>, (_ramtype)6, 1>::LineBuffer()' into 'yolo_upsamp_top(hls::stream<ap_axi_fp<64, 2, 5, 6>, 0>&, hls::stream<ap_axi_fp<64, 2, 5, 6>, 0>&)'
remark: src/yolo_upsamp.cpp:47:68: Inlining function 'xf::cv::LineBuffer<1, 13, ap_fixed<16, 8, (ap_q_mode)4, (ap_o_mode)0, 0>, (_ramtype)6, 1>::getval(int, int)' into 'yolo_upsamp_top(hls::stream<ap_axi_fp<64, 2, 5, 6>, 0>&, hls::stream<ap_axi_fp<64, 2, 5, 6>, 0>&)'
remark: src/yolo_upsamp.cpp:46:68: Inlining function 'xf::cv::LineBuffer<1, 13, ap_fixed<16, 8, (ap_q_mode)4, (ap_o_mode)0, 0>, (_ramtype)6, 1>::getval(int, int)' into 'yolo_upsamp_top(hls::stream<ap_axi_fp<64, 2, 5, 6>, 0>&, hls::stream<ap_axi_fp<64, 2, 5, 6>, 0>&)'
remark: src/yolo_upsamp.cpp:45:68: Inlining function 'xf::cv::LineBuffer<1, 13, ap_fixed<16, 8, (ap_q_mode)4, (ap_o_mode)0, 0>, (_ramtype)6, 1>::getval(int, int)' into 'yolo_upsamp_top(hls::stream<ap_axi_fp<64, 2, 5, 6>, 0>&, hls::stream<ap_axi_fp<64, 2, 5, 6>, 0>&)'
remark: src/yolo_upsamp.cpp:44:68: Inlining function 'xf::cv::LineBuffer<1, 13, ap_fixed<16, 8, (ap_q_mode)4, (ap_o_mode)0, 0>, (_ramtype)6, 1>::getval(int, int)' into 'yolo_upsamp_top(hls::stream<ap_axi_fp<64, 2, 5, 6>, 0>&, hls::stream<ap_axi_fp<64, 2, 5, 6>, 0>&)'
remark: src/yolo_upsamp.cpp:33:38: Inlining function 'xf::cv::LineBuffer<1, 13, ap_fixed<16, 8, (ap_q_mode)4, (ap_o_mode)0, 0>, (_ramtype)6, 1>::insert_top(ap_fixed<16, 8, (ap_q_mode)4, (ap_o_mode)0, 0>, int)' into 'yolo_upsamp_top(hls::stream<ap_axi_fp<64, 2, 5, 6>, 0>&, hls::stream<ap_axi_fp<64, 2, 5, 6>, 0>&)'
remark: src/yolo_upsamp.cpp:32:38: Inlining function 'xf::cv::LineBuffer<1, 13, ap_fixed<16, 8, (ap_q_mode)4, (ap_o_mode)0, 0>, (_ramtype)6, 1>::insert_top(ap_fixed<16, 8, (ap_q_mode)4, (ap_o_mode)0, 0>, int)' into 'yolo_upsamp_top(hls::stream<ap_axi_fp<64, 2, 5, 6>, 0>&, hls::stream<ap_axi_fp<64, 2, 5, 6>, 0>&)'
remark: src/yolo_upsamp.cpp:31:38: Inlining function 'xf::cv::LineBuffer<1, 13, ap_fixed<16, 8, (ap_q_mode)4, (ap_o_mode)0, 0>, (_ramtype)6, 1>::insert_top(ap_fixed<16, 8, (ap_q_mode)4, (ap_o_mode)0, 0>, int)' into 'yolo_upsamp_top(hls::stream<ap_axi_fp<64, 2, 5, 6>, 0>&, hls::stream<ap_axi_fp<64, 2, 5, 6>, 0>&)'
remark: src/yolo_upsamp.cpp:30:38: Inlining function 'xf::cv::LineBuffer<1, 13, ap_fixed<16, 8, (ap_q_mode)4, (ap_o_mode)0, 0>, (_ramtype)6, 1>::insert_top(ap_fixed<16, 8, (ap_q_mode)4, (ap_o_mode)0, 0>, int)' into 'yolo_upsamp_top(hls::stream<ap_axi_fp<64, 2, 5, 6>, 0>&, hls::stream<ap_axi_fp<64, 2, 5, 6>, 0>&)'
remark: src/yolo_upsamp.cpp:12:17: Inlining function 'xf::cv::LineBuffer<1, 13, ap_fixed<16, 8, (ap_q_mode)4, (ap_o_mode)0, 0>, (_ramtype)6, 1>::LineBuffer()' into 'yolo_upsamp_top(hls::stream<ap_axi_fp<64, 2, 5, 6>, 0>&, hls::stream<ap_axi_fp<64, 2, 5, 6>, 0>&)'
remark: src/yolo_upsamp.cpp:11:17: Inlining function 'xf::cv::LineBuffer<1, 13, ap_fixed<16, 8, (ap_q_mode)4, (ap_o_mode)0, 0>, (_ramtype)6, 1>::LineBuffer()' into 'yolo_upsamp_top(hls::stream<ap_axi_fp<64, 2, 5, 6>, 0>&, hls::stream<ap_axi_fp<64, 2, 5, 6>, 0>&)'
remark: src/yolo_upsamp.cpp:10:17: Inlining function 'xf::cv::LineBuffer<1, 13, ap_fixed<16, 8, (ap_q_mode)4, (ap_o_mode)0, 0>, (_ramtype)6, 1>::LineBuffer()' into 'yolo_upsamp_top(hls::stream<ap_axi_fp<64, 2, 5, 6>, 0>&, hls::stream<ap_axi_fp<64, 2, 5, 6>, 0>&)'
remark: /tools/Xilinx/Vitis_HLS/2022.2/include/vision/L1/include/common/xf_video_mem.hpp:755:9: Adding 'line_buff_group_1' into disaggregation list because there's array-partition pragma applied on the struct field
remark: /tools/Xilinx/Vitis_HLS/2022.2/include/vision/L1/include/common/xf_video_mem.hpp:755:9: Adding 'line_buff_group_2' into disaggregation list because there's array-partition pragma applied on the struct field
remark: /tools/Xilinx/Vitis_HLS/2022.2/include/vision/L1/include/common/xf_video_mem.hpp:755:9: Adding 'line_buff_group_3' into disaggregation list because there's array-partition pragma applied on the struct field
remark: /tools/Xilinx/Vitis_HLS/2022.2/include/vision/L1/include/common/xf_video_mem.hpp:755:9: Adding 'line_buff_group_0' into disaggregation list because there's array-partition pragma applied on the struct field
remark: src/yolo_upsamp.cpp:12:17: Disaggregating variable 'line_buff_group_3'
remark: src/yolo_upsamp.cpp:11:17: Disaggregating variable 'line_buff_group_2'
remark: src/yolo_upsamp.cpp:10:17: Disaggregating variable 'line_buff_group_1'
remark: src/yolo_upsamp.cpp:9:17: Disaggregating variable 'line_buff_group_0'
remark: src/yolo_upsamp.cpp:9:17: Applying array_partition to 'line_buff_group_0': Complete partitioning on dimension 2.
remark: src/yolo_upsamp.cpp:10:17: Applying array_partition to 'line_buff_group_1': Complete partitioning on dimension 2.
remark: src/yolo_upsamp.cpp:11:17: Applying array_partition to 'line_buff_group_2': Complete partitioning on dimension 2.
remark: src/yolo_upsamp.cpp:12:17: Applying array_partition to 'line_buff_group_3': Complete partitioning on dimension 2.
