/home/tony/Desktop/Tiny_YOLO_v3_ZYNQ/code/hls/yolo_upsamp/yolo_upsamp_prj/solution1/.autopilot/db/yolo_upsamp.pp.0.cpp:1328:7: warning: Added loop label VITIS_LOOP_1211_1:   [xilinx-label-all-loops]
      for (i = 0; i < __N - 1; ++i) {
      ^~~
      VITIS_LOOP_1211_1: 
/home/tony/Desktop/Tiny_YOLO_v3_ZYNQ/code/hls/yolo_upsamp/yolo_upsamp_prj/solution1/.autopilot/db/yolo_upsamp.pp.0.cpp:1328:7: note: FIX-IT applied suggested code changes
/home/tony/Desktop/Tiny_YOLO_v3_ZYNQ/code/hls/yolo_upsamp/yolo_upsamp_prj/solution1/.autopilot/db/yolo_upsamp.pp.0.cpp:2302:5: warning: Added loop label VITIS_LOOP_676_1:   [xilinx-label-all-loops]
    for (unsigned i = low; i != high; ++i) {
    ^~~
    VITIS_LOOP_676_1: 
/home/tony/Desktop/Tiny_YOLO_v3_ZYNQ/code/hls/yolo_upsamp/yolo_upsamp_prj/solution1/.autopilot/db/yolo_upsamp.pp.0.cpp:2302:5: note: FIX-IT applied suggested code changes
/home/tony/Desktop/Tiny_YOLO_v3_ZYNQ/code/hls/yolo_upsamp/yolo_upsamp_prj/solution1/.autopilot/db/yolo_upsamp.pp.0.cpp:2316:5: warning: Added loop label VITIS_LOOP_690_1:   [xilinx-label-all-loops]
    for (unsigned i = low; i != high; ++i) {
    ^~~
    VITIS_LOOP_690_1: 
/home/tony/Desktop/Tiny_YOLO_v3_ZYNQ/code/hls/yolo_upsamp/yolo_upsamp_prj/solution1/.autopilot/db/yolo_upsamp.pp.0.cpp:2316:5: note: FIX-IT applied suggested code changes
/home/tony/Desktop/Tiny_YOLO_v3_ZYNQ/code/hls/yolo_upsamp/yolo_upsamp_prj/solution1/.autopilot/db/yolo_upsamp.pp.0.cpp:2330:5: warning: Added loop label VITIS_LOOP_704_1:   [xilinx-label-all-loops]
    for (unsigned i = low; i != high; ++i) {
    ^~~
    VITIS_LOOP_704_1: 
/home/tony/Desktop/Tiny_YOLO_v3_ZYNQ/code/hls/yolo_upsamp/yolo_upsamp_prj/solution1/.autopilot/db/yolo_upsamp.pp.0.cpp:2330:5: note: FIX-IT applied suggested code changes
/home/tony/Desktop/Tiny_YOLO_v3_ZYNQ/code/hls/yolo_upsamp/yolo_upsamp_prj/solution1/.autopilot/db/yolo_upsamp.pp.0.cpp:3941:7: warning: Added loop label VITIS_LOOP_1245_1:   [xilinx-label-all-loops]
      for (i = 0; i < __N - 1; ++i) {
      ^~~
      VITIS_LOOP_1245_1: 
/home/tony/Desktop/Tiny_YOLO_v3_ZYNQ/code/hls/yolo_upsamp/yolo_upsamp_prj/solution1/.autopilot/db/yolo_upsamp.pp.0.cpp:3941:7: note: FIX-IT applied suggested code changes
/home/tony/Desktop/Tiny_YOLO_v3_ZYNQ/code/hls/yolo_upsamp/yolo_upsamp_prj/solution1/.autopilot/db/yolo_upsamp.pp.0.cpp:18247:2: warning: Added loop label VITIS_LOOP_307_1:   [xilinx-label-all-loops]
 for (int k = 0; k < N; k++) {
 ^~~
 VITIS_LOOP_307_1: 
/home/tony/Desktop/Tiny_YOLO_v3_ZYNQ/code/hls/yolo_upsamp/yolo_upsamp_prj/solution1/.autopilot/db/yolo_upsamp.pp.0.cpp:18247:2: note: FIX-IT applied suggested code changes
/home/tony/Desktop/Tiny_YOLO_v3_ZYNQ/code/hls/yolo_upsamp/yolo_upsamp_prj/solution1/.autopilot/db/yolo_upsamp.pp.0.cpp:18261:5: warning: Added loop label VITIS_LOOP_321_1:   [xilinx-label-all-loops]
    for (int k = 0; k < N; k++) {
    ^~~
    VITIS_LOOP_321_1: 
/home/tony/Desktop/Tiny_YOLO_v3_ZYNQ/code/hls/yolo_upsamp/yolo_upsamp_prj/solution1/.autopilot/db/yolo_upsamp.pp.0.cpp:18261:5: note: FIX-IT applied suggested code changes
/home/tony/Desktop/Tiny_YOLO_v3_ZYNQ/code/hls/yolo_upsamp/yolo_upsamp_prj/solution1/.autopilot/db/yolo_upsamp.pp.0.cpp:18276:5: warning: Added loop label VITIS_LOOP_336_1:   [xilinx-label-all-loops]
    for (int k = 0; k < N; k++) {
    ^~~
    VITIS_LOOP_336_1: 
/home/tony/Desktop/Tiny_YOLO_v3_ZYNQ/code/hls/yolo_upsamp/yolo_upsamp_prj/solution1/.autopilot/db/yolo_upsamp.pp.0.cpp:18276:5: note: FIX-IT applied suggested code changes
/home/tony/Desktop/Tiny_YOLO_v3_ZYNQ/code/hls/yolo_upsamp/yolo_upsamp_prj/solution1/.autopilot/db/yolo_upsamp.pp.0.cpp:18291:5: warning: Added loop label VITIS_LOOP_351_1:   [xilinx-label-all-loops]
    for (int k = 0; k < N; k++) {
    ^~~
    VITIS_LOOP_351_1: 
/home/tony/Desktop/Tiny_YOLO_v3_ZYNQ/code/hls/yolo_upsamp/yolo_upsamp_prj/solution1/.autopilot/db/yolo_upsamp.pp.0.cpp:18291:5: note: FIX-IT applied suggested code changes
/home/tony/Desktop/Tiny_YOLO_v3_ZYNQ/code/hls/yolo_upsamp/yolo_upsamp_prj/solution1/.autopilot/db/yolo_upsamp.pp.0.cpp:18306:5: warning: Added loop label VITIS_LOOP_366_1:   [xilinx-label-all-loops]
    for (int k = 0; k < N; k++) {
    ^~~
    VITIS_LOOP_366_1: 
/home/tony/Desktop/Tiny_YOLO_v3_ZYNQ/code/hls/yolo_upsamp/yolo_upsamp_prj/solution1/.autopilot/db/yolo_upsamp.pp.0.cpp:18306:5: note: FIX-IT applied suggested code changes
/home/tony/Desktop/Tiny_YOLO_v3_ZYNQ/code/hls/yolo_upsamp/yolo_upsamp_prj/solution1/.autopilot/db/yolo_upsamp.pp.0.cpp:18321:5: warning: Added loop label VITIS_LOOP_381_1:   [xilinx-label-all-loops]
    for (int k = 0; k < N; k++) {
    ^~~
    VITIS_LOOP_381_1: 
/home/tony/Desktop/Tiny_YOLO_v3_ZYNQ/code/hls/yolo_upsamp/yolo_upsamp_prj/solution1/.autopilot/db/yolo_upsamp.pp.0.cpp:18321:5: note: FIX-IT applied suggested code changes
/home/tony/Desktop/Tiny_YOLO_v3_ZYNQ/code/hls/yolo_upsamp/yolo_upsamp_prj/solution1/.autopilot/db/yolo_upsamp.pp.0.cpp:18336:5: warning: Added loop label VITIS_LOOP_396_1:   [xilinx-label-all-loops]
    for (int k = 0; k < N; k++) {
    ^~~
    VITIS_LOOP_396_1: 
/home/tony/Desktop/Tiny_YOLO_v3_ZYNQ/code/hls/yolo_upsamp/yolo_upsamp_prj/solution1/.autopilot/db/yolo_upsamp.pp.0.cpp:18336:5: note: FIX-IT applied suggested code changes
/home/tony/Desktop/Tiny_YOLO_v3_ZYNQ/code/hls/yolo_upsamp/yolo_upsamp_prj/solution1/.autopilot/db/yolo_upsamp.pp.0.cpp:18351:5: warning: Added loop label VITIS_LOOP_411_1:   [xilinx-label-all-loops]
    for (int k = 0; k < N; k++) {
    ^~~
    VITIS_LOOP_411_1: 
/home/tony/Desktop/Tiny_YOLO_v3_ZYNQ/code/hls/yolo_upsamp/yolo_upsamp_prj/solution1/.autopilot/db/yolo_upsamp.pp.0.cpp:18351:5: note: FIX-IT applied suggested code changes
/home/tony/Desktop/Tiny_YOLO_v3_ZYNQ/code/hls/yolo_upsamp/yolo_upsamp_prj/solution1/.autopilot/db/yolo_upsamp.pp.0.cpp:18366:5: warning: Added loop label VITIS_LOOP_426_1:   [xilinx-label-all-loops]
    for (int k = 0; k < N; k++) {
    ^~~
    VITIS_LOOP_426_1: 
/home/tony/Desktop/Tiny_YOLO_v3_ZYNQ/code/hls/yolo_upsamp/yolo_upsamp_prj/solution1/.autopilot/db/yolo_upsamp.pp.0.cpp:18366:5: note: FIX-IT applied suggested code changes
/home/tony/Desktop/Tiny_YOLO_v3_ZYNQ/code/hls/yolo_upsamp/yolo_upsamp_prj/solution1/.autopilot/db/yolo_upsamp.pp.0.cpp:18443:9: warning: Added loop label VITIS_LOOP_511_1:   [xilinx-label-all-loops]
        for (int i = 0; i < (rows * ((cols + NPC - 1) >> xfNPixelsPerCycle<NPC>::datashift)); ++i) {
        ^~~
        VITIS_LOOP_511_1: 
/home/tony/Desktop/Tiny_YOLO_v3_ZYNQ/code/hls/yolo_upsamp/yolo_upsamp_prj/solution1/.autopilot/db/yolo_upsamp.pp.0.cpp:18443:9: note: FIX-IT applied suggested code changes
/home/tony/Desktop/Tiny_YOLO_v3_ZYNQ/code/hls/yolo_upsamp/yolo_upsamp_prj/solution1/.autopilot/db/yolo_upsamp.pp.0.cpp:18651:5: warning: Added loop label VITIS_LOOP_719_1:   [xilinx-label-all-loops]
    for (int r = 0; r < rows; r++) {
    ^~~
    VITIS_LOOP_719_1: 
/home/tony/Desktop/Tiny_YOLO_v3_ZYNQ/code/hls/yolo_upsamp/yolo_upsamp_prj/solution1/.autopilot/db/yolo_upsamp.pp.0.cpp:18651:5: note: FIX-IT applied suggested code changes
/home/tony/Desktop/Tiny_YOLO_v3_ZYNQ/code/hls/yolo_upsamp/yolo_upsamp_prj/solution1/.autopilot/db/yolo_upsamp.pp.0.cpp:18652:9: warning: Added loop label VITIS_LOOP_720_2:   [xilinx-label-all-loops]
        for (int c = 0; c < packcols; c++) {
        ^~~
        VITIS_LOOP_720_2: 
/home/tony/Desktop/Tiny_YOLO_v3_ZYNQ/code/hls/yolo_upsamp/yolo_upsamp_prj/solution1/.autopilot/db/yolo_upsamp.pp.0.cpp:18652:9: note: FIX-IT applied suggested code changes
/home/tony/Desktop/Tiny_YOLO_v3_ZYNQ/code/hls/yolo_upsamp/yolo_upsamp_prj/solution1/.autopilot/db/yolo_upsamp.pp.0.cpp:18653:13: warning: Added loop label VITIS_LOOP_721_3:   [xilinx-label-all-loops]
            for (int p = 0; p < nppc; p++) {
            ^~~
            VITIS_LOOP_721_3: 
/home/tony/Desktop/Tiny_YOLO_v3_ZYNQ/code/hls/yolo_upsamp/yolo_upsamp_prj/solution1/.autopilot/db/yolo_upsamp.pp.0.cpp:18653:13: note: FIX-IT applied suggested code changes
/home/tony/Desktop/Tiny_YOLO_v3_ZYNQ/code/hls/yolo_upsamp/yolo_upsamp_prj/solution1/.autopilot/db/yolo_upsamp.pp.0.cpp:18655:17: warning: Added loop label VITIS_LOOP_723_4:   [xilinx-label-all-loops]
                for (int ch = 0; ch < DataType<T, NPPC>::channel; ch++) {
                ^~~
                VITIS_LOOP_723_4: 
/home/tony/Desktop/Tiny_YOLO_v3_ZYNQ/code/hls/yolo_upsamp/yolo_upsamp_prj/solution1/.autopilot/db/yolo_upsamp.pp.0.cpp:18655:17: note: FIX-IT applied suggested code changes
/home/tony/Desktop/Tiny_YOLO_v3_ZYNQ/code/hls/yolo_upsamp/yolo_upsamp_prj/solution1/.autopilot/db/yolo_upsamp.pp.0.cpp:18693:5: warning: Added loop label VITIS_LOOP_761_1:   [xilinx-label-all-loops]
    for (int r = 0; r < rows; r++) {
    ^~~
    VITIS_LOOP_761_1: 
/home/tony/Desktop/Tiny_YOLO_v3_ZYNQ/code/hls/yolo_upsamp/yolo_upsamp_prj/solution1/.autopilot/db/yolo_upsamp.pp.0.cpp:18693:5: note: FIX-IT applied suggested code changes
/home/tony/Desktop/Tiny_YOLO_v3_ZYNQ/code/hls/yolo_upsamp/yolo_upsamp_prj/solution1/.autopilot/db/yolo_upsamp.pp.0.cpp:18694:9: warning: Added loop label VITIS_LOOP_762_2:   [xilinx-label-all-loops]
        for (int c = 0; c < cols; c++) {
        ^~~
        VITIS_LOOP_762_2: 
/home/tony/Desktop/Tiny_YOLO_v3_ZYNQ/code/hls/yolo_upsamp/yolo_upsamp_prj/solution1/.autopilot/db/yolo_upsamp.pp.0.cpp:18694:9: note: FIX-IT applied suggested code changes
/home/tony/Desktop/Tiny_YOLO_v3_ZYNQ/code/hls/yolo_upsamp/yolo_upsamp_prj/solution1/.autopilot/db/yolo_upsamp.pp.0.cpp:18696:13: warning: Added loop label VITIS_LOOP_764_3:   [xilinx-label-all-loops]
            for (int ch = 0; ch < DataType<T, NPPC>::channel; ch++) {
            ^~~
            VITIS_LOOP_764_3: 
/home/tony/Desktop/Tiny_YOLO_v3_ZYNQ/code/hls/yolo_upsamp/yolo_upsamp_prj/solution1/.autopilot/db/yolo_upsamp.pp.0.cpp:18696:13: note: FIX-IT applied suggested code changes
/home/tony/Desktop/Tiny_YOLO_v3_ZYNQ/code/hls/yolo_upsamp/yolo_upsamp_prj/solution1/.autopilot/db/yolo_upsamp.pp.0.cpp:18697:17: warning: Added loop label VITIS_LOOP_765_4:   [xilinx-label-all-loops]
                for (int b = 0; b < cv_nbytes; ++b) {
                ^~~
                VITIS_LOOP_765_4: 
/home/tony/Desktop/Tiny_YOLO_v3_ZYNQ/code/hls/yolo_upsamp/yolo_upsamp_prj/solution1/.autopilot/db/yolo_upsamp.pp.0.cpp:18697:17: note: FIX-IT applied suggested code changes
/home/tony/Desktop/Tiny_YOLO_v3_ZYNQ/code/hls/yolo_upsamp/yolo_upsamp_prj/solution1/.autopilot/db/yolo_upsamp.pp.0.cpp:18751:5: warning: Added loop label VITIS_LOOP_819_1:   [xilinx-label-all-loops]
    for (int i = 0; i < rows; i++) {
    ^~~
    VITIS_LOOP_819_1: 
/home/tony/Desktop/Tiny_YOLO_v3_ZYNQ/code/hls/yolo_upsamp/yolo_upsamp_prj/solution1/.autopilot/db/yolo_upsamp.pp.0.cpp:18751:5: note: FIX-IT applied suggested code changes
/home/tony/Desktop/Tiny_YOLO_v3_ZYNQ/code/hls/yolo_upsamp/yolo_upsamp_prj/solution1/.autopilot/db/yolo_upsamp.pp.0.cpp:18752:9: warning: Added loop label VITIS_LOOP_820_2:   [xilinx-label-all-loops]
        for (int j = 0; j<cols>> (xfNPixelsPerCycle<NPPC>::datashift); j++) {
        ^~~
        VITIS_LOOP_820_2: 
/home/tony/Desktop/Tiny_YOLO_v3_ZYNQ/code/hls/yolo_upsamp/yolo_upsamp_prj/solution1/.autopilot/db/yolo_upsamp.pp.0.cpp:18752:9: note: FIX-IT applied suggested code changes
/home/tony/Desktop/Tiny_YOLO_v3_ZYNQ/code/hls/yolo_upsamp/yolo_upsamp_prj/solution1/.autopilot/db/yolo_upsamp.pp.0.cpp:18760:13: warning: Added loop label VITIS_LOOP_828_3:   [xilinx-label-all-loops]
            for (int k = 0; k < (1 << (xfNPixelsPerCycle<NPPC>::datashift)); k++) {
            ^~~
            VITIS_LOOP_828_3: 
/home/tony/Desktop/Tiny_YOLO_v3_ZYNQ/code/hls/yolo_upsamp/yolo_upsamp_prj/solution1/.autopilot/db/yolo_upsamp.pp.0.cpp:18760:13: note: FIX-IT applied suggested code changes
/home/tony/Desktop/Tiny_YOLO_v3_ZYNQ/code/hls/yolo_upsamp/yolo_upsamp_prj/solution1/.autopilot/db/yolo_upsamp.pp.0.cpp:18873:9: error: Invalid Directive: for current device, mul + dsp is invalid combination for bind_op [clang-diagnostic-error]
#pragma HLS BIND_OP variable=mul_rows_cols op=mul impl=dsp latency=2
        ^
/home/tony/Desktop/Tiny_YOLO_v3_ZYNQ/code/hls/yolo_upsamp/yolo_upsamp_prj/solution1/.autopilot/db/yolo_upsamp.pp.0.cpp:18945:2: warning: Added loop label VITIS_LOOP_1021_1:   [xilinx-label-all-loops]
 for (c = 0; c < cols_addrbound; c++) {
 ^~~
 VITIS_LOOP_1021_1: 
/home/tony/Desktop/Tiny_YOLO_v3_ZYNQ/code/hls/yolo_upsamp/yolo_upsamp_prj/solution1/.autopilot/db/yolo_upsamp.pp.0.cpp:18945:2: note: FIX-IT applied suggested code changes
/home/tony/Desktop/Tiny_YOLO_v3_ZYNQ/code/hls/yolo_upsamp/yolo_upsamp_prj/solution1/.autopilot/db/yolo_upsamp.pp.0.cpp:19353:13: warning: Added loop label VITIS_LOOP_1429_1:   [xilinx-label-all-loops]
            for (int rowIdx = 0, offset = 0; rowIdx < rows; rowIdx++, offset += offset_1row) {
            ^~~
            VITIS_LOOP_1429_1: 
/home/tony/Desktop/Tiny_YOLO_v3_ZYNQ/code/hls/yolo_upsamp/yolo_upsamp_prj/solution1/.autopilot/db/yolo_upsamp.pp.0.cpp:19353:13: note: FIX-IT applied suggested code changes
/home/tony/Desktop/Tiny_YOLO_v3_ZYNQ/code/hls/yolo_upsamp/yolo_upsamp_prj/solution1/.autopilot/db/yolo_upsamp.pp.0.cpp:19381:13: warning: Added loop label VITIS_LOOP_1457_1:   [xilinx-label-all-loops]
            for (int rowIdx = 0, offset = 0; rowIdx < rows; rowIdx++, offset += offset_1row) {
            ^~~
            VITIS_LOOP_1457_1: 
/home/tony/Desktop/Tiny_YOLO_v3_ZYNQ/code/hls/yolo_upsamp/yolo_upsamp_prj/solution1/.autopilot/db/yolo_upsamp.pp.0.cpp:19381:13: note: FIX-IT applied suggested code changes
/home/tony/Desktop/Tiny_YOLO_v3_ZYNQ/code/hls/yolo_upsamp/yolo_upsamp_prj/solution1/.autopilot/db/yolo_upsamp.pp.0.cpp:19411:13: warning: Added loop label VITIS_LOOP_1487_1:   [xilinx-label-all-loops]
            for (int rowIdx = 0, offset = 0; rowIdx < rows; rowIdx++, offset += offset_1row) {
            ^~~
            VITIS_LOOP_1487_1: 
/home/tony/Desktop/Tiny_YOLO_v3_ZYNQ/code/hls/yolo_upsamp/yolo_upsamp_prj/solution1/.autopilot/db/yolo_upsamp.pp.0.cpp:19411:13: note: FIX-IT applied suggested code changes
/home/tony/Desktop/Tiny_YOLO_v3_ZYNQ/code/hls/yolo_upsamp/yolo_upsamp_prj/solution1/.autopilot/db/yolo_upsamp.pp.0.cpp:19441:13: warning: Added loop label VITIS_LOOP_1517_1:   [xilinx-label-all-loops]
            for (int rowIdx = 0, offset = 0; rowIdx < rows; rowIdx++, offset += offset_1row) {
            ^~~
            VITIS_LOOP_1517_1: 
/home/tony/Desktop/Tiny_YOLO_v3_ZYNQ/code/hls/yolo_upsamp/yolo_upsamp_prj/solution1/.autopilot/db/yolo_upsamp.pp.0.cpp:19441:13: note: FIX-IT applied suggested code changes
/home/tony/Desktop/Tiny_YOLO_v3_ZYNQ/code/hls/yolo_upsamp/yolo_upsamp_prj/solution1/.autopilot/db/yolo_upsamp.pp.0.cpp:19956:5: warning: Added loop label VITIS_LOOP_122_1:   [xilinx-label-all-loops]
    for (i = 0; i < ROWS; i++) {
    ^~~
    VITIS_LOOP_122_1: 
/home/tony/Desktop/Tiny_YOLO_v3_ZYNQ/code/hls/yolo_upsamp/yolo_upsamp_prj/solution1/.autopilot/db/yolo_upsamp.pp.0.cpp:19956:5: note: FIX-IT applied suggested code changes
/home/tony/Desktop/Tiny_YOLO_v3_ZYNQ/code/hls/yolo_upsamp/yolo_upsamp_prj/solution1/.autopilot/db/yolo_upsamp.pp.0.cpp:19960:2: warning: Added loop label VITIS_LOOP_126_2:   [xilinx-label-all-loops]
 for (j = 0; j < COLS - 1; j++) {
 ^~~
 VITIS_LOOP_126_2: 
/home/tony/Desktop/Tiny_YOLO_v3_ZYNQ/code/hls/yolo_upsamp/yolo_upsamp_prj/solution1/.autopilot/db/yolo_upsamp.pp.0.cpp:19960:2: note: FIX-IT applied suggested code changes
/home/tony/Desktop/Tiny_YOLO_v3_ZYNQ/code/hls/yolo_upsamp/yolo_upsamp_prj/solution1/.autopilot/db/yolo_upsamp.pp.0.cpp:19987:5: warning: Added loop label VITIS_LOOP_166_1:   [xilinx-label-all-loops]
    for (i = 0; i < ROWS; i++) {
    ^~~
    VITIS_LOOP_166_1: 
/home/tony/Desktop/Tiny_YOLO_v3_ZYNQ/code/hls/yolo_upsamp/yolo_upsamp_prj/solution1/.autopilot/db/yolo_upsamp.pp.0.cpp:19987:5: note: FIX-IT applied suggested code changes
/home/tony/Desktop/Tiny_YOLO_v3_ZYNQ/code/hls/yolo_upsamp/yolo_upsamp_prj/solution1/.autopilot/db/yolo_upsamp.pp.0.cpp:19991:2: warning: Added loop label VITIS_LOOP_170_2:   [xilinx-label-all-loops]
 for (j = COLS - 1; j > 0; j--) {
 ^~~
 VITIS_LOOP_170_2: 
/home/tony/Desktop/Tiny_YOLO_v3_ZYNQ/code/hls/yolo_upsamp/yolo_upsamp_prj/solution1/.autopilot/db/yolo_upsamp.pp.0.cpp:19991:2: note: FIX-IT applied suggested code changes
/home/tony/Desktop/Tiny_YOLO_v3_ZYNQ/code/hls/yolo_upsamp/yolo_upsamp_prj/solution1/.autopilot/db/yolo_upsamp.pp.0.cpp:20018:5: warning: Added loop label VITIS_LOOP_210_1:   [xilinx-label-all-loops]
    for (i = 0; i < ROWS - 1; i++) {
    ^~~
    VITIS_LOOP_210_1: 
/home/tony/Desktop/Tiny_YOLO_v3_ZYNQ/code/hls/yolo_upsamp/yolo_upsamp_prj/solution1/.autopilot/db/yolo_upsamp.pp.0.cpp:20018:5: note: FIX-IT applied suggested code changes
/home/tony/Desktop/Tiny_YOLO_v3_ZYNQ/code/hls/yolo_upsamp/yolo_upsamp_prj/solution1/.autopilot/db/yolo_upsamp.pp.0.cpp:20022:2: warning: Added loop label VITIS_LOOP_214_2:   [xilinx-label-all-loops]
 for (j = 0; j < COLS; j++) {
 ^~~
 VITIS_LOOP_214_2: 
/home/tony/Desktop/Tiny_YOLO_v3_ZYNQ/code/hls/yolo_upsamp/yolo_upsamp_prj/solution1/.autopilot/db/yolo_upsamp.pp.0.cpp:20022:2: note: FIX-IT applied suggested code changes
/home/tony/Desktop/Tiny_YOLO_v3_ZYNQ/code/hls/yolo_upsamp/yolo_upsamp_prj/solution1/.autopilot/db/yolo_upsamp.pp.0.cpp:20049:5: warning: Added loop label VITIS_LOOP_254_1:   [xilinx-label-all-loops]
    for (i = ROWS - 1; i > 0; i--) {
    ^~~
    VITIS_LOOP_254_1: 
/home/tony/Desktop/Tiny_YOLO_v3_ZYNQ/code/hls/yolo_upsamp/yolo_upsamp_prj/solution1/.autopilot/db/yolo_upsamp.pp.0.cpp:20049:5: note: FIX-IT applied suggested code changes
/home/tony/Desktop/Tiny_YOLO_v3_ZYNQ/code/hls/yolo_upsamp/yolo_upsamp_prj/solution1/.autopilot/db/yolo_upsamp.pp.0.cpp:20053:2: warning: Added loop label VITIS_LOOP_258_2:   [xilinx-label-all-loops]
 for (j = 0; j < COLS; j++) {
 ^~~
 VITIS_LOOP_258_2: 
/home/tony/Desktop/Tiny_YOLO_v3_ZYNQ/code/hls/yolo_upsamp/yolo_upsamp_prj/solution1/.autopilot/db/yolo_upsamp.pp.0.cpp:20053:2: note: FIX-IT applied suggested code changes
/home/tony/Desktop/Tiny_YOLO_v3_ZYNQ/code/hls/yolo_upsamp/yolo_upsamp_prj/solution1/.autopilot/db/yolo_upsamp.pp.0.cpp:20099:5: warning: Added loop label VITIS_LOOP_330_1:   [xilinx-label-all-loops]
    for (j = 0; j < COLS; j++) {
    ^~~
    VITIS_LOOP_330_1: 
/home/tony/Desktop/Tiny_YOLO_v3_ZYNQ/code/hls/yolo_upsamp/yolo_upsamp_prj/solution1/.autopilot/db/yolo_upsamp.pp.0.cpp:20099:5: note: FIX-IT applied suggested code changes
/home/tony/Desktop/Tiny_YOLO_v3_ZYNQ/code/hls/yolo_upsamp/yolo_upsamp_prj/solution1/.autopilot/db/yolo_upsamp.pp.0.cpp:20162:5: warning: Added loop label VITIS_LOOP_435_1:   [xilinx-label-all-loops]
    for (i = 0; i < ROWS; i++) {
    ^~~
    VITIS_LOOP_435_1: 
/home/tony/Desktop/Tiny_YOLO_v3_ZYNQ/code/hls/yolo_upsamp/yolo_upsamp_prj/solution1/.autopilot/db/yolo_upsamp.pp.0.cpp:20162:5: note: FIX-IT applied suggested code changes
/home/tony/Desktop/Tiny_YOLO_v3_ZYNQ/code/hls/yolo_upsamp/yolo_upsamp_prj/solution1/.autopilot/db/yolo_upsamp.pp.0.cpp:20359:44: error: Invalid Directive: for current device, RAM_1P + BRAM is invalid combination for BIND_STORAGE's option 'type + impl' [clang-diagnostic-error]
#pragma HLS bind_storage variable=val type=RAM_1P impl=BRAM
                                           ^
/home/tony/Desktop/Tiny_YOLO_v3_ZYNQ/code/hls/yolo_upsamp/yolo_upsamp_prj/solution1/.autopilot/db/yolo_upsamp.pp.0.cpp:20364:44: error: Invalid Directive: for current device, RAM_1P + URAM is invalid combination for BIND_STORAGE's option 'type + impl' [clang-diagnostic-error]
#pragma HLS bind_storage variable=val type=RAM_1P impl=URAM
                                           ^
/home/tony/Desktop/Tiny_YOLO_v3_ZYNQ/code/hls/yolo_upsamp/yolo_upsamp_prj/solution1/.autopilot/db/yolo_upsamp.pp.0.cpp:20369:44: error: Invalid Directive: for current device, RAM_2P + BRAM is invalid combination for BIND_STORAGE's option 'type + impl' [clang-diagnostic-error]
#pragma HLS bind_storage variable=val type=RAM_2P impl=BRAM
                                           ^
/home/tony/Desktop/Tiny_YOLO_v3_ZYNQ/code/hls/yolo_upsamp/yolo_upsamp_prj/solution1/.autopilot/db/yolo_upsamp.pp.0.cpp:20374:44: error: Invalid Directive: for current device, RAM_2P + URAM is invalid combination for BIND_STORAGE's option 'type + impl' [clang-diagnostic-error]
#pragma HLS bind_storage variable=val type=RAM_2P impl=URAM
                                           ^
/home/tony/Desktop/Tiny_YOLO_v3_ZYNQ/code/hls/yolo_upsamp/yolo_upsamp_prj/solution1/.autopilot/db/yolo_upsamp.pp.0.cpp:20379:44: error: Invalid Directive: for current device, RAM_S2P + BRAM is invalid combination for BIND_STORAGE's option 'type + impl' [clang-diagnostic-error]
#pragma HLS bind_storage variable=val type=RAM_S2P impl=BRAM
                                           ^
/home/tony/Desktop/Tiny_YOLO_v3_ZYNQ/code/hls/yolo_upsamp/yolo_upsamp_prj/solution1/.autopilot/db/yolo_upsamp.pp.0.cpp:20384:44: error: Invalid Directive: for current device, RAM_S2P + URAM is invalid combination for BIND_STORAGE's option 'type + impl' [clang-diagnostic-error]
#pragma HLS bind_storage variable=val type=RAM_S2P impl=URAM
                                           ^
/home/tony/Desktop/Tiny_YOLO_v3_ZYNQ/code/hls/yolo_upsamp/yolo_upsamp_prj/solution1/.autopilot/db/yolo_upsamp.pp.0.cpp:20389:44: error: Invalid Directive: for current device, RAM_T2P + BRAM is invalid combination for BIND_STORAGE's option 'type + impl' [clang-diagnostic-error]
#pragma HLS bind_storage variable=val type=RAM_T2P impl=BRAM
                                           ^
/home/tony/Desktop/Tiny_YOLO_v3_ZYNQ/code/hls/yolo_upsamp/yolo_upsamp_prj/solution1/.autopilot/db/yolo_upsamp.pp.0.cpp:20394:44: error: Invalid Directive: for current device, RAM_T2P + URAM is invalid combination for BIND_STORAGE's option 'type + impl' [clang-diagnostic-error]
#pragma HLS bind_storage variable=val type=RAM_T2P impl=URAM
                                           ^
/home/tony/Desktop/Tiny_YOLO_v3_ZYNQ/code/hls/yolo_upsamp/yolo_upsamp_prj/solution1/.autopilot/db/yolo_upsamp.pp.0.cpp:20450:5: warning: Added loop label VITIS_LOOP_824_1:   [xilinx-label-all-loops]
    for (i = ROWS - 1; i > 0; i--) {
    ^~~
    VITIS_LOOP_824_1: 
/home/tony/Desktop/Tiny_YOLO_v3_ZYNQ/code/hls/yolo_upsamp/yolo_upsamp_prj/solution1/.autopilot/db/yolo_upsamp.pp.0.cpp:20450:5: note: FIX-IT applied suggested code changes
/home/tony/Desktop/Tiny_YOLO_v3_ZYNQ/code/hls/yolo_upsamp/yolo_upsamp_prj/solution1/.autopilot/db/yolo_upsamp.pp.0.cpp:20476:5: warning: Added loop label VITIS_LOOP_867_1:   [xilinx-label-all-loops]
    for (i = 0; i < ROWS - 1; i++) {
    ^~~
    VITIS_LOOP_867_1: 
/home/tony/Desktop/Tiny_YOLO_v3_ZYNQ/code/hls/yolo_upsamp/yolo_upsamp_prj/solution1/.autopilot/db/yolo_upsamp.pp.0.cpp:20476:5: note: FIX-IT applied suggested code changes
/home/tony/Desktop/Tiny_YOLO_v3_ZYNQ/code/hls/yolo_upsamp/yolo_upsamp_prj/solution1/.autopilot/db/yolo_upsamp.pp.0.cpp:20532:5: warning: Added loop label VITIS_LOOP_968_1:   [xilinx-label-all-loops]
    for (i = 0; i < ROWS; i++) {
    ^~~
    VITIS_LOOP_968_1: 
/home/tony/Desktop/Tiny_YOLO_v3_ZYNQ/code/hls/yolo_upsamp/yolo_upsamp_prj/solution1/.autopilot/db/yolo_upsamp.pp.0.cpp:20532:5: note: FIX-IT applied suggested code changes
/home/tony/Desktop/Tiny_YOLO_v3_ZYNQ/code/hls/yolo_upsamp/yolo_upsamp_prj/solution1/.autopilot/db/yolo_upsamp.pp.0.cpp:20649:5: warning: Added loop label VITIS_LOOP_39_1:   [xilinx-label-all-loops]
    for (int i = 0; i < loopcount; i++) {
    ^~~
    VITIS_LOOP_39_1: 
/home/tony/Desktop/Tiny_YOLO_v3_ZYNQ/code/hls/yolo_upsamp/yolo_upsamp_prj/solution1/.autopilot/db/yolo_upsamp.pp.0.cpp:20649:5: note: FIX-IT applied suggested code changes
/home/tony/Desktop/Tiny_YOLO_v3_ZYNQ/code/hls/yolo_upsamp/yolo_upsamp_prj/solution1/.autopilot/db/yolo_upsamp.pp.0.cpp:20668:5: warning: Added loop label VITIS_LOOP_58_1:   [xilinx-label-all-loops]
    for (int i = 0; i < loopcount; i++) {
    ^~~
    VITIS_LOOP_58_1: 
/home/tony/Desktop/Tiny_YOLO_v3_ZYNQ/code/hls/yolo_upsamp/yolo_upsamp_prj/solution1/.autopilot/db/yolo_upsamp.pp.0.cpp:20668:5: note: FIX-IT applied suggested code changes
/home/tony/Desktop/Tiny_YOLO_v3_ZYNQ/code/hls/yolo_upsamp/yolo_upsamp_prj/solution1/.autopilot/db/yolo_upsamp.pp.0.cpp:20696:5: warning: Added loop label VITIS_LOOP_86_1:   [xilinx-label-all-loops]
    for (int i = 0; i < loopcount; i++) {
    ^~~
    VITIS_LOOP_86_1: 
/home/tony/Desktop/Tiny_YOLO_v3_ZYNQ/code/hls/yolo_upsamp/yolo_upsamp_prj/solution1/.autopilot/db/yolo_upsamp.pp.0.cpp:20696:5: note: FIX-IT applied suggested code changes
/home/tony/Desktop/Tiny_YOLO_v3_ZYNQ/code/hls/yolo_upsamp/yolo_upsamp_prj/solution1/.autopilot/db/yolo_upsamp.pp.0.cpp:20729:5: warning: Added loop label VITIS_LOOP_119_1:   [xilinx-label-all-loops]
    for (int i = 0; i < loopcount; i++) {
    ^~~
    VITIS_LOOP_119_1: 
/home/tony/Desktop/Tiny_YOLO_v3_ZYNQ/code/hls/yolo_upsamp/yolo_upsamp_prj/solution1/.autopilot/db/yolo_upsamp.pp.0.cpp:20729:5: note: FIX-IT applied suggested code changes
/home/tony/Desktop/Tiny_YOLO_v3_ZYNQ/code/hls/yolo_upsamp/yolo_upsamp_prj/solution1/.autopilot/db/yolo_upsamp.pp.0.cpp:20763:5: warning: Added loop label VITIS_LOOP_153_1:   [xilinx-label-all-loops]
    for (int i = 0; i < loopcount; i++) {
    ^~~
    VITIS_LOOP_153_1: 
/home/tony/Desktop/Tiny_YOLO_v3_ZYNQ/code/hls/yolo_upsamp/yolo_upsamp_prj/solution1/.autopilot/db/yolo_upsamp.pp.0.cpp:20763:5: note: FIX-IT applied suggested code changes
/home/tony/Desktop/Tiny_YOLO_v3_ZYNQ/code/hls/yolo_upsamp/yolo_upsamp_prj/solution1/.autopilot/db/yolo_upsamp.pp.0.cpp:20791:5: warning: Added loop label VITIS_LOOP_181_1:   [xilinx-label-all-loops]
    for (int i = 0; i < loopcount; i++) {
    ^~~
    VITIS_LOOP_181_1: 
/home/tony/Desktop/Tiny_YOLO_v3_ZYNQ/code/hls/yolo_upsamp/yolo_upsamp_prj/solution1/.autopilot/db/yolo_upsamp.pp.0.cpp:20791:5: note: FIX-IT applied suggested code changes
/home/tony/Desktop/Tiny_YOLO_v3_ZYNQ/code/hls/yolo_upsamp/yolo_upsamp_prj/solution1/.autopilot/db/yolo_upsamp.pp.0.cpp:20815:5: warning: Added loop label VITIS_LOOP_205_1:   [xilinx-label-all-loops]
    for (int i = 0; i < loopcount; i++) {
    ^~~
    VITIS_LOOP_205_1: 
/home/tony/Desktop/Tiny_YOLO_v3_ZYNQ/code/hls/yolo_upsamp/yolo_upsamp_prj/solution1/.autopilot/db/yolo_upsamp.pp.0.cpp:20815:5: note: FIX-IT applied suggested code changes
/home/tony/Desktop/Tiny_YOLO_v3_ZYNQ/code/hls/yolo_upsamp/yolo_upsamp_prj/solution1/.autopilot/db/yolo_upsamp.pp.0.cpp:20838:5: warning: Added loop label VITIS_LOOP_228_1:   [xilinx-label-all-loops]
    for (int i = 0; i < loopcount; i++) {
    ^~~
    VITIS_LOOP_228_1: 
/home/tony/Desktop/Tiny_YOLO_v3_ZYNQ/code/hls/yolo_upsamp/yolo_upsamp_prj/solution1/.autopilot/db/yolo_upsamp.pp.0.cpp:20838:5: note: FIX-IT applied suggested code changes
/home/tony/Desktop/Tiny_YOLO_v3_ZYNQ/code/hls/yolo_upsamp/yolo_upsamp_prj/solution1/.autopilot/db/yolo_upsamp.pp.0.cpp:20873:5: warning: Added loop label VITIS_LOOP_263_1:   [xilinx-label-all-loops]
    for (uint16_t r = 0; r < K_ROWS; r++) {
    ^~~
    VITIS_LOOP_263_1: 
/home/tony/Desktop/Tiny_YOLO_v3_ZYNQ/code/hls/yolo_upsamp/yolo_upsamp_prj/solution1/.autopilot/db/yolo_upsamp.pp.0.cpp:20873:5: note: FIX-IT applied suggested code changes
/home/tony/Desktop/Tiny_YOLO_v3_ZYNQ/code/hls/yolo_upsamp/yolo_upsamp_prj/solution1/.autopilot/db/yolo_upsamp.pp.0.cpp:20875:2: warning: Added loop label VITIS_LOOP_265_2:   [xilinx-label-all-loops]
 for (uint16_t c = 0; c < K_COLS; c++) {
 ^~~
 VITIS_LOOP_265_2: 
/home/tony/Desktop/Tiny_YOLO_v3_ZYNQ/code/hls/yolo_upsamp/yolo_upsamp_prj/solution1/.autopilot/db/yolo_upsamp.pp.0.cpp:20875:2: note: FIX-IT applied suggested code changes
/home/tony/Desktop/Tiny_YOLO_v3_ZYNQ/code/hls/yolo_upsamp/yolo_upsamp_prj/solution1/.autopilot/db/yolo_upsamp.pp.0.cpp:20935:5: warning: Added loop label VITIS_LOOP_325_1:   [xilinx-label-all-loops]
    for (ap_int<9> i = 0; i < loopIter; i++) {
    ^~~
    VITIS_LOOP_325_1: 
/home/tony/Desktop/Tiny_YOLO_v3_ZYNQ/code/hls/yolo_upsamp/yolo_upsamp_prj/solution1/.autopilot/db/yolo_upsamp.pp.0.cpp:20935:5: note: FIX-IT applied suggested code changes
/home/tony/Desktop/Tiny_YOLO_v3_ZYNQ/code/hls/yolo_upsamp/yolo_upsamp_prj/solution1/.autopilot/db/yolo_upsamp.pp.0.cpp:21007:5: warning: Added loop label VITIS_LOOP_397_1:   [xilinx-label-all-loops]
    for (i = 0; i < 6; i++, ind++) {
    ^~~
    VITIS_LOOP_397_1: 
/home/tony/Desktop/Tiny_YOLO_v3_ZYNQ/code/hls/yolo_upsamp/yolo_upsamp_prj/solution1/.autopilot/db/yolo_upsamp.pp.0.cpp:21007:5: note: FIX-IT applied suggested code changes
/home/tony/Desktop/Tiny_YOLO_v3_ZYNQ/code/hls/yolo_upsamp/yolo_upsamp_prj/solution1/.autopilot/db/yolo_upsamp.pp.0.cpp:21078:5: warning: Added loop label VITIS_LOOP_468_1:   [xilinx-label-all-loops]
    for (int i = 0; i < imheight; i++) {
    ^~~
    VITIS_LOOP_468_1: 
/home/tony/Desktop/Tiny_YOLO_v3_ZYNQ/code/hls/yolo_upsamp/yolo_upsamp_prj/solution1/.autopilot/db/yolo_upsamp.pp.0.cpp:21078:5: note: FIX-IT applied suggested code changes
/home/tony/Desktop/Tiny_YOLO_v3_ZYNQ/code/hls/yolo_upsamp/yolo_upsamp_prj/solution1/.autopilot/db/yolo_upsamp.pp.0.cpp:21083:2: warning: Added loop label VITIS_LOOP_473_2:   [xilinx-label-all-loops]
 for (int j = 0; j < (imwidth >> NPC); j++) {
 ^~~
 VITIS_LOOP_473_2: 
/home/tony/Desktop/Tiny_YOLO_v3_ZYNQ/code/hls/yolo_upsamp/yolo_upsamp_prj/solution1/.autopilot/db/yolo_upsamp.pp.0.cpp:21083:2: note: FIX-IT applied suggested code changes
/home/tony/Desktop/Tiny_YOLO_v3_ZYNQ/code/hls/yolo_upsamp/yolo_upsamp_prj/solution1/.autopilot/db/yolo_upsamp.pp.0.cpp:21109:9: warning: Added loop label VITIS_LOOP_499_1:   [xilinx-label-all-loops]
        for (int i = 0; i < loop_count; i++) {
        ^~~
        VITIS_LOOP_499_1: 
/home/tony/Desktop/Tiny_YOLO_v3_ZYNQ/code/hls/yolo_upsamp/yolo_upsamp_prj/solution1/.autopilot/db/yolo_upsamp.pp.0.cpp:21109:9: note: FIX-IT applied suggested code changes
/home/tony/Desktop/Tiny_YOLO_v3_ZYNQ/code/hls/yolo_upsamp/yolo_upsamp_prj/solution1/.autopilot/db/yolo_upsamp.pp.0.cpp:21215:9: warning: Added loop label VITIS_LOOP_623_1:   [xilinx-label-all-loops]
        for (int i = 0; i < loop_count; i++) {
        ^~~
        VITIS_LOOP_623_1: 
/home/tony/Desktop/Tiny_YOLO_v3_ZYNQ/code/hls/yolo_upsamp/yolo_upsamp_prj/solution1/.autopilot/db/yolo_upsamp.pp.0.cpp:21215:9: note: FIX-IT applied suggested code changes
/home/tony/Desktop/Tiny_YOLO_v3_ZYNQ/code/hls/yolo_upsamp/yolo_upsamp_prj/solution1/.autopilot/db/yolo_upsamp.pp.0.cpp:21329:9: warning: Added loop label VITIS_LOOP_737_1:   [xilinx-label-all-loops]
        for (int i = 0; i < loop_count; i++) {
        ^~~
        VITIS_LOOP_737_1: 
/home/tony/Desktop/Tiny_YOLO_v3_ZYNQ/code/hls/yolo_upsamp/yolo_upsamp_prj/solution1/.autopilot/db/yolo_upsamp.pp.0.cpp:21329:9: note: FIX-IT applied suggested code changes
/home/tony/Desktop/Tiny_YOLO_v3_ZYNQ/code/hls/yolo_upsamp/yolo_upsamp_prj/solution1/.autopilot/db/yolo_upsamp.pp.0.cpp:21361:9: warning: Added loop label VITIS_LOOP_788_1:   [xilinx-label-all-loops]
        for (int i = 0; i < loop_count; i++) {
        ^~~
        VITIS_LOOP_788_1: 
/home/tony/Desktop/Tiny_YOLO_v3_ZYNQ/code/hls/yolo_upsamp/yolo_upsamp_prj/solution1/.autopilot/db/yolo_upsamp.pp.0.cpp:21361:9: note: FIX-IT applied suggested code changes
/home/tony/Desktop/Tiny_YOLO_v3_ZYNQ/code/hls/yolo_upsamp/yolo_upsamp_prj/solution1/.autopilot/db/yolo_upsamp.pp.0.cpp:21460:2: warning: Added loop label VITIS_LOOP_15_1:   [xilinx-label-all-loops]
 for(int row_idx=0;row_idx<13;row_idx++)
 ^~~
 VITIS_LOOP_15_1: 
/home/tony/Desktop/Tiny_YOLO_v3_ZYNQ/code/hls/yolo_upsamp/yolo_upsamp_prj/solution1/.autopilot/db/yolo_upsamp.pp.0.cpp:21460:2: note: FIX-IT applied suggested code changes
/home/tony/Desktop/Tiny_YOLO_v3_ZYNQ/code/hls/yolo_upsamp/yolo_upsamp_prj/solution1/.autopilot/db/yolo_upsamp.pp.0.cpp:21462:2: warning: Added loop label VITIS_LOOP_17_2:   [xilinx-label-all-loops]
 for(int row_stride=0;row_stride<2;row_stride++)
 ^~~
 VITIS_LOOP_17_2: 
/home/tony/Desktop/Tiny_YOLO_v3_ZYNQ/code/hls/yolo_upsamp/yolo_upsamp_prj/solution1/.autopilot/db/yolo_upsamp.pp.0.cpp:21462:2: note: FIX-IT applied suggested code changes
/home/tony/Desktop/Tiny_YOLO_v3_ZYNQ/code/hls/yolo_upsamp/yolo_upsamp_prj/solution1/.autopilot/db/yolo_upsamp.pp.0.cpp:21464:3: warning: Added loop label VITIS_LOOP_19_3:   [xilinx-label-all-loops]
  for(int col_idx=0;col_idx<13;col_idx++)
  ^~~
  VITIS_LOOP_19_3: 
/home/tony/Desktop/Tiny_YOLO_v3_ZYNQ/code/hls/yolo_upsamp/yolo_upsamp_prj/solution1/.autopilot/db/yolo_upsamp.pp.0.cpp:21464:3: note: FIX-IT applied suggested code changes
/home/tony/Desktop/Tiny_YOLO_v3_ZYNQ/code/hls/yolo_upsamp/yolo_upsamp_prj/solution1/.autopilot/db/yolo_upsamp.pp.0.cpp:21466:3: warning: Added loop label VITIS_LOOP_21_4:   [xilinx-label-all-loops]
  for(int col_stride=0;col_stride<2;col_stride++)
  ^~~
  VITIS_LOOP_21_4: 
/home/tony/Desktop/Tiny_YOLO_v3_ZYNQ/code/hls/yolo_upsamp/yolo_upsamp_prj/solution1/.autopilot/db/yolo_upsamp.pp.0.cpp:21466:3: note: FIX-IT applied suggested code changes
/home/tony/Desktop/Tiny_YOLO_v3_ZYNQ/code/hls/yolo_upsamp/yolo_upsamp_prj/solution1/.autopilot/db/yolo_upsamp.pp.0.cpp:21468:4: warning: Added loop label VITIS_LOOP_23_5:   [xilinx-label-all-loops]
   for(int input_ch_idx=0;input_ch_idx<8;input_ch_idx++)
   ^~~
   VITIS_LOOP_23_5: 
/home/tony/Desktop/Tiny_YOLO_v3_ZYNQ/code/hls/yolo_upsamp/yolo_upsamp_prj/solution1/.autopilot/db/yolo_upsamp.pp.0.cpp:21468:4: note: FIX-IT applied suggested code changes
