

================================================================
== Vitis HLS Report for 'yolo_max_pool_top_Pipeline_VITIS_LOOP_27_1_VITIS_LOOP_33_3_VITIS_LOOP_36_4_VITIS'
================================================================
* Date:           Tue Nov  5 21:03:34 2024

* Version:        2022.2.2 (Build 3779808 on Feb 17 2023)
* Project:        yolo_max_pool_prj
* Solution:       solution1 (Vivado IP Flow Target)
* Product family: zynq
* Target device:  xc7z020-clg400-1


================================================================
== Performance Estimates
================================================================
+ Timing: 
    * Summary: 
    +--------+----------+----------+------------+
    |  Clock |  Target  | Estimated| Uncertainty|
    +--------+----------+----------+------------+
    |ap_clk  |  10.00 ns|  7.140 ns|     2.70 ns|
    +--------+----------+----------+------------+

+ Latency: 
    * Summary: 
    +---------+---------+-----------+-----------+---------+---------+---------+
    |  Latency (cycles) |   Latency (absolute)  |      Interval     | Pipeline|
    |   min   |   max   |    min    |    max    |   min   |   max   |   Type  |
    +---------+---------+-----------+-----------+---------+---------+---------+
    |  2076677|  2076677|  20.767 ms|  20.767 ms|  2076677|  2076677|       no|
    +---------+---------+-----------+-----------+---------+---------+---------+

    + Detail: 
        * Instance: 
        N/A

        * Loop: 
        +-------------------------------------------------------------------+---------+---------+----------+-----------+-----------+--------+----------+
        |                                                                   |  Latency (cycles) | Iteration|  Initiation Interval  |  Trip  |          |
        |                             Loop Name                             |   min   |   max   |  Latency |  achieved |   target  |  Count | Pipelined|
        +-------------------------------------------------------------------+---------+---------+----------+-----------+-----------+--------+----------+
        |- VITIS_LOOP_27_1_VITIS_LOOP_33_3_VITIS_LOOP_36_4_VITIS_LOOP_39_5  |  2076675|  2076675|         7|          3|          1|  692224|       yes|
        +-------------------------------------------------------------------+---------+---------+----------+-----------+-----------+--------+----------+



================================================================
== Utilization Estimates
================================================================
* Summary: 
+-----------------+---------+-----+--------+-------+-----+
|       Name      | BRAM_18K| DSP |   FF   |  LUT  | URAM|
+-----------------+---------+-----+--------+-------+-----+
|DSP              |        -|    -|       -|      -|    -|
|Expression       |        -|    -|       0|   1311|    -|
|FIFO             |        -|    -|       -|      -|    -|
|Instance         |        -|    0|       0|    267|    -|
|Memory           |        -|    -|       -|      -|    -|
|Multiplexer      |        -|    -|       -|    356|    -|
|Register         |        -|    -|     880|      -|    -|
+-----------------+---------+-----+--------+-------+-----+
|Total            |        0|    0|     880|   1934|    0|
+-----------------+---------+-----+--------+-------+-----+
|Available        |      280|  220|  106400|  53200|    0|
+-----------------+---------+-----+--------+-------+-----+
|Utilization (%)  |        0|    0|      ~0|      3|    0|
+-----------------+---------+-----+--------+-------+-----+

+ Detail: 
    * Instance: 
    +------------------------+---------------------+---------+----+---+----+-----+
    |        Instance        |        Module       | BRAM_18K| DSP| FF| LUT| URAM|
    +------------------------+---------------------+---------+----+---+----+-----+
    |mul_4ns_10ns_12_1_1_U5  |mul_4ns_10ns_12_1_1  |        0|   0|  0|  63|    0|
    |mul_9ns_2ns_11_1_1_U1   |mul_9ns_2ns_11_1_1   |        0|   0|  0|  51|    0|
    |mul_9ns_2ns_11_1_1_U2   |mul_9ns_2ns_11_1_1   |        0|   0|  0|  51|    0|
    |mul_9ns_2ns_11_1_1_U3   |mul_9ns_2ns_11_1_1   |        0|   0|  0|  51|    0|
    |mul_9ns_2ns_11_1_1_U4   |mul_9ns_2ns_11_1_1   |        0|   0|  0|  51|    0|
    +------------------------+---------------------+---------+----+---+----+-----+
    |Total                   |                     |        0|   0|  0| 267|    0|
    +------------------------+---------------------+---------+----+---+----+-----+

    * DSP: 
    N/A

    * Memory: 
    N/A

    * FIFO: 
    N/A

    * Expression: 
    +-----------------------------------+----------+----+---+----+------------+------------+
    |           Variable Name           | Operation| DSP| FF| LUT| Bitwidth P0| Bitwidth P1|
    +-----------------------------------+----------+----+---+----+------------+------------+
    |add_ln1027_1_fu_1571_p2            |         +|   0|  0|  20|          15|           1|
    |add_ln1027_2_fu_1583_p2            |         +|   0|  0|  24|          17|           1|
    |add_ln1027_3_fu_1120_p2            |         +|   0|  0|  33|          26|           1|
    |add_ln1027_fu_1559_p2              |         +|   0|  0|  14|           6|           1|
    |add_ln144_1_fu_1677_p2             |         +|   0|  0|  12|          11|           1|
    |add_ln144_2_fu_1710_p2             |         +|   0|  0|  12|          11|           1|
    |add_ln144_fu_1640_p2               |         +|   0|  0|  12|          11|           1|
    |add_ln39_fu_1779_p2                |         +|   0|  0|  13|           4|           1|
    |add_ln871_fu_1732_p2               |         +|   0|  0|  12|          12|          12|
    |add_ln984_1_fu_1754_p2             |         +|   0|  0|  12|          12|          12|
    |add_ln984_fu_1737_p2               |         +|   0|  0|  12|          12|          12|
    |col_idx_fu_903_p2                  |         +|   0|  0|  12|          11|          11|
    |col_idx_mid1_fu_1356_p2            |         +|   0|  0|  12|          11|          11|
    |col_stride_3_fu_1330_p2            |         +|   0|  0|  10|           2|           1|
    |conv_count_fu_1078_p2              |         +|   0|  0|  12|          12|           2|
    |conv_count_mid125_fu_1256_p2       |         +|   0|  0|  12|          12|           2|
    |conv_count_mid1_fu_1366_p2         |         +|   0|  0|  12|          12|           2|
    |out_col_3_fu_1020_p2               |         +|   0|  0|  14|           9|           1|
    |out_row_3_fu_807_p2                |         +|   0|  0|  14|           9|           1|
    |row_idx_fu_866_p2                  |         +|   0|  0|  12|          11|          11|
    |row_idx_mid1_fu_996_p2             |         +|   0|  0|  12|          11|          11|
    |row_stride_3_fu_980_p2             |         +|   0|  0|  10|           2|           1|
    |and_ln105_fu_1549_p2               |       and|   0|  0|   2|           1|           1|
    |ap_block_pp0_stage0_11001          |       and|   0|  0|   2|           1|           1|
    |ap_block_pp0_stage1_01001          |       and|   0|  0|   2|           1|           1|
    |ap_block_pp0_stage1_11001          |       and|   0|  0|   2|           1|           1|
    |ap_block_state4_pp0_stage0_iter1   |       and|   0|  0|   2|           1|           1|
    |ap_block_state8_io                 |       and|   0|  0|   2|           1|           1|
    |ap_enable_state5_pp0_iter1_stage1  |       and|   0|  0|   2|           1|           1|
    |ap_enable_state6_pp0_iter1_stage2  |       and|   0|  0|   2|           1|           1|
    |ap_enable_state7_pp0_iter2_stage0  |       and|   0|  0|   2|           1|           1|
    |ap_enable_state8_pp0_iter2_stage1  |       and|   0|  0|   2|           1|           1|
    |ap_predicate_op199_read_state4     |       and|   0|  0|   2|           1|           1|
    |ap_predicate_op264_load_state5     |       and|   0|  0|   2|           1|           1|
    |ap_predicate_op313_load_state6     |       and|   0|  0|   2|           1|           1|
    |last_fu_1554_p2                    |       and|   0|  0|   2|           1|           1|
    |cmp51_not_fu_1084_p2               |      icmp|   0|  0|  11|          11|           1|
    |cmp51_not_mid129_fu_1262_p2        |      icmp|   0|  0|  11|          11|           1|
    |cmp51_not_mid1_fu_1376_p2          |      icmp|   0|  0|  11|          11|           1|
    |cmp_not_fu_875_p2                  |      icmp|   0|  0|  11|          11|           1|
    |cmp_not_mid1178_fu_941_p2          |      icmp|   0|  0|  11|          11|           1|
    |cmp_not_mid1_fu_1172_p2            |      icmp|   0|  0|  11|          11|           1|
    |icmp_ln1019_fu_1544_p2             |      icmp|   0|  0|   9|           5|           5|
    |icmp_ln1027_3_fu_802_p2            |      icmp|   0|  0|  16|          26|          26|
    |icmp_ln1027_4_fu_813_p2            |      icmp|   0|  0|  13|          17|          17|
    |icmp_ln1027_5_fu_958_p2            |      icmp|   0|  0|   9|           4|           4|
    |icmp_ln1027_6_fu_969_p2            |      icmp|   0|  0|  10|           6|           6|
    |icmp_ln1027_7_fu_835_p2            |      icmp|   0|  0|  12|          15|          15|
    |icmp_ln1649_10_fu_1951_p2          |      icmp|   0|  0|  13|          16|          16|
    |icmp_ln1649_11_fu_1961_p2          |      icmp|   0|  0|  13|          16|          16|
    |icmp_ln1649_1_fu_1879_p2           |      icmp|   0|  0|  13|          16|          16|
    |icmp_ln1649_2_fu_1889_p2           |      icmp|   0|  0|  13|          16|          16|
    |icmp_ln1649_3_fu_1828_p2           |      icmp|   0|  0|  13|          16|          16|
    |icmp_ln1649_4_fu_1903_p2           |      icmp|   0|  0|  13|          16|          16|
    |icmp_ln1649_5_fu_1913_p2           |      icmp|   0|  0|  13|          16|          16|
    |icmp_ln1649_6_fu_1840_p2           |      icmp|   0|  0|  13|          16|          16|
    |icmp_ln1649_7_fu_1927_p2           |      icmp|   0|  0|  13|          16|          16|
    |icmp_ln1649_8_fu_1937_p2           |      icmp|   0|  0|  13|          16|          16|
    |icmp_ln1649_9_fu_1852_p2           |      icmp|   0|  0|  13|          16|          16|
    |icmp_ln1649_fu_1816_p2             |      icmp|   0|  0|  13|          16|          16|
    |notlhs1_fu_886_p2                  |      icmp|   0|  0|   8|           3|           3|
    |notlhs1_mid1_fu_1201_p2            |      icmp|   0|  0|   8|           3|           3|
    |notlhs_fu_788_p2                   |      icmp|   0|  0|  11|          10|          10|
    |notlhs_mid1_fu_822_p2              |      icmp|   0|  0|  11|          10|          10|
    |notrhs2_fu_912_p2                  |      icmp|   0|  0|   8|           3|           3|
    |notrhs2_mid1_fu_1421_p2            |      icmp|   0|  0|   8|           3|           3|
    |notrhs_fu_894_p2                   |      icmp|   0|  0|  11|          10|          10|
    |notrhs_mid1_fu_1057_p2             |      icmp|   0|  0|  11|          10|          10|
    |ult53_fu_1094_p2                   |      icmp|   0|  0|  11|          11|          11|
    |ult55_fu_947_p2                    |      icmp|   0|  0|  11|          11|          11|
    |ult57_fu_1184_p2                   |      icmp|   0|  0|  11|          11|          11|
    |ult59_fu_1273_p2                   |      icmp|   0|  0|  11|          11|          11|
    |ult61_fu_1388_p2                   |      icmp|   0|  0|  11|          11|          11|
    |ult_fu_881_p2                      |      icmp|   0|  0|  11|          11|          11|
    |ap_block_pp0                       |        or|   0|  0|   2|           1|           1|
    |brmerge1676_fu_1104_p2             |        or|   0|  0|   2|           1|           1|
    |brmerge1676_mid1114_fu_1219_p2     |        or|   0|  0|   2|           1|           1|
    |brmerge1676_mid1216_fu_1147_p2     |        or|   0|  0|   2|           1|           1|
    |brmerge1676_mid139_fu_1283_p2      |        or|   0|  0|   2|           1|           1|
    |brmerge1676_mid1_fu_1399_p2        |        or|   0|  0|   2|           1|           1|
    |brmerge1680_fu_1115_p2             |        or|   0|  0|   2|           1|           1|
    |brmerge1680_mid147_fu_1308_p2      |        or|   0|  0|   2|           1|           1|
    |brmerge1680_mid1_fu_1432_p2        |        or|   0|  0|   2|           1|           1|
    |brmerge_fu_1089_p2                 |        or|   0|  0|   2|           1|           1|
    |brmerge_mid131_fu_1267_p2          |        or|   0|  0|   2|           1|           1|
    |brmerge_mid1_fu_1382_p2            |        or|   0|  0|   2|           1|           1|
    |or_ln1027_1_fu_847_p2              |        or|   0|  0|   2|           1|           1|
    |or_ln1027_2_fu_1237_p2             |        or|   0|  0|   2|           1|           1|
    |or_ln1027_3_fu_1026_p2             |        or|   0|  0|   2|           1|           1|
    |or_ln1027_4_fu_1031_p2             |        or|   0|  0|   2|           1|           1|
    |or_ln1027_5_fu_1335_p2             |        or|   0|  0|   2|           1|           1|
    |or_ln1027_6_fu_1340_p2             |        or|   0|  0|   2|           1|           1|
    |or_ln1027_fu_1159_p2               |        or|   0|  0|   2|           1|           1|
    |tmp_fu_1110_p2                     |        or|   0|  0|   2|           1|           1|
    |tmp_mid145_fu_1302_p2              |        or|   0|  0|   2|           1|           1|
    |tmp_mid1_fu_1426_p2                |        or|   0|  0|   2|           1|           1|
    |conv_count_2_fu_1630_p3            |    select|   0|  0|  12|           1|           1|
    |max_V_4_fu_1919_p3                 |    select|   0|  0|  16|           1|          16|
    |max_V_5_fu_1943_p3                 |    select|   0|  0|  16|           1|          16|
    |max_V_6_fu_1967_p3                 |    select|   0|  0|  16|           1|          16|
    |max_V_fu_1895_p3                   |    select|   0|  0|  16|           1|          16|
    |select_ln1027_10_fu_840_p3         |    select|   0|  0|   2|           1|           1|
    |select_ln1027_11_fu_1164_p3        |    select|   0|  0|   9|           1|           9|
    |select_ln1027_12_fu_986_p3         |    select|   0|  0|   9|           1|           1|
    |select_ln1027_13_fu_1177_p3        |    select|   0|  0|   2|           1|           1|
    |select_ln1027_14_fu_1194_p3        |    select|   0|  0|   2|           1|           1|
    |select_ln1027_15_fu_1206_p3        |    select|   0|  0|   2|           1|           1|
    |select_ln1027_16_fu_1213_p3        |    select|   0|  0|  11|           1|           1|
    |select_ln1027_17_fu_1002_p3        |    select|   0|  0|   2|           1|           1|
    |select_ln1027_18_fu_1646_p3        |    select|   0|  0|  12|           1|           1|
    |select_ln1027_19_fu_1224_p3        |    select|   0|  0|   2|           1|           1|
    |select_ln1027_1_fu_935_p3          |    select|   0|  0|  11|           1|          11|
    |select_ln1027_20_fu_1231_p3        |    select|   0|  0|  11|           1|           1|
    |select_ln1027_21_fu_1653_p3        |    select|   0|  0|  11|           1|           1|
    |select_ln1027_22_fu_1008_p3        |    select|   0|  0|   2|           1|           1|
    |select_ln1027_23_fu_1014_p3        |    select|   0|  0|   2|           1|           1|
    |select_ln1027_24_fu_1242_p3        |    select|   0|  0|   2|           1|           2|
    |select_ln1027_25_fu_1036_p3        |    select|   0|  0|   2|           1|           1|
    |select_ln1027_26_fu_1247_p3        |    select|   0|  0|  11|           1|          11|
    |select_ln1027_27_fu_1062_p3        |    select|   0|  0|   2|           1|           1|
    |select_ln1027_28_fu_1666_p3        |    select|   0|  0|  12|           1|          12|
    |select_ln1027_29_fu_1289_p3        |    select|   0|  0|   2|           1|           1|
    |select_ln1027_2_fu_827_p3          |    select|   0|  0|   2|           1|           1|
    |select_ln1027_30_fu_1296_p3        |    select|   0|  0|  11|           1|          11|
    |select_ln1027_31_fu_1313_p3        |    select|   0|  0|   2|           1|           1|
    |select_ln1027_32_fu_1683_p3        |    select|   0|  0|  11|           1|          11|
    |select_ln1027_33_fu_1320_p3        |    select|   0|  0|   2|           1|           1|
    |select_ln1027_34_fu_1325_p3        |    select|   0|  0|   9|           1|           9|
    |select_ln1027_35_fu_1345_p3        |    select|   0|  0|   4|           1|           1|
    |select_ln1027_36_fu_1696_p3        |    select|   0|  0|  12|           1|          12|
    |select_ln1027_37_fu_1405_p3        |    select|   0|  0|   2|           1|           1|
    |select_ln1027_38_fu_1413_p3        |    select|   0|  0|  11|           1|          11|
    |select_ln1027_39_fu_1438_p3        |    select|   0|  0|   2|           1|           1|
    |select_ln1027_3_fu_1125_p3         |    select|   0|  0|   2|           1|           1|
    |select_ln1027_40_fu_1716_p3        |    select|   0|  0|  11|           1|          11|
    |select_ln1027_41_fu_1727_p3        |    select|   0|  0|   2|           1|           2|
    |select_ln1027_42_fu_1564_p3        |    select|   0|  0|   6|           1|           1|
    |select_ln1027_43_fu_1576_p3        |    select|   0|  0|  15|           1|           1|
    |select_ln1027_44_fu_1588_p3        |    select|   0|  0|  17|           1|           1|
    |select_ln1027_4_fu_1135_p3         |    select|   0|  0|   2|           1|           1|
    |select_ln1027_5_fu_1142_p3         |    select|   0|  0|   2|           1|           1|
    |select_ln1027_6_fu_952_p3          |    select|   0|  0|   2|           1|           1|
    |select_ln1027_7_fu_1152_p3         |    select|   0|  0|   2|           1|           1|
    |select_ln1027_8_fu_963_p3          |    select|   0|  0|   2|           1|           1|
    |select_ln1027_9_fu_974_p3          |    select|   0|  0|   2|           1|           1|
    |select_ln1027_fu_920_p3            |    select|   0|  0|   2|           1|           1|
    |select_ln160_10_fu_1955_p3         |    select|   0|  0|  16|           1|          16|
    |select_ln160_1_fu_1883_p3          |    select|   0|  0|  16|           1|          16|
    |select_ln160_3_fu_1833_p3          |    select|   0|  0|  16|           1|          16|
    |select_ln160_4_fu_1907_p3          |    select|   0|  0|  16|           1|          16|
    |select_ln160_6_fu_1845_p3          |    select|   0|  0|  16|           1|          16|
    |select_ln160_7_fu_1931_p3          |    select|   0|  0|  16|           1|          16|
    |select_ln160_9_fu_1857_p3          |    select|   0|  0|  16|           1|          16|
    |select_ln160_fu_1821_p3            |    select|   0|  0|  16|           1|          16|
    |select_ln984_1_fu_1660_p3          |    select|   0|  0|  12|           1|           1|
    |select_ln984_2_fu_1690_p3          |    select|   0|  0|  12|           1|           1|
    |ap_enable_pp0                      |       xor|   0|  0|   2|           1|           2|
    |rev52_fu_1070_p2                   |       xor|   0|  0|   2|           1|           2|
    |rev54_fu_1098_p2                   |       xor|   0|  0|   2|           1|           2|
    |rev56_fu_1130_p2                   |       xor|   0|  0|   2|           1|           2|
    |rev58_fu_1188_p2                   |       xor|   0|  0|   2|           1|           2|
    |rev60_fu_1277_p2                   |       xor|   0|  0|   2|           1|           2|
    |rev62_fu_1393_p2                   |       xor|   0|  0|   2|           1|           2|
    +-----------------------------------+----------+----+---+----+------------+------------+
    |Total                              |          |   0|  0|1311|         791|         877|
    +-----------------------------------+----------+----+---+----+------------+------------+

    * Multiplexer: 
    +-------------------------------------------------------------+----+-----------+-----+-----------+
    |                             Name                            | LUT| Input Size| Bits| Total Bits|
    +-------------------------------------------------------------+----+-----------+-----+-----------+
    |ap_NS_fsm                                                    |  20|          4|    1|          4|
    |ap_done_int                                                  |   9|          2|    1|          2|
    |ap_enable_reg_pp0_iter0                                      |   9|          2|    1|          2|
    |ap_enable_reg_pp0_iter1                                      |   9|          2|    1|          2|
    |ap_enable_reg_pp0_iter2                                      |   9|          2|    1|          2|
    |ap_loop_exit_ready_pp0_iter1_reg                             |   9|          2|    1|          2|
    |ap_phi_reg_pp0_iter1_curr_input_data_sub_data_0_V_2_reg_655  |  14|          3|   16|         48|
    |ap_phi_reg_pp0_iter1_curr_input_data_sub_data_1_V_2_reg_667  |  14|          3|   16|         48|
    |ap_phi_reg_pp0_iter1_curr_input_data_sub_data_2_V_2_reg_679  |  14|          3|   16|         48|
    |ap_phi_reg_pp0_iter1_curr_input_data_sub_data_3_V_2_reg_691  |  14|          3|   16|         48|
    |col_stride_fu_218                                            |   9|          2|    2|          4|
    |inStream_TDATA_blk_n                                         |   9|          2|    1|          2|
    |indvar_flatten136_fu_238                                     |   9|          2|   17|         34|
    |indvar_flatten242_fu_246                                     |   9|          2|   26|         52|
    |indvar_flatten57_fu_230                                      |   9|          2|   15|         30|
    |indvar_flatten_fu_222                                        |   9|          2|    6|         12|
    |input_ch_idx_fu_214                                          |   9|          2|    4|          8|
    |line_buff_group_0_val_V_2_address0                           |  20|          4|   12|         48|
    |line_buff_group_0_val_V_address0                             |  14|          3|   12|         36|
    |line_buff_group_1_val_V_2_address0                           |  20|          4|   12|         48|
    |line_buff_group_1_val_V_address0                             |  14|          3|   12|         36|
    |line_buff_group_2_val_V_2_address0                           |  20|          4|   12|         48|
    |line_buff_group_2_val_V_address0                             |  14|          3|   12|         36|
    |line_buff_group_3_val_V_2_address0                           |  20|          4|   12|         48|
    |line_buff_group_3_val_V_address0                             |  14|          3|   12|         36|
    |outStream_TDATA_blk_n                                        |   9|          2|    1|          2|
    |out_col_fu_226                                               |   9|          2|    9|         18|
    |out_row_fu_242                                               |   9|          2|    9|         18|
    |row_stride_fu_234                                            |   9|          2|    2|          4|
    +-------------------------------------------------------------+----+-----------+-----+-----------+
    |Total                                                        | 356|         76|  258|        726|
    +-------------------------------------------------------------+----+-----------+-----+-----------+

    * Register: 
    +-------------------------------------------------------------+----+----+-----+-----------+
    |                             Name                            | FF | LUT| Bits| Const Bits|
    +-------------------------------------------------------------+----+----+-----+-----------+
    |add_ln871_reg_2542                                           |  12|   0|   12|          0|
    |add_ln984_1_reg_2552                                         |  12|   0|   12|          0|
    |ap_CS_fsm                                                    |   3|   0|    3|          0|
    |ap_done_reg                                                  |   1|   0|    1|          0|
    |ap_enable_reg_pp0_iter0_reg                                  |   1|   0|    1|          0|
    |ap_enable_reg_pp0_iter1                                      |   1|   0|    1|          0|
    |ap_enable_reg_pp0_iter2                                      |   1|   0|    1|          0|
    |ap_loop_exit_ready_pp0_iter1_reg                             |   1|   0|    1|          0|
    |ap_phi_reg_pp0_iter1_curr_input_data_sub_data_0_V_2_reg_655  |  16|   0|   16|          0|
    |ap_phi_reg_pp0_iter1_curr_input_data_sub_data_1_V_2_reg_667  |  16|   0|   16|          0|
    |ap_phi_reg_pp0_iter1_curr_input_data_sub_data_2_V_2_reg_679  |  16|   0|   16|          0|
    |ap_phi_reg_pp0_iter1_curr_input_data_sub_data_3_V_2_reg_691  |  16|   0|   16|          0|
    |brmerge_mid131_reg_2440                                      |   1|   0|    1|          0|
    |brmerge_mid1_reg_2467                                        |   1|   0|    1|          0|
    |brmerge_reg_2430                                             |   1|   0|    1|          0|
    |cmp_not_mid1178_reg_2350                                     |   1|   0|    1|          0|
    |cmp_not_reg_2310                                             |   1|   0|    1|          0|
    |col_idx_reg_2327                                             |  11|   0|   11|          0|
    |col_stride_3_reg_2452                                        |   2|   0|    2|          0|
    |col_stride_fu_218                                            |   2|   0|    2|          0|
    |conv3_i_i_i2821604_reg_2236                                  |  11|   0|   11|          0|
    |conv3_i_i_i3291606_mid1_reg_2411                             |  11|   0|   11|          0|
    |conv3_i_i_i3291606_reg_2242                                  |  11|   0|   11|          0|
    |conv_count_mid125_reg_2435                                   |  12|   0|   12|          0|
    |conv_count_mid1_reg_2462                                     |  12|   0|   12|          0|
    |conv_count_reg_2425                                          |  12|   0|   12|          0|
    |curr_input_data_sub_data_0_V_reg_2492                        |  16|   0|   16|          0|
    |curr_input_data_sub_data_1_V_reg_2497                        |  16|   0|   16|          0|
    |curr_input_data_sub_data_2_V_reg_2502                        |  16|   0|   16|          0|
    |curr_input_data_sub_data_3_V_reg_2507                        |  16|   0|   16|          0|
    |curr_input_dest_V_1_reg_2532                                 |   6|   0|    6|          0|
    |curr_input_dest_V_fu_266                                     |   6|   0|    6|          0|
    |curr_input_id_V_1_reg_2527                                   |   5|   0|    5|          0|
    |curr_input_id_V_fu_262                                       |   5|   0|    5|          0|
    |curr_input_keep_V_1_reg_2512                                 |   8|   0|    8|          0|
    |curr_input_keep_V_fu_250                                     |   8|   0|    8|          0|
    |curr_input_strb_V_1_reg_2517                                 |   8|   0|    8|          0|
    |curr_input_strb_V_fu_254                                     |   8|   0|    8|          0|
    |curr_input_user_V_1_reg_2522                                 |   2|   0|    2|          0|
    |curr_input_user_V_fu_258                                     |   2|   0|    2|          0|
    |icmp_ln1027_3_reg_2248                                       |   1|   0|    1|          0|
    |icmp_ln1027_3_reg_2248_pp0_iter1_reg                         |   1|   0|    1|          0|
    |icmp_ln1027_4_reg_2258                                       |   1|   0|    1|          0|
    |indvar_flatten136_fu_238                                     |  17|   0|   17|          0|
    |indvar_flatten136_load_reg_2221                              |  17|   0|   17|          0|
    |indvar_flatten242_fu_246                                     |  26|   0|   26|          0|
    |indvar_flatten242_load_reg_2231                              |  26|   0|   26|          0|
    |indvar_flatten57_fu_230                                      |  15|   0|   15|          0|
    |indvar_flatten57_load_reg_2216                               |  15|   0|   15|          0|
    |indvar_flatten_fu_222                                        |   6|   0|    6|          0|
    |indvar_flatten_load_reg_2305                                 |   6|   0|    6|          0|
    |input_ch_idx_fu_214                                          |   4|   0|    4|          0|
    |input_ch_idx_load_reg_2340                                   |   4|   0|    4|          0|
    |input_h_cast_cast_reg_2203                                   |   9|   0|   11|          2|
    |input_w_cast_cast_reg_2196                                   |   9|   0|   11|          2|
    |kernel_window_val_V_17_reg_2678                              |  16|   0|   16|          0|
    |kernel_window_val_V_19_reg_2684                              |  16|   0|   16|          0|
    |kernel_window_val_V_21_reg_2690                              |  16|   0|   16|          0|
    |kernel_window_val_V_23_reg_2696                              |  16|   0|   16|          0|
    |kernel_window_val_V_25_reg_2702                              |  16|   0|   16|          0|
    |kernel_window_val_V_27_reg_2708                              |  16|   0|   16|          0|
    |kernel_window_val_V_29_reg_2714                              |  16|   0|   16|          0|
    |kernel_window_val_V_reg_2672                                 |  16|   0|   16|          0|
    |last_reg_2537                                                |   1|   0|    1|          0|
    |last_reg_2537_pp0_iter2_reg                                  |   1|   0|    1|          0|
    |line_buff_group_0_val_V_2_addr_2_reg_2607                    |  12|   0|   12|          0|
    |line_buff_group_0_val_V_addr_reg_2592                        |  12|   0|   12|          0|
    |line_buff_group_1_val_V_2_addr_2_reg_2627                    |  12|   0|   12|          0|
    |line_buff_group_1_val_V_addr_reg_2612                        |  12|   0|   12|          0|
    |line_buff_group_2_val_V_2_addr_2_reg_2647                    |  12|   0|   12|          0|
    |line_buff_group_2_val_V_addr_reg_2632                        |  12|   0|   12|          0|
    |line_buff_group_3_val_V_2_addr_2_reg_2667                    |  12|   0|   12|          0|
    |line_buff_group_3_val_V_addr_reg_2652                        |  12|   0|   12|          0|
    |mul_ln871_reg_2485                                           |  12|   0|   12|          0|
    |notlhs1_reg_2321                                             |   1|   0|    1|          0|
    |notrhs2_reg_2335                                             |   1|   0|    1|          0|
    |or_ln1027_1_reg_2294                                         |   1|   0|    1|          0|
    |or_ln1027_4_reg_2400                                         |   1|   0|    1|          0|
    |out_col_1_reg_2210                                           |   9|   0|    9|          0|
    |out_col_3_reg_2395                                           |   9|   0|    9|          0|
    |out_col_fu_226                                               |   9|   0|    9|          0|
    |out_row_1_reg_2226                                           |   9|   0|    9|          0|
    |out_row_3_reg_2252                                           |   9|   0|    9|          0|
    |out_row_fu_242                                               |   9|   0|    9|          0|
    |row_idx_mid1_reg_2371                                        |  11|   0|   11|          0|
    |row_stride_3_reg_2360                                        |   2|   0|    2|          0|
    |row_stride_fu_234                                            |   2|   0|    2|          0|
    |select_ln1027_10_reg_2280                                    |   1|   0|    1|          0|
    |select_ln1027_12_reg_2366                                    |   9|   0|    9|          0|
    |select_ln1027_22_reg_2377                                    |   1|   0|    1|          0|
    |select_ln1027_23_reg_2382                                    |   1|   0|    1|          0|
    |select_ln1027_25_reg_2405                                    |   2|   0|    2|          0|
    |select_ln1027_27_reg_2420                                    |   1|   0|    1|          0|
    |select_ln1027_2_reg_2275                                     |   1|   0|    1|          0|
    |select_ln1027_33_reg_2445                                    |   1|   0|    1|          0|
    |select_ln1027_35_reg_2457                                    |   4|   0|    4|          0|
    |select_ln1027_37_reg_2472                                    |   1|   0|    1|          0|
    |select_ln1027_38_reg_2476                                    |  11|   0|   11|          0|
    |select_ln1027_39_reg_2481                                    |   1|   0|    1|          0|
    |select_ln1027_39_reg_2481_pp0_iter2_reg                      |   1|   0|    1|          0|
    |select_ln1027_reg_2345                                       |   2|   0|    2|          0|
    |select_ln160_3_reg_2726                                      |  16|   0|   16|          0|
    |select_ln160_6_reg_2732                                      |  16|   0|   16|          0|
    |select_ln160_9_reg_2738                                      |  16|   0|   16|          0|
    |select_ln160_reg_2720                                        |  16|   0|   16|          0|
    |stride_cast6_cast_reg_2188                                   |   2|   0|   11|          9|
    |ult55_reg_2355                                               |   1|   0|    1|          0|
    |ult_reg_2316                                                 |   1|   0|    1|          0|
    +-------------------------------------------------------------+----+----+-----+-----------+
    |Total                                                        | 880|   0|  893|         13|
    +-------------------------------------------------------------+----+----+-----+-----------+



================================================================
== Interface
================================================================
* Summary: 
+------------------------------------+-----+-----+------------+----------------------------------------------------------------------------------+--------------+
|              RTL Ports             | Dir | Bits|  Protocol  |                                   Source Object                                  |    C Type    |
+------------------------------------+-----+-----+------------+----------------------------------------------------------------------------------+--------------+
|ap_clk                              |   in|    1|  ap_ctrl_hs|  yolo_max_pool_top_Pipeline_VITIS_LOOP_27_1_VITIS_LOOP_33_3_VITIS_LOOP_36_4_VITIS|  return value|
|ap_rst                              |   in|    1|  ap_ctrl_hs|  yolo_max_pool_top_Pipeline_VITIS_LOOP_27_1_VITIS_LOOP_33_3_VITIS_LOOP_36_4_VITIS|  return value|
|ap_start                            |   in|    1|  ap_ctrl_hs|  yolo_max_pool_top_Pipeline_VITIS_LOOP_27_1_VITIS_LOOP_33_3_VITIS_LOOP_36_4_VITIS|  return value|
|ap_done                             |  out|    1|  ap_ctrl_hs|  yolo_max_pool_top_Pipeline_VITIS_LOOP_27_1_VITIS_LOOP_33_3_VITIS_LOOP_36_4_VITIS|  return value|
|ap_idle                             |  out|    1|  ap_ctrl_hs|  yolo_max_pool_top_Pipeline_VITIS_LOOP_27_1_VITIS_LOOP_33_3_VITIS_LOOP_36_4_VITIS|  return value|
|ap_ready                            |  out|    1|  ap_ctrl_hs|  yolo_max_pool_top_Pipeline_VITIS_LOOP_27_1_VITIS_LOOP_33_3_VITIS_LOOP_36_4_VITIS|  return value|
|stride_cast6                        |   in|    2|     ap_none|                                                                      stride_cast6|        scalar|
|sub_i_i87                           |   in|   10|     ap_none|                                                                         sub_i_i87|        scalar|
|input_h_cast                        |   in|    9|     ap_none|                                                                      input_h_cast|        scalar|
|sub_i_i270                          |   in|    3|     ap_none|                                                                        sub_i_i270|        scalar|
|sub_i_i56                           |   in|   10|     ap_none|                                                                         sub_i_i56|        scalar|
|input_w_cast                        |   in|    9|     ap_none|                                                                      input_w_cast|        scalar|
|mul_ln4_3                           |   in|   26|     ap_none|                                                                         mul_ln4_3|        scalar|
|mul_ln4_2                           |   in|   17|     ap_none|                                                                         mul_ln4_2|        scalar|
|notlhs1_mid1182                     |   in|    1|     ap_none|                                                                   notlhs1_mid1182|        scalar|
|notrhs_mid1192                      |   in|    1|     ap_none|                                                                    notrhs_mid1192|        scalar|
|cmp_i_i606_not_mid1214              |   in|    1|     ap_none|                                                            cmp_i_i606_not_mid1214|        scalar|
|input_fold_ch                       |   in|    4|     ap_none|                                                                     input_fold_ch|        scalar|
|icmp_ln1027                         |   in|    1|     ap_none|                                                                       icmp_ln1027|        scalar|
|mul_ln4                             |   in|    6|     ap_none|                                                                           mul_ln4|        scalar|
|icmp_ln1027_1                       |   in|    1|     ap_none|                                                                     icmp_ln1027_1|        scalar|
|mul_ln4_1                           |   in|   15|     ap_none|                                                                         mul_ln4_1|        scalar|
|icmp_ln1027_2                       |   in|    1|     ap_none|                                                                     icmp_ln1027_2|        scalar|
|line_buff_group_0_val_V_address0    |  out|   12|   ap_memory|                                                           line_buff_group_0_val_V|         array|
|line_buff_group_0_val_V_ce0         |  out|    1|   ap_memory|                                                           line_buff_group_0_val_V|         array|
|line_buff_group_0_val_V_q0          |   in|   16|   ap_memory|                                                           line_buff_group_0_val_V|         array|
|line_buff_group_0_val_V_address1    |  out|   12|   ap_memory|                                                           line_buff_group_0_val_V|         array|
|line_buff_group_0_val_V_ce1         |  out|    1|   ap_memory|                                                           line_buff_group_0_val_V|         array|
|line_buff_group_0_val_V_we1         |  out|    1|   ap_memory|                                                           line_buff_group_0_val_V|         array|
|line_buff_group_0_val_V_d1          |  out|   16|   ap_memory|                                                           line_buff_group_0_val_V|         array|
|line_buff_group_0_val_V_2_address0  |  out|   12|   ap_memory|                                                         line_buff_group_0_val_V_2|         array|
|line_buff_group_0_val_V_2_ce0       |  out|    1|   ap_memory|                                                         line_buff_group_0_val_V_2|         array|
|line_buff_group_0_val_V_2_q0        |   in|   16|   ap_memory|                                                         line_buff_group_0_val_V_2|         array|
|line_buff_group_0_val_V_2_address1  |  out|   12|   ap_memory|                                                         line_buff_group_0_val_V_2|         array|
|line_buff_group_0_val_V_2_ce1       |  out|    1|   ap_memory|                                                         line_buff_group_0_val_V_2|         array|
|line_buff_group_0_val_V_2_we1       |  out|    1|   ap_memory|                                                         line_buff_group_0_val_V_2|         array|
|line_buff_group_0_val_V_2_d1        |  out|   16|   ap_memory|                                                         line_buff_group_0_val_V_2|         array|
|line_buff_group_1_val_V_address0    |  out|   12|   ap_memory|                                                           line_buff_group_1_val_V|         array|
|line_buff_group_1_val_V_ce0         |  out|    1|   ap_memory|                                                           line_buff_group_1_val_V|         array|
|line_buff_group_1_val_V_q0          |   in|   16|   ap_memory|                                                           line_buff_group_1_val_V|         array|
|line_buff_group_1_val_V_address1    |  out|   12|   ap_memory|                                                           line_buff_group_1_val_V|         array|
|line_buff_group_1_val_V_ce1         |  out|    1|   ap_memory|                                                           line_buff_group_1_val_V|         array|
|line_buff_group_1_val_V_we1         |  out|    1|   ap_memory|                                                           line_buff_group_1_val_V|         array|
|line_buff_group_1_val_V_d1          |  out|   16|   ap_memory|                                                           line_buff_group_1_val_V|         array|
|line_buff_group_1_val_V_2_address0  |  out|   12|   ap_memory|                                                         line_buff_group_1_val_V_2|         array|
|line_buff_group_1_val_V_2_ce0       |  out|    1|   ap_memory|                                                         line_buff_group_1_val_V_2|         array|
|line_buff_group_1_val_V_2_q0        |   in|   16|   ap_memory|                                                         line_buff_group_1_val_V_2|         array|
|line_buff_group_1_val_V_2_address1  |  out|   12|   ap_memory|                                                         line_buff_group_1_val_V_2|         array|
|line_buff_group_1_val_V_2_ce1       |  out|    1|   ap_memory|                                                         line_buff_group_1_val_V_2|         array|
|line_buff_group_1_val_V_2_we1       |  out|    1|   ap_memory|                                                         line_buff_group_1_val_V_2|         array|
|line_buff_group_1_val_V_2_d1        |  out|   16|   ap_memory|                                                         line_buff_group_1_val_V_2|         array|
|line_buff_group_2_val_V_address0    |  out|   12|   ap_memory|                                                           line_buff_group_2_val_V|         array|
|line_buff_group_2_val_V_ce0         |  out|    1|   ap_memory|                                                           line_buff_group_2_val_V|         array|
|line_buff_group_2_val_V_q0          |   in|   16|   ap_memory|                                                           line_buff_group_2_val_V|         array|
|line_buff_group_2_val_V_address1    |  out|   12|   ap_memory|                                                           line_buff_group_2_val_V|         array|
|line_buff_group_2_val_V_ce1         |  out|    1|   ap_memory|                                                           line_buff_group_2_val_V|         array|
|line_buff_group_2_val_V_we1         |  out|    1|   ap_memory|                                                           line_buff_group_2_val_V|         array|
|line_buff_group_2_val_V_d1          |  out|   16|   ap_memory|                                                           line_buff_group_2_val_V|         array|
|line_buff_group_2_val_V_2_address0  |  out|   12|   ap_memory|                                                         line_buff_group_2_val_V_2|         array|
|line_buff_group_2_val_V_2_ce0       |  out|    1|   ap_memory|                                                         line_buff_group_2_val_V_2|         array|
|line_buff_group_2_val_V_2_q0        |   in|   16|   ap_memory|                                                         line_buff_group_2_val_V_2|         array|
|line_buff_group_2_val_V_2_address1  |  out|   12|   ap_memory|                                                         line_buff_group_2_val_V_2|         array|
|line_buff_group_2_val_V_2_ce1       |  out|    1|   ap_memory|                                                         line_buff_group_2_val_V_2|         array|
|line_buff_group_2_val_V_2_we1       |  out|    1|   ap_memory|                                                         line_buff_group_2_val_V_2|         array|
|line_buff_group_2_val_V_2_d1        |  out|   16|   ap_memory|                                                         line_buff_group_2_val_V_2|         array|
|line_buff_group_3_val_V_address0    |  out|   12|   ap_memory|                                                           line_buff_group_3_val_V|         array|
|line_buff_group_3_val_V_ce0         |  out|    1|   ap_memory|                                                           line_buff_group_3_val_V|         array|
|line_buff_group_3_val_V_q0          |   in|   16|   ap_memory|                                                           line_buff_group_3_val_V|         array|
|line_buff_group_3_val_V_address1    |  out|   12|   ap_memory|                                                           line_buff_group_3_val_V|         array|
|line_buff_group_3_val_V_ce1         |  out|    1|   ap_memory|                                                           line_buff_group_3_val_V|         array|
|line_buff_group_3_val_V_we1         |  out|    1|   ap_memory|                                                           line_buff_group_3_val_V|         array|
|line_buff_group_3_val_V_d1          |  out|   16|   ap_memory|                                                           line_buff_group_3_val_V|         array|
|line_buff_group_3_val_V_2_address0  |  out|   12|   ap_memory|                                                         line_buff_group_3_val_V_2|         array|
|line_buff_group_3_val_V_2_ce0       |  out|    1|   ap_memory|                                                         line_buff_group_3_val_V_2|         array|
|line_buff_group_3_val_V_2_q0        |   in|   16|   ap_memory|                                                         line_buff_group_3_val_V_2|         array|
|line_buff_group_3_val_V_2_address1  |  out|   12|   ap_memory|                                                         line_buff_group_3_val_V_2|         array|
|line_buff_group_3_val_V_2_ce1       |  out|    1|   ap_memory|                                                         line_buff_group_3_val_V_2|         array|
|line_buff_group_3_val_V_2_we1       |  out|    1|   ap_memory|                                                         line_buff_group_3_val_V_2|         array|
|line_buff_group_3_val_V_2_d1        |  out|   16|   ap_memory|                                                         line_buff_group_3_val_V_2|         array|
|inStream_TDATA                      |   in|  112|        axis|                                                                          inStream|       pointer|
|inStream_TVALID                     |   in|    1|        axis|                                                                          inStream|       pointer|
|inStream_TREADY                     |  out|    1|        axis|                                                                          inStream|       pointer|
|sub_i_i                             |   in|    5|     ap_none|                                                                           sub_i_i|        scalar|
|outStream_TDATA                     |  out|  112|        axis|                                                                         outStream|       pointer|
|outStream_TVALID                    |  out|    1|        axis|                                                                         outStream|       pointer|
|outStream_TREADY                    |   in|    1|        axis|                                                                         outStream|       pointer|
+------------------------------------+-----+-----+------------+----------------------------------------------------------------------------------+--------------+

