

================================================================
== Vitis HLS Report for 'yolo_yolo_top_Pipeline_VITIS_LOOP_14_1_VITIS_LOOP_17_2_VITIS_LOOP_20_3'
================================================================
* Date:           Tue Nov  5 21:02:16 2024

* Version:        2022.2.2 (Build 3779808 on Feb 17 2023)
* Project:        yolo_yolo_prj
* Solution:       solution1 (Vivado IP Flow Target)
* Product family: zynq
* Target device:  xc7z020-clg400-1


================================================================
== Performance Estimates
================================================================
+ Timing: 
    * Summary: 
    +--------+----------+----------+------------+
    |  Clock |  Target  | Estimated| Uncertainty|
    +--------+----------+----------+------------+
    |ap_clk  |  10.00 ns|  6.986 ns|     2.70 ns|
    +--------+----------+----------+------------+

+ Latency: 
    * Summary: 
    +---------+---------+-----------+-----------+------+------+---------+
    |  Latency (cycles) |   Latency (absolute)  |   Interval  | Pipeline|
    |   min   |   max   |    min    |    max    |  min |  max |   Type  |
    +---------+---------+-----------+-----------+------+------+---------+
    |     1383|     1383|  13.830 us|  13.830 us|  1383|  1383|       no|
    +---------+---------+-----------+-----------+------+------+---------+

    + Detail: 
        * Instance: 
        N/A

        * Loop: 
        +---------------------------------------------------+---------+---------+----------+-----------+-----------+------+----------+
        |                                                   |  Latency (cycles) | Iteration|  Initiation Interval  | Trip |          |
        |                     Loop Name                     |   min   |   max   |  Latency |  achieved |   target  | Count| Pipelined|
        +---------------------------------------------------+---------+---------+----------+-----------+-----------+------+----------+
        |- VITIS_LOOP_14_1_VITIS_LOOP_17_2_VITIS_LOOP_20_3  |     1381|     1381|        31|          1|          1|  1352|       yes|
        +---------------------------------------------------+---------+---------+----------+-----------+-----------+------+----------+

============================================================
+ Verbose Summary: Synthesis Manager
============================================================
InlineROM: 1
ExposeGlobal: 0
============================================================
+ Verbose Summary: CDFG Model
============================================================
IsTopModel: 0
ResetActiveHigh: 1
IsCombinational: 0
IsDatapathOnly: 0
HasWiredReturn: 1
HasMFsm: 2
HasVarLatency: 1
IsPipeline: 0
IsRtlPipelined: 0
IsInstanceOverlapped: 0
IsDontTouch: 0
HasImplIP: 0
IsGatedGlobalClock: 0

+ Individual pipeline summary: 
  * Pipeline-0: initiation interval (II) = 1, depth = 31


============================================================
+ Verbose Summary: Schedule
============================================================
* Number of FSM states : 31
* Pipeline : 1
  Pipeline-0 : II = 1, D = 31, States = { 1 2 3 4 5 6 7 8 9 10 11 12 13 14 15 16 17 18 19 20 21 22 23 24 25 26 27 28 29 30 31 }
* Dataflow Pipeline: 0

* FSM state transitions: 
1 --> 2 
2 --> 3 
3 --> 4 
4 --> 5 
5 --> 6 
6 --> 7 
7 --> 8 
8 --> 9 
9 --> 10 
10 --> 11 
11 --> 12 
12 --> 13 
13 --> 14 
14 --> 15 
15 --> 16 
16 --> 17 
17 --> 18 
18 --> 19 
19 --> 20 
20 --> 21 
21 --> 22 
22 --> 23 
23 --> 24 
24 --> 25 
25 --> 26 
26 --> 27 
27 --> 28 
28 --> 29 
29 --> 30 
30 --> 31 
31 --> 

* FSM state operations: 

State 1 <SV = 0> <Delay = 6.98>
ST_1 : Operation 34 [1/1] (0.00ns)   --->   "%input_ch_idx = alloca i32 1"   --->   Operation 34 'alloca' 'input_ch_idx' <Predicate = true> <Delay = 0.00>
ST_1 : Operation 35 [1/1] (0.00ns)   --->   "%col_idx = alloca i32 1"   --->   Operation 35 'alloca' 'col_idx' <Predicate = true> <Delay = 0.00>
ST_1 : Operation 36 [1/1] (0.00ns)   --->   "%indvar_flatten = alloca i32 1"   --->   Operation 36 'alloca' 'indvar_flatten' <Predicate = true> <Delay = 0.00>
ST_1 : Operation 37 [1/1] (0.00ns)   --->   "%row_idx = alloca i32 1"   --->   Operation 37 'alloca' 'row_idx' <Predicate = true> <Delay = 0.00>
ST_1 : Operation 38 [1/1] (0.00ns)   --->   "%indvar_flatten15 = alloca i32 1"   --->   Operation 38 'alloca' 'indvar_flatten15' <Predicate = true> <Delay = 0.00>
ST_1 : Operation 39 [1/1] (0.00ns)   --->   "%trunc_ln3_read = read i29 @_ssdm_op_Read.ap_auto.i29, i29 %trunc_ln3"   --->   Operation 39 'read' 'trunc_ln3_read' <Predicate = true> <Delay = 0.00>
ST_1 : Operation 40 [1/1] (0.00ns)   --->   "%cmp_i_i36_mid111_read = read i1 @_ssdm_op_Read.ap_auto.i1, i1 %cmp_i_i36_mid111"   --->   Operation 40 'read' 'cmp_i_i36_mid111_read' <Predicate = true> <Delay = 0.00>
ST_1 : Operation 41 [1/1] (0.00ns)   --->   "%zext_ln3_read = read i8 @_ssdm_op_Read.ap_auto.i8, i8 %zext_ln3"   --->   Operation 41 'read' 'zext_ln3_read' <Predicate = true> <Delay = 0.00>
ST_1 : Operation 42 [1/1] (0.00ns)   --->   "%activate_en_read = read i32 @_ssdm_op_Read.ap_auto.i32, i32 %activate_en"   --->   Operation 42 'read' 'activate_en_read' <Predicate = true> <Delay = 0.00>
ST_1 : Operation 43 [1/1] (0.00ns)   --->   "%mul_ln3_read = read i13 @_ssdm_op_Read.ap_auto.i13, i13 %mul_ln3"   --->   Operation 43 'read' 'mul_ln3_read' <Predicate = true> <Delay = 0.00>
ST_1 : Operation 44 [1/1] (0.00ns)   --->   "%sub_i_i59_read = read i6 @_ssdm_op_Read.ap_auto.i6, i6 %sub_i_i59"   --->   Operation 44 'read' 'sub_i_i59_read' <Predicate = true> <Delay = 0.00>
ST_1 : Operation 45 [1/1] (0.00ns)   --->   "%sub_i_i_read = read i6 @_ssdm_op_Read.ap_auto.i6, i6 %sub_i_i"   --->   Operation 45 'read' 'sub_i_i_read' <Predicate = true> <Delay = 0.00>
ST_1 : Operation 46 [1/1] (0.00ns)   --->   "%zext_ln3_cast = zext i8 %zext_ln3_read"   --->   Operation 46 'zext' 'zext_ln3_cast' <Predicate = true> <Delay = 0.00>
ST_1 : Operation 47 [1/1] (0.00ns)   --->   "%specinterface_ln0 = specinterface void @_ssdm_op_SpecInterface, i112 %outStream, void @empty_8, i32 0, i32 0, void @empty_7, i32 0, i32 0, void @empty_6, void @empty_6, void @empty_6, i32 0, i32 0, i32 0, i32 0, void @empty_6, void @empty_6, i32 4294967295, i32 0"   --->   Operation 47 'specinterface' 'specinterface_ln0' <Predicate = true> <Delay = 0.00>
ST_1 : Operation 48 [1/1] (0.00ns)   --->   "%specinterface_ln0 = specinterface void @_ssdm_op_SpecInterface, i112 %inStream, void @empty_8, i32 0, i32 0, void @empty_7, i32 0, i32 0, void @empty_6, void @empty_6, void @empty_6, i32 0, i32 0, i32 0, i32 0, void @empty_6, void @empty_6, i32 4294967295, i32 0"   --->   Operation 48 'specinterface' 'specinterface_ln0' <Predicate = true> <Delay = 0.00>
ST_1 : Operation 49 [1/1] (1.58ns)   --->   "%store_ln0 = store i13 0, i13 %indvar_flatten15"   --->   Operation 49 'store' 'store_ln0' <Predicate = true> <Delay = 1.58>
ST_1 : Operation 50 [1/1] (1.58ns)   --->   "%store_ln0 = store i5 0, i5 %row_idx"   --->   Operation 50 'store' 'store_ln0' <Predicate = true> <Delay = 1.58>
ST_1 : Operation 51 [1/1] (1.58ns)   --->   "%store_ln0 = store i9 0, i9 %indvar_flatten"   --->   Operation 51 'store' 'store_ln0' <Predicate = true> <Delay = 1.58>
ST_1 : Operation 52 [1/1] (1.58ns)   --->   "%store_ln0 = store i5 0, i5 %col_idx"   --->   Operation 52 'store' 'store_ln0' <Predicate = true> <Delay = 1.58>
ST_1 : Operation 53 [1/1] (1.58ns)   --->   "%store_ln0 = store i4 0, i4 %input_ch_idx"   --->   Operation 53 'store' 'store_ln0' <Predicate = true> <Delay = 1.58>
ST_1 : Operation 54 [1/1] (0.00ns)   --->   "%br_ln0 = br void %for.body10"   --->   Operation 54 'br' 'br_ln0' <Predicate = true> <Delay = 0.00>
ST_1 : Operation 55 [1/1] (0.00ns)   --->   "%indvar_flatten_load = load i9 %indvar_flatten"   --->   Operation 55 'load' 'indvar_flatten_load' <Predicate = true> <Delay = 0.00>
ST_1 : Operation 56 [1/1] (0.00ns)   --->   "%indvar_flatten15_load = load i13 %indvar_flatten15"   --->   Operation 56 'load' 'indvar_flatten15_load' <Predicate = true> <Delay = 0.00>
ST_1 : Operation 57 [1/1] (2.09ns)   --->   "%icmp_ln1027 = icmp_eq  i13 %indvar_flatten15_load, i13 %mul_ln3_read"   --->   Operation 57 'icmp' 'icmp_ln1027' <Predicate = true> <Delay = 2.09> <CoreInst = "Cmp">   --->   Core 9 'Cmp' <Latency = 0> <II = 1> <Delay = 2.09> <FuncUnit> <Opcode : 'icmp'> <InPorts = 2> <OutPorts = 1>
ST_1 : Operation 58 [1/1] (1.67ns)   --->   "%add_ln1027_1 = add i13 %indvar_flatten15_load, i13 1"   --->   Operation 58 'add' 'add_ln1027_1' <Predicate = true> <Delay = 1.67> <CoreInst = "Adder">   --->   Core 1 'Adder' <Latency = 0> <II = 1> <Delay = 1.67> <FuncUnit> <Opcode : 'add' 'sub'> <InPorts = 2> <OutPorts = 1>
ST_1 : Operation 59 [1/1] (0.00ns)   --->   "%br_ln1027 = br i1 %icmp_ln1027, void %for.inc89.loopexit, void %for.end91.loopexit.exitStub"   --->   Operation 59 'br' 'br_ln1027' <Predicate = true> <Delay = 0.00>
ST_1 : Operation 60 [1/1] (0.00ns)   --->   "%input_ch_idx_load = load i4 %input_ch_idx" [src/yolo_yolo.cpp:20]   --->   Operation 60 'load' 'input_ch_idx_load' <Predicate = (!icmp_ln1027)> <Delay = 0.00>
ST_1 : Operation 61 [1/1] (1.66ns)   --->   "%icmp_ln1027_1 = icmp_eq  i9 %indvar_flatten_load, i9 %zext_ln3_cast"   --->   Operation 61 'icmp' 'icmp_ln1027_1' <Predicate = (!icmp_ln1027)> <Delay = 1.66> <CoreInst = "Cmp">   --->   Core 9 'Cmp' <Latency = 0> <II = 1> <Delay = 1.66> <FuncUnit> <Opcode : 'icmp'> <InPorts = 2> <OutPorts = 1>
ST_1 : Operation 62 [1/1] (0.00ns) (grouped into LUT with out node and_ln14)   --->   "%xor_ln14 = xor i1 %icmp_ln1027_1, i1 1" [src/yolo_yolo.cpp:14]   --->   Operation 62 'xor' 'xor_ln14' <Predicate = (!icmp_ln1027)> <Delay = 0.00> <CoreInst = "LogicGate">   --->   Core 74 'LogicGate' <Latency = 0> <II = 1> <Delay = 0.97> <FuncUnit> <Opcode : 'and' 'or' 'xor'> <InPorts = 2> <OutPorts = 1>
ST_1 : Operation 63 [1/1] (1.30ns)   --->   "%icmp_ln20 = icmp_eq  i4 %input_ch_idx_load, i4 8" [src/yolo_yolo.cpp:20]   --->   Operation 63 'icmp' 'icmp_ln20' <Predicate = (!icmp_ln1027)> <Delay = 1.30> <CoreInst = "Cmp">   --->   Core 9 'Cmp' <Latency = 0> <II = 1> <Delay = 1.30> <FuncUnit> <Opcode : 'icmp'> <InPorts = 2> <OutPorts = 1>
ST_1 : Operation 64 [1/1] (0.97ns) (out node of the LUT)   --->   "%and_ln14 = and i1 %icmp_ln20, i1 %xor_ln14" [src/yolo_yolo.cpp:14]   --->   Operation 64 'and' 'and_ln14' <Predicate = (!icmp_ln1027)> <Delay = 0.97> <CoreInst = "LogicGate">   --->   Core 74 'LogicGate' <Latency = 0> <II = 1> <Delay = 0.97> <FuncUnit> <Opcode : 'and' 'or' 'xor'> <InPorts = 2> <OutPorts = 1>
ST_1 : Operation 65 [1/1] (0.00ns) (grouped into LUT with out node select_ln17)   --->   "%or_ln17 = or i1 %and_ln14, i1 %icmp_ln1027_1" [src/yolo_yolo.cpp:17]   --->   Operation 65 'or' 'or_ln17' <Predicate = (!icmp_ln1027)> <Delay = 0.00> <CoreInst = "LogicGate">   --->   Core 74 'LogicGate' <Latency = 0> <II = 1> <Delay = 0.97> <FuncUnit> <Opcode : 'and' 'or' 'xor'> <InPorts = 2> <OutPorts = 1>
ST_1 : Operation 66 [1/1] (1.02ns) (out node of the LUT)   --->   "%select_ln17 = select i1 %or_ln17, i4 0, i4 %input_ch_idx_load" [src/yolo_yolo.cpp:17]   --->   Operation 66 'select' 'select_ln17' <Predicate = (!icmp_ln1027)> <Delay = 1.02> <CoreInst = "Sel">   --->   Core 73 'Sel' <Latency = 0> <II = 1> <Delay = 1.02> <FuncUnit> <Opcode : 'select'> <InPorts = 3> <OutPorts = 1>
ST_1 : Operation 67 [1/1] (0.00ns)   --->   "%inStream_read = read i112 @_ssdm_op_Read.axis.volatile.i112P128A, i112 %inStream" [src/yolo_yolo.cpp:29]   --->   Operation 67 'read' 'inStream_read' <Predicate = (!icmp_ln1027)> <Delay = 0.00> <CoreInst = "axis">   --->   Core 115 'axis' <Latency = 0> <II = 1> <Delay = 1.00> <Adapter> <Opcode : >
ST_1 : Operation 68 [1/1] (0.00ns)   --->   "%curr_input_data_sub_data_0_V = trunc i112 %inStream_read" [src/yolo_yolo.cpp:29]   --->   Operation 68 'trunc' 'curr_input_data_sub_data_0_V' <Predicate = (!icmp_ln1027)> <Delay = 0.00>
ST_1 : Operation 69 [1/1] (0.00ns)   --->   "%curr_input_data_sub_data_1_V = partselect i16 @_ssdm_op_PartSelect.i16.i112.i32.i32, i112 %inStream_read, i32 16, i32 31" [src/yolo_yolo.cpp:29]   --->   Operation 69 'partselect' 'curr_input_data_sub_data_1_V' <Predicate = (!icmp_ln1027)> <Delay = 0.00>
ST_1 : Operation 70 [1/1] (0.00ns)   --->   "%curr_input_data_sub_data_2_V = partselect i16 @_ssdm_op_PartSelect.i16.i112.i32.i32, i112 %inStream_read, i32 32, i32 47" [src/yolo_yolo.cpp:29]   --->   Operation 70 'partselect' 'curr_input_data_sub_data_2_V' <Predicate = (!icmp_ln1027)> <Delay = 0.00>
ST_1 : Operation 71 [1/1] (0.00ns)   --->   "%curr_input_data_sub_data_3_V = partselect i16 @_ssdm_op_PartSelect.i16.i112.i32.i32, i112 %inStream_read, i32 48, i32 63" [src/yolo_yolo.cpp:29]   --->   Operation 71 'partselect' 'curr_input_data_sub_data_3_V' <Predicate = (!icmp_ln1027)> <Delay = 0.00>
ST_1 : Operation 72 [1/1] (0.00ns)   --->   "%trunc_ln31 = trunc i4 %select_ln17" [src/yolo_yolo.cpp:31]   --->   Operation 72 'trunc' 'trunc_ln31' <Predicate = (!icmp_ln1027)> <Delay = 0.00>
ST_1 : Operation 73 [1/1] (0.00ns)   --->   "%shl_ln = bitconcatenate i5 @_ssdm_op_BitConcatenate.i5.i3.i2, i3 %trunc_ln31, i2 0" [src/yolo_yolo.cpp:31]   --->   Operation 73 'bitconcatenate' 'shl_ln' <Predicate = (!icmp_ln1027)> <Delay = 0.00>
ST_1 : Operation 74 [1/1] (0.00ns) (grouped into LUT with out node p_Result_s)   --->   "%zext_ln779 = zext i5 %shl_ln"   --->   Operation 74 'zext' 'zext_ln779' <Predicate = (!icmp_ln1027)> <Delay = 0.00>
ST_1 : Operation 75 [1/1] (0.00ns) (grouped into LUT with out node p_Result_s)   --->   "%shl_ln779 = shl i29 1, i29 %zext_ln779"   --->   Operation 75 'shl' 'shl_ln779' <Predicate = (!icmp_ln1027)> <Delay = 0.00> <CoreInst = "Shifter">   --->   Core 75 'Shifter' <Latency = 0> <II = 1> <Delay = 2.66> <FuncUnit> <Opcode : 'shl' 'lshr' 'ashr'> <InPorts = 2> <OutPorts = 1>
ST_1 : Operation 76 [1/1] (0.00ns) (grouped into LUT with out node p_Result_s)   --->   "%and_ln779 = and i29 %shl_ln779, i29 %trunc_ln3_read"   --->   Operation 76 'and' 'and_ln779' <Predicate = (!icmp_ln1027)> <Delay = 0.00> <CoreInst = "LogicGate">   --->   Core 74 'LogicGate' <Latency = 0> <II = 1> <Delay = 0.99> <FuncUnit> <Opcode : 'and' 'or' 'xor'> <InPorts = 2> <OutPorts = 1>
ST_1 : Operation 77 [1/1] (2.66ns) (out node of the LUT)   --->   "%p_Result_s = icmp_eq  i29 %and_ln779, i29 0"   --->   Operation 77 'icmp' 'p_Result_s' <Predicate = (!icmp_ln1027)> <Delay = 2.66> <CoreInst = "Cmp">   --->   Core 9 'Cmp' <Latency = 0> <II = 1> <Delay = 2.46> <FuncUnit> <Opcode : 'icmp'> <InPorts = 2> <OutPorts = 1>
ST_1 : Operation 78 [1/1] (0.00ns) (grouped into LUT with out node p_Result_1)   --->   "%or_ln36 = or i5 %shl_ln, i5 1" [src/yolo_yolo.cpp:36]   --->   Operation 78 'or' 'or_ln36' <Predicate = (!icmp_ln1027)> <Delay = 0.00>
ST_1 : Operation 79 [1/1] (0.00ns) (grouped into LUT with out node p_Result_1)   --->   "%zext_ln779_1 = zext i5 %or_ln36"   --->   Operation 79 'zext' 'zext_ln779_1' <Predicate = (!icmp_ln1027)> <Delay = 0.00>
ST_1 : Operation 80 [1/1] (0.00ns) (grouped into LUT with out node p_Result_1)   --->   "%shl_ln779_1 = shl i32 1, i32 %zext_ln779_1"   --->   Operation 80 'shl' 'shl_ln779_1' <Predicate = (!icmp_ln1027)> <Delay = 0.00> <CoreInst = "Shifter">   --->   Core 75 'Shifter' <Latency = 0> <II = 1> <Delay = 2.66> <FuncUnit> <Opcode : 'shl' 'lshr' 'ashr'> <InPorts = 2> <OutPorts = 1>
ST_1 : Operation 81 [1/1] (0.00ns) (grouped into LUT with out node p_Result_1)   --->   "%and_ln779_1 = and i32 %shl_ln779_1, i32 %activate_en_read"   --->   Operation 81 'and' 'and_ln779_1' <Predicate = (!icmp_ln1027)> <Delay = 0.00> <CoreInst = "LogicGate">   --->   Core 74 'LogicGate' <Latency = 0> <II = 1> <Delay = 0.99> <FuncUnit> <Opcode : 'and' 'or' 'xor'> <InPorts = 2> <OutPorts = 1>
ST_1 : Operation 82 [1/1] (2.66ns) (out node of the LUT)   --->   "%p_Result_1 = icmp_eq  i32 %and_ln779_1, i32 0"   --->   Operation 82 'icmp' 'p_Result_1' <Predicate = (!icmp_ln1027)> <Delay = 2.66> <CoreInst = "Cmp">   --->   Core 9 'Cmp' <Latency = 0> <II = 1> <Delay = 2.47> <FuncUnit> <Opcode : 'icmp'> <InPorts = 2> <OutPorts = 1>
ST_1 : Operation 83 [1/1] (0.00ns) (grouped into LUT with out node p_Result_2)   --->   "%or_ln41 = or i5 %shl_ln, i5 2" [src/yolo_yolo.cpp:41]   --->   Operation 83 'or' 'or_ln41' <Predicate = (!icmp_ln1027)> <Delay = 0.00>
ST_1 : Operation 84 [1/1] (0.00ns) (grouped into LUT with out node p_Result_2)   --->   "%zext_ln779_2 = zext i5 %or_ln41"   --->   Operation 84 'zext' 'zext_ln779_2' <Predicate = (!icmp_ln1027)> <Delay = 0.00>
ST_1 : Operation 85 [1/1] (0.00ns) (grouped into LUT with out node p_Result_2)   --->   "%shl_ln779_2 = shl i32 1, i32 %zext_ln779_2"   --->   Operation 85 'shl' 'shl_ln779_2' <Predicate = (!icmp_ln1027)> <Delay = 0.00> <CoreInst = "Shifter">   --->   Core 75 'Shifter' <Latency = 0> <II = 1> <Delay = 2.66> <FuncUnit> <Opcode : 'shl' 'lshr' 'ashr'> <InPorts = 2> <OutPorts = 1>
ST_1 : Operation 86 [1/1] (0.00ns) (grouped into LUT with out node p_Result_2)   --->   "%and_ln779_2 = and i32 %shl_ln779_2, i32 %activate_en_read"   --->   Operation 86 'and' 'and_ln779_2' <Predicate = (!icmp_ln1027)> <Delay = 0.00> <CoreInst = "LogicGate">   --->   Core 74 'LogicGate' <Latency = 0> <II = 1> <Delay = 0.99> <FuncUnit> <Opcode : 'and' 'or' 'xor'> <InPorts = 2> <OutPorts = 1>
ST_1 : Operation 87 [1/1] (2.66ns) (out node of the LUT)   --->   "%p_Result_2 = icmp_eq  i32 %and_ln779_2, i32 0"   --->   Operation 87 'icmp' 'p_Result_2' <Predicate = (!icmp_ln1027)> <Delay = 2.66> <CoreInst = "Cmp">   --->   Core 9 'Cmp' <Latency = 0> <II = 1> <Delay = 2.47> <FuncUnit> <Opcode : 'icmp'> <InPorts = 2> <OutPorts = 1>
ST_1 : Operation 88 [1/1] (0.00ns) (grouped into LUT with out node p_Result_3)   --->   "%or_ln46 = or i5 %shl_ln, i5 3" [src/yolo_yolo.cpp:46]   --->   Operation 88 'or' 'or_ln46' <Predicate = (!icmp_ln1027)> <Delay = 0.00>
ST_1 : Operation 89 [1/1] (0.00ns) (grouped into LUT with out node p_Result_3)   --->   "%zext_ln779_3 = zext i5 %or_ln46"   --->   Operation 89 'zext' 'zext_ln779_3' <Predicate = (!icmp_ln1027)> <Delay = 0.00>
ST_1 : Operation 90 [1/1] (0.00ns) (grouped into LUT with out node p_Result_3)   --->   "%shl_ln779_3 = shl i32 1, i32 %zext_ln779_3"   --->   Operation 90 'shl' 'shl_ln779_3' <Predicate = (!icmp_ln1027)> <Delay = 0.00> <CoreInst = "Shifter">   --->   Core 75 'Shifter' <Latency = 0> <II = 1> <Delay = 2.66> <FuncUnit> <Opcode : 'shl' 'lshr' 'ashr'> <InPorts = 2> <OutPorts = 1>
ST_1 : Operation 91 [1/1] (0.00ns) (grouped into LUT with out node p_Result_3)   --->   "%and_ln779_3 = and i32 %shl_ln779_3, i32 %activate_en_read"   --->   Operation 91 'and' 'and_ln779_3' <Predicate = (!icmp_ln1027)> <Delay = 0.00> <CoreInst = "LogicGate">   --->   Core 74 'LogicGate' <Latency = 0> <II = 1> <Delay = 0.99> <FuncUnit> <Opcode : 'and' 'or' 'xor'> <InPorts = 2> <OutPorts = 1>
ST_1 : Operation 92 [1/1] (2.66ns) (out node of the LUT)   --->   "%p_Result_3 = icmp_eq  i32 %and_ln779_3, i32 0"   --->   Operation 92 'icmp' 'p_Result_3' <Predicate = (!icmp_ln1027)> <Delay = 2.66> <CoreInst = "Cmp">   --->   Core 9 'Cmp' <Latency = 0> <II = 1> <Delay = 2.47> <FuncUnit> <Opcode : 'icmp'> <InPorts = 2> <OutPorts = 1>
ST_1 : Operation 93 [1/1] (0.00ns)   --->   "%tmp_s = partselect i6 @_ssdm_op_PartSelect.i6.i112.i32.i32, i112 %inStream_read, i32 104, i32 109" [src/yolo_yolo.cpp:65]   --->   Operation 93 'partselect' 'tmp_s' <Predicate = (!icmp_ln1027)> <Delay = 0.00>
ST_1 : Operation 94 [1/1] (0.00ns)   --->   "%tmp_1 = partselect i5 @_ssdm_op_PartSelect.i5.i112.i32.i32, i112 %inStream_read, i32 96, i32 100" [src/yolo_yolo.cpp:65]   --->   Operation 94 'partselect' 'tmp_1' <Predicate = (!icmp_ln1027)> <Delay = 0.00>
ST_1 : Operation 95 [1/1] (0.00ns)   --->   "%tmp_4 = partselect i18 @_ssdm_op_PartSelect.i18.i112.i32.i32, i112 %inStream_read, i32 64, i32 81" [src/yolo_yolo.cpp:65]   --->   Operation 95 'partselect' 'tmp_4' <Predicate = (!icmp_ln1027)> <Delay = 0.00>
ST_1 : Operation 96 [1/1] (1.73ns)   --->   "%input_ch_idx_1 = add i4 %select_ln17, i4 1" [src/yolo_yolo.cpp:20]   --->   Operation 96 'add' 'input_ch_idx_1' <Predicate = (!icmp_ln1027)> <Delay = 1.73> <CoreInst = "Adder">   --->   Core 1 'Adder' <Latency = 0> <II = 1> <Delay = 1.73> <FuncUnit> <Opcode : 'add' 'sub'> <InPorts = 2> <OutPorts = 1>
ST_1 : Operation 97 [1/1] (1.82ns)   --->   "%add_ln1027 = add i9 %indvar_flatten_load, i9 1"   --->   Operation 97 'add' 'add_ln1027' <Predicate = (!icmp_ln1027)> <Delay = 1.82> <CoreInst = "Adder">   --->   Core 1 'Adder' <Latency = 0> <II = 1> <Delay = 1.82> <FuncUnit> <Opcode : 'add' 'sub'> <InPorts = 2> <OutPorts = 1>
ST_1 : Operation 98 [1/1] (0.96ns)   --->   "%select_ln1027_2 = select i1 %icmp_ln1027_1, i9 1, i9 %add_ln1027"   --->   Operation 98 'select' 'select_ln1027_2' <Predicate = (!icmp_ln1027)> <Delay = 0.96> <CoreInst = "Sel">   --->   Core 73 'Sel' <Latency = 0> <II = 1> <Delay = 0.96> <FuncUnit> <Opcode : 'select'> <InPorts = 3> <OutPorts = 1>
ST_1 : Operation 99 [1/1] (1.58ns)   --->   "%store_ln20 = store i13 %add_ln1027_1, i13 %indvar_flatten15" [src/yolo_yolo.cpp:20]   --->   Operation 99 'store' 'store_ln20' <Predicate = (!icmp_ln1027)> <Delay = 1.58>
ST_1 : Operation 100 [1/1] (1.58ns)   --->   "%store_ln20 = store i9 %select_ln1027_2, i9 %indvar_flatten" [src/yolo_yolo.cpp:20]   --->   Operation 100 'store' 'store_ln20' <Predicate = (!icmp_ln1027)> <Delay = 1.58>
ST_1 : Operation 101 [1/1] (1.58ns)   --->   "%store_ln20 = store i4 %input_ch_idx_1, i4 %input_ch_idx" [src/yolo_yolo.cpp:20]   --->   Operation 101 'store' 'store_ln20' <Predicate = (!icmp_ln1027)> <Delay = 1.58>

State 2 <SV = 1> <Delay = 6.39>
ST_2 : Operation 102 [1/1] (0.00ns)   --->   "%col_idx_1 = load i5 %col_idx"   --->   Operation 102 'load' 'col_idx_1' <Predicate = true> <Delay = 0.00>
ST_2 : Operation 103 [1/1] (0.00ns)   --->   "%row_idx_1 = load i5 %row_idx" [src/yolo_yolo.cpp:14]   --->   Operation 103 'load' 'row_idx_1' <Predicate = true> <Delay = 0.00>
ST_2 : Operation 104 [1/1] (0.00ns)   --->   "%row_idx_cast = zext i5 %row_idx_1" [src/yolo_yolo.cpp:14]   --->   Operation 104 'zext' 'row_idx_cast' <Predicate = (!icmp_ln1027_1)> <Delay = 0.00>
ST_2 : Operation 105 [1/1] (1.42ns)   --->   "%cmp_i_i27 = icmp_eq  i6 %sub_i_i_read, i6 %row_idx_cast" [src/yolo_yolo.cpp:14]   --->   Operation 105 'icmp' 'cmp_i_i27' <Predicate = (!icmp_ln1027_1)> <Delay = 1.42> <CoreInst = "Cmp">   --->   Core 9 'Cmp' <Latency = 0> <II = 1> <Delay = 1.42> <FuncUnit> <Opcode : 'icmp'> <InPorts = 2> <OutPorts = 1>
ST_2 : Operation 106 [1/1] (0.00ns)   --->   "%col_idx_cast = zext i5 %col_idx_1"   --->   Operation 106 'zext' 'col_idx_cast' <Predicate = (!icmp_ln1027_1 & !and_ln14)> <Delay = 0.00>
ST_2 : Operation 107 [1/1] (1.42ns)   --->   "%cmp_i_i36 = icmp_eq  i6 %sub_i_i59_read, i6 %col_idx_cast"   --->   Operation 107 'icmp' 'cmp_i_i36' <Predicate = (!icmp_ln1027_1 & !and_ln14)> <Delay = 1.42> <CoreInst = "Cmp">   --->   Core 9 'Cmp' <Latency = 0> <II = 1> <Delay = 1.42> <FuncUnit> <Opcode : 'icmp'> <InPorts = 2> <OutPorts = 1>
ST_2 : Operation 108 [1/1] (0.00ns)   --->   "%specloopname_ln0 = specloopname void @_ssdm_op_SpecLoopName, void @VITIS_LOOP_14_1_VITIS_LOOP_17_2_VITIS_LOOP_20_3_str"   --->   Operation 108 'specloopname' 'specloopname_ln0' <Predicate = (!icmp_ln1027)> <Delay = 0.00>
ST_2 : Operation 109 [1/1] (0.00ns)   --->   "%speclooptripcount_ln0 = speclooptripcount void @_ssdm_op_SpecLoopTripCount, i64 1352, i64 1352, i64 1352"   --->   Operation 109 'speclooptripcount' 'speclooptripcount_ln0' <Predicate = (!icmp_ln1027)> <Delay = 0.00>
ST_2 : Operation 110 [1/1] (1.21ns)   --->   "%select_ln14 = select i1 %icmp_ln1027_1, i5 0, i5 %col_idx_1" [src/yolo_yolo.cpp:14]   --->   Operation 110 'select' 'select_ln14' <Predicate = (!icmp_ln1027)> <Delay = 1.21> <CoreInst = "Sel">   --->   Core 73 'Sel' <Latency = 0> <II = 1> <Delay = 1.21> <FuncUnit> <Opcode : 'select'> <InPorts = 3> <OutPorts = 1>
ST_2 : Operation 111 [1/1] (1.78ns)   --->   "%add_ln14 = add i5 %row_idx_1, i5 1" [src/yolo_yolo.cpp:14]   --->   Operation 111 'add' 'add_ln14' <Predicate = (!icmp_ln1027)> <Delay = 1.78> <CoreInst = "Adder">   --->   Core 1 'Adder' <Latency = 0> <II = 1> <Delay = 1.78> <FuncUnit> <Opcode : 'add' 'sub'> <InPorts = 2> <OutPorts = 1>
ST_2 : Operation 112 [1/1] (0.00ns)   --->   "%row_idx_cast_mid1 = zext i5 %add_ln14" [src/yolo_yolo.cpp:14]   --->   Operation 112 'zext' 'row_idx_cast_mid1' <Predicate = (!icmp_ln1027 & icmp_ln1027_1)> <Delay = 0.00>
ST_2 : Operation 113 [1/1] (1.42ns)   --->   "%cmp_i_i27_mid1 = icmp_eq  i6 %sub_i_i_read, i6 %row_idx_cast_mid1" [src/yolo_yolo.cpp:14]   --->   Operation 113 'icmp' 'cmp_i_i27_mid1' <Predicate = (!icmp_ln1027 & icmp_ln1027_1)> <Delay = 1.42> <CoreInst = "Cmp">   --->   Core 9 'Cmp' <Latency = 0> <II = 1> <Delay = 1.42> <FuncUnit> <Opcode : 'icmp'> <InPorts = 2> <OutPorts = 1>
ST_2 : Operation 114 [1/1] (0.99ns)   --->   "%select_ln14_1 = select i1 %icmp_ln1027_1, i1 %cmp_i_i27_mid1, i1 %cmp_i_i27" [src/yolo_yolo.cpp:14]   --->   Operation 114 'select' 'select_ln14_1' <Predicate = (!icmp_ln1027)> <Delay = 0.99> <CoreInst = "Sel">   --->   Core 73 'Sel' <Latency = 0> <II = 1> <Delay = 0.99> <FuncUnit> <Opcode : 'select'> <InPorts = 3> <OutPorts = 1>
ST_2 : Operation 115 [1/1] (0.00ns) (grouped into LUT with out node select_ln17_1)   --->   "%select_ln14_2 = select i1 %icmp_ln1027_1, i1 %cmp_i_i36_mid111_read, i1 %cmp_i_i36" [src/yolo_yolo.cpp:14]   --->   Operation 115 'select' 'select_ln14_2' <Predicate = (!icmp_ln1027 & !and_ln14)> <Delay = 0.00> <CoreInst = "Sel">   --->   Core 73 'Sel' <Latency = 0> <II = 1> <Delay = 0.99> <FuncUnit> <Opcode : 'select'> <InPorts = 3> <OutPorts = 1>
ST_2 : Operation 116 [1/1] (1.21ns)   --->   "%select_ln1027 = select i1 %icmp_ln1027_1, i5 %add_ln14, i5 %row_idx_1"   --->   Operation 116 'select' 'select_ln1027' <Predicate = (!icmp_ln1027)> <Delay = 1.21> <CoreInst = "Sel">   --->   Core 73 'Sel' <Latency = 0> <II = 1> <Delay = 1.21> <FuncUnit> <Opcode : 'select'> <InPorts = 3> <OutPorts = 1>
ST_2 : Operation 117 [1/1] (1.78ns)   --->   "%col_idx_3 = add i5 %select_ln14, i5 1" [src/yolo_yolo.cpp:17]   --->   Operation 117 'add' 'col_idx_3' <Predicate = (!icmp_ln1027)> <Delay = 1.78> <CoreInst = "Adder">   --->   Core 1 'Adder' <Latency = 0> <II = 1> <Delay = 1.78> <FuncUnit> <Opcode : 'add' 'sub'> <InPorts = 2> <OutPorts = 1>
ST_2 : Operation 118 [1/1] (0.00ns)   --->   "%specloopname_ln0 = specloopname void @_ssdm_op_SpecLoopName, void @VITIS_LOOP_17_2_VITIS_LOOP_20_3_str"   --->   Operation 118 'specloopname' 'specloopname_ln0' <Predicate = (!icmp_ln1027)> <Delay = 0.00>
ST_2 : Operation 119 [1/1] (0.00ns)   --->   "%col_idx_cast_mid1 = zext i5 %col_idx_3" [src/yolo_yolo.cpp:17]   --->   Operation 119 'zext' 'col_idx_cast_mid1' <Predicate = (!icmp_ln1027 & and_ln14)> <Delay = 0.00>
ST_2 : Operation 120 [1/1] (1.42ns)   --->   "%cmp_i_i36_mid1 = icmp_eq  i6 %sub_i_i59_read, i6 %col_idx_cast_mid1" [src/yolo_yolo.cpp:17]   --->   Operation 120 'icmp' 'cmp_i_i36_mid1' <Predicate = (!icmp_ln1027 & and_ln14)> <Delay = 1.42> <CoreInst = "Cmp">   --->   Core 9 'Cmp' <Latency = 0> <II = 1> <Delay = 1.42> <FuncUnit> <Opcode : 'icmp'> <InPorts = 2> <OutPorts = 1>
ST_2 : Operation 121 [1/1] (0.99ns) (out node of the LUT)   --->   "%select_ln17_1 = select i1 %and_ln14, i1 %cmp_i_i36_mid1, i1 %select_ln14_2" [src/yolo_yolo.cpp:17]   --->   Operation 121 'select' 'select_ln17_1' <Predicate = (!icmp_ln1027)> <Delay = 0.99> <CoreInst = "Sel">   --->   Core 73 'Sel' <Latency = 0> <II = 1> <Delay = 0.99> <FuncUnit> <Opcode : 'select'> <InPorts = 3> <OutPorts = 1>
ST_2 : Operation 122 [1/1] (1.21ns)   --->   "%select_ln1027_1 = select i1 %and_ln14, i5 %col_idx_3, i5 %select_ln14"   --->   Operation 122 'select' 'select_ln1027_1' <Predicate = (!icmp_ln1027)> <Delay = 1.21> <CoreInst = "Sel">   --->   Core 73 'Sel' <Latency = 0> <II = 1> <Delay = 1.21> <FuncUnit> <Opcode : 'select'> <InPorts = 3> <OutPorts = 1>
ST_2 : Operation 123 [1/1] (0.00ns)   --->   "%specpipeline_ln25 = specpipeline void @_ssdm_op_SpecPipeline, i32 4294967295, i32 0, i32 0, i32 0, void @empty_6" [src/yolo_yolo.cpp:25]   --->   Operation 123 'specpipeline' 'specpipeline_ln25' <Predicate = (!icmp_ln1027)> <Delay = 0.00>
ST_2 : Operation 124 [1/1] (0.00ns)   --->   "%specloopname_ln20 = specloopname void @_ssdm_op_SpecLoopName, void @empty" [src/yolo_yolo.cpp:20]   --->   Operation 124 'specloopname' 'specloopname_ln20' <Predicate = (!icmp_ln1027)> <Delay = 0.00>
ST_2 : Operation 125 [1/1] (1.58ns)   --->   "%br_ln31 = br i1 %p_Result_s, void %if.then, void %if.end" [src/yolo_yolo.cpp:31]   --->   Operation 125 'br' 'br_ln31' <Predicate = (!icmp_ln1027)> <Delay = 1.58>
ST_2 : Operation 126 [30/30] (4.13ns)   --->   "%curr_output_data_sub_data_0_V = call i16 @logistic_activate, i16 %curr_input_data_sub_data_0_V, i11 %f_x_lsb_table_V, i25 %exp_x_msb_2_m_1_table_V, i25 %exp_x_msb_1_table_V" [src/yolo_yolo.cpp:32]   --->   Operation 126 'call' 'curr_output_data_sub_data_0_V' <Predicate = (!icmp_ln1027 & !p_Result_s)> <Delay = 4.13> <CoreType = "Generic">   --->   Core 0 '' <Latency = 0> <II = 1> <Delay = 1.00> <Generic> <Opcode : >
ST_2 : Operation 127 [1/1] (1.58ns)   --->   "%br_ln36 = br i1 %p_Result_1, void %if.then22, void %if.end33" [src/yolo_yolo.cpp:36]   --->   Operation 127 'br' 'br_ln36' <Predicate = (!icmp_ln1027)> <Delay = 1.58>
ST_2 : Operation 128 [30/30] (4.13ns)   --->   "%curr_output_data_sub_data_1_V = call i16 @logistic_activate, i16 %curr_input_data_sub_data_1_V, i11 %f_x_lsb_table_V, i25 %exp_x_msb_2_m_1_table_V, i25 %exp_x_msb_1_table_V" [src/yolo_yolo.cpp:37]   --->   Operation 128 'call' 'curr_output_data_sub_data_1_V' <Predicate = (!icmp_ln1027 & !p_Result_1)> <Delay = 4.13> <CoreType = "Generic">   --->   Core 0 '' <Latency = 0> <II = 1> <Delay = 1.00> <Generic> <Opcode : >
ST_2 : Operation 129 [1/1] (1.58ns)   --->   "%br_ln41 = br i1 %p_Result_2, void %if.then38, void %if.end49" [src/yolo_yolo.cpp:41]   --->   Operation 129 'br' 'br_ln41' <Predicate = (!icmp_ln1027)> <Delay = 1.58>
ST_2 : Operation 130 [30/30] (4.13ns)   --->   "%curr_output_data_sub_data_2_V = call i16 @logistic_activate, i16 %curr_input_data_sub_data_2_V, i11 %f_x_lsb_table_V, i25 %exp_x_msb_2_m_1_table_V, i25 %exp_x_msb_1_table_V" [src/yolo_yolo.cpp:42]   --->   Operation 130 'call' 'curr_output_data_sub_data_2_V' <Predicate = (!icmp_ln1027 & !p_Result_2)> <Delay = 4.13> <CoreType = "Generic">   --->   Core 0 '' <Latency = 0> <II = 1> <Delay = 1.00> <Generic> <Opcode : >
ST_2 : Operation 131 [1/1] (1.58ns)   --->   "%br_ln46 = br i1 %p_Result_3, void %if.then54, void %if.end65" [src/yolo_yolo.cpp:46]   --->   Operation 131 'br' 'br_ln46' <Predicate = (!icmp_ln1027)> <Delay = 1.58>
ST_2 : Operation 132 [30/30] (4.13ns)   --->   "%curr_output_data_sub_data_3_V = call i16 @logistic_activate, i16 %curr_input_data_sub_data_3_V, i11 %f_x_lsb_table_V, i25 %exp_x_msb_2_m_1_table_V, i25 %exp_x_msb_1_table_V" [src/yolo_yolo.cpp:47]   --->   Operation 132 'call' 'curr_output_data_sub_data_3_V' <Predicate = (!icmp_ln1027 & !p_Result_3)> <Delay = 4.13> <CoreType = "Generic">   --->   Core 0 '' <Latency = 0> <II = 1> <Delay = 1.00> <Generic> <Opcode : >
ST_2 : Operation 133 [1/1] (1.30ns)   --->   "%icmp_ln56 = icmp_eq  i4 %select_ln17, i4 7" [src/yolo_yolo.cpp:56]   --->   Operation 133 'icmp' 'icmp_ln56' <Predicate = (!icmp_ln1027)> <Delay = 1.30> <CoreInst = "Cmp">   --->   Core 9 'Cmp' <Latency = 0> <II = 1> <Delay = 1.30> <FuncUnit> <Opcode : 'icmp'> <InPorts = 2> <OutPorts = 1>
ST_2 : Operation 134 [1/1] (0.00ns) (grouped into LUT with out node curr_output_last_V)   --->   "%and_ln57 = and i1 %select_ln14_1, i1 %icmp_ln56" [src/yolo_yolo.cpp:57]   --->   Operation 134 'and' 'and_ln57' <Predicate = (!icmp_ln1027)> <Delay = 0.00> <CoreInst = "LogicGate">   --->   Core 74 'LogicGate' <Latency = 0> <II = 1> <Delay = 0.97> <FuncUnit> <Opcode : 'and' 'or' 'xor'> <InPorts = 2> <OutPorts = 1>
ST_2 : Operation 135 [1/1] (0.97ns) (out node of the LUT)   --->   "%curr_output_last_V = and i1 %and_ln57, i1 %select_ln17_1" [src/yolo_yolo.cpp:57]   --->   Operation 135 'and' 'curr_output_last_V' <Predicate = (!icmp_ln1027)> <Delay = 0.97> <CoreInst = "LogicGate">   --->   Core 74 'LogicGate' <Latency = 0> <II = 1> <Delay = 0.97> <FuncUnit> <Opcode : 'and' 'or' 'xor'> <InPorts = 2> <OutPorts = 1>
ST_2 : Operation 136 [1/1] (1.58ns)   --->   "%store_ln20 = store i5 %select_ln1027, i5 %row_idx" [src/yolo_yolo.cpp:20]   --->   Operation 136 'store' 'store_ln20' <Predicate = (!icmp_ln1027)> <Delay = 1.58>
ST_2 : Operation 137 [1/1] (1.58ns)   --->   "%store_ln20 = store i5 %select_ln1027_1, i5 %col_idx" [src/yolo_yolo.cpp:20]   --->   Operation 137 'store' 'store_ln20' <Predicate = (!icmp_ln1027)> <Delay = 1.58>

State 3 <SV = 2> <Delay = 6.65>
ST_3 : Operation 138 [29/30] (6.65ns)   --->   "%curr_output_data_sub_data_0_V = call i16 @logistic_activate, i16 %curr_input_data_sub_data_0_V, i11 %f_x_lsb_table_V, i25 %exp_x_msb_2_m_1_table_V, i25 %exp_x_msb_1_table_V" [src/yolo_yolo.cpp:32]   --->   Operation 138 'call' 'curr_output_data_sub_data_0_V' <Predicate = (!icmp_ln1027 & !p_Result_s)> <Delay = 6.65> <CoreType = "Generic">   --->   Core 0 '' <Latency = 0> <II = 1> <Delay = 1.00> <Generic> <Opcode : >
ST_3 : Operation 139 [29/30] (6.65ns)   --->   "%curr_output_data_sub_data_1_V = call i16 @logistic_activate, i16 %curr_input_data_sub_data_1_V, i11 %f_x_lsb_table_V, i25 %exp_x_msb_2_m_1_table_V, i25 %exp_x_msb_1_table_V" [src/yolo_yolo.cpp:37]   --->   Operation 139 'call' 'curr_output_data_sub_data_1_V' <Predicate = (!icmp_ln1027 & !p_Result_1)> <Delay = 6.65> <CoreType = "Generic">   --->   Core 0 '' <Latency = 0> <II = 1> <Delay = 1.00> <Generic> <Opcode : >
ST_3 : Operation 140 [29/30] (6.65ns)   --->   "%curr_output_data_sub_data_2_V = call i16 @logistic_activate, i16 %curr_input_data_sub_data_2_V, i11 %f_x_lsb_table_V, i25 %exp_x_msb_2_m_1_table_V, i25 %exp_x_msb_1_table_V" [src/yolo_yolo.cpp:42]   --->   Operation 140 'call' 'curr_output_data_sub_data_2_V' <Predicate = (!icmp_ln1027 & !p_Result_2)> <Delay = 6.65> <CoreType = "Generic">   --->   Core 0 '' <Latency = 0> <II = 1> <Delay = 1.00> <Generic> <Opcode : >
ST_3 : Operation 141 [29/30] (6.65ns)   --->   "%curr_output_data_sub_data_3_V = call i16 @logistic_activate, i16 %curr_input_data_sub_data_3_V, i11 %f_x_lsb_table_V, i25 %exp_x_msb_2_m_1_table_V, i25 %exp_x_msb_1_table_V" [src/yolo_yolo.cpp:47]   --->   Operation 141 'call' 'curr_output_data_sub_data_3_V' <Predicate = (!icmp_ln1027 & !p_Result_3)> <Delay = 6.65> <CoreType = "Generic">   --->   Core 0 '' <Latency = 0> <II = 1> <Delay = 1.00> <Generic> <Opcode : >

State 4 <SV = 3> <Delay = 6.65>
ST_4 : Operation 142 [28/30] (6.65ns)   --->   "%curr_output_data_sub_data_0_V = call i16 @logistic_activate, i16 %curr_input_data_sub_data_0_V, i11 %f_x_lsb_table_V, i25 %exp_x_msb_2_m_1_table_V, i25 %exp_x_msb_1_table_V" [src/yolo_yolo.cpp:32]   --->   Operation 142 'call' 'curr_output_data_sub_data_0_V' <Predicate = (!icmp_ln1027 & !p_Result_s)> <Delay = 6.65> <CoreType = "Generic">   --->   Core 0 '' <Latency = 0> <II = 1> <Delay = 1.00> <Generic> <Opcode : >
ST_4 : Operation 143 [28/30] (6.65ns)   --->   "%curr_output_data_sub_data_1_V = call i16 @logistic_activate, i16 %curr_input_data_sub_data_1_V, i11 %f_x_lsb_table_V, i25 %exp_x_msb_2_m_1_table_V, i25 %exp_x_msb_1_table_V" [src/yolo_yolo.cpp:37]   --->   Operation 143 'call' 'curr_output_data_sub_data_1_V' <Predicate = (!icmp_ln1027 & !p_Result_1)> <Delay = 6.65> <CoreType = "Generic">   --->   Core 0 '' <Latency = 0> <II = 1> <Delay = 1.00> <Generic> <Opcode : >
ST_4 : Operation 144 [28/30] (6.65ns)   --->   "%curr_output_data_sub_data_2_V = call i16 @logistic_activate, i16 %curr_input_data_sub_data_2_V, i11 %f_x_lsb_table_V, i25 %exp_x_msb_2_m_1_table_V, i25 %exp_x_msb_1_table_V" [src/yolo_yolo.cpp:42]   --->   Operation 144 'call' 'curr_output_data_sub_data_2_V' <Predicate = (!icmp_ln1027 & !p_Result_2)> <Delay = 6.65> <CoreType = "Generic">   --->   Core 0 '' <Latency = 0> <II = 1> <Delay = 1.00> <Generic> <Opcode : >
ST_4 : Operation 145 [28/30] (6.65ns)   --->   "%curr_output_data_sub_data_3_V = call i16 @logistic_activate, i16 %curr_input_data_sub_data_3_V, i11 %f_x_lsb_table_V, i25 %exp_x_msb_2_m_1_table_V, i25 %exp_x_msb_1_table_V" [src/yolo_yolo.cpp:47]   --->   Operation 145 'call' 'curr_output_data_sub_data_3_V' <Predicate = (!icmp_ln1027 & !p_Result_3)> <Delay = 6.65> <CoreType = "Generic">   --->   Core 0 '' <Latency = 0> <II = 1> <Delay = 1.00> <Generic> <Opcode : >

State 5 <SV = 4> <Delay = 6.65>
ST_5 : Operation 146 [27/30] (6.65ns)   --->   "%curr_output_data_sub_data_0_V = call i16 @logistic_activate, i16 %curr_input_data_sub_data_0_V, i11 %f_x_lsb_table_V, i25 %exp_x_msb_2_m_1_table_V, i25 %exp_x_msb_1_table_V" [src/yolo_yolo.cpp:32]   --->   Operation 146 'call' 'curr_output_data_sub_data_0_V' <Predicate = (!icmp_ln1027 & !p_Result_s)> <Delay = 6.65> <CoreType = "Generic">   --->   Core 0 '' <Latency = 0> <II = 1> <Delay = 1.00> <Generic> <Opcode : >
ST_5 : Operation 147 [27/30] (6.65ns)   --->   "%curr_output_data_sub_data_1_V = call i16 @logistic_activate, i16 %curr_input_data_sub_data_1_V, i11 %f_x_lsb_table_V, i25 %exp_x_msb_2_m_1_table_V, i25 %exp_x_msb_1_table_V" [src/yolo_yolo.cpp:37]   --->   Operation 147 'call' 'curr_output_data_sub_data_1_V' <Predicate = (!icmp_ln1027 & !p_Result_1)> <Delay = 6.65> <CoreType = "Generic">   --->   Core 0 '' <Latency = 0> <II = 1> <Delay = 1.00> <Generic> <Opcode : >
ST_5 : Operation 148 [27/30] (6.65ns)   --->   "%curr_output_data_sub_data_2_V = call i16 @logistic_activate, i16 %curr_input_data_sub_data_2_V, i11 %f_x_lsb_table_V, i25 %exp_x_msb_2_m_1_table_V, i25 %exp_x_msb_1_table_V" [src/yolo_yolo.cpp:42]   --->   Operation 148 'call' 'curr_output_data_sub_data_2_V' <Predicate = (!icmp_ln1027 & !p_Result_2)> <Delay = 6.65> <CoreType = "Generic">   --->   Core 0 '' <Latency = 0> <II = 1> <Delay = 1.00> <Generic> <Opcode : >
ST_5 : Operation 149 [27/30] (6.65ns)   --->   "%curr_output_data_sub_data_3_V = call i16 @logistic_activate, i16 %curr_input_data_sub_data_3_V, i11 %f_x_lsb_table_V, i25 %exp_x_msb_2_m_1_table_V, i25 %exp_x_msb_1_table_V" [src/yolo_yolo.cpp:47]   --->   Operation 149 'call' 'curr_output_data_sub_data_3_V' <Predicate = (!icmp_ln1027 & !p_Result_3)> <Delay = 6.65> <CoreType = "Generic">   --->   Core 0 '' <Latency = 0> <II = 1> <Delay = 1.00> <Generic> <Opcode : >

State 6 <SV = 5> <Delay = 6.65>
ST_6 : Operation 150 [26/30] (6.65ns)   --->   "%curr_output_data_sub_data_0_V = call i16 @logistic_activate, i16 %curr_input_data_sub_data_0_V, i11 %f_x_lsb_table_V, i25 %exp_x_msb_2_m_1_table_V, i25 %exp_x_msb_1_table_V" [src/yolo_yolo.cpp:32]   --->   Operation 150 'call' 'curr_output_data_sub_data_0_V' <Predicate = (!icmp_ln1027 & !p_Result_s)> <Delay = 6.65> <CoreType = "Generic">   --->   Core 0 '' <Latency = 0> <II = 1> <Delay = 1.00> <Generic> <Opcode : >
ST_6 : Operation 151 [26/30] (6.65ns)   --->   "%curr_output_data_sub_data_1_V = call i16 @logistic_activate, i16 %curr_input_data_sub_data_1_V, i11 %f_x_lsb_table_V, i25 %exp_x_msb_2_m_1_table_V, i25 %exp_x_msb_1_table_V" [src/yolo_yolo.cpp:37]   --->   Operation 151 'call' 'curr_output_data_sub_data_1_V' <Predicate = (!icmp_ln1027 & !p_Result_1)> <Delay = 6.65> <CoreType = "Generic">   --->   Core 0 '' <Latency = 0> <II = 1> <Delay = 1.00> <Generic> <Opcode : >
ST_6 : Operation 152 [26/30] (6.65ns)   --->   "%curr_output_data_sub_data_2_V = call i16 @logistic_activate, i16 %curr_input_data_sub_data_2_V, i11 %f_x_lsb_table_V, i25 %exp_x_msb_2_m_1_table_V, i25 %exp_x_msb_1_table_V" [src/yolo_yolo.cpp:42]   --->   Operation 152 'call' 'curr_output_data_sub_data_2_V' <Predicate = (!icmp_ln1027 & !p_Result_2)> <Delay = 6.65> <CoreType = "Generic">   --->   Core 0 '' <Latency = 0> <II = 1> <Delay = 1.00> <Generic> <Opcode : >
ST_6 : Operation 153 [26/30] (6.65ns)   --->   "%curr_output_data_sub_data_3_V = call i16 @logistic_activate, i16 %curr_input_data_sub_data_3_V, i11 %f_x_lsb_table_V, i25 %exp_x_msb_2_m_1_table_V, i25 %exp_x_msb_1_table_V" [src/yolo_yolo.cpp:47]   --->   Operation 153 'call' 'curr_output_data_sub_data_3_V' <Predicate = (!icmp_ln1027 & !p_Result_3)> <Delay = 6.65> <CoreType = "Generic">   --->   Core 0 '' <Latency = 0> <II = 1> <Delay = 1.00> <Generic> <Opcode : >

State 7 <SV = 6> <Delay = 6.65>
ST_7 : Operation 154 [25/30] (6.65ns)   --->   "%curr_output_data_sub_data_0_V = call i16 @logistic_activate, i16 %curr_input_data_sub_data_0_V, i11 %f_x_lsb_table_V, i25 %exp_x_msb_2_m_1_table_V, i25 %exp_x_msb_1_table_V" [src/yolo_yolo.cpp:32]   --->   Operation 154 'call' 'curr_output_data_sub_data_0_V' <Predicate = (!icmp_ln1027 & !p_Result_s)> <Delay = 6.65> <CoreType = "Generic">   --->   Core 0 '' <Latency = 0> <II = 1> <Delay = 1.00> <Generic> <Opcode : >
ST_7 : Operation 155 [25/30] (6.65ns)   --->   "%curr_output_data_sub_data_1_V = call i16 @logistic_activate, i16 %curr_input_data_sub_data_1_V, i11 %f_x_lsb_table_V, i25 %exp_x_msb_2_m_1_table_V, i25 %exp_x_msb_1_table_V" [src/yolo_yolo.cpp:37]   --->   Operation 155 'call' 'curr_output_data_sub_data_1_V' <Predicate = (!icmp_ln1027 & !p_Result_1)> <Delay = 6.65> <CoreType = "Generic">   --->   Core 0 '' <Latency = 0> <II = 1> <Delay = 1.00> <Generic> <Opcode : >
ST_7 : Operation 156 [25/30] (6.65ns)   --->   "%curr_output_data_sub_data_2_V = call i16 @logistic_activate, i16 %curr_input_data_sub_data_2_V, i11 %f_x_lsb_table_V, i25 %exp_x_msb_2_m_1_table_V, i25 %exp_x_msb_1_table_V" [src/yolo_yolo.cpp:42]   --->   Operation 156 'call' 'curr_output_data_sub_data_2_V' <Predicate = (!icmp_ln1027 & !p_Result_2)> <Delay = 6.65> <CoreType = "Generic">   --->   Core 0 '' <Latency = 0> <II = 1> <Delay = 1.00> <Generic> <Opcode : >
ST_7 : Operation 157 [25/30] (6.65ns)   --->   "%curr_output_data_sub_data_3_V = call i16 @logistic_activate, i16 %curr_input_data_sub_data_3_V, i11 %f_x_lsb_table_V, i25 %exp_x_msb_2_m_1_table_V, i25 %exp_x_msb_1_table_V" [src/yolo_yolo.cpp:47]   --->   Operation 157 'call' 'curr_output_data_sub_data_3_V' <Predicate = (!icmp_ln1027 & !p_Result_3)> <Delay = 6.65> <CoreType = "Generic">   --->   Core 0 '' <Latency = 0> <II = 1> <Delay = 1.00> <Generic> <Opcode : >

State 8 <SV = 7> <Delay = 6.65>
ST_8 : Operation 158 [24/30] (6.65ns)   --->   "%curr_output_data_sub_data_0_V = call i16 @logistic_activate, i16 %curr_input_data_sub_data_0_V, i11 %f_x_lsb_table_V, i25 %exp_x_msb_2_m_1_table_V, i25 %exp_x_msb_1_table_V" [src/yolo_yolo.cpp:32]   --->   Operation 158 'call' 'curr_output_data_sub_data_0_V' <Predicate = (!icmp_ln1027 & !p_Result_s)> <Delay = 6.65> <CoreType = "Generic">   --->   Core 0 '' <Latency = 0> <II = 1> <Delay = 1.00> <Generic> <Opcode : >
ST_8 : Operation 159 [24/30] (6.65ns)   --->   "%curr_output_data_sub_data_1_V = call i16 @logistic_activate, i16 %curr_input_data_sub_data_1_V, i11 %f_x_lsb_table_V, i25 %exp_x_msb_2_m_1_table_V, i25 %exp_x_msb_1_table_V" [src/yolo_yolo.cpp:37]   --->   Operation 159 'call' 'curr_output_data_sub_data_1_V' <Predicate = (!icmp_ln1027 & !p_Result_1)> <Delay = 6.65> <CoreType = "Generic">   --->   Core 0 '' <Latency = 0> <II = 1> <Delay = 1.00> <Generic> <Opcode : >
ST_8 : Operation 160 [24/30] (6.65ns)   --->   "%curr_output_data_sub_data_2_V = call i16 @logistic_activate, i16 %curr_input_data_sub_data_2_V, i11 %f_x_lsb_table_V, i25 %exp_x_msb_2_m_1_table_V, i25 %exp_x_msb_1_table_V" [src/yolo_yolo.cpp:42]   --->   Operation 160 'call' 'curr_output_data_sub_data_2_V' <Predicate = (!icmp_ln1027 & !p_Result_2)> <Delay = 6.65> <CoreType = "Generic">   --->   Core 0 '' <Latency = 0> <II = 1> <Delay = 1.00> <Generic> <Opcode : >
ST_8 : Operation 161 [24/30] (6.65ns)   --->   "%curr_output_data_sub_data_3_V = call i16 @logistic_activate, i16 %curr_input_data_sub_data_3_V, i11 %f_x_lsb_table_V, i25 %exp_x_msb_2_m_1_table_V, i25 %exp_x_msb_1_table_V" [src/yolo_yolo.cpp:47]   --->   Operation 161 'call' 'curr_output_data_sub_data_3_V' <Predicate = (!icmp_ln1027 & !p_Result_3)> <Delay = 6.65> <CoreType = "Generic">   --->   Core 0 '' <Latency = 0> <II = 1> <Delay = 1.00> <Generic> <Opcode : >

State 9 <SV = 8> <Delay = 6.65>
ST_9 : Operation 162 [23/30] (6.65ns)   --->   "%curr_output_data_sub_data_0_V = call i16 @logistic_activate, i16 %curr_input_data_sub_data_0_V, i11 %f_x_lsb_table_V, i25 %exp_x_msb_2_m_1_table_V, i25 %exp_x_msb_1_table_V" [src/yolo_yolo.cpp:32]   --->   Operation 162 'call' 'curr_output_data_sub_data_0_V' <Predicate = (!icmp_ln1027 & !p_Result_s)> <Delay = 6.65> <CoreType = "Generic">   --->   Core 0 '' <Latency = 0> <II = 1> <Delay = 1.00> <Generic> <Opcode : >
ST_9 : Operation 163 [23/30] (6.65ns)   --->   "%curr_output_data_sub_data_1_V = call i16 @logistic_activate, i16 %curr_input_data_sub_data_1_V, i11 %f_x_lsb_table_V, i25 %exp_x_msb_2_m_1_table_V, i25 %exp_x_msb_1_table_V" [src/yolo_yolo.cpp:37]   --->   Operation 163 'call' 'curr_output_data_sub_data_1_V' <Predicate = (!icmp_ln1027 & !p_Result_1)> <Delay = 6.65> <CoreType = "Generic">   --->   Core 0 '' <Latency = 0> <II = 1> <Delay = 1.00> <Generic> <Opcode : >
ST_9 : Operation 164 [23/30] (6.65ns)   --->   "%curr_output_data_sub_data_2_V = call i16 @logistic_activate, i16 %curr_input_data_sub_data_2_V, i11 %f_x_lsb_table_V, i25 %exp_x_msb_2_m_1_table_V, i25 %exp_x_msb_1_table_V" [src/yolo_yolo.cpp:42]   --->   Operation 164 'call' 'curr_output_data_sub_data_2_V' <Predicate = (!icmp_ln1027 & !p_Result_2)> <Delay = 6.65> <CoreType = "Generic">   --->   Core 0 '' <Latency = 0> <II = 1> <Delay = 1.00> <Generic> <Opcode : >
ST_9 : Operation 165 [23/30] (6.65ns)   --->   "%curr_output_data_sub_data_3_V = call i16 @logistic_activate, i16 %curr_input_data_sub_data_3_V, i11 %f_x_lsb_table_V, i25 %exp_x_msb_2_m_1_table_V, i25 %exp_x_msb_1_table_V" [src/yolo_yolo.cpp:47]   --->   Operation 165 'call' 'curr_output_data_sub_data_3_V' <Predicate = (!icmp_ln1027 & !p_Result_3)> <Delay = 6.65> <CoreType = "Generic">   --->   Core 0 '' <Latency = 0> <II = 1> <Delay = 1.00> <Generic> <Opcode : >

State 10 <SV = 9> <Delay = 6.65>
ST_10 : Operation 166 [22/30] (6.65ns)   --->   "%curr_output_data_sub_data_0_V = call i16 @logistic_activate, i16 %curr_input_data_sub_data_0_V, i11 %f_x_lsb_table_V, i25 %exp_x_msb_2_m_1_table_V, i25 %exp_x_msb_1_table_V" [src/yolo_yolo.cpp:32]   --->   Operation 166 'call' 'curr_output_data_sub_data_0_V' <Predicate = (!icmp_ln1027 & !p_Result_s)> <Delay = 6.65> <CoreType = "Generic">   --->   Core 0 '' <Latency = 0> <II = 1> <Delay = 1.00> <Generic> <Opcode : >
ST_10 : Operation 167 [22/30] (6.65ns)   --->   "%curr_output_data_sub_data_1_V = call i16 @logistic_activate, i16 %curr_input_data_sub_data_1_V, i11 %f_x_lsb_table_V, i25 %exp_x_msb_2_m_1_table_V, i25 %exp_x_msb_1_table_V" [src/yolo_yolo.cpp:37]   --->   Operation 167 'call' 'curr_output_data_sub_data_1_V' <Predicate = (!icmp_ln1027 & !p_Result_1)> <Delay = 6.65> <CoreType = "Generic">   --->   Core 0 '' <Latency = 0> <II = 1> <Delay = 1.00> <Generic> <Opcode : >
ST_10 : Operation 168 [22/30] (6.65ns)   --->   "%curr_output_data_sub_data_2_V = call i16 @logistic_activate, i16 %curr_input_data_sub_data_2_V, i11 %f_x_lsb_table_V, i25 %exp_x_msb_2_m_1_table_V, i25 %exp_x_msb_1_table_V" [src/yolo_yolo.cpp:42]   --->   Operation 168 'call' 'curr_output_data_sub_data_2_V' <Predicate = (!icmp_ln1027 & !p_Result_2)> <Delay = 6.65> <CoreType = "Generic">   --->   Core 0 '' <Latency = 0> <II = 1> <Delay = 1.00> <Generic> <Opcode : >
ST_10 : Operation 169 [22/30] (6.65ns)   --->   "%curr_output_data_sub_data_3_V = call i16 @logistic_activate, i16 %curr_input_data_sub_data_3_V, i11 %f_x_lsb_table_V, i25 %exp_x_msb_2_m_1_table_V, i25 %exp_x_msb_1_table_V" [src/yolo_yolo.cpp:47]   --->   Operation 169 'call' 'curr_output_data_sub_data_3_V' <Predicate = (!icmp_ln1027 & !p_Result_3)> <Delay = 6.65> <CoreType = "Generic">   --->   Core 0 '' <Latency = 0> <II = 1> <Delay = 1.00> <Generic> <Opcode : >

State 11 <SV = 10> <Delay = 6.65>
ST_11 : Operation 170 [21/30] (6.65ns)   --->   "%curr_output_data_sub_data_0_V = call i16 @logistic_activate, i16 %curr_input_data_sub_data_0_V, i11 %f_x_lsb_table_V, i25 %exp_x_msb_2_m_1_table_V, i25 %exp_x_msb_1_table_V" [src/yolo_yolo.cpp:32]   --->   Operation 170 'call' 'curr_output_data_sub_data_0_V' <Predicate = (!icmp_ln1027 & !p_Result_s)> <Delay = 6.65> <CoreType = "Generic">   --->   Core 0 '' <Latency = 0> <II = 1> <Delay = 1.00> <Generic> <Opcode : >
ST_11 : Operation 171 [21/30] (6.65ns)   --->   "%curr_output_data_sub_data_1_V = call i16 @logistic_activate, i16 %curr_input_data_sub_data_1_V, i11 %f_x_lsb_table_V, i25 %exp_x_msb_2_m_1_table_V, i25 %exp_x_msb_1_table_V" [src/yolo_yolo.cpp:37]   --->   Operation 171 'call' 'curr_output_data_sub_data_1_V' <Predicate = (!icmp_ln1027 & !p_Result_1)> <Delay = 6.65> <CoreType = "Generic">   --->   Core 0 '' <Latency = 0> <II = 1> <Delay = 1.00> <Generic> <Opcode : >
ST_11 : Operation 172 [21/30] (6.65ns)   --->   "%curr_output_data_sub_data_2_V = call i16 @logistic_activate, i16 %curr_input_data_sub_data_2_V, i11 %f_x_lsb_table_V, i25 %exp_x_msb_2_m_1_table_V, i25 %exp_x_msb_1_table_V" [src/yolo_yolo.cpp:42]   --->   Operation 172 'call' 'curr_output_data_sub_data_2_V' <Predicate = (!icmp_ln1027 & !p_Result_2)> <Delay = 6.65> <CoreType = "Generic">   --->   Core 0 '' <Latency = 0> <II = 1> <Delay = 1.00> <Generic> <Opcode : >
ST_11 : Operation 173 [21/30] (6.65ns)   --->   "%curr_output_data_sub_data_3_V = call i16 @logistic_activate, i16 %curr_input_data_sub_data_3_V, i11 %f_x_lsb_table_V, i25 %exp_x_msb_2_m_1_table_V, i25 %exp_x_msb_1_table_V" [src/yolo_yolo.cpp:47]   --->   Operation 173 'call' 'curr_output_data_sub_data_3_V' <Predicate = (!icmp_ln1027 & !p_Result_3)> <Delay = 6.65> <CoreType = "Generic">   --->   Core 0 '' <Latency = 0> <II = 1> <Delay = 1.00> <Generic> <Opcode : >

State 12 <SV = 11> <Delay = 6.65>
ST_12 : Operation 174 [20/30] (6.65ns)   --->   "%curr_output_data_sub_data_0_V = call i16 @logistic_activate, i16 %curr_input_data_sub_data_0_V, i11 %f_x_lsb_table_V, i25 %exp_x_msb_2_m_1_table_V, i25 %exp_x_msb_1_table_V" [src/yolo_yolo.cpp:32]   --->   Operation 174 'call' 'curr_output_data_sub_data_0_V' <Predicate = (!icmp_ln1027 & !p_Result_s)> <Delay = 6.65> <CoreType = "Generic">   --->   Core 0 '' <Latency = 0> <II = 1> <Delay = 1.00> <Generic> <Opcode : >
ST_12 : Operation 175 [20/30] (6.65ns)   --->   "%curr_output_data_sub_data_1_V = call i16 @logistic_activate, i16 %curr_input_data_sub_data_1_V, i11 %f_x_lsb_table_V, i25 %exp_x_msb_2_m_1_table_V, i25 %exp_x_msb_1_table_V" [src/yolo_yolo.cpp:37]   --->   Operation 175 'call' 'curr_output_data_sub_data_1_V' <Predicate = (!icmp_ln1027 & !p_Result_1)> <Delay = 6.65> <CoreType = "Generic">   --->   Core 0 '' <Latency = 0> <II = 1> <Delay = 1.00> <Generic> <Opcode : >
ST_12 : Operation 176 [20/30] (6.65ns)   --->   "%curr_output_data_sub_data_2_V = call i16 @logistic_activate, i16 %curr_input_data_sub_data_2_V, i11 %f_x_lsb_table_V, i25 %exp_x_msb_2_m_1_table_V, i25 %exp_x_msb_1_table_V" [src/yolo_yolo.cpp:42]   --->   Operation 176 'call' 'curr_output_data_sub_data_2_V' <Predicate = (!icmp_ln1027 & !p_Result_2)> <Delay = 6.65> <CoreType = "Generic">   --->   Core 0 '' <Latency = 0> <II = 1> <Delay = 1.00> <Generic> <Opcode : >
ST_12 : Operation 177 [20/30] (6.65ns)   --->   "%curr_output_data_sub_data_3_V = call i16 @logistic_activate, i16 %curr_input_data_sub_data_3_V, i11 %f_x_lsb_table_V, i25 %exp_x_msb_2_m_1_table_V, i25 %exp_x_msb_1_table_V" [src/yolo_yolo.cpp:47]   --->   Operation 177 'call' 'curr_output_data_sub_data_3_V' <Predicate = (!icmp_ln1027 & !p_Result_3)> <Delay = 6.65> <CoreType = "Generic">   --->   Core 0 '' <Latency = 0> <II = 1> <Delay = 1.00> <Generic> <Opcode : >

State 13 <SV = 12> <Delay = 6.65>
ST_13 : Operation 178 [19/30] (6.65ns)   --->   "%curr_output_data_sub_data_0_V = call i16 @logistic_activate, i16 %curr_input_data_sub_data_0_V, i11 %f_x_lsb_table_V, i25 %exp_x_msb_2_m_1_table_V, i25 %exp_x_msb_1_table_V" [src/yolo_yolo.cpp:32]   --->   Operation 178 'call' 'curr_output_data_sub_data_0_V' <Predicate = (!icmp_ln1027 & !p_Result_s)> <Delay = 6.65> <CoreType = "Generic">   --->   Core 0 '' <Latency = 0> <II = 1> <Delay = 1.00> <Generic> <Opcode : >
ST_13 : Operation 179 [19/30] (6.65ns)   --->   "%curr_output_data_sub_data_1_V = call i16 @logistic_activate, i16 %curr_input_data_sub_data_1_V, i11 %f_x_lsb_table_V, i25 %exp_x_msb_2_m_1_table_V, i25 %exp_x_msb_1_table_V" [src/yolo_yolo.cpp:37]   --->   Operation 179 'call' 'curr_output_data_sub_data_1_V' <Predicate = (!icmp_ln1027 & !p_Result_1)> <Delay = 6.65> <CoreType = "Generic">   --->   Core 0 '' <Latency = 0> <II = 1> <Delay = 1.00> <Generic> <Opcode : >
ST_13 : Operation 180 [19/30] (6.65ns)   --->   "%curr_output_data_sub_data_2_V = call i16 @logistic_activate, i16 %curr_input_data_sub_data_2_V, i11 %f_x_lsb_table_V, i25 %exp_x_msb_2_m_1_table_V, i25 %exp_x_msb_1_table_V" [src/yolo_yolo.cpp:42]   --->   Operation 180 'call' 'curr_output_data_sub_data_2_V' <Predicate = (!icmp_ln1027 & !p_Result_2)> <Delay = 6.65> <CoreType = "Generic">   --->   Core 0 '' <Latency = 0> <II = 1> <Delay = 1.00> <Generic> <Opcode : >
ST_13 : Operation 181 [19/30] (6.65ns)   --->   "%curr_output_data_sub_data_3_V = call i16 @logistic_activate, i16 %curr_input_data_sub_data_3_V, i11 %f_x_lsb_table_V, i25 %exp_x_msb_2_m_1_table_V, i25 %exp_x_msb_1_table_V" [src/yolo_yolo.cpp:47]   --->   Operation 181 'call' 'curr_output_data_sub_data_3_V' <Predicate = (!icmp_ln1027 & !p_Result_3)> <Delay = 6.65> <CoreType = "Generic">   --->   Core 0 '' <Latency = 0> <II = 1> <Delay = 1.00> <Generic> <Opcode : >

State 14 <SV = 13> <Delay = 6.65>
ST_14 : Operation 182 [18/30] (6.65ns)   --->   "%curr_output_data_sub_data_0_V = call i16 @logistic_activate, i16 %curr_input_data_sub_data_0_V, i11 %f_x_lsb_table_V, i25 %exp_x_msb_2_m_1_table_V, i25 %exp_x_msb_1_table_V" [src/yolo_yolo.cpp:32]   --->   Operation 182 'call' 'curr_output_data_sub_data_0_V' <Predicate = (!icmp_ln1027 & !p_Result_s)> <Delay = 6.65> <CoreType = "Generic">   --->   Core 0 '' <Latency = 0> <II = 1> <Delay = 1.00> <Generic> <Opcode : >
ST_14 : Operation 183 [18/30] (6.65ns)   --->   "%curr_output_data_sub_data_1_V = call i16 @logistic_activate, i16 %curr_input_data_sub_data_1_V, i11 %f_x_lsb_table_V, i25 %exp_x_msb_2_m_1_table_V, i25 %exp_x_msb_1_table_V" [src/yolo_yolo.cpp:37]   --->   Operation 183 'call' 'curr_output_data_sub_data_1_V' <Predicate = (!icmp_ln1027 & !p_Result_1)> <Delay = 6.65> <CoreType = "Generic">   --->   Core 0 '' <Latency = 0> <II = 1> <Delay = 1.00> <Generic> <Opcode : >
ST_14 : Operation 184 [18/30] (6.65ns)   --->   "%curr_output_data_sub_data_2_V = call i16 @logistic_activate, i16 %curr_input_data_sub_data_2_V, i11 %f_x_lsb_table_V, i25 %exp_x_msb_2_m_1_table_V, i25 %exp_x_msb_1_table_V" [src/yolo_yolo.cpp:42]   --->   Operation 184 'call' 'curr_output_data_sub_data_2_V' <Predicate = (!icmp_ln1027 & !p_Result_2)> <Delay = 6.65> <CoreType = "Generic">   --->   Core 0 '' <Latency = 0> <II = 1> <Delay = 1.00> <Generic> <Opcode : >
ST_14 : Operation 185 [18/30] (6.65ns)   --->   "%curr_output_data_sub_data_3_V = call i16 @logistic_activate, i16 %curr_input_data_sub_data_3_V, i11 %f_x_lsb_table_V, i25 %exp_x_msb_2_m_1_table_V, i25 %exp_x_msb_1_table_V" [src/yolo_yolo.cpp:47]   --->   Operation 185 'call' 'curr_output_data_sub_data_3_V' <Predicate = (!icmp_ln1027 & !p_Result_3)> <Delay = 6.65> <CoreType = "Generic">   --->   Core 0 '' <Latency = 0> <II = 1> <Delay = 1.00> <Generic> <Opcode : >

State 15 <SV = 14> <Delay = 6.65>
ST_15 : Operation 186 [17/30] (6.65ns)   --->   "%curr_output_data_sub_data_0_V = call i16 @logistic_activate, i16 %curr_input_data_sub_data_0_V, i11 %f_x_lsb_table_V, i25 %exp_x_msb_2_m_1_table_V, i25 %exp_x_msb_1_table_V" [src/yolo_yolo.cpp:32]   --->   Operation 186 'call' 'curr_output_data_sub_data_0_V' <Predicate = (!icmp_ln1027 & !p_Result_s)> <Delay = 6.65> <CoreType = "Generic">   --->   Core 0 '' <Latency = 0> <II = 1> <Delay = 1.00> <Generic> <Opcode : >
ST_15 : Operation 187 [17/30] (6.65ns)   --->   "%curr_output_data_sub_data_1_V = call i16 @logistic_activate, i16 %curr_input_data_sub_data_1_V, i11 %f_x_lsb_table_V, i25 %exp_x_msb_2_m_1_table_V, i25 %exp_x_msb_1_table_V" [src/yolo_yolo.cpp:37]   --->   Operation 187 'call' 'curr_output_data_sub_data_1_V' <Predicate = (!icmp_ln1027 & !p_Result_1)> <Delay = 6.65> <CoreType = "Generic">   --->   Core 0 '' <Latency = 0> <II = 1> <Delay = 1.00> <Generic> <Opcode : >
ST_15 : Operation 188 [17/30] (6.65ns)   --->   "%curr_output_data_sub_data_2_V = call i16 @logistic_activate, i16 %curr_input_data_sub_data_2_V, i11 %f_x_lsb_table_V, i25 %exp_x_msb_2_m_1_table_V, i25 %exp_x_msb_1_table_V" [src/yolo_yolo.cpp:42]   --->   Operation 188 'call' 'curr_output_data_sub_data_2_V' <Predicate = (!icmp_ln1027 & !p_Result_2)> <Delay = 6.65> <CoreType = "Generic">   --->   Core 0 '' <Latency = 0> <II = 1> <Delay = 1.00> <Generic> <Opcode : >
ST_15 : Operation 189 [17/30] (6.65ns)   --->   "%curr_output_data_sub_data_3_V = call i16 @logistic_activate, i16 %curr_input_data_sub_data_3_V, i11 %f_x_lsb_table_V, i25 %exp_x_msb_2_m_1_table_V, i25 %exp_x_msb_1_table_V" [src/yolo_yolo.cpp:47]   --->   Operation 189 'call' 'curr_output_data_sub_data_3_V' <Predicate = (!icmp_ln1027 & !p_Result_3)> <Delay = 6.65> <CoreType = "Generic">   --->   Core 0 '' <Latency = 0> <II = 1> <Delay = 1.00> <Generic> <Opcode : >

State 16 <SV = 15> <Delay = 6.65>
ST_16 : Operation 190 [16/30] (6.65ns)   --->   "%curr_output_data_sub_data_0_V = call i16 @logistic_activate, i16 %curr_input_data_sub_data_0_V, i11 %f_x_lsb_table_V, i25 %exp_x_msb_2_m_1_table_V, i25 %exp_x_msb_1_table_V" [src/yolo_yolo.cpp:32]   --->   Operation 190 'call' 'curr_output_data_sub_data_0_V' <Predicate = (!icmp_ln1027 & !p_Result_s)> <Delay = 6.65> <CoreType = "Generic">   --->   Core 0 '' <Latency = 0> <II = 1> <Delay = 1.00> <Generic> <Opcode : >
ST_16 : Operation 191 [16/30] (6.65ns)   --->   "%curr_output_data_sub_data_1_V = call i16 @logistic_activate, i16 %curr_input_data_sub_data_1_V, i11 %f_x_lsb_table_V, i25 %exp_x_msb_2_m_1_table_V, i25 %exp_x_msb_1_table_V" [src/yolo_yolo.cpp:37]   --->   Operation 191 'call' 'curr_output_data_sub_data_1_V' <Predicate = (!icmp_ln1027 & !p_Result_1)> <Delay = 6.65> <CoreType = "Generic">   --->   Core 0 '' <Latency = 0> <II = 1> <Delay = 1.00> <Generic> <Opcode : >
ST_16 : Operation 192 [16/30] (6.65ns)   --->   "%curr_output_data_sub_data_2_V = call i16 @logistic_activate, i16 %curr_input_data_sub_data_2_V, i11 %f_x_lsb_table_V, i25 %exp_x_msb_2_m_1_table_V, i25 %exp_x_msb_1_table_V" [src/yolo_yolo.cpp:42]   --->   Operation 192 'call' 'curr_output_data_sub_data_2_V' <Predicate = (!icmp_ln1027 & !p_Result_2)> <Delay = 6.65> <CoreType = "Generic">   --->   Core 0 '' <Latency = 0> <II = 1> <Delay = 1.00> <Generic> <Opcode : >
ST_16 : Operation 193 [16/30] (6.65ns)   --->   "%curr_output_data_sub_data_3_V = call i16 @logistic_activate, i16 %curr_input_data_sub_data_3_V, i11 %f_x_lsb_table_V, i25 %exp_x_msb_2_m_1_table_V, i25 %exp_x_msb_1_table_V" [src/yolo_yolo.cpp:47]   --->   Operation 193 'call' 'curr_output_data_sub_data_3_V' <Predicate = (!icmp_ln1027 & !p_Result_3)> <Delay = 6.65> <CoreType = "Generic">   --->   Core 0 '' <Latency = 0> <II = 1> <Delay = 1.00> <Generic> <Opcode : >

State 17 <SV = 16> <Delay = 6.65>
ST_17 : Operation 194 [15/30] (6.65ns)   --->   "%curr_output_data_sub_data_0_V = call i16 @logistic_activate, i16 %curr_input_data_sub_data_0_V, i11 %f_x_lsb_table_V, i25 %exp_x_msb_2_m_1_table_V, i25 %exp_x_msb_1_table_V" [src/yolo_yolo.cpp:32]   --->   Operation 194 'call' 'curr_output_data_sub_data_0_V' <Predicate = (!icmp_ln1027 & !p_Result_s)> <Delay = 6.65> <CoreType = "Generic">   --->   Core 0 '' <Latency = 0> <II = 1> <Delay = 1.00> <Generic> <Opcode : >
ST_17 : Operation 195 [15/30] (6.65ns)   --->   "%curr_output_data_sub_data_1_V = call i16 @logistic_activate, i16 %curr_input_data_sub_data_1_V, i11 %f_x_lsb_table_V, i25 %exp_x_msb_2_m_1_table_V, i25 %exp_x_msb_1_table_V" [src/yolo_yolo.cpp:37]   --->   Operation 195 'call' 'curr_output_data_sub_data_1_V' <Predicate = (!icmp_ln1027 & !p_Result_1)> <Delay = 6.65> <CoreType = "Generic">   --->   Core 0 '' <Latency = 0> <II = 1> <Delay = 1.00> <Generic> <Opcode : >
ST_17 : Operation 196 [15/30] (6.65ns)   --->   "%curr_output_data_sub_data_2_V = call i16 @logistic_activate, i16 %curr_input_data_sub_data_2_V, i11 %f_x_lsb_table_V, i25 %exp_x_msb_2_m_1_table_V, i25 %exp_x_msb_1_table_V" [src/yolo_yolo.cpp:42]   --->   Operation 196 'call' 'curr_output_data_sub_data_2_V' <Predicate = (!icmp_ln1027 & !p_Result_2)> <Delay = 6.65> <CoreType = "Generic">   --->   Core 0 '' <Latency = 0> <II = 1> <Delay = 1.00> <Generic> <Opcode : >
ST_17 : Operation 197 [15/30] (6.65ns)   --->   "%curr_output_data_sub_data_3_V = call i16 @logistic_activate, i16 %curr_input_data_sub_data_3_V, i11 %f_x_lsb_table_V, i25 %exp_x_msb_2_m_1_table_V, i25 %exp_x_msb_1_table_V" [src/yolo_yolo.cpp:47]   --->   Operation 197 'call' 'curr_output_data_sub_data_3_V' <Predicate = (!icmp_ln1027 & !p_Result_3)> <Delay = 6.65> <CoreType = "Generic">   --->   Core 0 '' <Latency = 0> <II = 1> <Delay = 1.00> <Generic> <Opcode : >

State 18 <SV = 17> <Delay = 6.65>
ST_18 : Operation 198 [14/30] (6.65ns)   --->   "%curr_output_data_sub_data_0_V = call i16 @logistic_activate, i16 %curr_input_data_sub_data_0_V, i11 %f_x_lsb_table_V, i25 %exp_x_msb_2_m_1_table_V, i25 %exp_x_msb_1_table_V" [src/yolo_yolo.cpp:32]   --->   Operation 198 'call' 'curr_output_data_sub_data_0_V' <Predicate = (!icmp_ln1027 & !p_Result_s)> <Delay = 6.65> <CoreType = "Generic">   --->   Core 0 '' <Latency = 0> <II = 1> <Delay = 1.00> <Generic> <Opcode : >
ST_18 : Operation 199 [14/30] (6.65ns)   --->   "%curr_output_data_sub_data_1_V = call i16 @logistic_activate, i16 %curr_input_data_sub_data_1_V, i11 %f_x_lsb_table_V, i25 %exp_x_msb_2_m_1_table_V, i25 %exp_x_msb_1_table_V" [src/yolo_yolo.cpp:37]   --->   Operation 199 'call' 'curr_output_data_sub_data_1_V' <Predicate = (!icmp_ln1027 & !p_Result_1)> <Delay = 6.65> <CoreType = "Generic">   --->   Core 0 '' <Latency = 0> <II = 1> <Delay = 1.00> <Generic> <Opcode : >
ST_18 : Operation 200 [14/30] (6.65ns)   --->   "%curr_output_data_sub_data_2_V = call i16 @logistic_activate, i16 %curr_input_data_sub_data_2_V, i11 %f_x_lsb_table_V, i25 %exp_x_msb_2_m_1_table_V, i25 %exp_x_msb_1_table_V" [src/yolo_yolo.cpp:42]   --->   Operation 200 'call' 'curr_output_data_sub_data_2_V' <Predicate = (!icmp_ln1027 & !p_Result_2)> <Delay = 6.65> <CoreType = "Generic">   --->   Core 0 '' <Latency = 0> <II = 1> <Delay = 1.00> <Generic> <Opcode : >
ST_18 : Operation 201 [14/30] (6.65ns)   --->   "%curr_output_data_sub_data_3_V = call i16 @logistic_activate, i16 %curr_input_data_sub_data_3_V, i11 %f_x_lsb_table_V, i25 %exp_x_msb_2_m_1_table_V, i25 %exp_x_msb_1_table_V" [src/yolo_yolo.cpp:47]   --->   Operation 201 'call' 'curr_output_data_sub_data_3_V' <Predicate = (!icmp_ln1027 & !p_Result_3)> <Delay = 6.65> <CoreType = "Generic">   --->   Core 0 '' <Latency = 0> <II = 1> <Delay = 1.00> <Generic> <Opcode : >

State 19 <SV = 18> <Delay = 6.65>
ST_19 : Operation 202 [13/30] (6.65ns)   --->   "%curr_output_data_sub_data_0_V = call i16 @logistic_activate, i16 %curr_input_data_sub_data_0_V, i11 %f_x_lsb_table_V, i25 %exp_x_msb_2_m_1_table_V, i25 %exp_x_msb_1_table_V" [src/yolo_yolo.cpp:32]   --->   Operation 202 'call' 'curr_output_data_sub_data_0_V' <Predicate = (!icmp_ln1027 & !p_Result_s)> <Delay = 6.65> <CoreType = "Generic">   --->   Core 0 '' <Latency = 0> <II = 1> <Delay = 1.00> <Generic> <Opcode : >
ST_19 : Operation 203 [13/30] (6.65ns)   --->   "%curr_output_data_sub_data_1_V = call i16 @logistic_activate, i16 %curr_input_data_sub_data_1_V, i11 %f_x_lsb_table_V, i25 %exp_x_msb_2_m_1_table_V, i25 %exp_x_msb_1_table_V" [src/yolo_yolo.cpp:37]   --->   Operation 203 'call' 'curr_output_data_sub_data_1_V' <Predicate = (!icmp_ln1027 & !p_Result_1)> <Delay = 6.65> <CoreType = "Generic">   --->   Core 0 '' <Latency = 0> <II = 1> <Delay = 1.00> <Generic> <Opcode : >
ST_19 : Operation 204 [13/30] (6.65ns)   --->   "%curr_output_data_sub_data_2_V = call i16 @logistic_activate, i16 %curr_input_data_sub_data_2_V, i11 %f_x_lsb_table_V, i25 %exp_x_msb_2_m_1_table_V, i25 %exp_x_msb_1_table_V" [src/yolo_yolo.cpp:42]   --->   Operation 204 'call' 'curr_output_data_sub_data_2_V' <Predicate = (!icmp_ln1027 & !p_Result_2)> <Delay = 6.65> <CoreType = "Generic">   --->   Core 0 '' <Latency = 0> <II = 1> <Delay = 1.00> <Generic> <Opcode : >
ST_19 : Operation 205 [13/30] (6.65ns)   --->   "%curr_output_data_sub_data_3_V = call i16 @logistic_activate, i16 %curr_input_data_sub_data_3_V, i11 %f_x_lsb_table_V, i25 %exp_x_msb_2_m_1_table_V, i25 %exp_x_msb_1_table_V" [src/yolo_yolo.cpp:47]   --->   Operation 205 'call' 'curr_output_data_sub_data_3_V' <Predicate = (!icmp_ln1027 & !p_Result_3)> <Delay = 6.65> <CoreType = "Generic">   --->   Core 0 '' <Latency = 0> <II = 1> <Delay = 1.00> <Generic> <Opcode : >

State 20 <SV = 19> <Delay = 6.65>
ST_20 : Operation 206 [12/30] (6.65ns)   --->   "%curr_output_data_sub_data_0_V = call i16 @logistic_activate, i16 %curr_input_data_sub_data_0_V, i11 %f_x_lsb_table_V, i25 %exp_x_msb_2_m_1_table_V, i25 %exp_x_msb_1_table_V" [src/yolo_yolo.cpp:32]   --->   Operation 206 'call' 'curr_output_data_sub_data_0_V' <Predicate = (!icmp_ln1027 & !p_Result_s)> <Delay = 6.65> <CoreType = "Generic">   --->   Core 0 '' <Latency = 0> <II = 1> <Delay = 1.00> <Generic> <Opcode : >
ST_20 : Operation 207 [12/30] (6.65ns)   --->   "%curr_output_data_sub_data_1_V = call i16 @logistic_activate, i16 %curr_input_data_sub_data_1_V, i11 %f_x_lsb_table_V, i25 %exp_x_msb_2_m_1_table_V, i25 %exp_x_msb_1_table_V" [src/yolo_yolo.cpp:37]   --->   Operation 207 'call' 'curr_output_data_sub_data_1_V' <Predicate = (!icmp_ln1027 & !p_Result_1)> <Delay = 6.65> <CoreType = "Generic">   --->   Core 0 '' <Latency = 0> <II = 1> <Delay = 1.00> <Generic> <Opcode : >
ST_20 : Operation 208 [12/30] (6.65ns)   --->   "%curr_output_data_sub_data_2_V = call i16 @logistic_activate, i16 %curr_input_data_sub_data_2_V, i11 %f_x_lsb_table_V, i25 %exp_x_msb_2_m_1_table_V, i25 %exp_x_msb_1_table_V" [src/yolo_yolo.cpp:42]   --->   Operation 208 'call' 'curr_output_data_sub_data_2_V' <Predicate = (!icmp_ln1027 & !p_Result_2)> <Delay = 6.65> <CoreType = "Generic">   --->   Core 0 '' <Latency = 0> <II = 1> <Delay = 1.00> <Generic> <Opcode : >
ST_20 : Operation 209 [12/30] (6.65ns)   --->   "%curr_output_data_sub_data_3_V = call i16 @logistic_activate, i16 %curr_input_data_sub_data_3_V, i11 %f_x_lsb_table_V, i25 %exp_x_msb_2_m_1_table_V, i25 %exp_x_msb_1_table_V" [src/yolo_yolo.cpp:47]   --->   Operation 209 'call' 'curr_output_data_sub_data_3_V' <Predicate = (!icmp_ln1027 & !p_Result_3)> <Delay = 6.65> <CoreType = "Generic">   --->   Core 0 '' <Latency = 0> <II = 1> <Delay = 1.00> <Generic> <Opcode : >

State 21 <SV = 20> <Delay = 6.65>
ST_21 : Operation 210 [11/30] (6.65ns)   --->   "%curr_output_data_sub_data_0_V = call i16 @logistic_activate, i16 %curr_input_data_sub_data_0_V, i11 %f_x_lsb_table_V, i25 %exp_x_msb_2_m_1_table_V, i25 %exp_x_msb_1_table_V" [src/yolo_yolo.cpp:32]   --->   Operation 210 'call' 'curr_output_data_sub_data_0_V' <Predicate = (!icmp_ln1027 & !p_Result_s)> <Delay = 6.65> <CoreType = "Generic">   --->   Core 0 '' <Latency = 0> <II = 1> <Delay = 1.00> <Generic> <Opcode : >
ST_21 : Operation 211 [11/30] (6.65ns)   --->   "%curr_output_data_sub_data_1_V = call i16 @logistic_activate, i16 %curr_input_data_sub_data_1_V, i11 %f_x_lsb_table_V, i25 %exp_x_msb_2_m_1_table_V, i25 %exp_x_msb_1_table_V" [src/yolo_yolo.cpp:37]   --->   Operation 211 'call' 'curr_output_data_sub_data_1_V' <Predicate = (!icmp_ln1027 & !p_Result_1)> <Delay = 6.65> <CoreType = "Generic">   --->   Core 0 '' <Latency = 0> <II = 1> <Delay = 1.00> <Generic> <Opcode : >
ST_21 : Operation 212 [11/30] (6.65ns)   --->   "%curr_output_data_sub_data_2_V = call i16 @logistic_activate, i16 %curr_input_data_sub_data_2_V, i11 %f_x_lsb_table_V, i25 %exp_x_msb_2_m_1_table_V, i25 %exp_x_msb_1_table_V" [src/yolo_yolo.cpp:42]   --->   Operation 212 'call' 'curr_output_data_sub_data_2_V' <Predicate = (!icmp_ln1027 & !p_Result_2)> <Delay = 6.65> <CoreType = "Generic">   --->   Core 0 '' <Latency = 0> <II = 1> <Delay = 1.00> <Generic> <Opcode : >
ST_21 : Operation 213 [11/30] (6.65ns)   --->   "%curr_output_data_sub_data_3_V = call i16 @logistic_activate, i16 %curr_input_data_sub_data_3_V, i11 %f_x_lsb_table_V, i25 %exp_x_msb_2_m_1_table_V, i25 %exp_x_msb_1_table_V" [src/yolo_yolo.cpp:47]   --->   Operation 213 'call' 'curr_output_data_sub_data_3_V' <Predicate = (!icmp_ln1027 & !p_Result_3)> <Delay = 6.65> <CoreType = "Generic">   --->   Core 0 '' <Latency = 0> <II = 1> <Delay = 1.00> <Generic> <Opcode : >

State 22 <SV = 21> <Delay = 6.65>
ST_22 : Operation 214 [10/30] (6.65ns)   --->   "%curr_output_data_sub_data_0_V = call i16 @logistic_activate, i16 %curr_input_data_sub_data_0_V, i11 %f_x_lsb_table_V, i25 %exp_x_msb_2_m_1_table_V, i25 %exp_x_msb_1_table_V" [src/yolo_yolo.cpp:32]   --->   Operation 214 'call' 'curr_output_data_sub_data_0_V' <Predicate = (!icmp_ln1027 & !p_Result_s)> <Delay = 6.65> <CoreType = "Generic">   --->   Core 0 '' <Latency = 0> <II = 1> <Delay = 1.00> <Generic> <Opcode : >
ST_22 : Operation 215 [10/30] (6.65ns)   --->   "%curr_output_data_sub_data_1_V = call i16 @logistic_activate, i16 %curr_input_data_sub_data_1_V, i11 %f_x_lsb_table_V, i25 %exp_x_msb_2_m_1_table_V, i25 %exp_x_msb_1_table_V" [src/yolo_yolo.cpp:37]   --->   Operation 215 'call' 'curr_output_data_sub_data_1_V' <Predicate = (!icmp_ln1027 & !p_Result_1)> <Delay = 6.65> <CoreType = "Generic">   --->   Core 0 '' <Latency = 0> <II = 1> <Delay = 1.00> <Generic> <Opcode : >
ST_22 : Operation 216 [10/30] (6.65ns)   --->   "%curr_output_data_sub_data_2_V = call i16 @logistic_activate, i16 %curr_input_data_sub_data_2_V, i11 %f_x_lsb_table_V, i25 %exp_x_msb_2_m_1_table_V, i25 %exp_x_msb_1_table_V" [src/yolo_yolo.cpp:42]   --->   Operation 216 'call' 'curr_output_data_sub_data_2_V' <Predicate = (!icmp_ln1027 & !p_Result_2)> <Delay = 6.65> <CoreType = "Generic">   --->   Core 0 '' <Latency = 0> <II = 1> <Delay = 1.00> <Generic> <Opcode : >
ST_22 : Operation 217 [10/30] (6.65ns)   --->   "%curr_output_data_sub_data_3_V = call i16 @logistic_activate, i16 %curr_input_data_sub_data_3_V, i11 %f_x_lsb_table_V, i25 %exp_x_msb_2_m_1_table_V, i25 %exp_x_msb_1_table_V" [src/yolo_yolo.cpp:47]   --->   Operation 217 'call' 'curr_output_data_sub_data_3_V' <Predicate = (!icmp_ln1027 & !p_Result_3)> <Delay = 6.65> <CoreType = "Generic">   --->   Core 0 '' <Latency = 0> <II = 1> <Delay = 1.00> <Generic> <Opcode : >

State 23 <SV = 22> <Delay = 6.65>
ST_23 : Operation 218 [9/30] (6.65ns)   --->   "%curr_output_data_sub_data_0_V = call i16 @logistic_activate, i16 %curr_input_data_sub_data_0_V, i11 %f_x_lsb_table_V, i25 %exp_x_msb_2_m_1_table_V, i25 %exp_x_msb_1_table_V" [src/yolo_yolo.cpp:32]   --->   Operation 218 'call' 'curr_output_data_sub_data_0_V' <Predicate = (!icmp_ln1027 & !p_Result_s)> <Delay = 6.65> <CoreType = "Generic">   --->   Core 0 '' <Latency = 0> <II = 1> <Delay = 1.00> <Generic> <Opcode : >
ST_23 : Operation 219 [9/30] (6.65ns)   --->   "%curr_output_data_sub_data_1_V = call i16 @logistic_activate, i16 %curr_input_data_sub_data_1_V, i11 %f_x_lsb_table_V, i25 %exp_x_msb_2_m_1_table_V, i25 %exp_x_msb_1_table_V" [src/yolo_yolo.cpp:37]   --->   Operation 219 'call' 'curr_output_data_sub_data_1_V' <Predicate = (!icmp_ln1027 & !p_Result_1)> <Delay = 6.65> <CoreType = "Generic">   --->   Core 0 '' <Latency = 0> <II = 1> <Delay = 1.00> <Generic> <Opcode : >
ST_23 : Operation 220 [9/30] (6.65ns)   --->   "%curr_output_data_sub_data_2_V = call i16 @logistic_activate, i16 %curr_input_data_sub_data_2_V, i11 %f_x_lsb_table_V, i25 %exp_x_msb_2_m_1_table_V, i25 %exp_x_msb_1_table_V" [src/yolo_yolo.cpp:42]   --->   Operation 220 'call' 'curr_output_data_sub_data_2_V' <Predicate = (!icmp_ln1027 & !p_Result_2)> <Delay = 6.65> <CoreType = "Generic">   --->   Core 0 '' <Latency = 0> <II = 1> <Delay = 1.00> <Generic> <Opcode : >
ST_23 : Operation 221 [9/30] (6.65ns)   --->   "%curr_output_data_sub_data_3_V = call i16 @logistic_activate, i16 %curr_input_data_sub_data_3_V, i11 %f_x_lsb_table_V, i25 %exp_x_msb_2_m_1_table_V, i25 %exp_x_msb_1_table_V" [src/yolo_yolo.cpp:47]   --->   Operation 221 'call' 'curr_output_data_sub_data_3_V' <Predicate = (!icmp_ln1027 & !p_Result_3)> <Delay = 6.65> <CoreType = "Generic">   --->   Core 0 '' <Latency = 0> <II = 1> <Delay = 1.00> <Generic> <Opcode : >

State 24 <SV = 23> <Delay = 6.65>
ST_24 : Operation 222 [8/30] (6.65ns)   --->   "%curr_output_data_sub_data_0_V = call i16 @logistic_activate, i16 %curr_input_data_sub_data_0_V, i11 %f_x_lsb_table_V, i25 %exp_x_msb_2_m_1_table_V, i25 %exp_x_msb_1_table_V" [src/yolo_yolo.cpp:32]   --->   Operation 222 'call' 'curr_output_data_sub_data_0_V' <Predicate = (!icmp_ln1027 & !p_Result_s)> <Delay = 6.65> <CoreType = "Generic">   --->   Core 0 '' <Latency = 0> <II = 1> <Delay = 1.00> <Generic> <Opcode : >
ST_24 : Operation 223 [8/30] (6.65ns)   --->   "%curr_output_data_sub_data_1_V = call i16 @logistic_activate, i16 %curr_input_data_sub_data_1_V, i11 %f_x_lsb_table_V, i25 %exp_x_msb_2_m_1_table_V, i25 %exp_x_msb_1_table_V" [src/yolo_yolo.cpp:37]   --->   Operation 223 'call' 'curr_output_data_sub_data_1_V' <Predicate = (!icmp_ln1027 & !p_Result_1)> <Delay = 6.65> <CoreType = "Generic">   --->   Core 0 '' <Latency = 0> <II = 1> <Delay = 1.00> <Generic> <Opcode : >
ST_24 : Operation 224 [8/30] (6.65ns)   --->   "%curr_output_data_sub_data_2_V = call i16 @logistic_activate, i16 %curr_input_data_sub_data_2_V, i11 %f_x_lsb_table_V, i25 %exp_x_msb_2_m_1_table_V, i25 %exp_x_msb_1_table_V" [src/yolo_yolo.cpp:42]   --->   Operation 224 'call' 'curr_output_data_sub_data_2_V' <Predicate = (!icmp_ln1027 & !p_Result_2)> <Delay = 6.65> <CoreType = "Generic">   --->   Core 0 '' <Latency = 0> <II = 1> <Delay = 1.00> <Generic> <Opcode : >
ST_24 : Operation 225 [8/30] (6.65ns)   --->   "%curr_output_data_sub_data_3_V = call i16 @logistic_activate, i16 %curr_input_data_sub_data_3_V, i11 %f_x_lsb_table_V, i25 %exp_x_msb_2_m_1_table_V, i25 %exp_x_msb_1_table_V" [src/yolo_yolo.cpp:47]   --->   Operation 225 'call' 'curr_output_data_sub_data_3_V' <Predicate = (!icmp_ln1027 & !p_Result_3)> <Delay = 6.65> <CoreType = "Generic">   --->   Core 0 '' <Latency = 0> <II = 1> <Delay = 1.00> <Generic> <Opcode : >

State 25 <SV = 24> <Delay = 6.65>
ST_25 : Operation 226 [7/30] (6.65ns)   --->   "%curr_output_data_sub_data_0_V = call i16 @logistic_activate, i16 %curr_input_data_sub_data_0_V, i11 %f_x_lsb_table_V, i25 %exp_x_msb_2_m_1_table_V, i25 %exp_x_msb_1_table_V" [src/yolo_yolo.cpp:32]   --->   Operation 226 'call' 'curr_output_data_sub_data_0_V' <Predicate = (!icmp_ln1027 & !p_Result_s)> <Delay = 6.65> <CoreType = "Generic">   --->   Core 0 '' <Latency = 0> <II = 1> <Delay = 1.00> <Generic> <Opcode : >
ST_25 : Operation 227 [7/30] (6.65ns)   --->   "%curr_output_data_sub_data_1_V = call i16 @logistic_activate, i16 %curr_input_data_sub_data_1_V, i11 %f_x_lsb_table_V, i25 %exp_x_msb_2_m_1_table_V, i25 %exp_x_msb_1_table_V" [src/yolo_yolo.cpp:37]   --->   Operation 227 'call' 'curr_output_data_sub_data_1_V' <Predicate = (!icmp_ln1027 & !p_Result_1)> <Delay = 6.65> <CoreType = "Generic">   --->   Core 0 '' <Latency = 0> <II = 1> <Delay = 1.00> <Generic> <Opcode : >
ST_25 : Operation 228 [7/30] (6.65ns)   --->   "%curr_output_data_sub_data_2_V = call i16 @logistic_activate, i16 %curr_input_data_sub_data_2_V, i11 %f_x_lsb_table_V, i25 %exp_x_msb_2_m_1_table_V, i25 %exp_x_msb_1_table_V" [src/yolo_yolo.cpp:42]   --->   Operation 228 'call' 'curr_output_data_sub_data_2_V' <Predicate = (!icmp_ln1027 & !p_Result_2)> <Delay = 6.65> <CoreType = "Generic">   --->   Core 0 '' <Latency = 0> <II = 1> <Delay = 1.00> <Generic> <Opcode : >
ST_25 : Operation 229 [7/30] (6.65ns)   --->   "%curr_output_data_sub_data_3_V = call i16 @logistic_activate, i16 %curr_input_data_sub_data_3_V, i11 %f_x_lsb_table_V, i25 %exp_x_msb_2_m_1_table_V, i25 %exp_x_msb_1_table_V" [src/yolo_yolo.cpp:47]   --->   Operation 229 'call' 'curr_output_data_sub_data_3_V' <Predicate = (!icmp_ln1027 & !p_Result_3)> <Delay = 6.65> <CoreType = "Generic">   --->   Core 0 '' <Latency = 0> <II = 1> <Delay = 1.00> <Generic> <Opcode : >

State 26 <SV = 25> <Delay = 6.65>
ST_26 : Operation 230 [6/30] (6.65ns)   --->   "%curr_output_data_sub_data_0_V = call i16 @logistic_activate, i16 %curr_input_data_sub_data_0_V, i11 %f_x_lsb_table_V, i25 %exp_x_msb_2_m_1_table_V, i25 %exp_x_msb_1_table_V" [src/yolo_yolo.cpp:32]   --->   Operation 230 'call' 'curr_output_data_sub_data_0_V' <Predicate = (!icmp_ln1027 & !p_Result_s)> <Delay = 6.65> <CoreType = "Generic">   --->   Core 0 '' <Latency = 0> <II = 1> <Delay = 1.00> <Generic> <Opcode : >
ST_26 : Operation 231 [6/30] (6.65ns)   --->   "%curr_output_data_sub_data_1_V = call i16 @logistic_activate, i16 %curr_input_data_sub_data_1_V, i11 %f_x_lsb_table_V, i25 %exp_x_msb_2_m_1_table_V, i25 %exp_x_msb_1_table_V" [src/yolo_yolo.cpp:37]   --->   Operation 231 'call' 'curr_output_data_sub_data_1_V' <Predicate = (!icmp_ln1027 & !p_Result_1)> <Delay = 6.65> <CoreType = "Generic">   --->   Core 0 '' <Latency = 0> <II = 1> <Delay = 1.00> <Generic> <Opcode : >
ST_26 : Operation 232 [6/30] (6.65ns)   --->   "%curr_output_data_sub_data_2_V = call i16 @logistic_activate, i16 %curr_input_data_sub_data_2_V, i11 %f_x_lsb_table_V, i25 %exp_x_msb_2_m_1_table_V, i25 %exp_x_msb_1_table_V" [src/yolo_yolo.cpp:42]   --->   Operation 232 'call' 'curr_output_data_sub_data_2_V' <Predicate = (!icmp_ln1027 & !p_Result_2)> <Delay = 6.65> <CoreType = "Generic">   --->   Core 0 '' <Latency = 0> <II = 1> <Delay = 1.00> <Generic> <Opcode : >
ST_26 : Operation 233 [6/30] (6.65ns)   --->   "%curr_output_data_sub_data_3_V = call i16 @logistic_activate, i16 %curr_input_data_sub_data_3_V, i11 %f_x_lsb_table_V, i25 %exp_x_msb_2_m_1_table_V, i25 %exp_x_msb_1_table_V" [src/yolo_yolo.cpp:47]   --->   Operation 233 'call' 'curr_output_data_sub_data_3_V' <Predicate = (!icmp_ln1027 & !p_Result_3)> <Delay = 6.65> <CoreType = "Generic">   --->   Core 0 '' <Latency = 0> <II = 1> <Delay = 1.00> <Generic> <Opcode : >

State 27 <SV = 26> <Delay = 6.65>
ST_27 : Operation 234 [5/30] (6.65ns)   --->   "%curr_output_data_sub_data_0_V = call i16 @logistic_activate, i16 %curr_input_data_sub_data_0_V, i11 %f_x_lsb_table_V, i25 %exp_x_msb_2_m_1_table_V, i25 %exp_x_msb_1_table_V" [src/yolo_yolo.cpp:32]   --->   Operation 234 'call' 'curr_output_data_sub_data_0_V' <Predicate = (!icmp_ln1027 & !p_Result_s)> <Delay = 6.65> <CoreType = "Generic">   --->   Core 0 '' <Latency = 0> <II = 1> <Delay = 1.00> <Generic> <Opcode : >
ST_27 : Operation 235 [5/30] (6.65ns)   --->   "%curr_output_data_sub_data_1_V = call i16 @logistic_activate, i16 %curr_input_data_sub_data_1_V, i11 %f_x_lsb_table_V, i25 %exp_x_msb_2_m_1_table_V, i25 %exp_x_msb_1_table_V" [src/yolo_yolo.cpp:37]   --->   Operation 235 'call' 'curr_output_data_sub_data_1_V' <Predicate = (!icmp_ln1027 & !p_Result_1)> <Delay = 6.65> <CoreType = "Generic">   --->   Core 0 '' <Latency = 0> <II = 1> <Delay = 1.00> <Generic> <Opcode : >
ST_27 : Operation 236 [5/30] (6.65ns)   --->   "%curr_output_data_sub_data_2_V = call i16 @logistic_activate, i16 %curr_input_data_sub_data_2_V, i11 %f_x_lsb_table_V, i25 %exp_x_msb_2_m_1_table_V, i25 %exp_x_msb_1_table_V" [src/yolo_yolo.cpp:42]   --->   Operation 236 'call' 'curr_output_data_sub_data_2_V' <Predicate = (!icmp_ln1027 & !p_Result_2)> <Delay = 6.65> <CoreType = "Generic">   --->   Core 0 '' <Latency = 0> <II = 1> <Delay = 1.00> <Generic> <Opcode : >
ST_27 : Operation 237 [5/30] (6.65ns)   --->   "%curr_output_data_sub_data_3_V = call i16 @logistic_activate, i16 %curr_input_data_sub_data_3_V, i11 %f_x_lsb_table_V, i25 %exp_x_msb_2_m_1_table_V, i25 %exp_x_msb_1_table_V" [src/yolo_yolo.cpp:47]   --->   Operation 237 'call' 'curr_output_data_sub_data_3_V' <Predicate = (!icmp_ln1027 & !p_Result_3)> <Delay = 6.65> <CoreType = "Generic">   --->   Core 0 '' <Latency = 0> <II = 1> <Delay = 1.00> <Generic> <Opcode : >

State 28 <SV = 27> <Delay = 6.65>
ST_28 : Operation 238 [4/30] (6.65ns)   --->   "%curr_output_data_sub_data_0_V = call i16 @logistic_activate, i16 %curr_input_data_sub_data_0_V, i11 %f_x_lsb_table_V, i25 %exp_x_msb_2_m_1_table_V, i25 %exp_x_msb_1_table_V" [src/yolo_yolo.cpp:32]   --->   Operation 238 'call' 'curr_output_data_sub_data_0_V' <Predicate = (!icmp_ln1027 & !p_Result_s)> <Delay = 6.65> <CoreType = "Generic">   --->   Core 0 '' <Latency = 0> <II = 1> <Delay = 1.00> <Generic> <Opcode : >
ST_28 : Operation 239 [4/30] (6.65ns)   --->   "%curr_output_data_sub_data_1_V = call i16 @logistic_activate, i16 %curr_input_data_sub_data_1_V, i11 %f_x_lsb_table_V, i25 %exp_x_msb_2_m_1_table_V, i25 %exp_x_msb_1_table_V" [src/yolo_yolo.cpp:37]   --->   Operation 239 'call' 'curr_output_data_sub_data_1_V' <Predicate = (!icmp_ln1027 & !p_Result_1)> <Delay = 6.65> <CoreType = "Generic">   --->   Core 0 '' <Latency = 0> <II = 1> <Delay = 1.00> <Generic> <Opcode : >
ST_28 : Operation 240 [4/30] (6.65ns)   --->   "%curr_output_data_sub_data_2_V = call i16 @logistic_activate, i16 %curr_input_data_sub_data_2_V, i11 %f_x_lsb_table_V, i25 %exp_x_msb_2_m_1_table_V, i25 %exp_x_msb_1_table_V" [src/yolo_yolo.cpp:42]   --->   Operation 240 'call' 'curr_output_data_sub_data_2_V' <Predicate = (!icmp_ln1027 & !p_Result_2)> <Delay = 6.65> <CoreType = "Generic">   --->   Core 0 '' <Latency = 0> <II = 1> <Delay = 1.00> <Generic> <Opcode : >
ST_28 : Operation 241 [4/30] (6.65ns)   --->   "%curr_output_data_sub_data_3_V = call i16 @logistic_activate, i16 %curr_input_data_sub_data_3_V, i11 %f_x_lsb_table_V, i25 %exp_x_msb_2_m_1_table_V, i25 %exp_x_msb_1_table_V" [src/yolo_yolo.cpp:47]   --->   Operation 241 'call' 'curr_output_data_sub_data_3_V' <Predicate = (!icmp_ln1027 & !p_Result_3)> <Delay = 6.65> <CoreType = "Generic">   --->   Core 0 '' <Latency = 0> <II = 1> <Delay = 1.00> <Generic> <Opcode : >

State 29 <SV = 28> <Delay = 6.65>
ST_29 : Operation 242 [3/30] (6.65ns)   --->   "%curr_output_data_sub_data_0_V = call i16 @logistic_activate, i16 %curr_input_data_sub_data_0_V, i11 %f_x_lsb_table_V, i25 %exp_x_msb_2_m_1_table_V, i25 %exp_x_msb_1_table_V" [src/yolo_yolo.cpp:32]   --->   Operation 242 'call' 'curr_output_data_sub_data_0_V' <Predicate = (!icmp_ln1027 & !p_Result_s)> <Delay = 6.65> <CoreType = "Generic">   --->   Core 0 '' <Latency = 0> <II = 1> <Delay = 1.00> <Generic> <Opcode : >
ST_29 : Operation 243 [3/30] (6.65ns)   --->   "%curr_output_data_sub_data_1_V = call i16 @logistic_activate, i16 %curr_input_data_sub_data_1_V, i11 %f_x_lsb_table_V, i25 %exp_x_msb_2_m_1_table_V, i25 %exp_x_msb_1_table_V" [src/yolo_yolo.cpp:37]   --->   Operation 243 'call' 'curr_output_data_sub_data_1_V' <Predicate = (!icmp_ln1027 & !p_Result_1)> <Delay = 6.65> <CoreType = "Generic">   --->   Core 0 '' <Latency = 0> <II = 1> <Delay = 1.00> <Generic> <Opcode : >
ST_29 : Operation 244 [3/30] (6.65ns)   --->   "%curr_output_data_sub_data_2_V = call i16 @logistic_activate, i16 %curr_input_data_sub_data_2_V, i11 %f_x_lsb_table_V, i25 %exp_x_msb_2_m_1_table_V, i25 %exp_x_msb_1_table_V" [src/yolo_yolo.cpp:42]   --->   Operation 244 'call' 'curr_output_data_sub_data_2_V' <Predicate = (!icmp_ln1027 & !p_Result_2)> <Delay = 6.65> <CoreType = "Generic">   --->   Core 0 '' <Latency = 0> <II = 1> <Delay = 1.00> <Generic> <Opcode : >
ST_29 : Operation 245 [3/30] (6.65ns)   --->   "%curr_output_data_sub_data_3_V = call i16 @logistic_activate, i16 %curr_input_data_sub_data_3_V, i11 %f_x_lsb_table_V, i25 %exp_x_msb_2_m_1_table_V, i25 %exp_x_msb_1_table_V" [src/yolo_yolo.cpp:47]   --->   Operation 245 'call' 'curr_output_data_sub_data_3_V' <Predicate = (!icmp_ln1027 & !p_Result_3)> <Delay = 6.65> <CoreType = "Generic">   --->   Core 0 '' <Latency = 0> <II = 1> <Delay = 1.00> <Generic> <Opcode : >

State 30 <SV = 29> <Delay = 6.65>
ST_30 : Operation 246 [2/30] (6.65ns)   --->   "%curr_output_data_sub_data_0_V = call i16 @logistic_activate, i16 %curr_input_data_sub_data_0_V, i11 %f_x_lsb_table_V, i25 %exp_x_msb_2_m_1_table_V, i25 %exp_x_msb_1_table_V" [src/yolo_yolo.cpp:32]   --->   Operation 246 'call' 'curr_output_data_sub_data_0_V' <Predicate = (!icmp_ln1027 & !p_Result_s)> <Delay = 6.65> <CoreType = "Generic">   --->   Core 0 '' <Latency = 0> <II = 1> <Delay = 1.00> <Generic> <Opcode : >
ST_30 : Operation 247 [2/30] (6.65ns)   --->   "%curr_output_data_sub_data_1_V = call i16 @logistic_activate, i16 %curr_input_data_sub_data_1_V, i11 %f_x_lsb_table_V, i25 %exp_x_msb_2_m_1_table_V, i25 %exp_x_msb_1_table_V" [src/yolo_yolo.cpp:37]   --->   Operation 247 'call' 'curr_output_data_sub_data_1_V' <Predicate = (!icmp_ln1027 & !p_Result_1)> <Delay = 6.65> <CoreType = "Generic">   --->   Core 0 '' <Latency = 0> <II = 1> <Delay = 1.00> <Generic> <Opcode : >
ST_30 : Operation 248 [2/30] (6.65ns)   --->   "%curr_output_data_sub_data_2_V = call i16 @logistic_activate, i16 %curr_input_data_sub_data_2_V, i11 %f_x_lsb_table_V, i25 %exp_x_msb_2_m_1_table_V, i25 %exp_x_msb_1_table_V" [src/yolo_yolo.cpp:42]   --->   Operation 248 'call' 'curr_output_data_sub_data_2_V' <Predicate = (!icmp_ln1027 & !p_Result_2)> <Delay = 6.65> <CoreType = "Generic">   --->   Core 0 '' <Latency = 0> <II = 1> <Delay = 1.00> <Generic> <Opcode : >
ST_30 : Operation 249 [2/30] (6.65ns)   --->   "%curr_output_data_sub_data_3_V = call i16 @logistic_activate, i16 %curr_input_data_sub_data_3_V, i11 %f_x_lsb_table_V, i25 %exp_x_msb_2_m_1_table_V, i25 %exp_x_msb_1_table_V" [src/yolo_yolo.cpp:47]   --->   Operation 249 'call' 'curr_output_data_sub_data_3_V' <Predicate = (!icmp_ln1027 & !p_Result_3)> <Delay = 6.65> <CoreType = "Generic">   --->   Core 0 '' <Latency = 0> <II = 1> <Delay = 1.00> <Generic> <Opcode : >
ST_30 : Operation 266 [1/1] (0.00ns)   --->   "%ret_ln0 = ret"   --->   Operation 266 'ret' 'ret_ln0' <Predicate = (icmp_ln1027)> <Delay = 0.00>

State 31 <SV = 30> <Delay = 4.27>
ST_31 : Operation 250 [1/30] (2.68ns)   --->   "%curr_output_data_sub_data_0_V = call i16 @logistic_activate, i16 %curr_input_data_sub_data_0_V, i11 %f_x_lsb_table_V, i25 %exp_x_msb_2_m_1_table_V, i25 %exp_x_msb_1_table_V" [src/yolo_yolo.cpp:32]   --->   Operation 250 'call' 'curr_output_data_sub_data_0_V' <Predicate = (!icmp_ln1027 & !p_Result_s)> <Delay = 2.68> <CoreType = "Generic">   --->   Core 0 '' <Latency = 0> <II = 1> <Delay = 1.00> <Generic> <Opcode : >
ST_31 : Operation 251 [1/1] (1.58ns)   --->   "%br_ln32 = br void %if.end" [src/yolo_yolo.cpp:32]   --->   Operation 251 'br' 'br_ln32' <Predicate = (!icmp_ln1027 & !p_Result_s)> <Delay = 1.58>
ST_31 : Operation 252 [1/1] (0.00ns)   --->   "%curr_output_data_sub_data_0_V_1 = phi i16 %curr_output_data_sub_data_0_V, void %if.then, i16 %curr_input_data_sub_data_0_V, void %for.inc89.loopexit"   --->   Operation 252 'phi' 'curr_output_data_sub_data_0_V_1' <Predicate = (!icmp_ln1027)> <Delay = 0.00>
ST_31 : Operation 253 [1/30] (2.68ns)   --->   "%curr_output_data_sub_data_1_V = call i16 @logistic_activate, i16 %curr_input_data_sub_data_1_V, i11 %f_x_lsb_table_V, i25 %exp_x_msb_2_m_1_table_V, i25 %exp_x_msb_1_table_V" [src/yolo_yolo.cpp:37]   --->   Operation 253 'call' 'curr_output_data_sub_data_1_V' <Predicate = (!icmp_ln1027 & !p_Result_1)> <Delay = 2.68> <CoreType = "Generic">   --->   Core 0 '' <Latency = 0> <II = 1> <Delay = 1.00> <Generic> <Opcode : >
ST_31 : Operation 254 [1/1] (1.58ns)   --->   "%br_ln37 = br void %if.end33" [src/yolo_yolo.cpp:37]   --->   Operation 254 'br' 'br_ln37' <Predicate = (!icmp_ln1027 & !p_Result_1)> <Delay = 1.58>
ST_31 : Operation 255 [1/1] (0.00ns)   --->   "%curr_output_data_sub_data_1_V_1 = phi i16 %curr_output_data_sub_data_1_V, void %if.then22, i16 %curr_input_data_sub_data_1_V, void %if.end"   --->   Operation 255 'phi' 'curr_output_data_sub_data_1_V_1' <Predicate = (!icmp_ln1027)> <Delay = 0.00>
ST_31 : Operation 256 [1/30] (2.68ns)   --->   "%curr_output_data_sub_data_2_V = call i16 @logistic_activate, i16 %curr_input_data_sub_data_2_V, i11 %f_x_lsb_table_V, i25 %exp_x_msb_2_m_1_table_V, i25 %exp_x_msb_1_table_V" [src/yolo_yolo.cpp:42]   --->   Operation 256 'call' 'curr_output_data_sub_data_2_V' <Predicate = (!icmp_ln1027 & !p_Result_2)> <Delay = 2.68> <CoreType = "Generic">   --->   Core 0 '' <Latency = 0> <II = 1> <Delay = 1.00> <Generic> <Opcode : >
ST_31 : Operation 257 [1/1] (1.58ns)   --->   "%br_ln42 = br void %if.end49" [src/yolo_yolo.cpp:42]   --->   Operation 257 'br' 'br_ln42' <Predicate = (!icmp_ln1027 & !p_Result_2)> <Delay = 1.58>
ST_31 : Operation 258 [1/1] (0.00ns)   --->   "%curr_output_data_sub_data_2_V_1 = phi i16 %curr_output_data_sub_data_2_V, void %if.then38, i16 %curr_input_data_sub_data_2_V, void %if.end33"   --->   Operation 258 'phi' 'curr_output_data_sub_data_2_V_1' <Predicate = (!icmp_ln1027)> <Delay = 0.00>
ST_31 : Operation 259 [1/30] (2.68ns)   --->   "%curr_output_data_sub_data_3_V = call i16 @logistic_activate, i16 %curr_input_data_sub_data_3_V, i11 %f_x_lsb_table_V, i25 %exp_x_msb_2_m_1_table_V, i25 %exp_x_msb_1_table_V" [src/yolo_yolo.cpp:47]   --->   Operation 259 'call' 'curr_output_data_sub_data_3_V' <Predicate = (!icmp_ln1027 & !p_Result_3)> <Delay = 2.68> <CoreType = "Generic">   --->   Core 0 '' <Latency = 0> <II = 1> <Delay = 1.00> <Generic> <Opcode : >
ST_31 : Operation 260 [1/1] (1.58ns)   --->   "%br_ln47 = br void %if.end65" [src/yolo_yolo.cpp:47]   --->   Operation 260 'br' 'br_ln47' <Predicate = (!icmp_ln1027 & !p_Result_3)> <Delay = 1.58>
ST_31 : Operation 261 [1/1] (0.00ns)   --->   "%curr_output_data_sub_data_3_V_1 = phi i16 %curr_output_data_sub_data_3_V, void %if.then54, i16 %curr_input_data_sub_data_3_V, void %if.end49"   --->   Operation 261 'phi' 'curr_output_data_sub_data_3_V_1' <Predicate = true> <Delay = 0.00>
ST_31 : Operation 262 [1/1] (0.00ns)   --->   "%tmp_6 = bitconcatenate i110 @_ssdm_op_BitConcatenate.i110.i6.i3.i5.i7.i1.i6.i18.i16.i16.i16.i16, i6 %tmp_s, i3 0, i5 %tmp_1, i7 0, i1 %curr_output_last_V, i6 0, i18 %tmp_4, i16 %curr_output_data_sub_data_3_V_1, i16 %curr_output_data_sub_data_2_V_1, i16 %curr_output_data_sub_data_1_V_1, i16 %curr_output_data_sub_data_0_V_1" [src/yolo_yolo.cpp:65]   --->   Operation 262 'bitconcatenate' 'tmp_6' <Predicate = true> <Delay = 0.00>
ST_31 : Operation 263 [1/1] (0.00ns)   --->   "%zext_ln65 = zext i110 %tmp_6" [src/yolo_yolo.cpp:65]   --->   Operation 263 'zext' 'zext_ln65' <Predicate = true> <Delay = 0.00>
ST_31 : Operation 264 [1/1] (0.00ns)   --->   "%write_ln65 = write void @_ssdm_op_Write.axis.volatile.i112P128A, i112 %outStream, i112 %zext_ln65" [src/yolo_yolo.cpp:65]   --->   Operation 264 'write' 'write_ln65' <Predicate = true> <Delay = 0.00> <CoreInst = "axis">   --->   Core 115 'axis' <Latency = 0> <II = 1> <Delay = 1.00> <Adapter> <Opcode : >
ST_31 : Operation 265 [1/1] (0.00ns)   --->   "%br_ln20 = br void %for.body10" [src/yolo_yolo.cpp:20]   --->   Operation 265 'br' 'br_ln20' <Predicate = true> <Delay = 0.00>


============================================================
+ Verbose Summary: Timing violations
============================================================
Target clock period: 10ns, clock uncertainty: 2.7ns.

 <State 1>: 6.99ns
The critical path consists of the following:
	'alloca' operation ('indvar_flatten') [15]  (0 ns)
	'load' operation ('indvar_flatten_load') on local variable 'indvar_flatten' [36]  (0 ns)
	'icmp' operation ('icmp_ln1027_1') [50]  (1.66 ns)
	'xor' operation ('xor_ln14', src/yolo_yolo.cpp:14) [57]  (0 ns)
	'and' operation ('and_ln14', src/yolo_yolo.cpp:14) [59]  (0.978 ns)
	'or' operation ('or_ln17', src/yolo_yolo.cpp:17) [63]  (0 ns)
	'select' operation ('select_ln17', src/yolo_yolo.cpp:17) [64]  (1.02 ns)
	'add' operation ('input_ch_idx', src/yolo_yolo.cpp:20) [130]  (1.74 ns)
	'store' operation ('store_ln20', src/yolo_yolo.cpp:20) of variable 'input_ch_idx', src/yolo_yolo.cpp:20 on local variable 'input_ch_idx' [137]  (1.59 ns)

 <State 2>: 6.39ns
The critical path consists of the following:
	'load' operation ('col_idx') on local variable 'col_idx' [35]  (0 ns)
	'select' operation ('select_ln14', src/yolo_yolo.cpp:14) [51]  (1.22 ns)
	'add' operation ('col_idx_3', src/yolo_yolo.cpp:17) [61]  (1.78 ns)
	'icmp' operation ('cmp_i_i36_mid1', src/yolo_yolo.cpp:17) [66]  (1.43 ns)
	'select' operation ('select_ln17_1', src/yolo_yolo.cpp:17) [67]  (0.993 ns)
	'and' operation ('curr_output.last.V', src/yolo_yolo.cpp:57) [123]  (0.978 ns)

 <State 3>: 6.65ns
The critical path consists of the following:
	'call' operation ('curr_output.data.sub_data_0.V', src/yolo_yolo.cpp:32) to 'logistic_activate' [84]  (6.65 ns)

 <State 4>: 6.65ns
The critical path consists of the following:
	'call' operation ('curr_output.data.sub_data_0.V', src/yolo_yolo.cpp:32) to 'logistic_activate' [84]  (6.65 ns)

 <State 5>: 6.65ns
The critical path consists of the following:
	'call' operation ('curr_output.data.sub_data_0.V', src/yolo_yolo.cpp:32) to 'logistic_activate' [84]  (6.65 ns)

 <State 6>: 6.65ns
The critical path consists of the following:
	'call' operation ('curr_output.data.sub_data_0.V', src/yolo_yolo.cpp:32) to 'logistic_activate' [84]  (6.65 ns)

 <State 7>: 6.65ns
The critical path consists of the following:
	'call' operation ('curr_output.data.sub_data_0.V', src/yolo_yolo.cpp:32) to 'logistic_activate' [84]  (6.65 ns)

 <State 8>: 6.65ns
The critical path consists of the following:
	'call' operation ('curr_output.data.sub_data_0.V', src/yolo_yolo.cpp:32) to 'logistic_activate' [84]  (6.65 ns)

 <State 9>: 6.65ns
The critical path consists of the following:
	'call' operation ('curr_output.data.sub_data_0.V', src/yolo_yolo.cpp:32) to 'logistic_activate' [84]  (6.65 ns)

 <State 10>: 6.65ns
The critical path consists of the following:
	'call' operation ('curr_output.data.sub_data_0.V', src/yolo_yolo.cpp:32) to 'logistic_activate' [84]  (6.65 ns)

 <State 11>: 6.65ns
The critical path consists of the following:
	'call' operation ('curr_output.data.sub_data_0.V', src/yolo_yolo.cpp:32) to 'logistic_activate' [84]  (6.65 ns)

 <State 12>: 6.65ns
The critical path consists of the following:
	'call' operation ('curr_output.data.sub_data_0.V', src/yolo_yolo.cpp:32) to 'logistic_activate' [84]  (6.65 ns)

 <State 13>: 6.65ns
The critical path consists of the following:
	'call' operation ('curr_output.data.sub_data_0.V', src/yolo_yolo.cpp:32) to 'logistic_activate' [84]  (6.65 ns)

 <State 14>: 6.65ns
The critical path consists of the following:
	'call' operation ('curr_output.data.sub_data_0.V', src/yolo_yolo.cpp:32) to 'logistic_activate' [84]  (6.65 ns)

 <State 15>: 6.65ns
The critical path consists of the following:
	'call' operation ('curr_output.data.sub_data_0.V', src/yolo_yolo.cpp:32) to 'logistic_activate' [84]  (6.65 ns)

 <State 16>: 6.65ns
The critical path consists of the following:
	'call' operation ('curr_output.data.sub_data_0.V', src/yolo_yolo.cpp:32) to 'logistic_activate' [84]  (6.65 ns)

 <State 17>: 6.65ns
The critical path consists of the following:
	'call' operation ('curr_output.data.sub_data_0.V', src/yolo_yolo.cpp:32) to 'logistic_activate' [84]  (6.65 ns)

 <State 18>: 6.65ns
The critical path consists of the following:
	'call' operation ('curr_output.data.sub_data_0.V', src/yolo_yolo.cpp:32) to 'logistic_activate' [84]  (6.65 ns)

 <State 19>: 6.65ns
The critical path consists of the following:
	'call' operation ('curr_output.data.sub_data_0.V', src/yolo_yolo.cpp:32) to 'logistic_activate' [84]  (6.65 ns)

 <State 20>: 6.65ns
The critical path consists of the following:
	'call' operation ('curr_output.data.sub_data_0.V', src/yolo_yolo.cpp:32) to 'logistic_activate' [84]  (6.65 ns)

 <State 21>: 6.65ns
The critical path consists of the following:
	'call' operation ('curr_output.data.sub_data_0.V', src/yolo_yolo.cpp:32) to 'logistic_activate' [84]  (6.65 ns)

 <State 22>: 6.65ns
The critical path consists of the following:
	'call' operation ('curr_output.data.sub_data_0.V', src/yolo_yolo.cpp:32) to 'logistic_activate' [84]  (6.65 ns)

 <State 23>: 6.65ns
The critical path consists of the following:
	'call' operation ('curr_output.data.sub_data_0.V', src/yolo_yolo.cpp:32) to 'logistic_activate' [84]  (6.65 ns)

 <State 24>: 6.65ns
The critical path consists of the following:
	'call' operation ('curr_output.data.sub_data_0.V', src/yolo_yolo.cpp:32) to 'logistic_activate' [84]  (6.65 ns)

 <State 25>: 6.65ns
The critical path consists of the following:
	'call' operation ('curr_output.data.sub_data_0.V', src/yolo_yolo.cpp:32) to 'logistic_activate' [84]  (6.65 ns)

 <State 26>: 6.65ns
The critical path consists of the following:
	'call' operation ('curr_output.data.sub_data_0.V', src/yolo_yolo.cpp:32) to 'logistic_activate' [84]  (6.65 ns)

 <State 27>: 6.65ns
The critical path consists of the following:
	'call' operation ('curr_output.data.sub_data_0.V', src/yolo_yolo.cpp:32) to 'logistic_activate' [84]  (6.65 ns)

 <State 28>: 6.65ns
The critical path consists of the following:
	'call' operation ('curr_output.data.sub_data_0.V', src/yolo_yolo.cpp:32) to 'logistic_activate' [84]  (6.65 ns)

 <State 29>: 6.65ns
The critical path consists of the following:
	'call' operation ('curr_output.data.sub_data_0.V', src/yolo_yolo.cpp:32) to 'logistic_activate' [84]  (6.65 ns)

 <State 30>: 6.65ns
The critical path consists of the following:
	'call' operation ('curr_output.data.sub_data_0.V', src/yolo_yolo.cpp:32) to 'logistic_activate' [84]  (6.65 ns)

 <State 31>: 4.27ns
The critical path consists of the following:
	'call' operation ('curr_output.data.sub_data_0.V', src/yolo_yolo.cpp:32) to 'logistic_activate' [84]  (2.69 ns)
	multiplexor before 'phi' operation ('curr_input.data.sub_data_0.V') with incoming values : ('curr_input.data.sub_data_0.V', src/yolo_yolo.cpp:29) ('curr_output.data.sub_data_0.V', src/yolo_yolo.cpp:32) [87]  (1.59 ns)
	'phi' operation ('curr_input.data.sub_data_0.V') with incoming values : ('curr_input.data.sub_data_0.V', src/yolo_yolo.cpp:29) ('curr_output.data.sub_data_0.V', src/yolo_yolo.cpp:32) [87]  (0 ns)


============================================================
+ Verbose Summary: Binding
============================================================
N/A
* FSMD analyzer results:
  - Output states:
 - Input state : 
  - Chain level:
	State 1
	State 2
	State 3
	State 4
	State 5
	State 6
	State 7
	State 8
	State 9
	State 10
	State 11
	State 12
	State 13
	State 14
	State 15
	State 16
	State 17
	State 18
	State 19
	State 20
	State 21
	State 22
	State 23
	State 24
	State 25
	State 26
	State 27
	State 28
	State 29
	State 30
	State 31


============================================================
+ Verbose Summary: Datapath Resource usage 
============================================================
N/A
