
*** Running vivado
    with args -log design_1_axis_switch_1_0.vds -m64 -product Vivado -mode batch -messageDb vivado.pb -notrace -source design_1_axis_switch_1_0.tcl


****** Vivado v2022.2 (64-bit)
  **** SW Build 3671981 on Fri Oct 14 04:59:54 MDT 2022
  **** IP Build 3669848 on Fri Oct 14 08:30:02 MDT 2022
    ** Copyright 1986-2022 Xilinx, Inc. All Rights Reserved.

source design_1_axis_switch_1_0.tcl -notrace
create_project: Time (s): cpu = 00:00:06 ; elapsed = 00:00:07 . Memory (MB): peak = 1558.070 ; gain = 2.016 ; free physical = 14071 ; free virtual = 53677
INFO: [IP_Flow 19-234] Refreshing IP repositories
INFO: [IP_Flow 19-1700] Loaded user IP repository '/home/tony/Desktop/yolo_2022/Tiny_YOLO_v3_ZYNQ/code/ip_example'.
INFO: [IP_Flow 19-2313] Loaded Vivado IP repository '/tools/Xilinx/Vivado/2022.2/data/ip'.
INFO: [IP_Flow 19-6924] IPCACHE: Running cache check for IP inst: design_1_axis_switch_1_0
Command: synth_design -top design_1_axis_switch_1_0 -part xc7z020clg400-1 -incremental_mode off -mode out_of_context
Starting synth_design
Attempting to get a license for feature 'Synthesis' and/or device 'xc7z020'
INFO: [Common 17-349] Got license for feature 'Synthesis' and/or device 'xc7z020'
INFO: [Device 21-403] Loading part xc7z020clg400-1
INFO: [Synth 8-7079] Multithreading enabled for synth_design using a maximum of 4 processes.
INFO: [Synth 8-7078] Launching helper process for spawning children vivado processes
INFO: [Synth 8-7075] Helper process launched with PID 18282
INFO: [Synth 8-11241] undeclared symbol 'REGCCE', assumed default net type 'wire' [/tools/Xilinx/Vivado/2022.2/data/verilog/src/unimacro/BRAM_SINGLE_MACRO.v:2170]
---------------------------------------------------------------------------------
Starting RTL Elaboration : Time (s): cpu = 00:00:05 ; elapsed = 00:00:07 . Memory (MB): peak = 2195.441 ; gain = 369.801 ; free physical = 471 ; free virtual = 39355
Synthesis current peak Physical Memory [PSS] (MB): peak = 1169.453; parent = 1044.437; children = 125.017
Synthesis current peak Virtual Memory [VSS] (MB): peak = 3827.551; parent = 2203.383; children = 1624.168
---------------------------------------------------------------------------------
INFO: [Synth 8-6157] synthesizing module 'design_1_axis_switch_1_0' [/home/tony/Desktop/yolo_2022/Tiny_YOLO_v3_ZYNQ/code/sys/myproj/project_1.gen/sources_1/bd/design_1/ip/design_1_axis_switch_1_0/synth/design_1_axis_switch_1_0.v:53]
INFO: [Synth 8-6157] synthesizing module 'axis_switch_v1_1_27_axis_switch' [/home/tony/Desktop/yolo_2022/Tiny_YOLO_v3_ZYNQ/code/sys/myproj/project_1.gen/sources_1/bd/design_1/ipshared/1b0f/hdl/axis_switch_v1_1_vl_rfs.v:3089]
INFO: [Synth 8-6157] synthesizing module 'axis_infrastructure_v1_1_0_util_axis2vector' [/home/tony/Desktop/yolo_2022/Tiny_YOLO_v3_ZYNQ/code/sys/myproj/project_1.gen/sources_1/bd/design_1/ipshared/8713/hdl/axis_infrastructure_v1_1_vl_rfs.v:809]
INFO: [Synth 8-6155] done synthesizing module 'axis_infrastructure_v1_1_0_util_axis2vector' (0#1) [/home/tony/Desktop/yolo_2022/Tiny_YOLO_v3_ZYNQ/code/sys/myproj/project_1.gen/sources_1/bd/design_1/ipshared/8713/hdl/axis_infrastructure_v1_1_vl_rfs.v:809]
INFO: [Synth 8-6157] synthesizing module 'axis_switch_v1_1_27_axisc_decoder' [/home/tony/Desktop/yolo_2022/Tiny_YOLO_v3_ZYNQ/code/sys/myproj/project_1.gen/sources_1/bd/design_1/ipshared/1b0f/hdl/axis_switch_v1_1_vl_rfs.v:478]
INFO: [Synth 8-6157] synthesizing module 'axis_register_slice_v1_1_27_axisc_register_slice' [/home/tony/Desktop/yolo_2022/Tiny_YOLO_v3_ZYNQ/code/sys/myproj/project_1.gen/sources_1/bd/design_1/ipshared/6ba3/hdl/axis_register_slice_v1_1_vl_rfs.v:1935]
INFO: [Synth 8-6155] done synthesizing module 'axis_register_slice_v1_1_27_axisc_register_slice' (0#1) [/home/tony/Desktop/yolo_2022/Tiny_YOLO_v3_ZYNQ/code/sys/myproj/project_1.gen/sources_1/bd/design_1/ipshared/6ba3/hdl/axis_register_slice_v1_1_vl_rfs.v:1935]
WARNING: [Synth 8-7071] port 'ACLK2X' of module 'axis_register_slice_v1_1_27_axisc_register_slice' is unconnected for instance 'inst_decoder_pipeline' [/home/tony/Desktop/yolo_2022/Tiny_YOLO_v3_ZYNQ/code/sys/myproj/project_1.gen/sources_1/bd/design_1/ipshared/1b0f/hdl/axis_switch_v1_1_vl_rfs.v:727]
WARNING: [Synth 8-7023] instance 'inst_decoder_pipeline' of module 'axis_register_slice_v1_1_27_axisc_register_slice' has 10 connections declared, but only 9 given [/home/tony/Desktop/yolo_2022/Tiny_YOLO_v3_ZYNQ/code/sys/myproj/project_1.gen/sources_1/bd/design_1/ipshared/1b0f/hdl/axis_switch_v1_1_vl_rfs.v:727]
INFO: [Synth 8-6155] done synthesizing module 'axis_switch_v1_1_27_axisc_decoder' (0#1) [/home/tony/Desktop/yolo_2022/Tiny_YOLO_v3_ZYNQ/code/sys/myproj/project_1.gen/sources_1/bd/design_1/ipshared/1b0f/hdl/axis_switch_v1_1_vl_rfs.v:478]
INFO: [Synth 8-6157] synthesizing module 'axis_switch_v1_1_27_axisc_transfer_mux' [/home/tony/Desktop/yolo_2022/Tiny_YOLO_v3_ZYNQ/code/sys/myproj/project_1.gen/sources_1/bd/design_1/ipshared/1b0f/hdl/axis_switch_v1_1_vl_rfs.v:818]
INFO: [Synth 8-6157] synthesizing module 'axis_register_slice_v1_1_27_axisc_register_slice__parameterized0' [/home/tony/Desktop/yolo_2022/Tiny_YOLO_v3_ZYNQ/code/sys/myproj/project_1.gen/sources_1/bd/design_1/ipshared/6ba3/hdl/axis_register_slice_v1_1_vl_rfs.v:1935]
INFO: [Synth 8-6155] done synthesizing module 'axis_register_slice_v1_1_27_axisc_register_slice__parameterized0' (0#1) [/home/tony/Desktop/yolo_2022/Tiny_YOLO_v3_ZYNQ/code/sys/myproj/project_1.gen/sources_1/bd/design_1/ipshared/6ba3/hdl/axis_register_slice_v1_1_vl_rfs.v:1935]
INFO: [Synth 8-6155] done synthesizing module 'axis_switch_v1_1_27_axisc_transfer_mux' (0#1) [/home/tony/Desktop/yolo_2022/Tiny_YOLO_v3_ZYNQ/code/sys/myproj/project_1.gen/sources_1/bd/design_1/ipshared/1b0f/hdl/axis_switch_v1_1_vl_rfs.v:818]
INFO: [Synth 8-6157] synthesizing module 'axis_infrastructure_v1_1_0_util_vector2axis' [/home/tony/Desktop/yolo_2022/Tiny_YOLO_v3_ZYNQ/code/sys/myproj/project_1.gen/sources_1/bd/design_1/ipshared/8713/hdl/axis_infrastructure_v1_1_vl_rfs.v:991]
INFO: [Synth 8-6155] done synthesizing module 'axis_infrastructure_v1_1_0_util_vector2axis' (0#1) [/home/tony/Desktop/yolo_2022/Tiny_YOLO_v3_ZYNQ/code/sys/myproj/project_1.gen/sources_1/bd/design_1/ipshared/8713/hdl/axis_infrastructure_v1_1_vl_rfs.v:991]
INFO: [Synth 8-6157] synthesizing module 'axis_infrastructure_v1_1_0_clock_synchronizer' [/home/tony/Desktop/yolo_2022/Tiny_YOLO_v3_ZYNQ/code/sys/myproj/project_1.gen/sources_1/bd/design_1/ipshared/8713/hdl/axis_infrastructure_v1_1_vl_rfs.v:1172]
INFO: [Synth 8-6157] synthesizing module 'xpm_cdc_single' [/tools/Xilinx/Vivado/2022.2/data/ip/xpm/xpm_cdc/hdl/xpm_cdc.sv:152]
INFO: [Synth 8-6155] done synthesizing module 'xpm_cdc_single' (0#1) [/tools/Xilinx/Vivado/2022.2/data/ip/xpm/xpm_cdc/hdl/xpm_cdc.sv:152]
INFO: [Synth 8-6155] done synthesizing module 'axis_infrastructure_v1_1_0_clock_synchronizer' (0#1) [/home/tony/Desktop/yolo_2022/Tiny_YOLO_v3_ZYNQ/code/sys/myproj/project_1.gen/sources_1/bd/design_1/ipshared/8713/hdl/axis_infrastructure_v1_1_vl_rfs.v:1172]
INFO: [Synth 8-6157] synthesizing module 'axis_infrastructure_v1_1_0_cdc_handshake' [/home/tony/Desktop/yolo_2022/Tiny_YOLO_v3_ZYNQ/code/sys/myproj/project_1.gen/sources_1/bd/design_1/ipshared/8713/hdl/axis_infrastructure_v1_1_vl_rfs.v:1265]
INFO: [Synth 8-6157] synthesizing module 'xpm_cdc_handshake' [/tools/Xilinx/Vivado/2022.2/data/ip/xpm/xpm_cdc/hdl/xpm_cdc.sv:468]
INFO: [Synth 8-6155] done synthesizing module 'xpm_cdc_handshake' (0#1) [/tools/Xilinx/Vivado/2022.2/data/ip/xpm/xpm_cdc/hdl/xpm_cdc.sv:468]
INFO: [Synth 8-6155] done synthesizing module 'axis_infrastructure_v1_1_0_cdc_handshake' (0#1) [/home/tony/Desktop/yolo_2022/Tiny_YOLO_v3_ZYNQ/code/sys/myproj/project_1.gen/sources_1/bd/design_1/ipshared/8713/hdl/axis_infrastructure_v1_1_vl_rfs.v:1265]
INFO: [Synth 8-6157] synthesizing module 'axis_switch_v1_1_27_static_router' [/home/tony/Desktop/yolo_2022/Tiny_YOLO_v3_ZYNQ/code/sys/myproj/project_1.gen/sources_1/bd/design_1/ipshared/1b0f/hdl/axis_switch_v1_1_vl_rfs.v:2786]
INFO: [Synth 8-6157] synthesizing module 'axis_switch_v1_1_27_axi_ctrl_top' [/home/tony/Desktop/yolo_2022/Tiny_YOLO_v3_ZYNQ/code/sys/myproj/project_1.gen/sources_1/bd/design_1/ipshared/1b0f/hdl/axis_switch_v1_1_vl_rfs.v:2077]
INFO: [Synth 8-6157] synthesizing module 'axis_switch_v1_1_27_axi_ctrl_read' [/home/tony/Desktop/yolo_2022/Tiny_YOLO_v3_ZYNQ/code/sys/myproj/project_1.gen/sources_1/bd/design_1/ipshared/1b0f/hdl/axis_switch_v1_1_vl_rfs.v:1745]
INFO: [Synth 8-6155] done synthesizing module 'axis_switch_v1_1_27_axi_ctrl_read' (0#1) [/home/tony/Desktop/yolo_2022/Tiny_YOLO_v3_ZYNQ/code/sys/myproj/project_1.gen/sources_1/bd/design_1/ipshared/1b0f/hdl/axis_switch_v1_1_vl_rfs.v:1745]
INFO: [Synth 8-6157] synthesizing module 'axis_switch_v1_1_27_axi_ctrl_write' [/home/tony/Desktop/yolo_2022/Tiny_YOLO_v3_ZYNQ/code/sys/myproj/project_1.gen/sources_1/bd/design_1/ipshared/1b0f/hdl/axis_switch_v1_1_vl_rfs.v:1920]
INFO: [Synth 8-6155] done synthesizing module 'axis_switch_v1_1_27_axi_ctrl_write' (0#1) [/home/tony/Desktop/yolo_2022/Tiny_YOLO_v3_ZYNQ/code/sys/myproj/project_1.gen/sources_1/bd/design_1/ipshared/1b0f/hdl/axis_switch_v1_1_vl_rfs.v:1920]
INFO: [Synth 8-6157] synthesizing module 'axis_switch_v1_1_27_reg_bank_16x32' [/home/tony/Desktop/yolo_2022/Tiny_YOLO_v3_ZYNQ/code/sys/myproj/project_1.gen/sources_1/bd/design_1/ipshared/1b0f/hdl/axis_switch_v1_1_vl_rfs.v:2971]
INFO: [Synth 8-6155] done synthesizing module 'axis_switch_v1_1_27_reg_bank_16x32' (0#1) [/home/tony/Desktop/yolo_2022/Tiny_YOLO_v3_ZYNQ/code/sys/myproj/project_1.gen/sources_1/bd/design_1/ipshared/1b0f/hdl/axis_switch_v1_1_vl_rfs.v:2971]
INFO: [Synth 8-6157] synthesizing module 'axis_switch_v1_1_27_reg_bank_16x32__parameterized0' [/home/tony/Desktop/yolo_2022/Tiny_YOLO_v3_ZYNQ/code/sys/myproj/project_1.gen/sources_1/bd/design_1/ipshared/1b0f/hdl/axis_switch_v1_1_vl_rfs.v:2971]
INFO: [Synth 8-6155] done synthesizing module 'axis_switch_v1_1_27_reg_bank_16x32__parameterized0' (0#1) [/home/tony/Desktop/yolo_2022/Tiny_YOLO_v3_ZYNQ/code/sys/myproj/project_1.gen/sources_1/bd/design_1/ipshared/1b0f/hdl/axis_switch_v1_1_vl_rfs.v:2971]
INFO: [Synth 8-6155] done synthesizing module 'axis_switch_v1_1_27_axi_ctrl_top' (0#1) [/home/tony/Desktop/yolo_2022/Tiny_YOLO_v3_ZYNQ/code/sys/myproj/project_1.gen/sources_1/bd/design_1/ipshared/1b0f/hdl/axis_switch_v1_1_vl_rfs.v:2077]
INFO: [Synth 8-6157] synthesizing module 'axis_switch_v1_1_27_static_router_config' [/home/tony/Desktop/yolo_2022/Tiny_YOLO_v3_ZYNQ/code/sys/myproj/project_1.gen/sources_1/bd/design_1/ipshared/1b0f/hdl/axis_switch_v1_1_vl_rfs.v:2578]
INFO: [Synth 8-6157] synthesizing module 'axis_switch_v1_1_27_static_router_config_dp' [/home/tony/Desktop/yolo_2022/Tiny_YOLO_v3_ZYNQ/code/sys/myproj/project_1.gen/sources_1/bd/design_1/ipshared/1b0f/hdl/axis_switch_v1_1_vl_rfs.v:2346]
INFO: [Synth 8-6155] done synthesizing module 'axis_switch_v1_1_27_static_router_config_dp' (0#1) [/home/tony/Desktop/yolo_2022/Tiny_YOLO_v3_ZYNQ/code/sys/myproj/project_1.gen/sources_1/bd/design_1/ipshared/1b0f/hdl/axis_switch_v1_1_vl_rfs.v:2346]
INFO: [Synth 8-6155] done synthesizing module 'axis_switch_v1_1_27_static_router_config' (0#1) [/home/tony/Desktop/yolo_2022/Tiny_YOLO_v3_ZYNQ/code/sys/myproj/project_1.gen/sources_1/bd/design_1/ipshared/1b0f/hdl/axis_switch_v1_1_vl_rfs.v:2578]
INFO: [Synth 8-6155] done synthesizing module 'axis_switch_v1_1_27_static_router' (0#1) [/home/tony/Desktop/yolo_2022/Tiny_YOLO_v3_ZYNQ/code/sys/myproj/project_1.gen/sources_1/bd/design_1/ipshared/1b0f/hdl/axis_switch_v1_1_vl_rfs.v:2786]
INFO: [Synth 8-6155] done synthesizing module 'axis_switch_v1_1_27_axis_switch' (0#1) [/home/tony/Desktop/yolo_2022/Tiny_YOLO_v3_ZYNQ/code/sys/myproj/project_1.gen/sources_1/bd/design_1/ipshared/1b0f/hdl/axis_switch_v1_1_vl_rfs.v:3089]
INFO: [Synth 8-6155] done synthesizing module 'design_1_axis_switch_1_0' (0#1) [/home/tony/Desktop/yolo_2022/Tiny_YOLO_v3_ZYNQ/code/sys/myproj/project_1.gen/sources_1/bd/design_1/ip/design_1_axis_switch_1_0/synth/design_1_axis_switch_1_0.v:53]
WARNING: [Synth 8-7129] Port reg_mi_mux[511] in module axis_switch_v1_1_27_static_router_config_dp is either unconnected or has no load
WARNING: [Synth 8-7129] Port reg_mi_mux[510] in module axis_switch_v1_1_27_static_router_config_dp is either unconnected or has no load
WARNING: [Synth 8-7129] Port reg_mi_mux[509] in module axis_switch_v1_1_27_static_router_config_dp is either unconnected or has no load
WARNING: [Synth 8-7129] Port reg_mi_mux[508] in module axis_switch_v1_1_27_static_router_config_dp is either unconnected or has no load
WARNING: [Synth 8-7129] Port reg_mi_mux[507] in module axis_switch_v1_1_27_static_router_config_dp is either unconnected or has no load
WARNING: [Synth 8-7129] Port reg_mi_mux[506] in module axis_switch_v1_1_27_static_router_config_dp is either unconnected or has no load
WARNING: [Synth 8-7129] Port reg_mi_mux[505] in module axis_switch_v1_1_27_static_router_config_dp is either unconnected or has no load
WARNING: [Synth 8-7129] Port reg_mi_mux[504] in module axis_switch_v1_1_27_static_router_config_dp is either unconnected or has no load
WARNING: [Synth 8-7129] Port reg_mi_mux[503] in module axis_switch_v1_1_27_static_router_config_dp is either unconnected or has no load
WARNING: [Synth 8-7129] Port reg_mi_mux[502] in module axis_switch_v1_1_27_static_router_config_dp is either unconnected or has no load
WARNING: [Synth 8-7129] Port reg_mi_mux[501] in module axis_switch_v1_1_27_static_router_config_dp is either unconnected or has no load
WARNING: [Synth 8-7129] Port reg_mi_mux[500] in module axis_switch_v1_1_27_static_router_config_dp is either unconnected or has no load
WARNING: [Synth 8-7129] Port reg_mi_mux[499] in module axis_switch_v1_1_27_static_router_config_dp is either unconnected or has no load
WARNING: [Synth 8-7129] Port reg_mi_mux[498] in module axis_switch_v1_1_27_static_router_config_dp is either unconnected or has no load
WARNING: [Synth 8-7129] Port reg_mi_mux[497] in module axis_switch_v1_1_27_static_router_config_dp is either unconnected or has no load
WARNING: [Synth 8-7129] Port reg_mi_mux[496] in module axis_switch_v1_1_27_static_router_config_dp is either unconnected or has no load
WARNING: [Synth 8-7129] Port reg_mi_mux[495] in module axis_switch_v1_1_27_static_router_config_dp is either unconnected or has no load
WARNING: [Synth 8-7129] Port reg_mi_mux[494] in module axis_switch_v1_1_27_static_router_config_dp is either unconnected or has no load
WARNING: [Synth 8-7129] Port reg_mi_mux[493] in module axis_switch_v1_1_27_static_router_config_dp is either unconnected or has no load
WARNING: [Synth 8-7129] Port reg_mi_mux[492] in module axis_switch_v1_1_27_static_router_config_dp is either unconnected or has no load
WARNING: [Synth 8-7129] Port reg_mi_mux[491] in module axis_switch_v1_1_27_static_router_config_dp is either unconnected or has no load
WARNING: [Synth 8-7129] Port reg_mi_mux[490] in module axis_switch_v1_1_27_static_router_config_dp is either unconnected or has no load
WARNING: [Synth 8-7129] Port reg_mi_mux[489] in module axis_switch_v1_1_27_static_router_config_dp is either unconnected or has no load
WARNING: [Synth 8-7129] Port reg_mi_mux[488] in module axis_switch_v1_1_27_static_router_config_dp is either unconnected or has no load
WARNING: [Synth 8-7129] Port reg_mi_mux[487] in module axis_switch_v1_1_27_static_router_config_dp is either unconnected or has no load
WARNING: [Synth 8-7129] Port reg_mi_mux[486] in module axis_switch_v1_1_27_static_router_config_dp is either unconnected or has no load
WARNING: [Synth 8-7129] Port reg_mi_mux[485] in module axis_switch_v1_1_27_static_router_config_dp is either unconnected or has no load
WARNING: [Synth 8-7129] Port reg_mi_mux[484] in module axis_switch_v1_1_27_static_router_config_dp is either unconnected or has no load
WARNING: [Synth 8-7129] Port reg_mi_mux[483] in module axis_switch_v1_1_27_static_router_config_dp is either unconnected or has no load
WARNING: [Synth 8-7129] Port reg_mi_mux[482] in module axis_switch_v1_1_27_static_router_config_dp is either unconnected or has no load
WARNING: [Synth 8-7129] Port reg_mi_mux[481] in module axis_switch_v1_1_27_static_router_config_dp is either unconnected or has no load
WARNING: [Synth 8-7129] Port reg_mi_mux[480] in module axis_switch_v1_1_27_static_router_config_dp is either unconnected or has no load
WARNING: [Synth 8-7129] Port reg_mi_mux[479] in module axis_switch_v1_1_27_static_router_config_dp is either unconnected or has no load
WARNING: [Synth 8-7129] Port reg_mi_mux[478] in module axis_switch_v1_1_27_static_router_config_dp is either unconnected or has no load
WARNING: [Synth 8-7129] Port reg_mi_mux[477] in module axis_switch_v1_1_27_static_router_config_dp is either unconnected or has no load
WARNING: [Synth 8-7129] Port reg_mi_mux[476] in module axis_switch_v1_1_27_static_router_config_dp is either unconnected or has no load
WARNING: [Synth 8-7129] Port reg_mi_mux[475] in module axis_switch_v1_1_27_static_router_config_dp is either unconnected or has no load
WARNING: [Synth 8-7129] Port reg_mi_mux[474] in module axis_switch_v1_1_27_static_router_config_dp is either unconnected or has no load
WARNING: [Synth 8-7129] Port reg_mi_mux[473] in module axis_switch_v1_1_27_static_router_config_dp is either unconnected or has no load
WARNING: [Synth 8-7129] Port reg_mi_mux[472] in module axis_switch_v1_1_27_static_router_config_dp is either unconnected or has no load
WARNING: [Synth 8-7129] Port reg_mi_mux[471] in module axis_switch_v1_1_27_static_router_config_dp is either unconnected or has no load
WARNING: [Synth 8-7129] Port reg_mi_mux[470] in module axis_switch_v1_1_27_static_router_config_dp is either unconnected or has no load
WARNING: [Synth 8-7129] Port reg_mi_mux[469] in module axis_switch_v1_1_27_static_router_config_dp is either unconnected or has no load
WARNING: [Synth 8-7129] Port reg_mi_mux[468] in module axis_switch_v1_1_27_static_router_config_dp is either unconnected or has no load
WARNING: [Synth 8-7129] Port reg_mi_mux[467] in module axis_switch_v1_1_27_static_router_config_dp is either unconnected or has no load
WARNING: [Synth 8-7129] Port reg_mi_mux[466] in module axis_switch_v1_1_27_static_router_config_dp is either unconnected or has no load
WARNING: [Synth 8-7129] Port reg_mi_mux[465] in module axis_switch_v1_1_27_static_router_config_dp is either unconnected or has no load
WARNING: [Synth 8-7129] Port reg_mi_mux[464] in module axis_switch_v1_1_27_static_router_config_dp is either unconnected or has no load
WARNING: [Synth 8-7129] Port reg_mi_mux[463] in module axis_switch_v1_1_27_static_router_config_dp is either unconnected or has no load
WARNING: [Synth 8-7129] Port reg_mi_mux[462] in module axis_switch_v1_1_27_static_router_config_dp is either unconnected or has no load
WARNING: [Synth 8-7129] Port reg_mi_mux[461] in module axis_switch_v1_1_27_static_router_config_dp is either unconnected or has no load
WARNING: [Synth 8-7129] Port reg_mi_mux[460] in module axis_switch_v1_1_27_static_router_config_dp is either unconnected or has no load
WARNING: [Synth 8-7129] Port reg_mi_mux[459] in module axis_switch_v1_1_27_static_router_config_dp is either unconnected or has no load
WARNING: [Synth 8-7129] Port reg_mi_mux[458] in module axis_switch_v1_1_27_static_router_config_dp is either unconnected or has no load
WARNING: [Synth 8-7129] Port reg_mi_mux[457] in module axis_switch_v1_1_27_static_router_config_dp is either unconnected or has no load
WARNING: [Synth 8-7129] Port reg_mi_mux[456] in module axis_switch_v1_1_27_static_router_config_dp is either unconnected or has no load
WARNING: [Synth 8-7129] Port reg_mi_mux[455] in module axis_switch_v1_1_27_static_router_config_dp is either unconnected or has no load
WARNING: [Synth 8-7129] Port reg_mi_mux[454] in module axis_switch_v1_1_27_static_router_config_dp is either unconnected or has no load
WARNING: [Synth 8-7129] Port reg_mi_mux[453] in module axis_switch_v1_1_27_static_router_config_dp is either unconnected or has no load
WARNING: [Synth 8-7129] Port reg_mi_mux[452] in module axis_switch_v1_1_27_static_router_config_dp is either unconnected or has no load
WARNING: [Synth 8-7129] Port reg_mi_mux[451] in module axis_switch_v1_1_27_static_router_config_dp is either unconnected or has no load
WARNING: [Synth 8-7129] Port reg_mi_mux[450] in module axis_switch_v1_1_27_static_router_config_dp is either unconnected or has no load
WARNING: [Synth 8-7129] Port reg_mi_mux[449] in module axis_switch_v1_1_27_static_router_config_dp is either unconnected or has no load
WARNING: [Synth 8-7129] Port reg_mi_mux[448] in module axis_switch_v1_1_27_static_router_config_dp is either unconnected or has no load
WARNING: [Synth 8-7129] Port reg_mi_mux[447] in module axis_switch_v1_1_27_static_router_config_dp is either unconnected or has no load
WARNING: [Synth 8-7129] Port reg_mi_mux[446] in module axis_switch_v1_1_27_static_router_config_dp is either unconnected or has no load
WARNING: [Synth 8-7129] Port reg_mi_mux[445] in module axis_switch_v1_1_27_static_router_config_dp is either unconnected or has no load
WARNING: [Synth 8-7129] Port reg_mi_mux[444] in module axis_switch_v1_1_27_static_router_config_dp is either unconnected or has no load
WARNING: [Synth 8-7129] Port reg_mi_mux[443] in module axis_switch_v1_1_27_static_router_config_dp is either unconnected or has no load
WARNING: [Synth 8-7129] Port reg_mi_mux[442] in module axis_switch_v1_1_27_static_router_config_dp is either unconnected or has no load
WARNING: [Synth 8-7129] Port reg_mi_mux[441] in module axis_switch_v1_1_27_static_router_config_dp is either unconnected or has no load
WARNING: [Synth 8-7129] Port reg_mi_mux[440] in module axis_switch_v1_1_27_static_router_config_dp is either unconnected or has no load
WARNING: [Synth 8-7129] Port reg_mi_mux[439] in module axis_switch_v1_1_27_static_router_config_dp is either unconnected or has no load
WARNING: [Synth 8-7129] Port reg_mi_mux[438] in module axis_switch_v1_1_27_static_router_config_dp is either unconnected or has no load
WARNING: [Synth 8-7129] Port reg_mi_mux[437] in module axis_switch_v1_1_27_static_router_config_dp is either unconnected or has no load
WARNING: [Synth 8-7129] Port reg_mi_mux[436] in module axis_switch_v1_1_27_static_router_config_dp is either unconnected or has no load
WARNING: [Synth 8-7129] Port reg_mi_mux[435] in module axis_switch_v1_1_27_static_router_config_dp is either unconnected or has no load
WARNING: [Synth 8-7129] Port reg_mi_mux[434] in module axis_switch_v1_1_27_static_router_config_dp is either unconnected or has no load
WARNING: [Synth 8-7129] Port reg_mi_mux[433] in module axis_switch_v1_1_27_static_router_config_dp is either unconnected or has no load
WARNING: [Synth 8-7129] Port reg_mi_mux[432] in module axis_switch_v1_1_27_static_router_config_dp is either unconnected or has no load
WARNING: [Synth 8-7129] Port reg_mi_mux[431] in module axis_switch_v1_1_27_static_router_config_dp is either unconnected or has no load
WARNING: [Synth 8-7129] Port reg_mi_mux[430] in module axis_switch_v1_1_27_static_router_config_dp is either unconnected or has no load
WARNING: [Synth 8-7129] Port reg_mi_mux[429] in module axis_switch_v1_1_27_static_router_config_dp is either unconnected or has no load
WARNING: [Synth 8-7129] Port reg_mi_mux[428] in module axis_switch_v1_1_27_static_router_config_dp is either unconnected or has no load
WARNING: [Synth 8-7129] Port reg_mi_mux[427] in module axis_switch_v1_1_27_static_router_config_dp is either unconnected or has no load
WARNING: [Synth 8-7129] Port reg_mi_mux[426] in module axis_switch_v1_1_27_static_router_config_dp is either unconnected or has no load
WARNING: [Synth 8-7129] Port reg_mi_mux[425] in module axis_switch_v1_1_27_static_router_config_dp is either unconnected or has no load
WARNING: [Synth 8-7129] Port reg_mi_mux[424] in module axis_switch_v1_1_27_static_router_config_dp is either unconnected or has no load
WARNING: [Synth 8-7129] Port reg_mi_mux[423] in module axis_switch_v1_1_27_static_router_config_dp is either unconnected or has no load
WARNING: [Synth 8-7129] Port reg_mi_mux[422] in module axis_switch_v1_1_27_static_router_config_dp is either unconnected or has no load
WARNING: [Synth 8-7129] Port reg_mi_mux[421] in module axis_switch_v1_1_27_static_router_config_dp is either unconnected or has no load
WARNING: [Synth 8-7129] Port reg_mi_mux[420] in module axis_switch_v1_1_27_static_router_config_dp is either unconnected or has no load
WARNING: [Synth 8-7129] Port reg_mi_mux[419] in module axis_switch_v1_1_27_static_router_config_dp is either unconnected or has no load
WARNING: [Synth 8-7129] Port reg_mi_mux[418] in module axis_switch_v1_1_27_static_router_config_dp is either unconnected or has no load
WARNING: [Synth 8-7129] Port reg_mi_mux[417] in module axis_switch_v1_1_27_static_router_config_dp is either unconnected or has no load
WARNING: [Synth 8-7129] Port reg_mi_mux[416] in module axis_switch_v1_1_27_static_router_config_dp is either unconnected or has no load
WARNING: [Synth 8-7129] Port reg_mi_mux[415] in module axis_switch_v1_1_27_static_router_config_dp is either unconnected or has no load
WARNING: [Synth 8-7129] Port reg_mi_mux[414] in module axis_switch_v1_1_27_static_router_config_dp is either unconnected or has no load
WARNING: [Synth 8-7129] Port reg_mi_mux[413] in module axis_switch_v1_1_27_static_router_config_dp is either unconnected or has no load
WARNING: [Synth 8-7129] Port reg_mi_mux[412] in module axis_switch_v1_1_27_static_router_config_dp is either unconnected or has no load
INFO: [Common 17-14] Message 'Synth 8-7129' appears 100 times and further instances of the messages will be disabled. Use the Tcl command set_msg_config to change the current settings.
---------------------------------------------------------------------------------
Finished RTL Elaboration : Time (s): cpu = 00:00:07 ; elapsed = 00:00:10 . Memory (MB): peak = 2277.348 ; gain = 451.707 ; free physical = 568 ; free virtual = 39296
Synthesis current peak Physical Memory [PSS] (MB): peak = 1169.453; parent = 1044.437; children = 125.017
Synthesis current peak Virtual Memory [VSS] (MB): peak = 3901.520; parent = 2277.352; children = 1624.168
---------------------------------------------------------------------------------
---------------------------------------------------------------------------------
Start Handling Custom Attributes
---------------------------------------------------------------------------------
---------------------------------------------------------------------------------
Finished Handling Custom Attributes : Time (s): cpu = 00:00:07 ; elapsed = 00:00:10 . Memory (MB): peak = 2295.160 ; gain = 469.520 ; free physical = 709 ; free virtual = 39437
Synthesis current peak Physical Memory [PSS] (MB): peak = 1169.453; parent = 1044.437; children = 125.017
Synthesis current peak Virtual Memory [VSS] (MB): peak = 3919.332; parent = 2295.164; children = 1624.168
---------------------------------------------------------------------------------
---------------------------------------------------------------------------------
Finished RTL Optimization Phase 1 : Time (s): cpu = 00:00:07 ; elapsed = 00:00:10 . Memory (MB): peak = 2295.160 ; gain = 469.520 ; free physical = 736 ; free virtual = 39464
Synthesis current peak Physical Memory [PSS] (MB): peak = 1169.453; parent = 1044.437; children = 125.017
Synthesis current peak Virtual Memory [VSS] (MB): peak = 3919.332; parent = 2295.164; children = 1624.168
---------------------------------------------------------------------------------
Netlist sorting complete. Time (s): cpu = 00:00:00.05 ; elapsed = 00:00:00.05 . Memory (MB): peak = 2295.160 ; gain = 0.000 ; free physical = 831 ; free virtual = 39560
INFO: [Project 1-570] Preparing netlist for logic optimization

Processing XDC Constraints
Initializing timing engine
Parsing XDC File [/home/tony/Desktop/yolo_2022/Tiny_YOLO_v3_ZYNQ/code/sys/myproj/project_1.gen/sources_1/bd/design_1/ip/design_1_axis_switch_1_0/design_1_axis_switch_1_0_ooc.xdc] for cell 'inst'
Finished Parsing XDC File [/home/tony/Desktop/yolo_2022/Tiny_YOLO_v3_ZYNQ/code/sys/myproj/project_1.gen/sources_1/bd/design_1/ip/design_1_axis_switch_1_0/design_1_axis_switch_1_0_ooc.xdc] for cell 'inst'
Parsing XDC File [/home/tony/Desktop/yolo_2022/Tiny_YOLO_v3_ZYNQ/code/sys/myproj/project_1.runs/design_1_axis_switch_1_0_synth_1/dont_touch.xdc]
Finished Parsing XDC File [/home/tony/Desktop/yolo_2022/Tiny_YOLO_v3_ZYNQ/code/sys/myproj/project_1.runs/design_1_axis_switch_1_0_synth_1/dont_touch.xdc]
INFO: [Project 1-236] Implementation specific constraints were found while reading constraint file [/tools/Xilinx/Vivado/2022.2/data/ip/xpm/xpm_cdc/tcl/xpm_cdc_handshake.tcl]. These constraints will be ignored for synthesis but will be used in implementation. Impacted constraints are listed in the file [.Xil/design_1_axis_switch_1_0_propImpl.xdc].
Resolution: To avoid this warning, move constraints listed in [.Xil/design_1_axis_switch_1_0_propImpl.xdc] to another XDC file and exclude this new file from synthesis with the used_in_synthesis property (File Properties dialog in GUI) and re-run elaboration/synthesis.
INFO: [Project 1-236] Implementation specific constraints were found while reading constraint file [/tools/Xilinx/Vivado/2022.2/data/ip/xpm/xpm_cdc/tcl/xpm_cdc_single.tcl]. These constraints will be ignored for synthesis but will be used in implementation. Impacted constraints are listed in the file [.Xil/design_1_axis_switch_1_0_propImpl.xdc].
Resolution: To avoid this warning, move constraints listed in [.Xil/design_1_axis_switch_1_0_propImpl.xdc] to another XDC file and exclude this new file from synthesis with the used_in_synthesis property (File Properties dialog in GUI) and re-run elaboration/synthesis.
INFO: [Project 1-1714] 4 XPM XDC files have been applied to the design.
Completed Processing XDC Constraints

Netlist sorting complete. Time (s): cpu = 00:00:00 ; elapsed = 00:00:00 . Memory (MB): peak = 2446.910 ; gain = 0.000 ; free physical = 923 ; free virtual = 39695
INFO: [Project 1-111] Unisim Transformation Summary:
No Unisim elements were transformed.

Constraint Validation Runtime : Time (s): cpu = 00:00:00.04 ; elapsed = 00:00:00.05 . Memory (MB): peak = 2446.910 ; gain = 0.000 ; free physical = 914 ; free virtual = 39687
INFO: [Designutils 20-5008] Incremental synthesis strategy off
INFO: [Synth 8-11241] undeclared symbol 'REGCCE', assumed default net type 'wire' [/tools/Xilinx/Vivado/2022.2/data/verilog/src/unimacro/BRAM_SINGLE_MACRO.v:2170]
---------------------------------------------------------------------------------
Finished Constraint Validation : Time (s): cpu = 00:00:17 ; elapsed = 00:00:20 . Memory (MB): peak = 2446.910 ; gain = 621.270 ; free physical = 1369 ; free virtual = 40169
Synthesis current peak Physical Memory [PSS] (MB): peak = 1169.453; parent = 1044.437; children = 125.017
Synthesis current peak Virtual Memory [VSS] (MB): peak = 4039.066; parent = 2414.898; children = 1624.168
---------------------------------------------------------------------------------
---------------------------------------------------------------------------------
Start Loading Part and Timing Information
---------------------------------------------------------------------------------
Loading part: xc7z020clg400-1
---------------------------------------------------------------------------------
Finished Loading Part and Timing Information : Time (s): cpu = 00:00:17 ; elapsed = 00:00:20 . Memory (MB): peak = 2446.910 ; gain = 621.270 ; free physical = 1372 ; free virtual = 40178
Synthesis current peak Physical Memory [PSS] (MB): peak = 1169.453; parent = 1044.437; children = 125.017
Synthesis current peak Virtual Memory [VSS] (MB): peak = 4039.066; parent = 2414.898; children = 1624.168
---------------------------------------------------------------------------------
---------------------------------------------------------------------------------
Start Applying 'set_property' XDC Constraints
---------------------------------------------------------------------------------
Applied set_property KEEP_HIERARCHY = SOFT for inst. (constraint file  /home/tony/Desktop/yolo_2022/Tiny_YOLO_v3_ZYNQ/code/sys/myproj/project_1.runs/design_1_axis_switch_1_0_synth_1/dont_touch.xdc, line 9).
Applied set_property KEEP_HIERARCHY = SOFT for inst/\gen_static_router.gen_synch.inst_cdc_handshake /inst_xpm_cdc_handshake. (constraint file  auto generated constraint).
Applied set_property KEEP_HIERARCHY = SOFT for inst/\gen_static_router.gen_synch.inst_rst_synch /inst_xpm_cdc_single. (constraint file  auto generated constraint).
Applied set_property KEEP_HIERARCHY = SOFT for inst/\gen_static_router.gen_synch.inst_cdc_handshake /inst_xpm_cdc_handshake/xpm_cdc_single_dest2src_inst. (constraint file  auto generated constraint).
Applied set_property KEEP_HIERARCHY = SOFT for inst/\gen_static_router.gen_synch.inst_cdc_handshake /inst_xpm_cdc_handshake/xpm_cdc_single_src2dest_inst. (constraint file  auto generated constraint).
---------------------------------------------------------------------------------
Finished applying 'set_property' XDC Constraints : Time (s): cpu = 00:00:17 ; elapsed = 00:00:21 . Memory (MB): peak = 2446.910 ; gain = 621.270 ; free physical = 1360 ; free virtual = 40166
Synthesis current peak Physical Memory [PSS] (MB): peak = 1169.453; parent = 1044.437; children = 125.017
Synthesis current peak Virtual Memory [VSS] (MB): peak = 4039.066; parent = 2414.898; children = 1624.168
---------------------------------------------------------------------------------
INFO: [Synth 8-4490] FSM extraction disabled for register 'gen_AB_reg_slice.state_reg' through user attribute
INFO: [Synth 8-802] inferred FSM for state register 'state_reg' in module 'axis_switch_v1_1_27_axi_ctrl_read'
INFO: [Synth 8-4490] FSM extraction disabled for register 'state_reg' through user attribute
INFO: [Synth 8-802] inferred FSM for state register 'state_reg' in module 'axis_switch_v1_1_27_static_router_config'
---------------------------------------------------------------------------------------------------
                   State |                     New Encoding |                Previous Encoding 
---------------------------------------------------------------------------------------------------
                 SM_IDLE |                              001 |                               00
                 SM_READ |                              010 |                               01
                 SM_RESP |                              100 |                               10
---------------------------------------------------------------------------------------------------
INFO: [Synth 8-3354] encoded FSM with state register 'state_reg' using encoding 'one-hot' in module 'axis_switch_v1_1_27_axi_ctrl_read'
---------------------------------------------------------------------------------------------------
                   State |                     New Encoding |                Previous Encoding 
---------------------------------------------------------------------------------------------------
                 SM_IDLE |                            00001 |                              000
                SM_START |                            00010 |                              001
                 SM_WAIT |                            00100 |                              010
               SM_COMMIT |                            01000 |                              011
             SM_COMPLETE |                            10000 |                              100
---------------------------------------------------------------------------------------------------
INFO: [Synth 8-3354] encoded FSM with state register 'state_reg' using encoding 'one-hot' in module 'axis_switch_v1_1_27_static_router_config'
---------------------------------------------------------------------------------
Finished RTL Optimization Phase 2 : Time (s): cpu = 00:00:18 ; elapsed = 00:00:21 . Memory (MB): peak = 2446.910 ; gain = 621.270 ; free physical = 1461 ; free virtual = 40271
Synthesis current peak Physical Memory [PSS] (MB): peak = 1169.453; parent = 1044.437; children = 125.017
Synthesis current peak Virtual Memory [VSS] (MB): peak = 4039.066; parent = 2414.898; children = 1624.168
---------------------------------------------------------------------------------
---------------------------------------------------------------------------------
Start RTL Component Statistics 
---------------------------------------------------------------------------------
Detailed RTL Component Info : 
+---Adders : 
	   2 Input    4 Bit       Adders := 1     
+---Registers : 
	               94 Bit    Registers := 4     
	               32 Bit    Registers := 9     
	               30 Bit    Registers := 4     
	               16 Bit    Registers := 1     
	                7 Bit    Registers := 2     
	                4 Bit    Registers := 12    
	                3 Bit    Registers := 1     
	                2 Bit    Registers := 2     
	                1 Bit    Registers := 41    
+---Muxes : 
	   2 Input   94 Bit        Muxes := 2     
	   2 Input   32 Bit        Muxes := 2     
	   5 Input    5 Bit        Muxes := 1     
	   2 Input    5 Bit        Muxes := 4     
	   2 Input    4 Bit        Muxes := 1     
	   3 Input    3 Bit        Muxes := 1     
	   2 Input    3 Bit        Muxes := 2     
	   6 Input    3 Bit        Muxes := 1     
	   5 Input    2 Bit        Muxes := 2     
	   2 Input    2 Bit        Muxes := 1     
	   2 Input    1 Bit        Muxes := 15    
	   4 Input    1 Bit        Muxes := 2     
	   5 Input    1 Bit        Muxes := 2     
---------------------------------------------------------------------------------
Finished RTL Component Statistics 
---------------------------------------------------------------------------------
---------------------------------------------------------------------------------
Start Part Resource Summary
---------------------------------------------------------------------------------
Part Resources:
DSPs: 220 (col length:60)
BRAMs: 280 (col length: RAMB18 60 RAMB36 30)
---------------------------------------------------------------------------------
Finished Part Resource Summary
---------------------------------------------------------------------------------
---------------------------------------------------------------------------------
Start Cross Boundary and Area Optimization
---------------------------------------------------------------------------------
WARNING: [Synth 8-7080] Parallel synthesis criteria is not met
---------------------------------------------------------------------------------
Finished Cross Boundary and Area Optimization : Time (s): cpu = 00:00:24 ; elapsed = 00:00:28 . Memory (MB): peak = 2446.910 ; gain = 621.270 ; free physical = 419 ; free virtual = 39331
Synthesis current peak Physical Memory [PSS] (MB): peak = 1169.453; parent = 1044.437; children = 125.117
Synthesis current peak Virtual Memory [VSS] (MB): peak = 4039.066; parent = 2414.898; children = 1624.168
---------------------------------------------------------------------------------
---------------------------------------------------------------------------------
Start Applying XDC Timing Constraints
---------------------------------------------------------------------------------
---------------------------------------------------------------------------------
Finished Applying XDC Timing Constraints : Time (s): cpu = 00:00:31 ; elapsed = 00:00:35 . Memory (MB): peak = 2446.910 ; gain = 621.270 ; free physical = 898 ; free virtual = 39689
Synthesis current peak Physical Memory [PSS] (MB): peak = 1257.703; parent = 1131.301; children = 126.402
Synthesis current peak Virtual Memory [VSS] (MB): peak = 4039.066; parent = 2414.898; children = 1624.168
---------------------------------------------------------------------------------
---------------------------------------------------------------------------------
Start Timing Optimization
---------------------------------------------------------------------------------
---------------------------------------------------------------------------------
Finished Timing Optimization : Time (s): cpu = 00:00:35 ; elapsed = 00:00:40 . Memory (MB): peak = 2446.910 ; gain = 621.270 ; free physical = 1698 ; free virtual = 40596
Synthesis current peak Physical Memory [PSS] (MB): peak = 1277.427; parent = 1149.601; children = 127.826
Synthesis current peak Virtual Memory [VSS] (MB): peak = 4039.066; parent = 2414.898; children = 1624.168
---------------------------------------------------------------------------------
---------------------------------------------------------------------------------
Start Technology Mapping
---------------------------------------------------------------------------------
---------------------------------------------------------------------------------
Finished Technology Mapping : Time (s): cpu = 00:00:36 ; elapsed = 00:00:40 . Memory (MB): peak = 2446.910 ; gain = 621.270 ; free physical = 2562 ; free virtual = 41492
Synthesis current peak Physical Memory [PSS] (MB): peak = 1286.686; parent = 1157.878; children = 128.808
Synthesis current peak Virtual Memory [VSS] (MB): peak = 4039.066; parent = 2414.898; children = 1624.168
---------------------------------------------------------------------------------
---------------------------------------------------------------------------------
Start IO Insertion
---------------------------------------------------------------------------------
---------------------------------------------------------------------------------
Start Flattening Before IO Insertion
---------------------------------------------------------------------------------
---------------------------------------------------------------------------------
Finished Flattening Before IO Insertion
---------------------------------------------------------------------------------
---------------------------------------------------------------------------------
Start Final Netlist Cleanup
---------------------------------------------------------------------------------
---------------------------------------------------------------------------------
Finished Final Netlist Cleanup
---------------------------------------------------------------------------------
---------------------------------------------------------------------------------
Finished IO Insertion : Time (s): cpu = 00:00:39 ; elapsed = 00:00:43 . Memory (MB): peak = 2446.910 ; gain = 621.270 ; free physical = 4048 ; free virtual = 42976
Synthesis current peak Physical Memory [PSS] (MB): peak = 1286.686; parent = 1157.878; children = 129.137
Synthesis current peak Virtual Memory [VSS] (MB): peak = 4039.066; parent = 2414.898; children = 1624.168
---------------------------------------------------------------------------------
---------------------------------------------------------------------------------
Start Renaming Generated Instances
---------------------------------------------------------------------------------
---------------------------------------------------------------------------------
Finished Renaming Generated Instances : Time (s): cpu = 00:00:39 ; elapsed = 00:00:43 . Memory (MB): peak = 2446.910 ; gain = 621.270 ; free physical = 4073 ; free virtual = 43001
Synthesis current peak Physical Memory [PSS] (MB): peak = 1286.686; parent = 1157.878; children = 129.137
Synthesis current peak Virtual Memory [VSS] (MB): peak = 4039.066; parent = 2414.898; children = 1624.168
---------------------------------------------------------------------------------
---------------------------------------------------------------------------------
Start Rebuilding User Hierarchy
---------------------------------------------------------------------------------
---------------------------------------------------------------------------------
Finished Rebuilding User Hierarchy : Time (s): cpu = 00:00:39 ; elapsed = 00:00:43 . Memory (MB): peak = 2446.910 ; gain = 621.270 ; free physical = 3951 ; free virtual = 42879
Synthesis current peak Physical Memory [PSS] (MB): peak = 1286.686; parent = 1157.878; children = 129.137
Synthesis current peak Virtual Memory [VSS] (MB): peak = 4039.066; parent = 2414.898; children = 1624.168
---------------------------------------------------------------------------------
---------------------------------------------------------------------------------
Start Renaming Generated Ports
---------------------------------------------------------------------------------
---------------------------------------------------------------------------------
Finished Renaming Generated Ports : Time (s): cpu = 00:00:39 ; elapsed = 00:00:43 . Memory (MB): peak = 2446.910 ; gain = 621.270 ; free physical = 3944 ; free virtual = 42872
Synthesis current peak Physical Memory [PSS] (MB): peak = 1286.686; parent = 1157.878; children = 129.137
Synthesis current peak Virtual Memory [VSS] (MB): peak = 4039.066; parent = 2414.898; children = 1624.168
---------------------------------------------------------------------------------
---------------------------------------------------------------------------------
Start Handling Custom Attributes
---------------------------------------------------------------------------------
---------------------------------------------------------------------------------
Finished Handling Custom Attributes : Time (s): cpu = 00:00:39 ; elapsed = 00:00:43 . Memory (MB): peak = 2446.910 ; gain = 621.270 ; free physical = 4067 ; free virtual = 42995
Synthesis current peak Physical Memory [PSS] (MB): peak = 1286.686; parent = 1157.878; children = 129.137
Synthesis current peak Virtual Memory [VSS] (MB): peak = 4039.066; parent = 2414.898; children = 1624.168
---------------------------------------------------------------------------------
---------------------------------------------------------------------------------
Start Renaming Generated Nets
---------------------------------------------------------------------------------
---------------------------------------------------------------------------------
Finished Renaming Generated Nets : Time (s): cpu = 00:00:39 ; elapsed = 00:00:43 . Memory (MB): peak = 2446.910 ; gain = 621.270 ; free physical = 4073 ; free virtual = 43002
Synthesis current peak Physical Memory [PSS] (MB): peak = 1286.686; parent = 1157.878; children = 129.137
Synthesis current peak Virtual Memory [VSS] (MB): peak = 4039.066; parent = 2414.898; children = 1624.168
---------------------------------------------------------------------------------
---------------------------------------------------------------------------------
Start Writing Synthesis Report
---------------------------------------------------------------------------------

Report BlackBoxes: 
+-+--------------+----------+
| |BlackBox name |Instances |
+-+--------------+----------+
+-+--------------+----------+

Report Cell Usage: 
+------+-----+------+
|      |Cell |Count |
+------+-----+------+
|1     |LUT1 |    11|
|2     |LUT2 |    39|
|3     |LUT3 |   198|
|4     |LUT4 |    19|
|5     |LUT5 |   666|
|6     |LUT6 |   674|
|7     |FDRE |   815|
|8     |FDSE |     7|
+------+-----+------+
---------------------------------------------------------------------------------
Finished Writing Synthesis Report : Time (s): cpu = 00:00:39 ; elapsed = 00:00:43 . Memory (MB): peak = 2446.910 ; gain = 621.270 ; free physical = 4064 ; free virtual = 42993
Synthesis current peak Physical Memory [PSS] (MB): peak = 1286.686; parent = 1157.878; children = 129.137
Synthesis current peak Virtual Memory [VSS] (MB): peak = 4039.066; parent = 2414.898; children = 1624.168
---------------------------------------------------------------------------------
Synthesis finished with 0 errors, 0 critical warnings and 33 warnings.
Synthesis Optimization Runtime : Time (s): cpu = 00:00:36 ; elapsed = 00:00:40 . Memory (MB): peak = 2446.910 ; gain = 469.520 ; free physical = 4167 ; free virtual = 43096
Synthesis Optimization Complete : Time (s): cpu = 00:00:39 ; elapsed = 00:00:44 . Memory (MB): peak = 2446.910 ; gain = 621.270 ; free physical = 4220 ; free virtual = 43149
INFO: [Project 1-571] Translating synthesized netlist
Netlist sorting complete. Time (s): cpu = 00:00:00.02 ; elapsed = 00:00:00.03 . Memory (MB): peak = 2446.910 ; gain = 0.000 ; free physical = 5520 ; free virtual = 44443
INFO: [Project 1-570] Preparing netlist for logic optimization
INFO: [Opt 31-138] Pushed 0 inverter(s) to 0 load pin(s).
Netlist sorting complete. Time (s): cpu = 00:00:00 ; elapsed = 00:00:00 . Memory (MB): peak = 2446.910 ; gain = 0.000 ; free physical = 5987 ; free virtual = 44909
INFO: [Project 1-111] Unisim Transformation Summary:
No Unisim elements were transformed.

Synth Design complete, checksum: 2b55f912
INFO: [Common 17-83] Releasing license: Synthesis
69 Infos, 103 Warnings, 0 Critical Warnings and 0 Errors encountered.
synth_design completed successfully
synth_design: Time (s): cpu = 00:00:48 ; elapsed = 00:00:50 . Memory (MB): peak = 2446.910 ; gain = 888.840 ; free physical = 6161 ; free virtual = 45086
INFO: [Common 17-1381] The checkpoint '/home/tony/Desktop/yolo_2022/Tiny_YOLO_v3_ZYNQ/code/sys/myproj/project_1.runs/design_1_axis_switch_1_0_synth_1/design_1_axis_switch_1_0.dcp' has been generated.
INFO: [Coretcl 2-1648] Added synthesis output to IP cache for IP design_1_axis_switch_1_0, cache-ID = df4381bfb1d8c535
INFO: [Coretcl 2-1174] Renamed 19 cell refs.
INFO: [Common 17-1381] The checkpoint '/home/tony/Desktop/yolo_2022/Tiny_YOLO_v3_ZYNQ/code/sys/myproj/project_1.runs/design_1_axis_switch_1_0_synth_1/design_1_axis_switch_1_0.dcp' has been generated.
INFO: [runtcl-4] Executing : report_utilization -file design_1_axis_switch_1_0_utilization_synth.rpt -pb design_1_axis_switch_1_0_utilization_synth.pb
INFO: [Common 17-206] Exiting Vivado at Tue Nov 19 11:50:13 2024...
