Mon Nov 18 23:59:56 2024: Running xcd server. This server was built by gradle.
Mon Nov 18 23:59:56 2024: Server was asked to start on port: '38577'
Mon Nov 18 23:59:56 2024: Server is using token UUID: '82fe45dc-bd43-43c8-8259-1f05b5e609ec'
Mon Nov 18 23:59:56 2024: SESSION_MGR: creating session with session uuid: '6d04a3e9-ade5-4ab9-8d63-1f78fcd2ec76' and name 'default'
Mon Nov 18 23:59:56 2024: Attempting to start server on port '38577'
Mon Nov 18 23:59:56 2024: XCD main fifo: created main fifo '/tmp/xcdmain82fe45dc-bd43-43c8-8259-1f05b5e609ec', fd read = 13
Mon Nov 18 23:59:56 2024: Running Dispatch Server
Mon Nov 18 23:59:56 2024: Version 2.2.0
Tue Nov 19 00:00:05 2024: Dispatch Server: Accepted socket connection from client
Tue Nov 19 00:00:05 2024: Starting Socket connection
Tue Nov 19 00:00:05 2024: EXCHANGE_TOKEN received, server token: 82fe45dc-bd43-43c8-8259-1f05b5e609ec, passed token: 82fe45dc-bd43-43c8-8259-1f05b5e609ec
Tue Nov 19 00:00:05 2024: SESSION_MGR: creating session with session uuid: '5e12aa79-501c-4a71-bcdf-f4760edc86fb' and name 'vitis_hls'
Tue Nov 19 00:00:05 2024: KERNEL_SVC: creating session with uuid: '5e12aa79-501c-4a71-bcdf-f4760edc86fb' and name 'vitis_hls'
Tue Nov 19 00:00:05 2024: GUIDANCE_SMGR: creating guidance session with uuid: '5e12aa79-501c-4a71-bcdf-f4760edc86fb' and name 'vitis_hls'
Tue Nov 19 00:01:31 2024: STOP_SERVER received, server token: 82fe45dc-bd43-43c8-8259-1f05b5e609ec, passed token: 82fe45dc-bd43-43c8-8259-1f05b5e609ec
Tue Nov 19 00:01:31 2024: Socket received request to stop server.
Tue Nov 19 00:01:31 2024: Dispatch Server: do_await_stop
Tue Nov 19 00:01:31 2024: Dispatch Server: stopping mainFifo_
Tue Nov 19 00:01:31 2024: XCD main fifo: Stopping
Tue Nov 19 00:01:31 2024: XCD main fifo: do_read error code: Operation canceled
Tue Nov 19 00:01:31 2024: XCD main fifo: bytes_transferred: 0
Tue Nov 19 00:01:31 2024: SERVER: destructor for server bound to port 38577
Tue Nov 19 00:01:31 2024: XCD main fifo: Good unlink of /tmp/xcdmain82fe45dc-bd43-43c8-8259-1f05b5e609ec
Tue Nov 19 00:01:31 2024: Server exiting with status 0.
Tue Nov 19 00:01:31 2024: Closing log file.
