#-----------------------------------------------------------
# xsim v2022.2.2 (64-bit)
# SW Build 3788238 on Tue Feb 21 19:59:23 MST 2023
# IP Build 3783773 on Tue Feb 21 23:41:56 MST 2023
# Start of session at: Tue Nov  5 21:02:52 2024
# Process ID: 24892
# Current directory: /home/tony/Desktop/Tiny_YOLO_v3_ZYNQ/code/hls/yolo_yolo/yolo_yolo_prj/solution1/sim/verilog
# Command line: xsim -mode tcl -source {xsim.dir/yolo_yolo_top/xsim_script.tcl}
# Log file: /home/tony/Desktop/Tiny_YOLO_v3_ZYNQ/code/hls/yolo_yolo/yolo_yolo_prj/solution1/sim/verilog/xsim.log
# Journal file: /home/tony/Desktop/Tiny_YOLO_v3_ZYNQ/code/hls/yolo_yolo/yolo_yolo_prj/solution1/sim/verilog/xsim.jou
# Running On: tony, OS: Linux, CPU Frequency: 2700.000 MHz, CPU Physical cores: 14, Host memory: 33431 MB
#-----------------------------------------------------------
source xsim.dir/yolo_yolo_top/xsim_script.tcl
# xsim {yolo_yolo_top} -autoloadwcfg -tclbatch {yolo_yolo_top.tcl}
Time resolution is 1 ps
source yolo_yolo_top.tcl
## run all
////////////////////////////////////////////////////////////////////////////////////
// Inter-Transaction Progress: Completed Transaction / Total Transaction
// Intra-Transaction Progress: Measured Latency / Latency Estimation * 100%
//
// RTL Simulation : "Inter-Transaction Progress" ["Intra-Transaction Progress"] @ "Simulation Time"
////////////////////////////////////////////////////////////////////////////////////
// RTL Simulation : 0 / 1 [0.00%] @ "125000"
// RTL Simulation : 1 / 1 [100.00%] @ "14435000"
////////////////////////////////////////////////////////////////////////////////////
$finish called at time : 14495 ns : File "/home/tony/Desktop/Tiny_YOLO_v3_ZYNQ/code/hls/yolo_yolo/yolo_yolo_prj/solution1/sim/verilog/yolo_yolo_top.autotb.v" Line 367
## quit
INFO: [Common 17-206] Exiting xsim at Tue Nov  5 21:02:55 2024...
