

================================================================
== Vitis HLS Report for 'yolo_acc_top'
================================================================
* Date:           Sun Nov  3 20:46:59 2024

* Version:        2022.2.2 (Build 3779808 on Feb 17 2023)
* Project:        yolo_acc_prj
* Solution:       solution1 (Vivado IP Flow Target)
* Product family: zynq
* Target device:  xc7z020-clg400-1


================================================================
== Performance Estimates
================================================================
+ Timing: 
    * Summary: 
    +--------+----------+----------+------------+
    |  Clock |  Target  | Estimated| Uncertainty|
    +--------+----------+----------+------------+
    |ap_clk  |  10.00 ns|  6.648 ns|     2.70 ns|
    +--------+----------+----------+------------+

+ Latency: 
    * Summary: 
    +---------+---------+-----------+-----------+---------+---------+---------+
    |  Latency (cycles) |   Latency (absolute)  |      Interval     | Pipeline|
    |   min   |   max   |    min    |    max    |   min   |   max   |   Type  |
    +---------+---------+-----------+-----------+---------+---------+---------+
    |  1384472|  1384472|  13.845 ms|  13.845 ms|  1384473|  1384473|       no|
    +---------+---------+-----------+-----------+---------+---------+---------+

    + Detail: 
        * Instance: 
        +----------------------------------------------------------------------------------+-----------------------------------------------------------------------+---------+---------+-----------+-----------+---------+---------+---------+
        |                                                                                  |                                                                       |  Latency (cycles) |   Latency (absolute)  |      Interval     | Pipeline|
        |                                     Instance                                     |                                 Module                                |   min   |   max   |    min    |    max    |   min   |   max   |   Type  |
        +----------------------------------------------------------------------------------+-----------------------------------------------------------------------+---------+---------+-----------+-----------+---------+---------+---------+
        |grp_yolo_acc_top_Pipeline_VITIS_LOOP_25_1_fu_106                                  |yolo_acc_top_Pipeline_VITIS_LOOP_25_1                                  |       10|       10|   0.100 us|   0.100 us|       10|       10|       no|
        |grp_yolo_acc_top_Pipeline_VITIS_LOOP_42_2_VITIS_LOOP_45_3_VITIS_LOOP_48_4_fu_115  |yolo_acc_top_Pipeline_VITIS_LOOP_42_2_VITIS_LOOP_45_3_VITIS_LOOP_48_4  |  1384456|  1384456|  13.845 ms|  13.845 ms|  1384456|  1384456|       no|
        +----------------------------------------------------------------------------------+-----------------------------------------------------------------------+---------+---------+-----------+-----------+---------+---------+---------+

        * Loop: 
        N/A



================================================================
== Utilization Estimates
================================================================
* Summary: 
+-----------------+---------+-----+--------+-------+-----+
|       Name      | BRAM_18K| DSP |   FF   |  LUT  | URAM|
+-----------------+---------+-----+--------+-------+-----+
|DSP              |        -|    1|       -|      -|    -|
|Expression       |        -|    -|       0|     48|    -|
|FIFO             |        -|    -|       -|      -|    -|
|Instance         |        0|    2|    1437|   1913|    -|
|Memory           |        0|    -|      32|      8|    0|
|Multiplexer      |        -|    -|       -|    139|    -|
|Register         |        -|    -|      90|      -|    -|
+-----------------+---------+-----+--------+-------+-----+
|Total            |        0|    3|    1559|   2108|    0|
+-----------------+---------+-----+--------+-------+-----+
|Available        |      280|  220|  106400|  53200|    0|
+-----------------+---------+-----+--------+-------+-----+
|Utilization (%)  |        0|    1|       1|      3|    0|
+-----------------+---------+-----+--------+-------+-----+

+ Detail: 
    * Instance: 
    +----------------------------------------------------------------------------------+-----------------------------------------------------------------------+---------+----+------+------+-----+
    |                                     Instance                                     |                                 Module                                | BRAM_18K| DSP|  FF  |  LUT | URAM|
    +----------------------------------------------------------------------------------+-----------------------------------------------------------------------+---------+----+------+------+-----+
    |CTRL_BUS_s_axi_U                                                                  |CTRL_BUS_s_axi                                                         |        0|   0|    90|    88|    0|
    |mul_9ns_4ns_13_1_1_U24                                                            |mul_9ns_4ns_13_1_1                                                     |        0|   0|     0|    51|    0|
    |grp_yolo_acc_top_Pipeline_VITIS_LOOP_25_1_fu_106                                  |yolo_acc_top_Pipeline_VITIS_LOOP_25_1                                  |        0|   0|    48|   178|    0|
    |grp_yolo_acc_top_Pipeline_VITIS_LOOP_42_2_VITIS_LOOP_45_3_VITIS_LOOP_48_4_fu_115  |yolo_acc_top_Pipeline_VITIS_LOOP_42_2_VITIS_LOOP_45_3_VITIS_LOOP_48_4  |        0|   2|  1299|  1596|    0|
    +----------------------------------------------------------------------------------+-----------------------------------------------------------------------+---------+----+------+------+-----+
    |Total                                                                             |                                                                       |        0|   2|  1437|  1913|    0|
    +----------------------------------------------------------------------------------+-----------------------------------------------------------------------+---------+----+------+------+-----+

    * DSP: 
    +-----------------------------+-------------------------+-----------+
    |           Instance          |          Module         | Expression|
    +-----------------------------+-------------------------+-----------+
    |mul_mul_9ns_13ns_22_4_1_U25  |mul_mul_9ns_13ns_22_4_1  |    i0 * i1|
    +-----------------------------+-------------------------+-----------+

    * Memory: 
    +--------------------+--------------------------------+---------+----+----+-----+------+-----+------+-------------+
    |       Memory       |             Module             | BRAM_18K| FF | LUT| URAM| Words| Bits| Banks| W*Bits*Banks|
    +--------------------+--------------------------------+---------+----+----+-----+------+-----+------+-------------+
    |kernel_bias_fp_V_U  |kernel_bias_fp_V_RAM_AUTO_1R1W  |        0|  32|   8|    0|    32|   16|     1|          512|
    +--------------------+--------------------------------+---------+----+----+-----+------+-----+------+-------------+
    |Total               |                                |        0|  32|   8|    0|    32|   16|     1|          512|
    +--------------------+--------------------------------+---------+----+----+-----+------+-----+------+-------------+

    * FIFO: 
    N/A

    * Expression: 
    +---------------------------------------------------------------------------------------------------+----------+----+---+----+------------+------------+
    |                                           Variable Name                                           | Operation| DSP| FF| LUT| Bitwidth P0| Bitwidth P1|
    +---------------------------------------------------------------------------------------------------+----------+----+---+----+------------+------------+
    |sub_i_i54_fu_157_p2                                                                                |         +|   0|  0|  13|          10|           2|
    |sub_i_i_fu_167_p2                                                                                  |         +|   0|  0|  13|          10|           2|
    |grp_yolo_acc_top_Pipeline_VITIS_LOOP_42_2_VITIS_LOOP_45_3_VITIS_LOOP_48_4_fu_115_outStream_TREADY  |       and|   0|  0|   2|           1|           1|
    |cmp_i_i31_mid111_fu_174_p2                                                                         |      icmp|   0|  0|  11|          10|           1|
    |icmp_ln1027_fu_181_p2                                                                              |      icmp|   0|  0|   9|           4|           1|
    +---------------------------------------------------------------------------------------------------+----------+----+---+----+------------+------------+
    |Total                                                                                              |          |   0|  0|  48|          35|           7|
    +---------------------------------------------------------------------------------------------------+----------+----+---+----+------------+------------+

    * Multiplexer: 
    +--------------------------------+----+-----------+-----+-----------+
    |              Name              | LUT| Input Size| Bits| Total Bits|
    +--------------------------------+----+-----------+-----+-----------+
    |ap_NS_fsm                       |  42|          8|    1|          8|
    |inStream_a_TREADY_int_regslice  |   9|          2|    1|          2|
    |inStream_b_TREADY_int_regslice  |  14|          3|    1|          3|
    |kernel_bias_fp_V_address0       |  14|          3|    5|         15|
    |kernel_bias_fp_V_address1       |  14|          3|    5|         15|
    |kernel_bias_fp_V_ce0            |  14|          3|    1|          3|
    |kernel_bias_fp_V_ce1            |  14|          3|    1|          3|
    |kernel_bias_fp_V_we0            |   9|          2|    1|          2|
    |kernel_bias_fp_V_we1            |   9|          2|    1|          2|
    +--------------------------------+----+-----------+-----+-----------+
    |Total                           | 139|         29|   17|         53|
    +--------------------------------+----+-----------+-----+-----------+

    * Register: 
    +-----------------------------------------------------------------------------------------------+----+----+-----+-----------+
    |                                              Name                                             | FF | LUT| Bits| Const Bits|
    +-----------------------------------------------------------------------------------------------+----+----+-----+-----------+
    |ap_CS_fsm                                                                                      |   7|   0|    7|          0|
    |bias_en_read_reg_194                                                                           |   1|   0|    1|          0|
    |bound4_reg_250                                                                                 |  22|   0|   22|          0|
    |bound_reg_225                                                                                  |  13|   0|   13|          0|
    |cmp_i_i31_mid111_reg_255                                                                       |   1|   0|    1|          0|
    |fold_input_ch_read_reg_205                                                                     |   4|   0|    4|          0|
    |grp_yolo_acc_top_Pipeline_VITIS_LOOP_25_1_fu_106_ap_start_reg                                  |   1|   0|    1|          0|
    |grp_yolo_acc_top_Pipeline_VITIS_LOOP_42_2_VITIS_LOOP_45_3_VITIS_LOOP_48_4_fu_115_ap_start_reg  |   1|   0|    1|          0|
    |icmp_ln1027_reg_260                                                                            |   1|   0|    1|          0|
    |input_h_read_reg_219                                                                           |   9|   0|    9|          0|
    |input_w_read_reg_213                                                                           |   9|   0|    9|          0|
    |leaky_read_reg_200                                                                             |   1|   0|    1|          0|
    |sub_i_i54_reg_240                                                                              |  10|   0|   10|          0|
    |sub_i_i_reg_245                                                                                |  10|   0|   10|          0|
    +-----------------------------------------------------------------------------------------------+----+----+-----+-----------+
    |Total                                                                                          |  90|   0|   90|          0|
    +-----------------------------------------------------------------------------------------------+----+----+-----+-----------+



================================================================
== Interface
================================================================
* Summary: 
+------------------------+-----+-----+------------+--------------+--------------+
|        RTL Ports       | Dir | Bits|  Protocol  | Source Object|    C Type    |
+------------------------+-----+-----+------------+--------------+--------------+
|s_axi_CTRL_BUS_AWVALID  |   in|    1|       s_axi|      CTRL_BUS|        scalar|
|s_axi_CTRL_BUS_AWREADY  |  out|    1|       s_axi|      CTRL_BUS|        scalar|
|s_axi_CTRL_BUS_AWADDR   |   in|    6|       s_axi|      CTRL_BUS|        scalar|
|s_axi_CTRL_BUS_WVALID   |   in|    1|       s_axi|      CTRL_BUS|        scalar|
|s_axi_CTRL_BUS_WREADY   |  out|    1|       s_axi|      CTRL_BUS|        scalar|
|s_axi_CTRL_BUS_WDATA    |   in|   32|       s_axi|      CTRL_BUS|        scalar|
|s_axi_CTRL_BUS_WSTRB    |   in|    4|       s_axi|      CTRL_BUS|        scalar|
|s_axi_CTRL_BUS_ARVALID  |   in|    1|       s_axi|      CTRL_BUS|        scalar|
|s_axi_CTRL_BUS_ARREADY  |  out|    1|       s_axi|      CTRL_BUS|        scalar|
|s_axi_CTRL_BUS_ARADDR   |   in|    6|       s_axi|      CTRL_BUS|        scalar|
|s_axi_CTRL_BUS_RVALID   |  out|    1|       s_axi|      CTRL_BUS|        scalar|
|s_axi_CTRL_BUS_RREADY   |   in|    1|       s_axi|      CTRL_BUS|        scalar|
|s_axi_CTRL_BUS_RDATA    |  out|   32|       s_axi|      CTRL_BUS|        scalar|
|s_axi_CTRL_BUS_RRESP    |  out|    2|       s_axi|      CTRL_BUS|        scalar|
|s_axi_CTRL_BUS_BVALID   |  out|    1|       s_axi|      CTRL_BUS|        scalar|
|s_axi_CTRL_BUS_BREADY   |   in|    1|       s_axi|      CTRL_BUS|        scalar|
|s_axi_CTRL_BUS_BRESP    |  out|    2|       s_axi|      CTRL_BUS|        scalar|
|ap_clk                  |   in|    1|  ap_ctrl_hs|  yolo_acc_top|  return value|
|ap_rst_n                |   in|    1|  ap_ctrl_hs|  yolo_acc_top|  return value|
|interrupt               |  out|    1|  ap_ctrl_hs|  yolo_acc_top|  return value|
|inStream_a_TDATA        |   in|  112|        axis|    inStream_a|       pointer|
|inStream_a_TVALID       |   in|    1|        axis|    inStream_a|       pointer|
|inStream_a_TREADY       |  out|    1|        axis|    inStream_a|       pointer|
|inStream_b_TDATA        |   in|  112|        axis|    inStream_b|       pointer|
|inStream_b_TVALID       |   in|    1|        axis|    inStream_b|       pointer|
|inStream_b_TREADY       |  out|    1|        axis|    inStream_b|       pointer|
|outStream_TDATA         |  out|  112|        axis|     outStream|       pointer|
|outStream_TVALID        |  out|    1|        axis|     outStream|       pointer|
|outStream_TREADY        |   in|    1|        axis|     outStream|       pointer|
+------------------------+-----+-----+------------+--------------+--------------+

