

================================================================
== Vitis HLS Report for 'yolo_acc_top_Pipeline_VITIS_LOOP_42_2_VITIS_LOOP_45_3_VITIS_LOOP_48_4'
================================================================
* Date:           Sun Nov  3 20:46:59 2024

* Version:        2022.2.2 (Build 3779808 on Feb 17 2023)
* Project:        yolo_acc_prj
* Solution:       solution1 (Vivado IP Flow Target)
* Product family: zynq
* Target device:  xc7z020-clg400-1


================================================================
== Performance Estimates
================================================================
+ Timing: 
    * Summary: 
    +--------+----------+----------+------------+
    |  Clock |  Target  | Estimated| Uncertainty|
    +--------+----------+----------+------------+
    |ap_clk  |  10.00 ns|  6.547 ns|     2.70 ns|
    +--------+----------+----------+------------+

+ Latency: 
    * Summary: 
    +---------+---------+-----------+-----------+---------+---------+---------+
    |  Latency (cycles) |   Latency (absolute)  |      Interval     | Pipeline|
    |   min   |   max   |    min    |    max    |   min   |   max   |   Type  |
    +---------+---------+-----------+-----------+---------+---------+---------+
    |  1384456|  1384456|  13.845 ms|  13.845 ms|  1384456|  1384456|       no|
    +---------+---------+-----------+-----------+---------+---------+---------+

    + Detail: 
        * Instance: 
        +------------------------------+-------------------+---------+---------+-----------+-----------+-----+-----+---------+
        |                              |                   |  Latency (cycles) |   Latency (absolute)  |  Interval | Pipeline|
        |           Instance           |       Module      |   min   |   max   |    min    |    max    | min | max |   Type  |
        +------------------------------+-------------------+---------+---------+-----------+-----------+-----+-----+---------+
        |grp_post_process_unit_fu_286  |post_process_unit  |        4|        4|  40.000 ns|  40.000 ns|    1|    1|      yes|
        |grp_post_process_unit_fu_294  |post_process_unit  |        4|        4|  40.000 ns|  40.000 ns|    1|    1|      yes|
        +------------------------------+-------------------+---------+---------+-----------+-----------+-----+-----+---------+

        * Loop: 
        +---------------------------------------------------+---------+---------+----------+-----------+-----------+--------+----------+
        |                                                   |  Latency (cycles) | Iteration|  Initiation Interval  |  Trip  |          |
        |                     Loop Name                     |   min   |   max   |  Latency |  achieved |   target  |  Count | Pipelined|
        +---------------------------------------------------+---------+---------+----------+-----------+-----------+--------+----------+
        |- VITIS_LOOP_42_2_VITIS_LOOP_45_3_VITIS_LOOP_48_4  |  1384454|  1384454|         9|          2|          1|  692224|       yes|
        +---------------------------------------------------+---------+---------+----------+-----------+-----------+--------+----------+



================================================================
== Utilization Estimates
================================================================
* Summary: 
+-----------------+---------+-----+--------+-------+-----+
|       Name      | BRAM_18K| DSP |   FF   |  LUT  | URAM|
+-----------------+---------+-----+--------+-------+-----+
|DSP              |        -|    -|       -|      -|    -|
|Expression       |        -|    -|       0|    597|    -|
|FIFO             |        -|    -|       -|      -|    -|
|Instance         |        -|    2|     762|    674|    -|
|Memory           |        -|    -|       -|      -|    -|
|Multiplexer      |        -|    -|       -|    197|    -|
|Register         |        -|    -|     537|    128|    -|
+-----------------+---------+-----+--------+-------+-----+
|Total            |        0|    2|    1299|   1596|    0|
+-----------------+---------+-----+--------+-------+-----+
|Available        |      280|  220|  106400|  53200|    0|
+-----------------+---------+-----+--------+-------+-----+
|Utilization (%)  |        0|   ~0|       1|      3|    0|
+-----------------+---------+-----+--------+-------+-----+

+ Detail: 
    * Instance: 
    +------------------------------+-------------------+---------+----+-----+-----+-----+
    |           Instance           |       Module      | BRAM_18K| DSP|  FF | LUT | URAM|
    +------------------------------+-------------------+---------+----+-----+-----+-----+
    |grp_post_process_unit_fu_286  |post_process_unit  |        0|   1|  381|  337|    0|
    |grp_post_process_unit_fu_294  |post_process_unit  |        0|   1|  381|  337|    0|
    +------------------------------+-------------------+---------+----+-----+-----+-----+
    |Total                         |                   |        0|   2|  762|  674|    0|
    +------------------------------+-------------------+---------+----+-----+-----+-----+

    * DSP: 
    N/A

    * Memory: 
    N/A

    * FIFO: 
    N/A

    * Expression: 
    +----------------------------------+----------+----+---+----+------------+------------+
    |           Variable Name          | Operation| DSP| FF| LUT| Bitwidth P0| Bitwidth P1|
    +----------------------------------+----------+----+---+----+------------+------------+
    |add_ln1027_1_fu_335_p2            |         +|   0|  0|  29|          22|           1|
    |add_ln1027_fu_926_p2              |         +|   0|  0|  14|          13|           1|
    |add_ln42_fu_442_p2                |         +|   0|  0|  14|           9|           1|
    |add_ln48_fu_921_p2                |         +|   0|  0|  13|           4|           1|
    |col_idx_3_fu_477_p2               |         +|   0|  0|  14|           9|           1|
    |p_Val2_1_fu_596_p2                |         +|   0|  0|  23|          16|          16|
    |p_Val2_3_fu_666_p2                |         +|   0|  0|  23|          16|          16|
    |p_Val2_5_fu_736_p2                |         +|   0|  0|  23|          16|          16|
    |p_Val2_7_fu_806_p2                |         +|   0|  0|  23|          16|          16|
    |ret_V_1_fu_652_p2                 |         +|   0|  0|  24|          17|          17|
    |ret_V_2_fu_722_p2                 |         +|   0|  0|  24|          17|          17|
    |ret_V_3_fu_792_p2                 |         +|   0|  0|  24|          17|          17|
    |ret_V_fu_582_p2                   |         +|   0|  0|  24|          17|          17|
    |and_ln76_fu_879_p2                |       and|   0|  0|   2|           1|           1|
    |ap_block_pp0_stage0_11001         |       and|   0|  0|   2|           1|           1|
    |ap_block_pp0_stage1_01001         |       and|   0|  0|   2|           1|           1|
    |curr_output_last_V_fu_885_p2      |       and|   0|  0|   2|           1|           1|
    |overflow_1_fu_686_p2              |       and|   0|  0|   2|           1|           1|
    |overflow_2_fu_756_p2              |       and|   0|  0|   2|           1|           1|
    |overflow_3_fu_826_p2              |       and|   0|  0|   2|           1|           1|
    |overflow_fu_616_p2                |       and|   0|  0|   2|           1|           1|
    |cmp_i_i31_fu_430_p2               |      icmp|   0|  0|  11|          10|          10|
    |cmp_i_i31_mid1_fu_487_p2          |      icmp|   0|  0|  11|          10|          10|
    |cmp_i_i_fu_421_p2                 |      icmp|   0|  0|  11|          10|          10|
    |cmp_i_i_mid1_fu_452_p2            |      icmp|   0|  0|  11|          10|          10|
    |icmp_ln1027_1_fu_330_p2           |      icmp|   0|  0|  14|          22|          22|
    |icmp_ln1027_2_fu_347_p2           |      icmp|   0|  0|  12|          13|          13|
    |icmp_ln1027_3_fu_352_p2           |      icmp|   0|  0|   9|           4|           4|
    |icmp_ln75_fu_874_p2               |      icmp|   0|  0|   9|           4|           3|
    |ap_block_state3_pp0_stage0_iter1  |        or|   0|  0|   2|           1|           1|
    |or_ln45_fu_364_p2                 |        or|   0|  0|   2|           1|           1|
    |or_ln66_fu_395_p2                 |        or|   0|  0|   5|           5|           1|
    |or_ln67_fu_854_p2                 |        or|   0|  0|   5|           5|           2|
    |or_ln68_fu_864_p2                 |        or|   0|  0|   5|           5|           2|
    |select_ln1027_1_fu_499_p3         |    select|   0|  0|   9|           1|           9|
    |select_ln1027_2_fu_931_p3         |    select|   0|  0|  13|           1|           1|
    |select_ln1027_fu_470_p3           |    select|   0|  0|   9|           1|           9|
    |select_ln302_1_fu_706_p3          |    select|   0|  0|  16|           1|          16|
    |select_ln302_2_fu_776_p3          |    select|   0|  0|  16|           1|          16|
    |select_ln302_3_fu_846_p3          |    select|   0|  0|  16|           1|          16|
    |select_ln302_fu_636_p3            |    select|   0|  0|  16|           1|          16|
    |select_ln346_1_fu_698_p3          |    select|   0|  0|  17|           1|          15|
    |select_ln346_2_fu_768_p3          |    select|   0|  0|  17|           1|          15|
    |select_ln346_3_fu_838_p3          |    select|   0|  0|  17|           1|          15|
    |select_ln346_fu_628_p3            |    select|   0|  0|  17|           1|          15|
    |select_ln42_1_fu_457_p3           |    select|   0|  0|   2|           1|           1|
    |select_ln42_2_fu_464_p3           |    select|   0|  0|   2|           1|           1|
    |select_ln42_3_fu_357_p3           |    select|   0|  0|   2|           1|           1|
    |select_ln42_fu_435_p3             |    select|   0|  0|   9|           1|           1|
    |select_ln45_1_fu_492_p3           |    select|   0|  0|   2|           1|           1|
    |select_ln45_fu_370_p3             |    select|   0|  0|   4|           1|           1|
    |ap_enable_pp0                     |       xor|   0|  0|   2|           1|           2|
    |xor_ln302_1_fu_692_p2             |       xor|   0|  0|   2|           1|           1|
    |xor_ln302_2_fu_762_p2             |       xor|   0|  0|   2|           1|           1|
    |xor_ln302_3_fu_832_p2             |       xor|   0|  0|   2|           1|           1|
    |xor_ln302_fu_622_p2               |       xor|   0|  0|   2|           1|           1|
    |xor_ln895_1_fu_680_p2             |       xor|   0|  0|   2|           1|           2|
    |xor_ln895_2_fu_750_p2             |       xor|   0|  0|   2|           1|           2|
    |xor_ln895_3_fu_820_p2             |       xor|   0|  0|   2|           1|           2|
    |xor_ln895_fu_610_p2               |       xor|   0|  0|   2|           1|           2|
    +----------------------------------+----------+----+---+----+------------+------------+
    |Total                             |          |   0|  0| 597|         323|         397|
    +----------------------------------+----------+----+---+----+------------+------------+

    * Multiplexer: 
    +--------------------------------------+----+-----------+-----+-----------+
    |                 Name                 | LUT| Input Size| Bits| Total Bits|
    +--------------------------------------+----+-----------+-----+-----------+
    |ap_NS_fsm                             |  14|          3|    1|          3|
    |ap_done_int                           |   9|          2|    1|          2|
    |ap_enable_reg_pp0_iter0               |   9|          2|    1|          2|
    |ap_enable_reg_pp0_iter1               |   9|          2|    1|          2|
    |col_idx_fu_156                        |   9|          2|    9|         18|
    |grp_post_process_unit_fu_286_bias     |  14|          3|   16|         48|
    |grp_post_process_unit_fu_286_data_in  |  14|          3|   16|         48|
    |grp_post_process_unit_fu_294_bias     |  14|          3|   16|         48|
    |grp_post_process_unit_fu_294_data_in  |  14|          3|   16|         48|
    |inStream_a_TDATA_blk_n                |   9|          2|    1|          2|
    |inStream_b_TDATA_blk_n                |   9|          2|    1|          2|
    |indvar_flatten15_fu_168               |   9|          2|   22|         44|
    |indvar_flatten_fu_160                 |   9|          2|   13|         26|
    |input_ch_idx_fu_152                   |   9|          2|    4|          8|
    |kernel_bias_fp_V_address0             |  14|          3|    5|         15|
    |kernel_bias_fp_V_address1             |  14|          3|    5|         15|
    |outStream_TDATA_blk_n                 |   9|          2|    1|          2|
    |row_idx_fu_164                        |   9|          2|    9|         18|
    +--------------------------------------+----+-----------+-----+-----------+
    |Total                                 | 197|         43|  138|        351|
    +--------------------------------------+----+-----------+-----+-----------+

    * Register: 
    +----------------------------------------+----+----+-----+-----------+
    |                  Name                  | FF | LUT| Bits| Const Bits|
    +----------------------------------------+----+----+-----+-----------+
    |ap_CS_fsm                               |   2|   0|    2|          0|
    |ap_done_reg                             |   1|   0|    1|          0|
    |ap_enable_reg_pp0_iter0_reg             |   1|   0|    1|          0|
    |ap_enable_reg_pp0_iter1                 |   1|   0|    1|          0|
    |ap_enable_reg_pp0_iter2                 |   1|   0|    1|          0|
    |ap_enable_reg_pp0_iter3                 |   1|   0|    1|          0|
    |ap_enable_reg_pp0_iter4                 |   1|   0|    1|          0|
    |ap_loop_exit_ready_pp0_iter1_reg        |   1|   0|    1|          0|
    |ap_loop_exit_ready_pp0_iter2_reg        |   1|   0|    1|          0|
    |ap_loop_exit_ready_pp0_iter3_reg        |   1|   0|    1|          0|
    |col_idx_fu_156                          |   9|   0|    9|          0|
    |curr_output_data_sub_data_0_V_reg_1183  |  16|   0|   16|          0|
    |curr_output_data_sub_data_1_V_reg_1188  |  16|   0|   16|          0|
    |curr_output_last_V_reg_1153             |   1|   0|    1|          0|
    |icmp_ln1027_1_reg_1067                  |   1|   0|    1|          0|
    |icmp_ln1027_2_reg_1076                  |   1|   0|    1|          0|
    |indvar_flatten15_fu_168                 |  22|   0|   22|          0|
    |indvar_flatten_fu_160                   |  13|   0|   13|          0|
    |indvar_flatten_load_reg_1071            |  13|   0|   13|          0|
    |input_ch_idx_fu_152                     |   4|   0|    4|          0|
    |kernel_bias_fp_V_load_1_reg_1138        |  16|   0|   16|          0|
    |kernel_bias_fp_V_load_2_reg_1173        |  16|   0|   16|          0|
    |kernel_bias_fp_V_load_3_reg_1178        |  16|   0|   16|          0|
    |kernel_bias_fp_V_load_reg_1133          |  16|   0|   16|          0|
    |row_idx_fu_164                          |   9|   0|    9|          0|
    |select_ln302_1_reg_1118                 |  16|   0|   16|          0|
    |select_ln302_2_reg_1123                 |  16|   0|   16|          0|
    |select_ln302_3_reg_1128                 |  16|   0|   16|          0|
    |select_ln302_reg_1113                   |  16|   0|   16|          0|
    |select_ln42_3_reg_1085                  |   1|   0|    1|          0|
    |select_ln45_reg_1091                    |   4|   0|    4|          0|
    |shl_ln_reg_1097                         |   3|   0|    5|          2|
    |tmp_1_reg_1163                          |   5|   0|    5|          0|
    |tmp_4_reg_1168                          |  18|   0|   18|          0|
    |tmp_s_reg_1158                          |   6|   0|    6|          0|
    |curr_output_last_V_reg_1153             |  64|  32|    1|          0|
    |tmp_1_reg_1163                          |  64|  32|    5|          0|
    |tmp_4_reg_1168                          |  64|  32|   18|          0|
    |tmp_s_reg_1158                          |  64|  32|    6|          0|
    +----------------------------------------+----+----+-----+-----------+
    |Total                                   | 537| 128|  313|          2|
    +----------------------------------------+----+----+-----+-----------+



================================================================
== Interface
================================================================
* Summary: 
+---------------------------+-----+-----+------------+-----------------------------------------------------------------------+--------------+
|         RTL Ports         | Dir | Bits|  Protocol  |                             Source Object                             |    C Type    |
+---------------------------+-----+-----+------------+-----------------------------------------------------------------------+--------------+
|ap_clk                     |   in|    1|  ap_ctrl_hs|  yolo_acc_top_Pipeline_VITIS_LOOP_42_2_VITIS_LOOP_45_3_VITIS_LOOP_48_4|  return value|
|ap_rst                     |   in|    1|  ap_ctrl_hs|  yolo_acc_top_Pipeline_VITIS_LOOP_42_2_VITIS_LOOP_45_3_VITIS_LOOP_48_4|  return value|
|ap_start                   |   in|    1|  ap_ctrl_hs|  yolo_acc_top_Pipeline_VITIS_LOOP_42_2_VITIS_LOOP_45_3_VITIS_LOOP_48_4|  return value|
|ap_done                    |  out|    1|  ap_ctrl_hs|  yolo_acc_top_Pipeline_VITIS_LOOP_42_2_VITIS_LOOP_45_3_VITIS_LOOP_48_4|  return value|
|ap_idle                    |  out|    1|  ap_ctrl_hs|  yolo_acc_top_Pipeline_VITIS_LOOP_42_2_VITIS_LOOP_45_3_VITIS_LOOP_48_4|  return value|
|ap_ready                   |  out|    1|  ap_ctrl_hs|  yolo_acc_top_Pipeline_VITIS_LOOP_42_2_VITIS_LOOP_45_3_VITIS_LOOP_48_4|  return value|
|outStream_TREADY           |   in|    1|        axis|                                                              outStream|       pointer|
|outStream_TDATA            |  out|  112|        axis|                                                              outStream|       pointer|
|outStream_TVALID           |  out|    1|        axis|                                                              outStream|       pointer|
|sub_i_i                    |   in|   10|     ap_none|                                                                sub_i_i|        scalar|
|sub_i_i54                  |   in|   10|     ap_none|                                                              sub_i_i54|        scalar|
|bound4                     |   in|   22|     ap_none|                                                                 bound4|        scalar|
|bound                      |   in|   13|     ap_none|                                                                  bound|        scalar|
|cmp_i_i31_mid111           |   in|    1|     ap_none|                                                       cmp_i_i31_mid111|        scalar|
|fold_input_ch              |   in|    4|     ap_none|                                                          fold_input_ch|        scalar|
|icmp_ln1027                |   in|    1|     ap_none|                                                            icmp_ln1027|        scalar|
|inStream_a_TDATA           |   in|  112|        axis|                                                             inStream_a|       pointer|
|inStream_a_TVALID          |   in|    1|        axis|                                                             inStream_a|       pointer|
|inStream_a_TREADY          |  out|    1|        axis|                                                             inStream_a|       pointer|
|inStream_b_TDATA           |   in|  112|        axis|                                                             inStream_b|       pointer|
|inStream_b_TVALID          |   in|    1|        axis|                                                             inStream_b|       pointer|
|inStream_b_TREADY          |  out|    1|        axis|                                                             inStream_b|       pointer|
|kernel_bias_fp_V_address0  |  out|    5|   ap_memory|                                                       kernel_bias_fp_V|         array|
|kernel_bias_fp_V_ce0       |  out|    1|   ap_memory|                                                       kernel_bias_fp_V|         array|
|kernel_bias_fp_V_q0        |   in|   16|   ap_memory|                                                       kernel_bias_fp_V|         array|
|kernel_bias_fp_V_address1  |  out|    5|   ap_memory|                                                       kernel_bias_fp_V|         array|
|kernel_bias_fp_V_ce1       |  out|    1|   ap_memory|                                                       kernel_bias_fp_V|         array|
|kernel_bias_fp_V_q1        |   in|   16|   ap_memory|                                                       kernel_bias_fp_V|         array|
|bias_en                    |   in|    1|     ap_none|                                                                bias_en|        scalar|
|leaky                      |   in|    1|     ap_none|                                                                  leaky|        scalar|
+---------------------------+-----+-----+------------+-----------------------------------------------------------------------+--------------+

