==============================================================
Vitis HLS - High-Level Synthesis from C, C++ and OpenCL v2022.2.2 (64-bit)
Tool Version Limit: 2019.12
Copyright 1986-2023 Xilinx, Inc. All Rights Reserved.
==============================================================
INFO: [HLS 200-1505] Using flow_target 'vivado'
INFO: [HLS 200-435] Setting 'open_solution -flow_target vivado' configuration: config_interface -m_axi_latency=0
INFO: [HLS 200-1510] Running: set_part xc7z020clg400-1 
INFO: [HLS 200-1611] Setting target device to 'xc7z020-clg400-1'
INFO: [HLS 200-1510] Running: create_clock -period 10 -name default 
INFO: [SYN 201-201] Setting up clock 'default' with a period of 10ns.
INFO: [HLS 200-1510] Running: config_export -format ip_catalog -rtl verilog 
INFO: [HLS 200-1510] Running: csim_design 
INFO: [SIM 211-2] *************** CSIM start ***************
INFO: [SIM 211-4] CSIM will launch GCC as the compiler.
INFO: [SIM 211-1] CSim done with 0 errors.
INFO: [SIM 211-3] *************** CSIM finish ***************
INFO: [HLS 200-111] Finished Command csim_design CPU user time: 15.55 seconds. CPU system time: 0.69 seconds. Elapsed time: 16.29 seconds; current allocated memory: 0.000 MB.
INFO: [HLS 200-1510] Running: csynth_design 
INFO: [HLS 200-111] Finished File checks and directory preparation: CPU user time: 0 seconds. CPU system time: 0.01 seconds. Elapsed time: 0.01 seconds; current allocated memory: 198.340 MB.
INFO: [HLS 200-10] Analyzing design file 'src/yolo_yolo.cpp' ... 
WARNING: [HLS 207-5555] unexpected pragma argument 'logistic_activate', expects function/operation (src/yolo_yolo.cpp:23:34)
INFO: [HLS 200-111] Finished Source Code Analysis and Preprocessing: CPU user time: 14.65 seconds. CPU system time: 0.66 seconds. Elapsed time: 15.36 seconds; current allocated memory: 202.355 MB.
INFO: [HLS 200-777] Using interface defaults for 'Vivado' flow target.
INFO: [HLS 214-291] Loop 'VITIS_LOOP_279_11' is marked as complete unroll implied by the pipeline pragma (/home/tony/tools/xilinx/Vitis_HLS/2022.2/common/technology/autopilot/hls_exp_apfixed.h:279:36)
INFO: [HLS 214-291] Loop 'VITIS_LOOP_275_10' is marked as complete unroll implied by the pipeline pragma (/home/tony/tools/xilinx/Vitis_HLS/2022.2/common/technology/autopilot/hls_exp_apfixed.h:275:36)
INFO: [HLS 214-291] Loop 'VITIS_LOOP_269_9' is marked as complete unroll implied by the pipeline pragma (/home/tony/tools/xilinx/Vitis_HLS/2022.2/common/technology/autopilot/hls_exp_apfixed.h:269:31)
INFO: [HLS 214-291] Loop 'VITIS_LOOP_204_8' is marked as complete unroll implied by the pipeline pragma (/home/tony/tools/xilinx/Vitis_HLS/2022.2/common/technology/autopilot/hls_exp_apfixed.h:204:35)
INFO: [HLS 214-291] Loop 'VITIS_LOOP_196_7' is marked as complete unroll implied by the pipeline pragma (/home/tony/tools/xilinx/Vitis_HLS/2022.2/common/technology/autopilot/hls_exp_apfixed.h:196:27)
INFO: [HLS 214-186] Unrolling loop 'VITIS_LOOP_279_11' (/home/tony/tools/xilinx/Vitis_HLS/2022.2/common/technology/autopilot/hls_exp_apfixed.h:279:36) in function 'exp_reduce::exp<16, 8>' completely with a factor of 18 (/home/tony/tools/xilinx/Vitis_HLS/2022.2/common/technology/autopilot/hls_exp_apfixed.h:40:0)
INFO: [HLS 214-186] Unrolling loop 'VITIS_LOOP_275_10' (/home/tony/tools/xilinx/Vitis_HLS/2022.2/common/technology/autopilot/hls_exp_apfixed.h:275:36) in function 'exp_reduce::exp<16, 8>' completely with a factor of 4 (/home/tony/tools/xilinx/Vitis_HLS/2022.2/common/technology/autopilot/hls_exp_apfixed.h:40:0)
INFO: [HLS 214-186] Unrolling loop 'VITIS_LOOP_269_9' (/home/tony/tools/xilinx/Vitis_HLS/2022.2/common/technology/autopilot/hls_exp_apfixed.h:269:31) in function 'exp_reduce::exp<16, 8>' completely with a factor of 4 (/home/tony/tools/xilinx/Vitis_HLS/2022.2/common/technology/autopilot/hls_exp_apfixed.h:40:0)
INFO: [HLS 214-186] Unrolling loop 'VITIS_LOOP_204_8' (/home/tony/tools/xilinx/Vitis_HLS/2022.2/common/technology/autopilot/hls_exp_apfixed.h:204:35) in function 'exp_reduce::exp<16, 8>' completely with a factor of 22 (/home/tony/tools/xilinx/Vitis_HLS/2022.2/common/technology/autopilot/hls_exp_apfixed.h:40:0)
INFO: [HLS 214-186] Unrolling loop 'VITIS_LOOP_196_7' (/home/tony/tools/xilinx/Vitis_HLS/2022.2/common/technology/autopilot/hls_exp_apfixed.h:196:27) in function 'exp_reduce::exp<16, 8>' completely with a factor of 8 (/home/tony/tools/xilinx/Vitis_HLS/2022.2/common/technology/autopilot/hls_exp_apfixed.h:40:0)
INFO: [HLS 200-111] Finished Compiling Optimization and Transform: CPU user time: 5.1 seconds. CPU system time: 0.25 seconds. Elapsed time: 5.38 seconds; current allocated memory: 202.465 MB.
INFO: [HLS 200-111] Finished Checking Pragmas: CPU user time: 0 seconds. CPU system time: 0 seconds. Elapsed time: 0 seconds; current allocated memory: 202.465 MB.
INFO: [HLS 200-10] Starting code transformations ...
INFO: [HLS 200-111] Finished Standard Transforms: CPU user time: 0.06 seconds. CPU system time: 0.01 seconds. Elapsed time: 0.08 seconds; current allocated memory: 227.887 MB.
INFO: [HLS 200-10] Checking synthesizability ...
INFO: [HLS 200-111] Finished Checking Synthesizability: CPU user time: 0.16 seconds. CPU system time: 0.01 seconds. Elapsed time: 0.16 seconds; current allocated memory: 259.781 MB.
INFO: [XFORM 203-401] Performing if-conversion on hyperblock from (/home/tony/tools/xilinx/Vitis_HLS/2022.2/common/technology/autopilot/hls_exp_apfixed.h:41:9) to (/home/tony/tools/xilinx/Vitis_HLS/2022.2/common/technology/autopilot/hls_exp_apfixed.h:953:1) in function 'exp_reduce::exp<16, 8>'... converting 5 basic blocks.
INFO: [XFORM 203-11] Balancing expressions in function 'yolo_yolo_top' (src/yolo_yolo.cpp:3)...5 expression(s) balanced.
INFO: [XFORM 203-11] Balancing expressions in function 'exp_reduce::exp<16, 8>' (/home/tony/tools/xilinx/Vitis_HLS/2022.2/common/technology/autopilot/hls_exp_apfixed.h:41:1)...8 expression(s) balanced.
INFO: [HLS 200-111] Finished Loop, function and other optimizations: CPU user time: 0.22 seconds. CPU system time: 0.01 seconds. Elapsed time: 0.24 seconds; current allocated memory: 313.766 MB.
INFO: [XFORM 203-541] Flattening a loop nest 'VITIS_LOOP_17_2' (src/yolo_yolo.cpp:17:27) in function 'yolo_yolo_top'.
INFO: [XFORM 203-541] Flattening a loop nest 'VITIS_LOOP_14_1' (src/yolo_yolo.cpp:14:27) in function 'yolo_yolo_top'.
INFO: [HLS 200-111] Finished Architecture Synthesis: CPU user time: 0.11 seconds. CPU system time: 0.01 seconds. Elapsed time: 0.12 seconds; current allocated memory: 350.203 MB.
INFO: [HLS 200-10] Starting hardware synthesis ...
INFO: [HLS 200-10] Synthesizing 'yolo_yolo_top' ...
WARNING: [SYN 201-103] Legalizing function name 'exp<16, 8>' to 'exp_16_8_s'.
INFO: [HLS 200-10] ----------------------------------------------------------------
INFO: [HLS 200-42] -- Implementing module 'exp_16_8_s' 
INFO: [HLS 200-10] ----------------------------------------------------------------
INFO: [SCHED 204-11] Starting scheduling ...
INFO: [SCHED 204-61] Pipelining function 'exp<16, 8>'.
INFO: [HLS 200-1470] Pipelining result : Target II = NA, Final II = 1, Depth = 6, function 'exp<16, 8>'
INFO: [SCHED 204-11] Finished scheduling.
INFO: [HLS 200-111] Finished Scheduling: CPU user time: 0.07 seconds. CPU system time: 0.02 seconds. Elapsed time: 0.07 seconds; current allocated memory: 350.203 MB.
INFO: [BIND 205-100] Starting micro-architecture generation ...
INFO: [BIND 205-101] Performing variable lifetime analysis.
INFO: [BIND 205-101] Exploring resource sharing.
INFO: [BIND 205-101] Binding ...
INFO: [BIND 205-100] Finished micro-architecture generation.
INFO: [HLS 200-111] Finished Binding: CPU user time: 0.03 seconds. CPU system time: 0 seconds. Elapsed time: 0.04 seconds; current allocated memory: 350.203 MB.
INFO: [HLS 200-10] ----------------------------------------------------------------
INFO: [HLS 200-42] -- Implementing module 'logistic_activate' 
INFO: [HLS 200-10] ----------------------------------------------------------------
INFO: [SCHED 204-11] Starting scheduling ...
INFO: [SCHED 204-61] Pipelining function 'logistic_activate'.
INFO: [HLS 200-1470] Pipelining result : Target II = NA, Final II = 1, Depth = 30, function 'logistic_activate'
INFO: [SCHED 204-11] Finished scheduling.
INFO: [HLS 200-111] Finished Scheduling: CPU user time: 0.08 seconds. CPU system time: 0 seconds. Elapsed time: 0.07 seconds; current allocated memory: 350.203 MB.
INFO: [BIND 205-100] Starting micro-architecture generation ...
INFO: [BIND 205-101] Performing variable lifetime analysis.
INFO: [BIND 205-101] Exploring resource sharing.
INFO: [BIND 205-101] Binding ...
INFO: [BIND 205-100] Finished micro-architecture generation.
INFO: [HLS 200-111] Finished Binding: CPU user time: 0.09 seconds. CPU system time: 0 seconds. Elapsed time: 0.08 seconds; current allocated memory: 350.203 MB.
INFO: [HLS 200-10] ----------------------------------------------------------------
INFO: [HLS 200-42] -- Implementing module 'yolo_yolo_top_Pipeline_VITIS_LOOP_14_1_VITIS_LOOP_17_2_VITIS_LOOP_20_3' 
INFO: [HLS 200-10] ----------------------------------------------------------------
INFO: [SCHED 204-11] Starting scheduling ...
INFO: [SCHED 204-61] Pipelining loop 'VITIS_LOOP_14_1_VITIS_LOOP_17_2_VITIS_LOOP_20_3'.
INFO: [HLS 200-1470] Pipelining result : Target II = NA, Final II = 1, Depth = 31, loop 'VITIS_LOOP_14_1_VITIS_LOOP_17_2_VITIS_LOOP_20_3'
INFO: [SCHED 204-11] Finished scheduling.
INFO: [HLS 200-111] Finished Scheduling: CPU user time: 0.12 seconds. CPU system time: 0 seconds. Elapsed time: 0.13 seconds; current allocated memory: 350.707 MB.
INFO: [BIND 205-100] Starting micro-architecture generation ...
INFO: [BIND 205-101] Performing variable lifetime analysis.
INFO: [BIND 205-101] Exploring resource sharing.
INFO: [BIND 205-101] Binding ...
INFO: [BIND 205-100] Finished micro-architecture generation.
INFO: [HLS 200-111] Finished Binding: CPU user time: 0.17 seconds. CPU system time: 0 seconds. Elapsed time: 0.18 seconds; current allocated memory: 350.707 MB.
INFO: [HLS 200-10] ----------------------------------------------------------------
INFO: [HLS 200-42] -- Implementing module 'yolo_yolo_top' 
INFO: [HLS 200-10] ----------------------------------------------------------------
INFO: [SCHED 204-11] Starting scheduling ...
INFO: [SCHED 204-11] Finished scheduling.
INFO: [HLS 200-111] Finished Scheduling: CPU user time: 0.29 seconds. CPU system time: 0 seconds. Elapsed time: 0.3 seconds; current allocated memory: 350.707 MB.
INFO: [BIND 205-100] Starting micro-architecture generation ...
INFO: [BIND 205-101] Performing variable lifetime analysis.
INFO: [BIND 205-101] Exploring resource sharing.
INFO: [BIND 205-101] Binding ...
INFO: [BIND 205-100] Finished micro-architecture generation.
INFO: [HLS 200-111] Finished Binding: CPU user time: 0.1 seconds. CPU system time: 0 seconds. Elapsed time: 0.1 seconds; current allocated memory: 350.707 MB.
INFO: [HLS 200-10] ----------------------------------------------------------------
INFO: [HLS 200-10] -- Generating RTL for module 'exp_16_8_s' 
INFO: [HLS 200-10] ----------------------------------------------------------------
INFO: [HLS 200-1030] Apply Unified Pipeline Control on module 'exp_16_8_s' pipeline 'exp<16, 8>' pipeline type 'function pipeline'
INFO: [RTGEN 206-100] Generating core module 'mul_25ns_18ns_43_1_1': 1 instance(s).
INFO: [RTGEN 206-100] Generating core module 'mul_25ns_25ns_50_1_1': 1 instance(s).
INFO: [RTGEN 206-100] Finished creating RTL model for 'exp_16_8_s'.
INFO: [RTMG 210-279] Implementing memory 'yolo_yolo_top_exp_16_8_s_f_x_lsb_table_V_ROM_AUTO_1R' using auto ROMs.
INFO: [RTMG 210-279] Implementing memory 'yolo_yolo_top_exp_16_8_s_exp_x_msb_2_m_1_table_V_ROM_AUTO_1R' using auto ROMs.
INFO: [RTMG 210-279] Implementing memory 'yolo_yolo_top_exp_16_8_s_exp_x_msb_1_table_V_ROM_AUTO_1R' using auto ROMs.
INFO: [HLS 200-111] Finished Creating RTL model: CPU user time: 0.28 seconds. CPU system time: 0 seconds. Elapsed time: 0.29 seconds; current allocated memory: 350.707 MB.
INFO: [HLS 200-10] ----------------------------------------------------------------
INFO: [HLS 200-10] -- Generating RTL for module 'logistic_activate' 
INFO: [HLS 200-10] ----------------------------------------------------------------
INFO: [HLS 200-1030] Apply Unified Pipeline Control on module 'logistic_activate' pipeline 'logistic_activate' pipeline type 'function pipeline'
INFO: [RTGEN 206-100] Generating core module 'sdiv_18ns_17s_18_22_1': 1 instance(s).
INFO: [RTGEN 206-100] Finished creating RTL model for 'logistic_activate'.
INFO: [HLS 200-111] Finished Creating RTL model: CPU user time: 0.13 seconds. CPU system time: 0.01 seconds. Elapsed time: 0.15 seconds; current allocated memory: 352.730 MB.
INFO: [HLS 200-10] ----------------------------------------------------------------
INFO: [HLS 200-10] -- Generating RTL for module 'yolo_yolo_top_Pipeline_VITIS_LOOP_14_1_VITIS_LOOP_17_2_VITIS_LOOP_20_3' 
INFO: [HLS 200-10] ----------------------------------------------------------------
INFO: [HLS 200-1030] Apply Unified Pipeline Control on module 'yolo_yolo_top_Pipeline_VITIS_LOOP_14_1_VITIS_LOOP_17_2_VITIS_LOOP_20_3' pipeline 'VITIS_LOOP_14_1_VITIS_LOOP_17_2_VITIS_LOOP_20_3' pipeline type 'loop pipeline'
INFO: [RTGEN 206-100] Finished creating RTL model for 'yolo_yolo_top_Pipeline_VITIS_LOOP_14_1_VITIS_LOOP_17_2_VITIS_LOOP_20_3'.
INFO: [HLS 200-111] Finished Creating RTL model: CPU user time: 0.17 seconds. CPU system time: 0 seconds. Elapsed time: 0.17 seconds; current allocated memory: 356.594 MB.
INFO: [HLS 200-10] ----------------------------------------------------------------
INFO: [HLS 200-10] -- Generating RTL for module 'yolo_yolo_top' 
INFO: [HLS 200-10] ----------------------------------------------------------------
WARNING: [RTGEN 206-101] Design contains AXI ports. Reset is fixed to synchronous and active low.
INFO: [RTGEN 206-500] Setting interface mode on port 'yolo_yolo_top/inStream' to 'axis' (register, both mode).
INFO: [RTGEN 206-500] Setting interface mode on port 'yolo_yolo_top/outStream' to 'axis' (register, both mode).
INFO: [RTGEN 206-500] Setting interface mode on port 'yolo_yolo_top/activate_en' to 's_axilite & ap_none'.
INFO: [RTGEN 206-500] Setting interface mode on port 'yolo_yolo_top/input_h' to 's_axilite & ap_none'.
INFO: [RTGEN 206-500] Setting interface mode on port 'yolo_yolo_top/input_w' to 's_axilite & ap_none'.
INFO: [RTGEN 206-500] Setting interface mode on function 'yolo_yolo_top' to 's_axilite & ap_ctrl_hs'.
INFO: [RTGEN 206-100] Bundling port 'activate_en', 'input_h', 'input_w' to AXI-Lite port CTRL_BUS.
INFO: [RTGEN 206-100] Generating core module 'mul_5ns_8ns_13_1_1': 1 instance(s).
INFO: [RTGEN 206-100] Finished creating RTL model for 'yolo_yolo_top'.
INFO: [HLS 200-111] Finished Creating RTL model: CPU user time: 0.46 seconds. CPU system time: 0 seconds. Elapsed time: 0.47 seconds; current allocated memory: 359.738 MB.
INFO: [HLS 200-111] Finished Generating all RTL models: CPU user time: 0.46 seconds. CPU system time: 0.01 seconds. Elapsed time: 0.48 seconds; current allocated memory: 362.883 MB.
INFO: [HLS 200-111] Finished Updating report files: CPU user time: 0.2 seconds. CPU system time: 0.01 seconds. Elapsed time: 0.2 seconds; current allocated memory: 367.117 MB.
INFO: [VHDL 208-304] Generating VHDL RTL for yolo_yolo_top.
INFO: [VLOG 209-307] Generating Verilog RTL for yolo_yolo_top.
INFO: [HLS 200-790] **** Loop Constraint Status: All loop constraints were satisfied.
INFO: [HLS 200-789] **** Estimated Fmax: 143.15 MHz
INFO: [HLS 200-111] Finished Command csynth_design CPU user time: 22.96 seconds. CPU system time: 1.01 seconds. Elapsed time: 24.1 seconds; current allocated memory: 169.008 MB.
INFO: [HLS 200-1510] Running: cosim_design 
INFO: [COSIM 212-47] Using XSIM for RTL simulation.
INFO: [COSIM 212-14] Instrumenting C test bench ...
INFO: [COSIM 212-302] Starting C TB testing ... 
INFO: [COSIM 212-333] Generating C post check test bench ...
INFO: [COSIM 212-12] Generating RTL test bench ...
INFO: [COSIM 212-1] *** C/RTL co-simulation file generation completed. ***
INFO: [COSIM 212-323] Starting verilog simulation. 
INFO: [COSIM 212-15] Starting XSIM ...
INFO: [COSIM 212-316] Starting C post checking ...
INFO: [COSIM 212-1000] *** C/RTL co-simulation finished: PASS ***
INFO: [COSIM 212-211] II is measurable only when transaction number is greater than 1 in RTL simulation. Otherwise, they will be marked as all NA. If user wants to calculate them, please make sure there are at least 2 transactions in RTL simulation.
INFO: [HLS 200-111]