

================================================================
== Synthesis Summary Report of 'yolo_conv_top'
================================================================
+ General Information: 
    * Date:           Mon Nov 18 23:56:56 2024
    * Version:        2022.2 (Build 3670227 on Oct 13 2022)
    * Project:        yolo_conv_prj
    * Solution:       solution1 (Vivado IP Flow Target)
    * Product family: zynq
    * Target device:  xc7z020-clg400-1
    

+ Performance & Resource Estimates: 
    
    PS: '+' for module; 'o' for loop; '*' for dataflow
    +---------------------------------------------------------------------------+--------+-------+---------+-----------+----------+---------+--------+----------+-----------+-----------+-------------+-------------+-----+
    |                                  Modules                                  |  Issue |       | Latency |  Latency  | Iteration|         |  Trip  |          |           |           |             |             |     |
    |                                  & Loops                                  |  Type  | Slack | (cycles)|    (ns)   |  Latency | Interval|  Count | Pipelined|   BRAM    |    DSP    |      FF     |     LUT     | URAM|
    +---------------------------------------------------------------------------+--------+-------+---------+-----------+----------+---------+--------+----------+-----------+-----------+-------------+-------------+-----+
    |+ yolo_conv_top                                                            |  Timing|  -2.00|  1927036|  1.445e+07|         -|  1927037|       -|        no|  120 (42%)|  110 (50%)|  44333 (41%)|  36373 (68%)|    -|
    | + yolo_conv_top_Pipeline_VITIS_LOOP_84_4_VITIS_LOOP_88_5_VITIS_LOOP_91_6  |  Timing|  -2.00|  1926597|  1.445e+07|         -|  1926597|       -|        no|          -|  109 (49%)|  40659 (38%)|  29127 (54%)|    -|
    |  o VITIS_LOOP_84_4_VITIS_LOOP_88_5_VITIS_LOOP_91_6                        |      II|   5.47|  1926595|  1.445e+07|        45|       11|  175142|       yes|          -|          -|            -|            -|    -|
    |   + slide_window                                                          |      II|   0.67|        4|     30.000|         -|        4|       -|       yes|          -|          -|    201 (~0%)|    430 (~0%)|    -|
    |   + slide_window                                                          |      II|   0.67|        4|     30.000|         -|        4|       -|       yes|          -|          -|    201 (~0%)|    430 (~0%)|    -|
    |   + window_macc                                                           |      II|   0.82|        6|     45.000|         -|        1|       -|       yes|          -|     9 (4%)|    705 (~0%)|    117 (~0%)|    -|
    |   + window_macc                                                           |      II|   0.82|        6|     45.000|         -|        1|       -|       yes|          -|     9 (4%)|    705 (~0%)|    117 (~0%)|    -|
    |   + window_macc                                                           |      II|   0.82|        6|     45.000|         -|        1|       -|       yes|          -|     9 (4%)|    705 (~0%)|    117 (~0%)|    -|
    |   + window_macc                                                           |      II|   0.82|        6|     45.000|         -|        1|       -|       yes|          -|     9 (4%)|    705 (~0%)|    117 (~0%)|    -|
    |   + window_macc                                                           |      II|   0.82|        6|     45.000|         -|        1|       -|       yes|          -|     9 (4%)|    705 (~0%)|    117 (~0%)|    -|
    |   + window_macc                                                           |      II|   0.82|        6|     45.000|         -|        1|       -|       yes|          -|     9 (4%)|    705 (~0%)|    117 (~0%)|    -|
    |   + window_macc                                                           |      II|   0.82|        6|     45.000|         -|        1|       -|       yes|          -|     9 (4%)|    705 (~0%)|    117 (~0%)|    -|
    |   + window_macc                                                           |      II|   0.82|        6|     45.000|         -|        1|       -|       yes|          -|     9 (4%)|    705 (~0%)|    117 (~0%)|    -|
    |   + window_macc                                                           |      II|   0.82|        6|     45.000|         -|        1|       -|       yes|          -|     9 (4%)|    705 (~0%)|    117 (~0%)|    -|
    |   + window_macc                                                           |      II|   0.82|        6|     45.000|         -|        1|       -|       yes|          -|     9 (4%)|    705 (~0%)|    117 (~0%)|    -|
    |   + window_macc                                                           |      II|   0.82|        6|     45.000|         -|        1|       -|       yes|          -|     9 (4%)|    705 (~0%)|    117 (~0%)|    -|
    |   + window_macc                                                           |      II|   0.82|        6|     45.000|         -|        1|       -|       yes|          -|     9 (4%)|    705 (~0%)|    117 (~0%)|    -|
    |   + post_process                                                          |      II|   1.10|        1|      7.500|         -|        1|       -|       yes|          -|          -|    129 (~0%)|    183 (~0%)|    -|
    |   + post_process                                                          |      II|   1.10|        1|      7.500|         -|        1|       -|       yes|          -|          -|    129 (~0%)|    183 (~0%)|    -|
    |   + post_process                                                          |      II|   1.10|        1|      7.500|         -|        1|       -|       yes|          -|          -|    129 (~0%)|    183 (~0%)|    -|
    |   + write_output                                                          |      II|   2.73|        0|      0.000|         -|        1|       -|       yes|          -|          -|      1 (~0%)|     11 (~0%)|    -|
    |   + write_output                                                          |      II|   2.73|        0|      0.000|         -|        1|       -|       yes|          -|          -|      1 (~0%)|     11 (~0%)|    -|
    |   + write_output                                                          |      II|   2.73|        0|      0.000|         -|        1|       -|       yes|          -|          -|      1 (~0%)|     11 (~0%)|    -|
    |   + write_output                                                          |      II|   2.73|        0|      0.000|         -|        1|       -|       yes|          -|          -|      1 (~0%)|     11 (~0%)|    -|
    |   + write_output                                                          |      II|   2.73|        0|      0.000|         -|        1|       -|       yes|          -|          -|      1 (~0%)|     11 (~0%)|    -|
    |   + write_output                                                          |      II|   2.73|        0|      0.000|         -|        1|       -|       yes|          -|          -|      1 (~0%)|     11 (~0%)|    -|
    |   + write_output                                                          |      II|   2.73|        0|      0.000|         -|        1|       -|       yes|          -|          -|      1 (~0%)|     11 (~0%)|    -|
    |   + write_output                                                          |      II|   2.73|        0|      0.000|         -|        1|       -|       yes|          -|          -|      1 (~0%)|     11 (~0%)|    -|
    |   + write_output                                                          |      II|   2.73|        0|      0.000|         -|        1|       -|       yes|          -|          -|      1 (~0%)|     11 (~0%)|    -|
    |   + write_output                                                          |      II|   2.73|        0|      0.000|         -|        1|       -|       yes|          -|          -|      1 (~0%)|     11 (~0%)|    -|
    |   + write_output                                                          |      II|   2.73|        0|      0.000|         -|        1|       -|       yes|          -|          -|      1 (~0%)|     11 (~0%)|    -|
    |   + write_output                                                          |      II|   2.73|        0|      0.000|         -|        1|       -|       yes|          -|          -|      1 (~0%)|     11 (~0%)|    -|
    |   + write_output                                                          |      II|   2.73|        0|      0.000|         -|        1|       -|       yes|          -|          -|      1 (~0%)|     11 (~0%)|    -|
    |   + write_output                                                          |      II|   2.73|        0|      0.000|         -|        1|       -|       yes|          -|          -|      1 (~0%)|     11 (~0%)|    -|
    |   + write_output                                                          |      II|   2.73|        0|      0.000|         -|        1|       -|       yes|          -|          -|      1 (~0%)|     11 (~0%)|    -|
    |   + write_output                                                          |      II|   2.73|        0|      0.000|         -|        1|       -|       yes|          -|          -|      1 (~0%)|     11 (~0%)|    -|
    |   + write_output                                                          |      II|   2.73|        0|      0.000|         -|        1|       -|       yes|          -|          -|      1 (~0%)|     11 (~0%)|    -|
    |   + write_output                                                          |      II|   2.73|        0|      0.000|         -|        1|       -|       yes|          -|          -|      1 (~0%)|     11 (~0%)|    -|
    |   + write_output                                                          |      II|   2.73|        0|      0.000|         -|        1|       -|       yes|          -|          -|      1 (~0%)|     11 (~0%)|    -|
    |   + write_output                                                          |      II|   2.73|        0|      0.000|         -|        1|       -|       yes|          -|          -|      1 (~0%)|     11 (~0%)|    -|
    |   + write_output                                                          |      II|   2.73|        0|      0.000|         -|        1|       -|       yes|          -|          -|      1 (~0%)|     11 (~0%)|    -|
    |   + write_output                                                          |      II|   2.73|        0|      0.000|         -|        1|       -|       yes|          -|          -|      1 (~0%)|     11 (~0%)|    -|
    |   + write_output                                                          |      II|   2.73|        0|      0.000|         -|        1|       -|       yes|          -|          -|      1 (~0%)|     11 (~0%)|    -|
    |   + write_output                                                          |      II|   2.73|        0|      0.000|         -|        1|       -|       yes|          -|          -|      1 (~0%)|     11 (~0%)|    -|
    |   + write_output                                                          |      II|   2.73|        0|      0.000|         -|        1|       -|       yes|          -|          -|      1 (~0%)|     11 (~0%)|    -|
    |   + write_output                                                          |      II|   2.73|        0|      0.000|         -|        1|       -|       yes|          -|          -|      1 (~0%)|     11 (~0%)|    -|
    |   + write_output                                                          |      II|   2.73|        0|      0.000|         -|        1|       -|       yes|          -|          -|      1 (~0%)|     11 (~0%)|    -|
    |   + write_output                                                          |      II|   2.73|        0|      0.000|         -|        1|       -|       yes|          -|          -|      1 (~0%)|     11 (~0%)|    -|
    |   + write_output                                                          |      II|   2.73|        0|      0.000|         -|        1|       -|       yes|          -|          -|      1 (~0%)|     11 (~0%)|    -|
    |   + write_output                                                          |      II|   2.73|        0|      0.000|         -|        1|       -|       yes|          -|          -|      1 (~0%)|     11 (~0%)|    -|
    |   + write_output                                                          |      II|   2.73|        0|      0.000|         -|        1|       -|       yes|          -|          -|      1 (~0%)|     11 (~0%)|    -|
    |   + write_output                                                          |      II|   2.73|        0|      0.000|         -|        1|       -|       yes|          -|          -|      1 (~0%)|     11 (~0%)|    -|
    |   + out_stream_merge                                                      |      II|   0.49|        8|     60.000|         -|        6|       -|       yes|          -|          -|    269 (~0%)|    1079 (2%)|    -|
    | o VITIS_LOOP_49_1_VITIS_LOOP_52_2                                         |       -|   5.47|      432|  3.240e+03|         9|        -|      48|        no|          -|          -|            -|            -|    -|
    |  + yolo_conv_top_Pipeline_VITIS_LOOP_55_3                                 |       -|   0.11|        5|     37.500|         -|        5|       -|        no|          -|          -|    115 (~0%)|     75 (~0%)|    -|
    |   o VITIS_LOOP_55_3                                                       |       -|   5.47|        3|     22.500|         1|        1|       3|       yes|          -|          -|            -|            -|    -|
    +---------------------------------------------------------------------------+--------+-------+---------+-----------+----------+---------+--------+----------+-----------+-----------+-------------+-------------+-----+


================================================================
== HW Interfaces
================================================================
* S_AXILITE Interfaces
+----------------+------------+---------------+--------+----------+
| Interface      | Data Width | Address Width | Offset | Register |
+----------------+------------+---------------+--------+----------+
| s_axi_CTRL_BUS | 32         | 7             | 16     | 0        |
+----------------+------------+---------------+--------+----------+

* S_AXILITE Registers
+----------------+----------------+--------+-------+--------+----------------------------------+----------------------------------------------------------------------+
| Interface      | Register       | Offset | Width | Access | Description                      | Bit Fields                                                           |
+----------------+----------------+--------+-------+--------+----------------------------------+----------------------------------------------------------------------+
| s_axi_CTRL_BUS | CTRL           | 0x00   | 32    | RW     | Control signals                  | 0=AP_START 1=AP_DONE 2=AP_IDLE 3=AP_READY 7=AUTO_RESTART 9=INTERRUPT |
| s_axi_CTRL_BUS | GIER           | 0x04   | 32    | RW     | Global Interrupt Enable Register | 0=Enable                                                             |
| s_axi_CTRL_BUS | IP_IER         | 0x08   | 32    | RW     | IP Interrupt Enable Register     | 0=CHAN0_INT_EN 1=CHAN1_INT_EN                                        |
| s_axi_CTRL_BUS | IP_ISR         | 0x0c   | 32    | RW     | IP Interrupt Status Register     | 0=CHAN0_INT_ST 1=CHAN1_INT_ST                                        |
| s_axi_CTRL_BUS | output_ch      | 0x10   | 32    | W      | Data signal of output_ch         |                                                                      |
| s_axi_CTRL_BUS | input_ch       | 0x18   | 32    | W      | Data signal of input_ch          |                                                                      |
| s_axi_CTRL_BUS | fold_output_ch | 0x20   | 32    | W      | Data signal of fold_output_ch    |                                                                      |
| s_axi_CTRL_BUS | fold_input_ch  | 0x28   | 32    | W      | Data signal of fold_input_ch     |                                                                      |
| s_axi_CTRL_BUS | input_h        | 0x30   | 32    | W      | Data signal of input_h           |                                                                      |
| s_axi_CTRL_BUS | input_w        | 0x38   | 32    | W      | Data signal of input_w           |                                                                      |
| s_axi_CTRL_BUS | real_input_h   | 0x40   | 32    | W      | Data signal of real_input_h      |                                                                      |
| s_axi_CTRL_BUS | fold_win_area  | 0x48   | 32    | W      | Data signal of fold_win_area     |                                                                      |
+----------------+----------------+--------+-------+--------+----------------------------------+----------------------------------------------------------------------+

* AXIS
+-----------+---------------+-------+--------+--------+
| Interface | Register Mode | TDATA | TREADY | TVALID |
+-----------+---------------+-------+--------+--------+
| inStream  | both          | 112   | 1      | 1      |
| outStream | both          | 112   | 1      | 1      |
+-----------+---------------+-------+--------+--------+

* TOP LEVEL CONTROL
+-----------+------------+-----------+
| Interface | Type       | Ports     |
+-----------+------------+-----------+
| ap_clk    | clock      | ap_clk    |
| ap_rst_n  | reset      | ap_rst_n  |
| interrupt | interrupt  | interrupt |
| ap_ctrl   | ap_ctrl_hs |           |
+-----------+------------+-----------+


================================================================
== SW I/O Information
================================================================
* Top Function Arguments
+----------------+-----------+------------------------------------+
| Argument       | Direction | Datatype                           |
+----------------+-----------+------------------------------------+
| inStream       | in        | stream<ap_axi_fp<64, 2, 5, 6>, 0>& |
| outStream      | out       | stream<ap_axi_fp<64, 2, 5, 6>, 0>& |
| output_ch      | in        | ap_uint<6>                         |
| input_ch       | in        | ap_uint<6>                         |
| fold_output_ch | in        | ap_uint<4>                         |
| fold_input_ch  | in        | ap_uint<4>                         |
| input_h        | in        | ap_uint<9>                         |
| input_w        | in        | ap_uint<9>                         |
| real_input_h   | in        | ap_uint<9>                         |
| fold_win_area  | in        | ap_uint<3>                         |
+----------------+-----------+------------------------------------+

* SW-to-HW Mapping
+----------------+----------------+-----------+------------------------------------------+
| Argument       | HW Interface   | HW Type   | HW Info                                  |
+----------------+----------------+-----------+------------------------------------------+
| inStream       | inStream       | interface |                                          |
| outStream      | outStream      | interface |                                          |
| output_ch      | s_axi_CTRL_BUS | register  | name=output_ch offset=0x10 range=32      |
| input_ch       | s_axi_CTRL_BUS | register  | name=input_ch offset=0x18 range=32       |
| fold_output_ch | s_axi_CTRL_BUS | register  | name=fold_output_ch offset=0x20 range=32 |
| fold_input_ch  | s_axi_CTRL_BUS | register  | name=fold_input_ch offset=0x28 range=32  |
| input_h        | s_axi_CTRL_BUS | register  | name=input_h offset=0x30 range=32        |
| input_w        | s_axi_CTRL_BUS | register  | name=input_w offset=0x38 range=32        |
| real_input_h   | s_axi_CTRL_BUS | register  | name=real_input_h offset=0x40 range=32   |
| fold_win_area  | s_axi_CTRL_BUS | register  | name=fold_win_area offset=0x48 range=32  |
+----------------+----------------+-----------+------------------------------------------+


================================================================
== Bind Op Report
================================================================
+---------------------------------------------------------------------------+-----+--------+---------------------+-----+--------+---------+
| Name                                                                      | DSP | Pragma | Variable            | Op  | Impl   | Latency |
+---------------------------------------------------------------------------+-----+--------+---------------------+-----+--------+---------+
| + yolo_conv_top                                                           | 110 |        |                     |     |        |         |
|   mul_6ns_6ns_12_1_1_U335                                                 | -   |        | mul_ln4             | mul | auto   | 0       |
|   add_ln1027_fu_1828_p2                                                   | -   |        | add_ln1027          | add | fabric | 0       |
|   add_ln49_fu_1840_p2                                                     | -   |        | add_ln49            | add | fabric | 0       |
|   empty_75_fu_1893_p2                                                     | -   |        | empty_75            | add | fabric | 0       |
|   add_ln52_fu_2001_p2                                                     | -   |        | add_ln52            | add | fabric | 0       |
|   sub_i_i281_fu_2042_p2                                                   | -   |        | sub_i_i281          | add | fabric | 0       |
|   sub_i_i_fu_2052_p2                                                      | -   |        | sub_i_i             | add | fabric | 0       |
|   sub_i_i379_fu_2062_p2                                                   | -   |        | sub_i_i379          | add | fabric | 0       |
|   am_addmul_9ns_1ns_13ns_22_4_1_U337                                      | 1   |        | add_ln84            | add | dsp48  | 3       |
|   mul_9ns_4ns_13_1_1_U336                                                 | -   |        | bound4              | mul | auto   | 0       |
|   am_addmul_9ns_1ns_13ns_22_4_1_U337                                      | 1   |        | mul_ln1027          | mul | dsp48  | 3       |
|  + yolo_conv_top_Pipeline_VITIS_LOOP_55_3                                 | 0   |        |                     |     |        |         |
|    add_ln55_fu_1281_p2                                                    | -   |        | add_ln55            | add | fabric | 0       |
|  + yolo_conv_top_Pipeline_VITIS_LOOP_84_4_VITIS_LOOP_88_5_VITIS_LOOP_91_6 | 109 |        |                     |     |        |         |
|    conv_row_count_fu_13746_p2                                             | -   |        | conv_row_count      | add | fabric | 0       |
|    empty_fu_13764_p2                                                      | -   |        | empty               | add | fabric | 0       |
|    add_ln84_fu_13349_p2                                                   | -   |        | add_ln84            | add | fabric | 0       |
|    row_idx_3_fu_13455_p2                                                  | -   |        | row_idx_3           | add | fabric | 0       |
|    conv_row_count_mid1_fu_13806_p2                                        | -   |        | conv_row_count_mid1 | add | fabric | 0       |
|    add_ln88_fu_13529_p2                                                   | -   |        | add_ln88            | add | fabric | 0       |
|    p_mid19_fu_13857_p2                                                    | -   |        | p_mid19             | add | fabric | 0       |
|    mac_muladd_4ns_9ns_9ns_12_4_1_U168                                     | 1   |        | mul_ln871           | mul | dsp48  | 3       |
|    mac_muladd_4ns_9ns_9ns_12_4_1_U168                                     | 1   |        | add_ln871           | add | dsp48  | 3       |
|    add_ln157_fu_14389_p2                                                  | -   |        | add_ln157           | add | fabric | 0       |
|    add_ln158_fu_14560_p2                                                  | -   |        | add_ln158           | add | fabric | 0       |
|    add_ln159_fu_14650_p2                                                  | -   |        | add_ln159           | add | fabric | 0       |
|    add_ln166_fu_13664_p2                                                  | -   |        | add_ln166           | add | fabric | 0       |
|    output_rec_V_97_fu_15386_p2                                            | -   |        | output_rec_V_97     | add | fabric | 0       |
|    output_rec_V_99_fu_15525_p2                                            | -   |        | output_rec_V_99     | add | fabric | 0       |
|    output_rec_V_101_fu_15664_p2                                           | -   |        | output_rec_V_101    | add | fabric | 0       |
|    output_rec_V_103_fu_15989_p2                                           | -   |        | output_rec_V_103    | add | fabric | 0       |
|    output_rec_V_105_fu_16128_p2                                           | -   |        | output_rec_V_105    | add | fabric | 0       |
|    output_rec_V_107_fu_16267_p2                                           | -   |        | output_rec_V_107    | add | fabric | 0       |
|    output_rec_V_109_fu_16562_p2                                           | -   |        | output_rec_V_109    | add | fabric | 0       |
|    output_rec_V_111_fu_16701_p2                                           | -   |        | output_rec_V_111    | add | fabric | 0       |
|    output_rec_V_113_fu_16840_p2                                           | -   |        | output_rec_V_113    | add | fabric | 0       |
|    output_rec_V_115_fu_17135_p2                                           | -   |        | output_rec_V_115    | add | fabric | 0       |
|    output_rec_V_117_fu_17274_p2                                           | -   |        | output_rec_V_117    | add | fabric | 0       |
|    output_rec_V_119_fu_17413_p2                                           | -   |        | output_rec_V_119    | add | fabric | 0       |
|    output_rec_V_121_fu_17708_p2                                           | -   |        | output_rec_V_121    | add | fabric | 0       |
|    output_rec_V_123_fu_17847_p2                                           | -   |        | output_rec_V_123    | add | fabric | 0       |
|    output_rec_V_125_fu_17986_p2                                           | -   |        | output_rec_V_125    | add | fabric | 0       |
|    output_rec_V_127_fu_18281_p2                                           | -   |        | output_rec_V_127    | add | fabric | 0       |
|    output_rec_V_129_fu_18420_p2                                           | -   |        | output_rec_V_129    | add | fabric | 0       |
|    output_rec_V_131_fu_18559_p2                                           | -   |        | output_rec_V_131    | add | fabric | 0       |
|    output_rec_V_133_fu_18854_p2                                           | -   |        | output_rec_V_133    | add | fabric | 0       |
|    output_rec_V_135_fu_18993_p2                                           | -   |        | output_rec_V_135    | add | fabric | 0       |
|    output_rec_V_137_fu_19132_p2                                           | -   |        | output_rec_V_137    | add | fabric | 0       |
|    output_rec_V_139_fu_19427_p2                                           | -   |        | output_rec_V_139    | add | fabric | 0       |
|    output_rec_V_141_fu_19566_p2                                           | -   |        | output_rec_V_141    | add | fabric | 0       |
|    output_rec_V_143_fu_19705_p2                                           | -   |        | output_rec_V_143    | add | fabric | 0       |
|    output_rec_V_145_fu_19996_p2                                           | -   |        | output_rec_V_145    | add | fabric | 0       |
|    output_rec_V_147_fu_20135_p2                                           | -   |        | output_rec_V_147    | add | fabric | 0       |
|    output_rec_V_149_fu_20274_p2                                           | -   |        | output_rec_V_149    | add | fabric | 0       |
|    output_rec_V_151_fu_20552_p2                                           | -   |        | output_rec_V_151    | add | fabric | 0       |
|    output_rec_V_153_fu_20691_p2                                           | -   |        | output_rec_V_153    | add | fabric | 0       |
|    output_rec_V_155_fu_20830_p2                                           | -   |        | output_rec_V_155    | add | fabric | 0       |
|    output_rec_V_157_fu_20976_p2                                           | -   |        | output_rec_V_157    | add | fabric | 0       |
|    output_rec_V_159_fu_21038_p2                                           | -   |        | output_rec_V_159    | add | fabric | 0       |
|    add_ln91_fu_15237_p2                                                   | -   |        | add_ln91            | add | fabric | 0       |
|    add_ln1027_fu_15242_p2                                                 | -   |        | add_ln1027          | add | fabric | 0       |
|   + slide_window (grp_slide_window_fu_11764)                              | 0   |        |                     |     |        |         |
|     mul_3ns_10ns_12_1_1_U78                                               | -   |        | mul_ln984           | mul | auto   | 0       |
|     mul_3ns_10ns_12_1_1_U79                                               | -   |        | mul_ln984_1         | mul | auto   | 0       |
|     mul_3ns_10ns_12_1_1_U80                                               | -   |        | mul_ln984_2         | mul | auto   | 0       |
|     add_ln984_fu_181_p2                                                   | -   |        | add_ln984           | add | fabric | 0       |
|     add_ln984_1_fu_191_p2                                                 | -   |        | add_ln984_1         | add | fabric | 0       |
|     add_ln984_2_fu_201_p2                                                 | -   |        | add_ln984_2         | add | fabric | 0       |
|     add_ln262_fu_211_p2                                                   | -   |        | add_ln262           | add | fabric | 0       |
|     add_ln984_3_fu_220_p2                                                 | -   |        | add_ln984_3         | add | fabric | 0       |
|     add_ln984_4_fu_230_p2                                                 | -   |        | add_ln984_4         | add | fabric | 0       |
|     add_ln984_5_fu_240_p2                                                 | -   |        | add_ln984_5         | add | fabric | 0       |
|     add_ln262_1_fu_250_p2                                                 | -   |        | add_ln262_1         | add | fabric | 0       |
|     add_ln984_6_fu_259_p2                                                 | -   |        | add_ln984_6         | add | fabric | 0       |
|     add_ln984_7_fu_264_p2                                                 | -   |        | add_ln984_7         | add | fabric | 0       |
|     add_ln984_8_fu_269_p2                                                 | -   |        | add_ln984_8         | add | fabric | 0       |
|   + slide_window (grp_slide_window_fu_11778)                              | 0   |        |                     |     |        |         |
|     mul_3ns_10ns_12_1_1_U78                                               | -   |        | mul_ln984           | mul | auto   | 0       |
|     mul_3ns_10ns_12_1_1_U79                                               | -   |        | mul_ln984_1         | mul | auto   | 0       |
|     mul_3ns_10ns_12_1_1_U80                                               | -   |        | mul_ln984_2         | mul | auto   | 0       |
|     add_ln984_fu_181_p2                                                   | -   |        | add_ln984           | add | fabric | 0       |
|     add_ln984_1_fu_191_p2                                                 | -   |        | add_ln984_1         | add | fabric | 0       |
|     add_ln984_2_fu_201_p2                                                 | -   |        | add_ln984_2         | add | fabric | 0       |
|     add_ln262_fu_211_p2                                                   | -   |        | add_ln262           | add | fabric | 0       |
|     add_ln984_3_fu_220_p2                                                 | -   |        | add_ln984_3         | add | fabric | 0       |
|     add_ln984_4_fu_230_p2                                                 | -   |        | add_ln984_4         | add | fabric | 0       |
|     add_ln984_5_fu_240_p2                                                 | -   |        | add_ln984_5         | add | fabric | 0       |
|     add_ln262_1_fu_250_p2                                                 | -   |        | add_ln262_1         | add | fabric | 0       |
|     add_ln984_6_fu_259_p2                                                 | -   |        | add_ln984_6         | add | fabric | 0       |
|     add_ln984_7_fu_264_p2                                                 | -   |        | add_ln984_7         | add | fabric | 0       |
|     add_ln984_8_fu_269_p2                                                 | -   |        | add_ln984_8         | add | fabric | 0       |
|   + window_macc (grp_window_macc_fu_11798)                                | 9   |        |                     |     |        |         |
|     mac_muladd_16s_16s_32s_32_4_0_U93                                     | 1   |        | r_V                 | mul | dsp48  | 3       |
|     mul_mul_16s_16s_32_4_0_U89                                            | 1   |        | r_V_1               | mul | dsp48  | 3       |
|     mul_mul_16s_16s_32_4_0_U90                                            | 1   |        | r_V_2               | mul | dsp48  | 3       |
|     mac_muladd_16s_16s_32s_32_4_0_U94                                     | 1   |        | r_V_3               | mul | dsp48  | 3       |
|     mul_mul_16s_16s_32_4_0_U91                                            | 1   |        | r_V_4               | mul | dsp48  | 3       |
|     mac_muladd_16s_16s_32s_32_4_0_U95                                     | 1   |        | r_V_5               | mul | dsp48  | 3       |
|     mac_muladd_16s_16s_32ns_32_4_0_U97                                    | 1   |        | r_V_6               | mul | dsp48  | 3       |
|     mul_mul_16s_16s_32_4_0_U92                                            | 1   |        | r_V_7               | mul | dsp48  | 3       |
|     mac_muladd_16s_16s_32s_32_4_0_U96                                     | 1   |        | r_V_8               | mul | dsp48  | 3       |
|     mac_muladd_16s_16s_32s_32_4_0_U93                                     | 1   |        | add_ln813           | add | dsp48  | 3       |
|     mac_muladd_16s_16s_32s_32_4_0_U94                                     | 1   |        | add_ln813_1         | add | dsp48  | 3       |
|     mac_muladd_16s_16s_32s_32_4_0_U95                                     | 1   |        | add_ln813_3         | add | dsp48  | 3       |
|     mac_muladd_16s_16s_32s_32_4_0_U96                                     | 1   |        | add_ln813_4         | add | dsp48  | 3       |
|     mac_muladd_16s_16s_32ns_32_4_0_U97                                    | 1   |        | add_ln813_5         | add | dsp48  | 3       |
|     add_ln813_6_fu_208_p2                                                 | -   |        | add_ln813_6         | add | fabric | 0       |
|   + window_macc (grp_window_macc_fu_11820)                                | 9   |        |                     |     |        |         |
|     mac_muladd_16s_16s_32s_32_4_0_U93                                     | 1   |        | r_V                 | mul | dsp48  | 3       |
|     mul_mul_16s_16s_32_4_0_U89                                            | 1   |        | r_V_1               | mul | dsp48  | 3       |
|     mul_mul_16s_16s_32_4_0_U90                                            | 1   |        | r_V_2               | mul | dsp48  | 3       |
|     mac_muladd_16s_16s_32s_32_4_0_U94                                     | 1   |        | r_V_3               | mul | dsp48  | 3       |
|     mul_mul_16s_16s_32_4_0_U91                                            | 1   |        | r_V_4               | mul | dsp48  | 3       |
|     mac_muladd_16s_16s_32s_32_4_0_U95                                     | 1   |        | r_V_5               | mul | dsp48  | 3       |
|     mac_muladd_16s_16s_32ns_32_4_0_U97                                    | 1   |        | r_V_6               | mul | dsp48  | 3       |
|     mul_mul_16s_16s_32_4_0_U92                                            | 1   |        | r_V_7               | mul | dsp48  | 3       |
|     mac_muladd_16s_16s_32s_32_4_0_U96                                     | 1   |        | r_V_8               | mul | dsp48  | 3       |
|     mac_muladd_16s_16s_32s_32_4_0_U93                                     | 1   |        | add_ln813           | add | dsp48  | 3       |
|     mac_muladd_16s_16s_32s_32_4_0_U94                                     | 1   |        | add_ln813_1         | add | dsp48  | 3       |
|     mac_muladd_16s_16s_32s_32_4_0_U95                                     | 1   |        | add_ln813_3         | add | dsp48  | 3       |
|     mac_muladd_16s_16s_32s_32_4_0_U96                                     | 1   |        | add_ln813_4         | add | dsp48  | 3       |
|     mac_muladd_16s_16s_32ns_32_4_0_U97                                    | 1   |        | add_ln813_5         | add | dsp48  | 3       |
|     add_ln813_6_fu_208_p2                                                 | -   |        | add_ln813_6         | add | fabric | 0       |
|   + window_macc (grp_window_macc_fu_11842)                                | 9   |        |                     |     |        |         |
|     mac_muladd_16s_16s_32s_32_4_0_U93                                     | 1   |        | r_V                 | mul | dsp48  | 3       |
|     mul_mul_16s_16s_32_4_0_U89                                            | 1   |        | r_V_1               | mul | dsp48  | 3       |
|     mul_mul_16s_16s_32_4_0_U90                                            | 1   |        | r_V_2               | mul | dsp48  | 3       |
|     mac_muladd_16s_16s_32s_32_4_0_U94                                     | 1   |        | r_V_3               | mul | dsp48  | 3       |
|     mul_mul_16s_16s_32_4_0_U91                                            | 1   |        | r_V_4               | mul | dsp48  | 3       |
|     mac_muladd_16s_16s_32s_32_4_0_U95                                     | 1   |        | r_V_5               | mul | dsp48  | 3       |
|     mac_muladd_16s_16s_32ns_32_4_0_U97                                    | 1   |        | r_V_6               | mul | dsp48  | 3       |
|     mul_mul_16s_16s_32_4_0_U92                                            | 1   |        | r_V_7               | mul | dsp48  | 3       |
|     mac_muladd_16s_16s_32s_32_4_0_U96                                     | 1   |        | r_V_8               | mul | dsp48  | 3       |
|     mac_muladd_16s_16s_32s_32_4_0_U93                                     | 1   |        | add_ln813           | add | dsp48  | 3       |
|     mac_muladd_16s_16s_32s_32_4_0_U94                                     | 1   |        | add_ln813_1         | add | dsp48  | 3       |
|     mac_muladd_16s_16s_32s_32_4_0_U95                                     | 1   |        | add_ln813_3         | add | dsp48  | 3       |
|     mac_muladd_16s_16s_32s_32_4_0_U96                                     | 1   |        | add_ln813_4         | add | dsp48  | 3       |
|     mac_muladd_16s_16s_32ns_32_4_0_U97                                    | 1   |        | add_ln813_5         | add | dsp48  | 3       |
|     add_ln813_6_fu_208_p2                                                 | -   |        | add_ln813_6         | add | fabric | 0       |
|   + window_macc (grp_window_macc_fu_11864)                                | 9   |        |                     |     |        |         |
|     mac_muladd_16s_16s_32s_32_4_0_U93                                     | 1   |        | r_V                 | mul | dsp48  | 3       |
|     mul_mul_16s_16s_32_4_0_U89                                            | 1   |        | r_V_1               | mul | dsp48  | 3       |
|     mul_mul_16s_16s_32_4_0_U90                                            | 1   |        | r_V_2               | mul | dsp48  | 3       |
|     mac_muladd_16s_16s_32s_32_4_0_U94                                     | 1   |        | r_V_3               | mul | dsp48  | 3       |
|     mul_mul_16s_16s_32_4_0_U91                                            | 1   |        | r_V_4               | mul | dsp48  | 3       |
|     mac_muladd_16s_16s_32s_32_4_0_U95                                     | 1   |        | r_V_5               | mul | dsp48  | 3       |
|     mac_muladd_16s_16s_32ns_32_4_0_U97                                    | 1   |        | r_V_6               | mul | dsp48  | 3       |
|     mul_mul_16s_16s_32_4_0_U92                                            | 1   |        | r_V_7               | mul | dsp48  | 3       |
|     mac_muladd_16s_16s_32s_32_4_0_U96                                     | 1   |        | r_V_8               | mul | dsp48  | 3       |
|     mac_muladd_16s_16s_32s_32_4_0_U93                                     | 1   |        | add_ln813           | add | dsp48  | 3       |
|     mac_muladd_16s_16s_32s_32_4_0_U94                                     | 1   |        | add_ln813_1         | add | dsp48  | 3       |
|     mac_muladd_16s_16s_32s_32_4_0_U95                                     | 1   |        | add_ln813_3         | add | dsp48  | 3       |
|     mac_muladd_16s_16s_32s_32_4_0_U96                                     | 1   |        | add_ln813_4         | add | dsp48  | 3       |
|     mac_muladd_16s_16s_32ns_32_4_0_U97                                    | 1   |        | add_ln813_5         | add | dsp48  | 3       |
|     add_ln813_6_fu_208_p2                                                 | -   |        | add_ln813_6         | add | fabric | 0       |
|   + window_macc (grp_window_macc_fu_11886)                                | 9   |        |                     |     |        |         |
|     mac_muladd_16s_16s_32s_32_4_0_U93                                     | 1   |        | r_V                 | mul | dsp48  | 3       |
|     mul_mul_16s_16s_32_4_0_U89                                            | 1   |        | r_V_1               | mul | dsp48  | 3       |
|     mul_mul_16s_16s_32_4_0_U90                                            | 1   |        | r_V_2               | mul | dsp48  | 3       |
|     mac_muladd_16s_16s_32s_32_4_0_U94                                     | 1   |        | r_V_3               | mul | dsp48  | 3       |
|     mul_mul_16s_16s_32_4_0_U91                                            | 1   |        | r_V_4               | mul | dsp48  | 3       |
|     mac_muladd_16s_16s_32s_32_4_0_U95                                     | 1   |        | r_V_5               | mul | dsp48  | 3       |
|     mac_muladd_16s_16s_32ns_32_4_0_U97                                    | 1   |        | r_V_6               | mul | dsp48  | 3       |
|     mul_mul_16s_16s_32_4_0_U92                                            | 1   |        | r_V_7               | mul | dsp48  | 3       |
|     mac_muladd_16s_16s_32s_32_4_0_U96                                     | 1   |        | r_V_8               | mul | dsp48  | 3       |
|     mac_muladd_16s_16s_32s_32_4_0_U93                                     | 1   |        | add_ln813           | add | dsp48  | 3       |
|     mac_muladd_16s_16s_32s_32_4_0_U94                                     | 1   |        | add_ln813_1         | add | dsp48  | 3       |
|     mac_muladd_16s_16s_32s_32_4_0_U95                                     | 1   |        | add_ln813_3         | add | dsp48  | 3       |
|     mac_muladd_16s_16s_32s_32_4_0_U96                                     | 1   |        | add_ln813_4         | add | dsp48  | 3       |
|     mac_muladd_16s_16s_32ns_32_4_0_U97                                    | 1   |        | add_ln813_5         | add | dsp48  | 3       |
|     add_ln813_6_fu_208_p2                                                 | -   |        | add_ln813_6         | add | fabric | 0       |
|   + window_macc (grp_window_macc_fu_11908)                                | 9   |        |                     |     |        |         |
|     mac_muladd_16s_16s_32s_32_4_0_U93                                     | 1   |        | r_V                 | mul | dsp48  | 3       |
|     mul_mul_16s_16s_32_4_0_U89                                            | 1   |        | r_V_1               | mul | dsp48  | 3       |
|     mul_mul_16s_16s_32_4_0_U90                                            | 1   |        | r_V_2               | mul | dsp48  | 3       |
|     mac_muladd_16s_16s_32s_32_4_0_U94                                     | 1   |        | r_V_3               | mul | dsp48  | 3       |
|     mul_mul_16s_16s_32_4_0_U91                                            | 1   |        | r_V_4               | mul | dsp48  | 3       |
|     mac_muladd_16s_16s_32s_32_4_0_U95                                     | 1   |        | r_V_5               | mul | dsp48  | 3       |
|     mac_muladd_16s_16s_32ns_32_4_0_U97                                    | 1   |        | r_V_6               | mul | dsp48  | 3       |
|     mul_mul_16s_16s_32_4_0_U92                                            | 1   |        | r_V_7               | mul | dsp48  | 3       |
|     mac_muladd_16s_16s_32s_32_4_0_U96                                     | 1   |        | r_V_8               | mul | dsp48  | 3       |
|     mac_muladd_16s_16s_32s_32_4_0_U93                                     | 1   |        | add_ln813           | add | dsp48  | 3       |
|     mac_muladd_16s_16s_32s_32_4_0_U94                                     | 1   |        | add_ln813_1         | add | dsp48  | 3       |
|     mac_muladd_16s_16s_32s_32_4_0_U95                                     | 1   |        | add_ln813_3         | add | dsp48  | 3       |
|     mac_muladd_16s_16s_32s_32_4_0_U96                                     | 1   |        | add_ln813_4         | add | dsp48  | 3       |
|     mac_muladd_16s_16s_32ns_32_4_0_U97                                    | 1   |        | add_ln813_5         | add | dsp48  | 3       |
|     add_ln813_6_fu_208_p2                                                 | -   |        | add_ln813_6         | add | fabric | 0       |
|   + window_macc (grp_window_macc_fu_11930)                                | 9   |        |                     |     |        |         |
|     mac_muladd_16s_16s_32s_32_4_0_U93                                     | 1   |        | r_V                 | mul | dsp48  | 3       |
|     mul_mul_16s_16s_32_4_0_U89                                            | 1   |        | r_V_1               | mul | dsp48  | 3       |
|     mul_mul_16s_16s_32_4_0_U90                                            | 1   |        | r_V_2               | mul | dsp48  | 3       |
|     mac_muladd_16s_16s_32s_32_4_0_U94                                     | 1   |        | r_V_3               | mul | dsp48  | 3       |
|     mul_mul_16s_16s_32_4_0_U91                                            | 1   |        | r_V_4               | mul | dsp48  | 3       |
|     mac_muladd_16s_16s_32s_32_4_0_U95                                     | 1   |        | r_V_5               | mul | dsp48  | 3       |
|     mac_muladd_16s_16s_32ns_32_4_0_U97                                    | 1   |        | r_V_6               | mul | dsp48  | 3       |
|     mul_mul_16s_16s_32_4_0_U92                                            | 1   |        | r_V_7               | mul | dsp48  | 3       |
|     mac_muladd_16s_16s_32s_32_4_0_U96                                     | 1   |        | r_V_8               | mul | dsp48  | 3       |
|     mac_muladd_16s_16s_32s_32_4_0_U93                                     | 1   |        | add_ln813           | add | dsp48  | 3       |
|     mac_muladd_16s_16s_32s_32_4_0_U94                                     | 1   |        | add_ln813_1         | add | dsp48  | 3       |
|     mac_muladd_16s_16s_32s_32_4_0_U95                                     | 1   |        | add_ln813_3         | add | dsp48  | 3       |
|     mac_muladd_16s_16s_32s_32_4_0_U96                                     | 1   |        | add_ln813_4         | add | dsp48  | 3       |
|     mac_muladd_16s_16s_32ns_32_4_0_U97                                    | 1   |        | add_ln813_5         | add | dsp48  | 3       |
|     add_ln813_6_fu_208_p2                                                 | -   |        | add_ln813_6         | add | fabric | 0       |
|   + window_macc (grp_window_macc_fu_11952)                                | 9   |        |                     |     |        |         |
|     mac_muladd_16s_16s_32s_32_4_0_U93                                     | 1   |        | r_V                 | mul | dsp48  | 3       |
|     mul_mul_16s_16s_32_4_0_U89                                            | 1   |        | r_V_1               | mul | dsp48  | 3       |
|     mul_mul_16s_16s_32_4_0_U90                                            | 1   |        | r_V_2               | mul | dsp48  | 3       |
|     mac_muladd_16s_16s_32s_32_4_0_U94                                     | 1   |        | r_V_3               | mul | dsp48  | 3       |
|     mul_mul_16s_16s_32_4_0_U91                                            | 1   |        | r_V_4               | mul | dsp48  | 3       |
|     mac_muladd_16s_16s_32s_32_4_0_U95                                     | 1   |        | r_V_5               | mul | dsp48  | 3       |
|     mac_muladd_16s_16s_32ns_32_4_0_U97                                    | 1   |        | r_V_6               | mul | dsp48  | 3       |
|     mul_mul_16s_16s_32_4_0_U92                                            | 1   |        | r_V_7               | mul | dsp48  | 3       |
|     mac_muladd_16s_16s_32s_32_4_0_U96                                     | 1   |        | r_V_8               | mul | dsp48  | 3       |
|     mac_muladd_16s_16s_32s_32_4_0_U93                                     | 1   |        | add_ln813           | add | dsp48  | 3       |
|     mac_muladd_16s_16s_32s_32_4_0_U94                                     | 1   |        | add_ln813_1         | add | dsp48  | 3       |
|     mac_muladd_16s_16s_32s_32_4_0_U95                                     | 1   |        | add_ln813_3         | add | dsp48  | 3       |
|     mac_muladd_16s_16s_32s_32_4_0_U96                                     | 1   |        | add_ln813_4         | add | dsp48  | 3       |
|     mac_muladd_16s_16s_32ns_32_4_0_U97                                    | 1   |        | add_ln813_5         | add | dsp48  | 3       |
|     add_ln813_6_fu_208_p2                                                 | -   |        | add_ln813_6         | add | fabric | 0       |
|   + window_macc (grp_window_macc_fu_11974)                                | 9   |        |                     |     |        |         |
|     mac_muladd_16s_16s_32s_32_4_0_U93                                     | 1   |        | r_V                 | mul | dsp48  | 3       |
|     mul_mul_16s_16s_32_4_0_U89                                            | 1   |        | r_V_1               | mul | dsp48  | 3       |
|     mul_mul_16s_16s_32_4_0_U90                                            | 1   |        | r_V_2               | mul | dsp48  | 3       |
|     mac_muladd_16s_16s_32s_32_4_0_U94                                     | 1   |        | r_V_3               | mul | dsp48  | 3       |
|     mul_mul_16s_16s_32_4_0_U91                                            | 1   |        | r_V_4               | mul | dsp48  | 3       |
|     mac_muladd_16s_16s_32s_32_4_0_U95                                     | 1   |        | r_V_5               | mul | dsp48  | 3       |
|     mac_muladd_16s_16s_32ns_32_4_0_U97                                    | 1   |        | r_V_6               | mul | dsp48  | 3       |
|     mul_mul_16s_16s_32_4_0_U92                                            | 1   |        | r_V_7               | mul | dsp48  | 3       |
|     mac_muladd_16s_16s_32s_32_4_0_U96                                     | 1   |        | r_V_8               | mul | dsp48  | 3       |
|     mac_muladd_16s_16s_32s_32_4_0_U93                                     | 1   |        | add_ln813           | add | dsp48  | 3       |
|     mac_muladd_16s_16s_32s_32_4_0_U94                                     | 1   |        | add_ln813_1         | add | dsp48  | 3       |
|     mac_muladd_16s_16s_32s_32_4_0_U95                                     | 1   |        | add_ln813_3         | add | dsp48  | 3       |
|     mac_muladd_16s_16s_32s_32_4_0_U96                                     | 1   |        | add_ln813_4         | add | dsp48  | 3       |
|     mac_muladd_16s_16s_32ns_32_4_0_U97                                    | 1   |        | add_ln813_5         | add | dsp48  | 3       |
|     add_ln813_6_fu_208_p2                                                 | -   |        | add_ln813_6         | add | fabric | 0       |
|   + window_macc (grp_window_macc_fu_11996)                                | 9   |        |                     |     |        |         |
|     mac_muladd_16s_16s_32s_32_4_0_U93                                     | 1   |        | r_V                 | mul | dsp48  | 3       |
|     mul_mul_16s_16s_32_4_0_U89                                            | 1   |        | r_V_1               | mul | dsp48  | 3       |
|     mul_mul_16s_16s_32_4_0_U90                                            | 1   |        | r_V_2               | mul | dsp48  | 3       |
|     mac_muladd_16s_16s_32s_32_4_0_U94                                     | 1   |        | r_V_3               | mul | dsp48  | 3       |
|     mul_mul_16s_16s_32_4_0_U91                                            | 1   |        | r_V_4               | mul | dsp48  | 3       |
|     mac_muladd_16s_16s_32s_32_4_0_U95                                     | 1   |        | r_V_5               | mul | dsp48  | 3       |
|     mac_muladd_16s_16s_32ns_32_4_0_U97                                    | 1   |        | r_V_6               | mul | dsp48  | 3       |
|     mul_mul_16s_16s_32_4_0_U92                                            | 1   |        | r_V_7               | mul | dsp48  | 3       |
|     mac_muladd_16s_16s_32s_32_4_0_U96                                     | 1   |        | r_V_8               | mul | dsp48  | 3       |
|     mac_muladd_16s_16s_32s_32_4_0_U93                                     | 1   |        | add_ln813           | add | dsp48  | 3       |
|     mac_muladd_16s_16s_32s_32_4_0_U94                                     | 1   |        | add_ln813_1         | add | dsp48  | 3       |
|     mac_muladd_16s_16s_32s_32_4_0_U95                                     | 1   |        | add_ln813_3         | add | dsp48  | 3       |
|     mac_muladd_16s_16s_32s_32_4_0_U96                                     | 1   |        | add_ln813_4         | add | dsp48  | 3       |
|     mac_muladd_16s_16s_32ns_32_4_0_U97                                    | 1   |        | add_ln813_5         | add | dsp48  | 3       |
|     add_ln813_6_fu_208_p2                                                 | -   |        | add_ln813_6         | add | fabric | 0       |
|   + window_macc (grp_window_macc_fu_12018)                                | 9   |        |                     |     |        |         |
|     mac_muladd_16s_16s_32s_32_4_0_U93                                     | 1   |        | r_V                 | mul | dsp48  | 3       |
|     mul_mul_16s_16s_32_4_0_U89                                            | 1   |        | r_V_1               | mul | dsp48  | 3       |
|     mul_mul_16s_16s_32_4_0_U90                                            | 1   |        | r_V_2               | mul | dsp48  | 3       |
|     mac_muladd_16s_16s_32s_32_4_0_U94                                     | 1   |        | r_V_3               | mul | dsp48  | 3       |
|     mul_mul_16s_16s_32_4_0_U91                                            | 1   |        | r_V_4               | mul | dsp48  | 3       |
|     mac_muladd_16s_16s_32s_32_4_0_U95                                     | 1   |        | r_V_5               | mul | dsp48  | 3       |
|     mac_muladd_16s_16s_32ns_32_4_0_U97                                    | 1   |        | r_V_6               | mul | dsp48  | 3       |
|     mul_mul_16s_16s_32_4_0_U92                                            | 1   |        | r_V_7               | mul | dsp48  | 3       |
|     mac_muladd_16s_16s_32s_32_4_0_U96                                     | 1   |        | r_V_8               | mul | dsp48  | 3       |
|     mac_muladd_16s_16s_32s_32_4_0_U93                                     | 1   |        | add_ln813           | add | dsp48  | 3       |
|     mac_muladd_16s_16s_32s_32_4_0_U94                                     | 1   |        | add_ln813_1         | add | dsp48  | 3       |
|     mac_muladd_16s_16s_32s_32_4_0_U95                                     | 1   |        | add_ln813_3         | add | dsp48  | 3       |
|     mac_muladd_16s_16s_32s_32_4_0_U96                                     | 1   |        | add_ln813_4         | add | dsp48  | 3       |
|     mac_muladd_16s_16s_32ns_32_4_0_U97                                    | 1   |        | add_ln813_5         | add | dsp48  | 3       |
|     add_ln813_6_fu_208_p2                                                 | -   |        | add_ln813_6         | add | fabric | 0       |
|   + window_macc (grp_window_macc_fu_12040)                                | 9   |        |                     |     |        |         |
|     mac_muladd_16s_16s_32s_32_4_0_U93                                     | 1   |        | r_V                 | mul | dsp48  | 3       |
|     mul_mul_16s_16s_32_4_0_U89                                            | 1   |        | r_V_1               | mul | dsp48  | 3       |
|     mul_mul_16s_16s_32_4_0_U90                                            | 1   |        | r_V_2               | mul | dsp48  | 3       |
|     mac_muladd_16s_16s_32s_32_4_0_U94                                     | 1   |        | r_V_3               | mul | dsp48  | 3       |
|     mul_mul_16s_16s_32_4_0_U91                                            | 1   |        | r_V_4               | mul | dsp48  | 3       |
|     mac_muladd_16s_16s_32s_32_4_0_U95                                     | 1   |        | r_V_5               | mul | dsp48  | 3       |
|     mac_muladd_16s_16s_32ns_32_4_0_U97                                    | 1   |        | r_V_6               | mul | dsp48  | 3       |
|     mul_mul_16s_16s_32_4_0_U92                                            | 1   |        | r_V_7               | mul | dsp48  | 3       |
|     mac_muladd_16s_16s_32s_32_4_0_U96                                     | 1   |        | r_V_8               | mul | dsp48  | 3       |
|     mac_muladd_16s_16s_32s_32_4_0_U93                                     | 1   |        | add_ln813           | add | dsp48  | 3       |
|     mac_muladd_16s_16s_32s_32_4_0_U94                                     | 1   |        | add_ln813_1         | add | dsp48  | 3       |
|     mac_muladd_16s_16s_32s_32_4_0_U95                                     | 1   |        | add_ln813_3         | add | dsp48  | 3       |
|     mac_muladd_16s_16s_32s_32_4_0_U96                                     | 1   |        | add_ln813_4         | add | dsp48  | 3       |
|     mac_muladd_16s_16s_32ns_32_4_0_U97                                    | 1   |        | add_ln813_5         | add | dsp48  | 3       |
|     add_ln813_6_fu_208_p2                                                 | -   |        | add_ln813_6         | add | fabric | 0       |
|   + out_stream_merge                                                      | 0   |        |                     |     |        |         |
|     kernel_idx_fu_745_p2                                                  | -   |        | kernel_idx          | sub | fabric | 0       |
|     sub_fu_915_p2                                                         | -   |        | sub                 | add | fabric | 0       |
|     sub_ln299_fu_763_p2                                                   | -   |        | sub_ln299           | sub | fabric | 0       |
|     kernel_idx_2_fu_988_p2                                                | -   |        | kernel_idx_2        | add | fabric | 0       |
|     add_ln299_fu_823_p2                                                   | -   |        | add_ln299           | add | fabric | 0       |
|     kernel_idx_3_fu_1005_p2                                               | -   |        | kernel_idx_3        | add | fabric | 0       |
|     add_ln299_1_fu_845_p2                                                 | -   |        | add_ln299_1         | add | fabric | 0       |
|     kernel_idx_4_fu_1022_p2                                               | -   |        | kernel_idx_4        | add | fabric | 0       |
|     add_ln299_2_fu_867_p2                                                 | -   |        | add_ln299_2         | add | fabric | 0       |
|     kernel_idx_5_fu_1039_p2                                               | -   |        | kernel_idx_5        | add | fabric | 0       |
|     add_ln299_3_fu_889_p2                                                 | -   |        | add_ln299_3         | add | fabric | 0       |
+---------------------------------------------------------------------------+-----+--------+---------------------+-----+--------+---------+


================================================================
== Bind Storage Report
================================================================
+-------------------------------+------+------+--------+---------------------------+---------+------+---------+
| Name                          | BRAM | URAM | Pragma | Variable                  | Storage | Impl | Latency |
+-------------------------------+------+------+--------+---------------------------+---------+------+---------+
| + yolo_conv_top               | 120  | 0    |        |                           |         |      |         |
|   out_stream_group_0_fifo_U   | -    | -    |        | out_stream_group_0        | fifo    | srl  | 0       |
|   out_stream_group_1_fifo_U   | -    | -    |        | out_stream_group_1        | fifo    | srl  | 0       |
|   out_stream_group_2_fifo_U   | -    | -    |        | out_stream_group_2        | fifo    | srl  | 0       |
|   out_stream_group_3_fifo_U   | -    | -    |        | out_stream_group_3        | fifo    | srl  | 0       |
|   out_stream_group_4_fifo_U   | -    | -    |        | out_stream_group_4        | fifo    | srl  | 0       |
|   out_stream_group_5_fifo_U   | -    | -    |        | out_stream_group_5        | fifo    | srl  | 0       |
|   out_stream_group_6_fifo_U   | -    | -    |        | out_stream_group_6        | fifo    | srl  | 0       |
|   out_stream_group_7_fifo_U   | -    | -    |        | out_stream_group_7        | fifo    | srl  | 0       |
|   out_stream_group_8_fifo_U   | -    | -    |        | out_stream_group_8        | fifo    | srl  | 0       |
|   out_stream_group_9_fifo_U   | -    | -    |        | out_stream_group_9        | fifo    | srl  | 0       |
|   out_stream_group_10_fifo_U  | -    | -    |        | out_stream_group_10       | fifo    | srl  | 0       |
|   out_stream_group_11_fifo_U  | -    | -    |        | out_stream_group_11       | fifo    | srl  | 0       |
|   out_stream_group_12_fifo_U  | -    | -    |        | out_stream_group_12       | fifo    | srl  | 0       |
|   out_stream_group_13_fifo_U  | -    | -    |        | out_stream_group_13       | fifo    | srl  | 0       |
|   out_stream_group_14_fifo_U  | -    | -    |        | out_stream_group_14       | fifo    | srl  | 0       |
|   out_stream_group_15_fifo_U  | -    | -    |        | out_stream_group_15       | fifo    | srl  | 0       |
|   out_stream_group_16_fifo_U  | -    | -    |        | out_stream_group_16       | fifo    | srl  | 0       |
|   out_stream_group_17_fifo_U  | -    | -    |        | out_stream_group_17       | fifo    | srl  | 0       |
|   out_stream_group_18_fifo_U  | -    | -    |        | out_stream_group_18       | fifo    | srl  | 0       |
|   out_stream_group_19_fifo_U  | -    | -    |        | out_stream_group_19       | fifo    | srl  | 0       |
|   out_stream_group_20_fifo_U  | -    | -    |        | out_stream_group_20       | fifo    | srl  | 0       |
|   out_stream_group_21_fifo_U  | -    | -    |        | out_stream_group_21       | fifo    | srl  | 0       |
|   out_stream_group_22_fifo_U  | -    | -    |        | out_stream_group_22       | fifo    | srl  | 0       |
|   out_stream_group_23_fifo_U  | -    | -    |        | out_stream_group_23       | fifo    | srl  | 0       |
|   out_stream_group_24_fifo_U  | -    | -    |        | out_stream_group_24       | fifo    | srl  | 0       |
|   out_stream_group_25_fifo_U  | -    | -    |        | out_stream_group_25       | fifo    | srl  | 0       |
|   out_stream_group_26_fifo_U  | -    | -    |        | out_stream_group_26       | fifo    | srl  | 0       |
|   out_stream_group_27_fifo_U  | -    | -    |        | out_stream_group_27       | fifo    | srl  | 0       |
|   out_stream_group_28_fifo_U  | -    | -    |        | out_stream_group_28       | fifo    | srl  | 0       |
|   out_stream_group_29_fifo_U  | -    | -    |        | out_stream_group_29       | fifo    | srl  | 0       |
|   out_stream_group_30_fifo_U  | -    | -    |        | out_stream_group_30       | fifo    | srl  | 0       |
|   out_stream_group_31_fifo_U  | -    | -    |        | out_stream_group_31       | fifo    | srl  | 0       |
|   line_buff_group_0_val_V_U   | 4    | -    | yes    | line_buff_group_0_val_V   | ram_s2p | bram | 1       |
|   line_buff_group_0_val_V_1_U | 4    | -    | yes    | line_buff_group_0_val_V_1 | ram_s2p | bram | 1       |
|   line_buff_group_0_val_V_2_U | 4    | -    | yes    | line_buff_group_0_val_V_2 | ram_s2p | bram | 1       |
|   line_buff_group_1_val_V_U   | 4    | -    | yes    | line_buff_group_1_val_V   | ram_s2p | bram | 1       |
|   line_buff_group_1_val_V_1_U | 4    | -    | yes    | line_buff_group_1_val_V_1 | ram_s2p | bram | 1       |
|   line_buff_group_1_val_V_2_U | 4    | -    | yes    | line_buff_group_1_val_V_2 | ram_s2p | bram | 1       |
|   line_buff_group_2_val_V_U   | 4    | -    | yes    | line_buff_group_2_val_V   | ram_s2p | bram | 1       |
|   line_buff_group_2_val_V_1_U | 4    | -    | yes    | line_buff_group_2_val_V_1 | ram_s2p | bram | 1       |
|   line_buff_group_2_val_V_2_U | 4    | -    | yes    | line_buff_group_2_val_V_2 | ram_s2p | bram | 1       |
|   line_buff_group_3_val_V_U   | 4    | -    | yes    | line_buff_group_3_val_V   | ram_s2p | bram | 1       |
|   line_buff_group_3_val_V_1_U | 4    | -    | yes    | line_buff_group_3_val_V_1 | ram_s2p | bram | 1       |
|   line_buff_group_3_val_V_2_U | 4    | -    | yes    | line_buff_group_3_val_V_2 | ram_s2p | bram | 1       |
|   local_mem_group_data_V_U    | 1    | -    |        | local_mem_group_data_V    | rom_np  | auto | 1       |
|   local_mem_group_data_V_1_U  | 1    | -    |        | local_mem_group_data_V_1  | rom_np  | auto | 1       |
|   local_mem_group_data_V_2_U  | 1    | -    |        | local_mem_group_data_V_2  | rom_np  | auto | 1       |
|   local_mem_group_data_V_3_U  | 1    | -    |        | local_mem_group_data_V_3  | rom_np  | auto | 1       |
|   local_mem_group_data_V_4_U  | 1    | -    |        | local_mem_group_data_V_4  | rom_np  | auto | 1       |
|   local_mem_group_data_V_5_U  | 1    | -    |        | local_mem_group_data_V_5  | rom_np  | auto | 1       |
|   local_mem_group_data_V_6_U  | 1    | -    |        | local_mem_group_data_V_6  | rom_np  | auto | 1       |
|   local_mem_group_data_V_7_U  | 1    | -    |        | local_mem_group_data_V_7  | rom_np  | auto | 1       |
|   local_mem_group_data_V_8_U  | 1    | -    |        | local_mem_group_data_V_8  | rom_np  | auto | 1       |
|   local_mem_group_data_V_9_U  | 1    | -    |        | local_mem_group_data_V_9  | rom_np  | auto | 1       |
|   local_mem_group_data_V_10_U | 1    | -    |        | local_mem_group_data_V_10 | rom_np  | auto | 1       |
|   local_mem_group_data_V_11_U | 1    | -    |        | local_mem_group_data_V_11 | rom_np  | auto | 1       |
|   local_mem_group_data_V_12_U | 1    | -    |        | local_mem_group_data_V_12 | rom_np  | auto | 1       |
|   local_mem_group_data_V_13_U | 1    | -    |        | local_mem_group_data_V_13 | rom_np  | auto | 1       |
|   local_mem_group_data_V_14_U | 1    | -    |        | local_mem_group_data_V_14 | rom_np  | auto | 1       |
|   local_mem_group_data_V_15_U | 1    | -    |        | local_mem_group_data_V_15 | rom_np  | auto | 1       |
|   local_mem_group_data_V_16_U | 1    | -    |        | local_mem_group_data_V_16 | rom_np  | auto | 1       |
|   local_mem_group_data_V_17_U | 1    | -    |        | local_mem_group_data_V_17 | rom_np  | auto | 1       |
|   local_mem_group_data_V_18_U | 1    | -    |        | local_mem_group_data_V_18 | rom_np  | auto | 1       |
|   local_mem_group_data_V_19_U | 1    | -    |        | local_mem_group_data_V_19 | rom_np  | auto | 1       |
|   local_mem_group_data_V_20_U | 1    | -    |        | local_mem_group_data_V_20 | rom_np  | auto | 1       |
|   local_mem_group_data_V_21_U | 1    | -    |        | local_mem_group_data_V_21 | rom_np  | auto | 1       |
|   local_mem_group_data_V_22_U | 1    | -    |        | local_mem_group_data_V_22 | rom_np  | auto | 1       |
|   local_mem_group_data_V_23_U | 1    | -    |        | local_mem_group_data_V_23 | rom_np  | auto | 1       |
|   local_mem_group_data_V_24_U | 1    | -    |        | local_mem_group_data_V_24 | rom_np  | auto | 1       |
|   local_mem_group_data_V_25_U | 1    | -    |        | local_mem_group_data_V_25 | rom_np  | auto | 1       |
|   local_mem_group_data_V_26_U | 1    | -    |        | local_mem_group_data_V_26 | rom_np  | auto | 1       |
|   local_mem_group_data_V_27_U | 1    | -    |        | local_mem_group_data_V_27 | rom_np  | auto | 1       |
|   local_mem_group_data_V_28_U | 1    | -    |        | local_mem_group_data_V_28 | rom_np  | auto | 1       |
|   local_mem_group_data_V_29_U | 1    | -    |        | local_mem_group_data_V_29 | rom_np  | auto | 1       |
|   local_mem_group_data_V_30_U | 1    | -    |        | local_mem_group_data_V_30 | rom_np  | auto | 1       |
|   local_mem_group_data_V_31_U | 1    | -    |        | local_mem_group_data_V_31 | rom_np  | auto | 1       |
|   local_mem_group_data_V_32_U | 1    | -    |        | local_mem_group_data_V_32 | rom_np  | auto | 1       |
|   local_mem_group_data_V_33_U | 1    | -    |        | local_mem_group_data_V_33 | rom_np  | auto | 1       |
|   local_mem_group_data_V_34_U | 1    | -    |        | local_mem_group_data_V_34 | rom_np  | auto | 1       |
|   local_mem_group_data_V_35_U | 1    | -    |        | local_mem_group_data_V_35 | rom_np  | auto | 1       |
|   local_mem_group_data_V_36_U | 1    | -    |        | local_mem_group_data_V_36 | rom_np  | auto | 1       |
|   local_mem_group_data_V_37_U | 1    | -    |        | local_mem_group_data_V_37 | rom_np  | auto | 1       |
|   local_mem_group_data_V_38_U | 1    | -    |        | local_mem_group_data_V_38 | rom_np  | auto | 1       |
|   local_mem_group_data_V_39_U | 1    | -    |        | local_mem_group_data_V_39 | rom_np  | auto | 1       |
|   local_mem_group_data_V_40_U | 1    | -    |        | local_mem_group_data_V_40 | rom_np  | auto | 1       |
|   local_mem_group_data_V_41_U | 1    | -    |        | local_mem_group_data_V_41 | rom_np  | auto | 1       |
|   local_mem_group_data_V_42_U | 1    | -    |        | local_mem_group_data_V_42 | rom_np  | auto | 1       |
|   local_mem_group_data_V_43_U | 1    | -    |        | local_mem_group_data_V_43 | rom_np  | auto | 1       |
|   local_mem_group_data_V_44_U | 1    | -    |        | local_mem_group_data_V_44 | rom_np  | auto | 1       |
|   local_mem_group_data_V_45_U | 1    | -    |        | local_mem_group_data_V_45 | rom_np  | auto | 1       |
|   local_mem_group_data_V_46_U | 1    | -    |        | local_mem_group_data_V_46 | rom_np  | auto | 1       |
|   local_mem_group_data_V_47_U | 1    | -    |        | local_mem_group_data_V_47 | rom_np  | auto | 1       |
|   local_mem_group_data_V_48_U | 1    | -    |        | local_mem_group_data_V_48 | rom_np  | auto | 1       |
|   local_mem_group_data_V_49_U | 1    | -    |        | local_mem_group_data_V_49 | rom_np  | auto | 1       |
|   local_mem_group_data_V_50_U | 1    | -    |        | local_mem_group_data_V_50 | rom_np  | auto | 1       |
|   local_mem_group_data_V_51_U | 1    | -    |        | local_mem_group_data_V_51 | rom_np  | auto | 1       |
|   local_mem_group_data_V_52_U | 1    | -    |        | local_mem_group_data_V_52 | rom_np  | auto | 1       |
|   local_mem_group_data_V_53_U | 1    | -    |        | local_mem_group_data_V_53 | rom_np  | auto | 1       |
|   local_mem_group_data_V_54_U | 1    | -    |        | local_mem_group_data_V_54 | rom_np  | auto | 1       |
|   local_mem_group_data_V_55_U | 1    | -    |        | local_mem_group_data_V_55 | rom_np  | auto | 1       |
|   local_mem_group_data_V_56_U | 1    | -    |        | local_mem_group_data_V_56 | rom_np  | auto | 1       |
|   local_mem_group_data_V_57_U | 1    | -    |        | local_mem_group_data_V_57 | rom_np  | auto | 1       |
|   local_mem_group_data_V_58_U | 1    | -    |        | local_mem_group_data_V_58 | rom_np  | auto | 1       |
|   local_mem_group_data_V_59_U | 1    | -    |        | local_mem_group_data_V_59 | rom_np  | auto | 1       |
|   local_mem_group_data_V_60_U | 1    | -    |        | local_mem_group_data_V_60 | rom_np  | auto | 1       |
|   local_mem_group_data_V_61_U | 1    | -    |        | local_mem_group_data_V_61 | rom_np  | auto | 1       |
|   local_mem_group_data_V_62_U | 1    | -    |        | local_mem_group_data_V_62 | rom_np  | auto | 1       |
|   local_mem_group_data_V_63_U | 1    | -    |        | local_mem_group_data_V_63 | rom_np  | auto | 1       |
|   local_mem_group_data_V_64_U | 1    | -    |        | local_mem_group_data_V_64 | rom_np  | auto | 1       |
|   local_mem_group_data_V_65_U | 1    | -    |        | local_mem_group_data_V_65 | rom_np  | auto | 1       |
|   local_mem_group_data_V_66_U | 1    | -    |        | local_mem_group_data_V_66 | rom_np  | auto | 1       |
|   local_mem_group_data_V_67_U | 1    | -    |        | local_mem_group_data_V_67 | rom_np  | auto | 1       |
|   local_mem_group_data_V_68_U | 1    | -    |        | local_mem_group_data_V_68 | rom_np  | auto | 1       |
|   local_mem_group_data_V_69_U | 1    | -    |        | local_mem_group_data_V_69 | rom_np  | auto | 1       |
|   local_mem_group_data_V_70_U | 1    | -    |        | local_mem_group_data_V_70 | rom_np  | auto | 1       |
|   local_mem_group_data_V_71_U | 1    | -    |        | local_mem_group_data_V_71 | rom_np  | auto | 1       |
+-------------------------------+------+------+--------+---------------------------+---------+------+---------+


================================================================
== Pragma Report
================================================================
* Valid Pragma Syntax
+-----------------+-----------------------------------------------+---------------------------------------------------------+
| Type            | Options                                       | Location                                                |
+-----------------+-----------------------------------------------+---------------------------------------------------------+
| interface       | s_axilite port=fold_input_ch bundle=CTRL_BUS  | src/yolo_conv.cpp:9 in yolo_conv_top, fold_input_ch     |
| interface       | s_axilite port=fold_output_ch bundle=CTRL_BUS | src/yolo_conv.cpp:10 in yolo_conv_top, fold_output_ch   |
| interface       | s_axilite port=input_ch bundle=CTRL_BUS       | src/yolo_conv.cpp:11 in yolo_conv_top, input_ch         |
| interface       | s_axilite port=output_ch bundle=CTRL_BUS      | src/yolo_conv.cpp:12 in yolo_conv_top, output_ch        |
| interface       | s_axilite port=fold_win_area bundle=CTRL_BUS  | src/yolo_conv.cpp:13 in yolo_conv_top, fold_win_area    |
| interface       | s_axilite port=real_input_h bundle=CTRL_BUS   | src/yolo_conv.cpp:16 in yolo_conv_top, real_input_h     |
| interface       | s_axilite port=input_w bundle=CTRL_BUS        | src/yolo_conv.cpp:17 in yolo_conv_top, input_w          |
| interface       | s_axilite port=input_h bundle=CTRL_BUS        | src/yolo_conv.cpp:18 in yolo_conv_top, input_h          |
| interface       | s_axilite port=return bundle=CTRL_BUS         | src/yolo_conv.cpp:19 in yolo_conv_top, return           |
| interface       | axis register both port=outStream             | src/yolo_conv.cpp:20 in yolo_conv_top, outStream        |
| interface       | axis register both port=inStream              | src/yolo_conv.cpp:21 in yolo_conv_top, inStream         |
| array_partition | variable=out_stream_group complete dim=1      | src/yolo_conv.cpp:24 in yolo_conv_top, out_stream_group |
| stream          | variable=out_stream_group depth=2             | src/yolo_conv.cpp:26 in yolo_conv_top, out_stream_group |
| array_partition | variable=val_output complete dim=1            | src/yolo_conv.cpp:34 in yolo_conv_top, val_output       |
| array_partition | variable=local_mem_group block factor=8 dim=1 | src/yolo_conv.cpp:40 in yolo_conv_top, local_mem_group  |
| array_partition | variable=local_mem_group complete dim=3       | src/yolo_conv.cpp:42 in yolo_conv_top, local_mem_group  |
| loop_tripcount  | min=16 max=16                                 | src/yolo_conv.cpp:51 in yolo_conv_top                   |
| loop_tripcount  | min=3 max=3                                   | src/yolo_conv.cpp:54 in yolo_conv_top                   |
| pipeline        |                                               | src/yolo_conv.cpp:57 in yolo_conv_top                   |
| loop_tripcount  | min=3 max=3                                   | src/yolo_conv.cpp:58 in yolo_conv_top                   |
| loop_tripcount  | min=419 max=419                               | src/yolo_conv.cpp:87 in yolo_conv_top                   |
| loop_tripcount  | min=418 max=418                               | src/yolo_conv.cpp:90 in yolo_conv_top                   |
| pipeline        |                                               | src/yolo_conv.cpp:93 in yolo_conv_top                   |
| loop_tripcount  | min=1 max=1                                   | src/yolo_conv.cpp:94 in yolo_conv_top                   |
+-----------------+-----------------------------------------------+---------------------------------------------------------+


