

================================================================
== Vitis HLS Report for 'out_stream_merge'
================================================================
* Date:           Tue Nov 19 23:14:38 2024

* Version:        2022.2 (Build 3670227 on Oct 13 2022)
* Project:        yolo_conv_prj
* Solution:       solution1 (Vivado IP Flow Target)
* Product family: zynq
* Target device:  xc7z020-clg400-1


================================================================
== Performance Estimates
================================================================
+ Timing: 
    * Summary: 
    +--------+---------+----------+------------+
    |  Clock |  Target | Estimated| Uncertainty|
    +--------+---------+----------+------------+
    |ap_clk  |  7.50 ns|  4.980 ns|     2.03 ns|
    +--------+---------+----------+------------+

+ Latency: 
    * Summary: 
    +---------+---------+-----------+-----------+-----+-----+---------+
    |  Latency (cycles) |   Latency (absolute)  |  Interval | Pipeline|
    |   min   |   max   |    min    |    max    | min | max |   Type  |
    +---------+---------+-----------+-----------+-----+-----+---------+
    |        8|        8|  60.000 ns|  60.000 ns|    6|    6|      yes|
    +---------+---------+-----------+-----------+-----+-----+---------+

    + Detail: 
        * Instance: 
        N/A

        * Loop: 
        N/A



================================================================
== Utilization Estimates
================================================================
* Summary: 
+-----------------+---------+-----+--------+-------+-----+
|       Name      | BRAM_18K| DSP |   FF   |  LUT  | URAM|
+-----------------+---------+-----+--------+-------+-----+
|DSP              |        -|    -|       -|      -|    -|
|Expression       |        -|    -|       0|    495|    -|
|FIFO             |        -|    -|       -|      -|    -|
|Instance         |        -|    -|       -|      -|    -|
|Memory           |        -|    -|       -|      -|    -|
|Multiplexer      |        -|    -|       -|    691|    -|
|Register         |        -|    -|     269|      -|    -|
+-----------------+---------+-----+--------+-------+-----+
|Total            |        0|    0|     269|   1186|    0|
+-----------------+---------+-----+--------+-------+-----+
|Available        |      280|  220|  106400|  53200|    0|
+-----------------+---------+-----+--------+-------+-----+
|Utilization (%)  |        0|    0|      ~0|      2|    0|
+-----------------+---------+-----+--------+-------+-----+

+ Detail: 
    * Instance: 
    N/A

    * DSP: 
    N/A

    * Memory: 
    N/A

    * FIFO: 
    N/A

    * Expression: 
    +----------------------------------+----------+----+---+----+------------+------------+
    |           Variable Name          | Operation| DSP| FF| LUT| Bitwidth P0| Bitwidth P1|
    +----------------------------------+----------+----+---+----+------------+------------+
    |add_ln299_1_fu_880_p2             |         +|   0|  0|  12|          11|           4|
    |add_ln299_2_fu_902_p2             |         +|   0|  0|  12|          11|           4|
    |add_ln299_3_fu_924_p2             |         +|   0|  0|  12|          11|           5|
    |add_ln299_fu_858_p2               |         +|   0|  0|  12|          11|           3|
    |kernel_idx_2_fu_1002_p2           |         +|   0|  0|  15|           8|           2|
    |kernel_idx_3_fu_1019_p2           |         +|   0|  0|  15|           8|           2|
    |kernel_idx_4_fu_1036_p2           |         +|   0|  0|  15|           8|           3|
    |kernel_idx_5_fu_1053_p2           |         +|   0|  0|  15|           8|           3|
    |sub_fu_950_p2                     |         +|   0|  0|  13|           5|           2|
    |kernel_idx_fu_780_p2              |         -|   0|  0|  15|           8|           8|
    |sub_ln299_fu_798_p2               |         -|   0|  0|  13|          10|          10|
    |ap_block_pp0_stage0_01001         |       and|   0|  0|   2|           1|           1|
    |ap_block_pp0_stage0_11001         |       and|   0|  0|   2|           1|           1|
    |ap_block_pp0_stage2_01001         |       and|   0|  0|   2|           1|           1|
    |ap_block_pp0_stage2_11001         |       and|   0|  0|   2|           1|           1|
    |ap_block_pp0_stage3_01001         |       and|   0|  0|   2|           1|           1|
    |ap_block_pp0_stage3_11001         |       and|   0|  0|   2|           1|           1|
    |ap_block_pp0_stage4_01001         |       and|   0|  0|   2|           1|           1|
    |ap_block_pp0_stage4_11001         |       and|   0|  0|   2|           1|           1|
    |ap_block_pp0_stage5_01001         |       and|   0|  0|   2|           1|           1|
    |ap_block_pp0_stage5_11001         |       and|   0|  0|   2|           1|           1|
    |ap_block_state3_io                |       and|   0|  0|   2|           1|           1|
    |ap_block_state5_io                |       and|   0|  0|   2|           1|           1|
    |ap_block_state6_io                |       and|   0|  0|   2|           1|           1|
    |ap_block_state7_io                |       and|   0|  0|   2|           1|           1|
    |ap_block_state8_io                |       and|   0|  0|   2|           1|           1|
    |ap_block_state9_io                |       and|   0|  0|   2|           1|           1|
    |ap_condition_1228                 |       and|   0|  0|   2|           1|           1|
    |ap_condition_1252                 |       and|   0|  0|   2|           1|           1|
    |ap_condition_1391                 |       and|   0|  0|   2|           1|           1|
    |ap_condition_1393                 |       and|   0|  0|   2|           1|           1|
    |ap_condition_1397                 |       and|   0|  0|   2|           1|           1|
    |ap_condition_1403                 |       and|   0|  0|   2|           1|           1|
    |ap_condition_1405                 |       and|   0|  0|   2|           1|           1|
    |ap_condition_1409                 |       and|   0|  0|   2|           1|           1|
    |ap_condition_1425                 |       and|   0|  0|   2|           1|           1|
    |ap_condition_1439                 |       and|   0|  0|   2|           1|           1|
    |ap_condition_1462                 |       and|   0|  0|   2|           1|           1|
    |ap_condition_1467                 |       and|   0|  0|   2|           1|           1|
    |ap_condition_1472                 |       and|   0|  0|   2|           1|           1|
    |ap_condition_1477                 |       and|   0|  0|   2|           1|           1|
    |ap_condition_1482                 |       and|   0|  0|   2|           1|           1|
    |ap_condition_1487                 |       and|   0|  0|   2|           1|           1|
    |ap_condition_256                  |       and|   0|  0|   2|           1|           1|
    |ap_condition_283                  |       and|   0|  0|   2|           1|           1|
    |ap_condition_377                  |       and|   0|  0|   2|           1|           1|
    |ap_condition_387                  |       and|   0|  0|   2|           1|           1|
    |ap_condition_814                  |       and|   0|  0|   2|           1|           1|
    |ap_condition_829                  |       and|   0|  0|   2|           1|           1|
    |ap_condition_838                  |       and|   0|  0|   2|           1|           1|
    |ap_condition_885                  |       and|   0|  0|   2|           1|           1|
    |ap_condition_886                  |       and|   0|  0|   2|           1|           1|
    |ap_condition_89                   |       and|   0|  0|   2|           1|           1|
    |ap_predicate_op135_read_state3    |       and|   0|  0|   2|           1|           1|
    |ap_predicate_op137_read_state3    |       and|   0|  0|   2|           1|           1|
    |ap_predicate_op143_write_state3   |       and|   0|  0|   2|           1|           1|
    |ap_predicate_op186_read_state5    |       and|   0|  0|   2|           1|           1|
    |ap_predicate_op188_read_state5    |       and|   0|  0|   2|           1|           1|
    |ap_predicate_op192_write_state5   |       and|   0|  0|   2|           1|           1|
    |ap_predicate_op194_read_state5    |       and|   0|  0|   2|           1|           1|
    |ap_predicate_op196_read_state6    |       and|   0|  0|   2|           1|           1|
    |ap_predicate_op203_read_state6    |       and|   0|  0|   2|           1|           1|
    |ap_predicate_op205_read_state7    |       and|   0|  0|   2|           1|           1|
    |ap_predicate_op214_read_state8    |       and|   0|  0|   2|           1|           1|
    |ap_predicate_op221_read_state8    |       and|   0|  0|   2|           1|           1|
    |ap_predicate_op223_read_state9    |       and|   0|  0|   2|           1|           1|
    |curr_output_last_V_1_fu_996_p2    |       and|   0|  0|   2|           1|           1|
    |curr_output_last_V_2_fu_1013_p2   |       and|   0|  0|   2|           1|           1|
    |curr_output_last_V_3_fu_1030_p2   |       and|   0|  0|   2|           1|           1|
    |curr_output_last_V_4_fu_1047_p2   |       and|   0|  0|   2|           1|           1|
    |curr_output_last_V_5_fu_1064_p2   |       and|   0|  0|   2|           1|           1|
    |curr_output_last_V_fu_965_p2      |       and|   0|  0|   2|           1|           1|
    |tmp_117_nbreadreq_fu_216_p3       |       and|   0|  0|   2|           1|           0|
    |tmp_118_nbreadreq_fu_208_p3       |       and|   0|  0|   2|           1|           0|
    |tmp_119_nbreadreq_fu_232_p3       |       and|   0|  0|   2|           1|           0|
    |tmp_120_nbreadreq_fu_224_p3       |       and|   0|  0|   2|           1|           0|
    |tmp_121_nbreadreq_fu_316_p3       |       and|   0|  0|   2|           1|           0|
    |tmp_122_nbreadreq_fu_308_p3       |       and|   0|  0|   2|           1|           0|
    |tmp_123_nbreadreq_fu_240_p3       |       and|   0|  0|   2|           1|           0|
    |tmp_124_nbreadreq_fu_248_p3       |       and|   0|  0|   2|           1|           0|
    |tmp_125_nbreadreq_fu_256_p3       |       and|   0|  0|   2|           1|           0|
    |tmp_126_nbreadreq_fu_264_p3       |       and|   0|  0|   2|           1|           0|
    |tmp_127_nbreadreq_fu_324_p3       |       and|   0|  0|   2|           1|           0|
    |tmp_128_nbreadreq_fu_332_p3       |       and|   0|  0|   2|           1|           0|
    |tmp_129_nbreadreq_fu_460_p3       |       and|   0|  0|   2|           1|           0|
    |tmp_130_nbreadreq_fu_468_p3       |       and|   0|  0|   2|           1|           0|
    |tmp_nbreadreq_fu_200_p3           |       and|   0|  0|   2|           1|           0|
    |tmp_s_nbreadreq_fu_192_p3         |       and|   0|  0|   2|           1|           0|
    |icmp_ln299_1_fu_846_p2            |      icmp|   0|  0|   9|           5|           1|
    |icmp_ln299_2_fu_874_p2            |      icmp|   0|  0|  10|           6|           1|
    |icmp_ln299_3_fu_896_p2            |      icmp|   0|  0|  10|           6|           1|
    |icmp_ln299_4_fu_918_p2            |      icmp|   0|  0|  10|           6|           1|
    |icmp_ln299_5_fu_940_p2            |      icmp|   0|  0|  10|           6|           1|
    |icmp_ln299_fu_814_p2              |      icmp|   0|  0|   9|           5|           1|
    |icmp_ln300_1_fu_852_p2            |      icmp|   0|  0|   9|           4|           1|
    |icmp_ln300_fu_820_p2              |      icmp|   0|  0|   9|           4|           1|
    |icmp_ln322_1_fu_990_p2            |      icmp|   0|  0|  11|           8|           8|
    |icmp_ln322_2_fu_1007_p2           |      icmp|   0|  0|  11|           8|           8|
    |icmp_ln322_3_fu_1024_p2           |      icmp|   0|  0|  11|           8|           8|
    |icmp_ln322_4_fu_1041_p2           |      icmp|   0|  0|  11|           8|           8|
    |icmp_ln322_5_fu_1058_p2           |      icmp|   0|  0|  11|           8|           8|
    |icmp_ln322_fu_960_p2              |      icmp|   0|  0|  11|           8|           8|
    |ap_block_pp0_stage0_subdone       |        or|   0|  0|   2|           1|           1|
    |ap_block_pp0_stage1_01001         |        or|   0|  0|   2|           1|           1|
    |ap_block_pp0_stage1_11001         |        or|   0|  0|   2|           1|           1|
    |ap_block_pp0_stage1_subdone       |        or|   0|  0|   2|           1|           1|
    |ap_block_pp0_stage2_subdone       |        or|   0|  0|   2|           1|           1|
    |ap_block_pp0_stage3_subdone       |        or|   0|  0|   2|           1|           1|
    |ap_block_pp0_stage4_subdone       |        or|   0|  0|   2|           1|           1|
    |ap_block_pp0_stage5_subdone       |        or|   0|  0|   2|           1|           1|
    |ap_block_state2_pp0_stage1_iter0  |        or|   0|  0|   2|           1|           1|
    |ap_block_state3_pp0_stage2_iter0  |        or|   0|  0|   2|           1|           1|
    |ap_block_state5_pp0_stage3_iter0  |        or|   0|  0|   2|           1|           1|
    |ap_block_state6_pp0_stage4_iter0  |        or|   0|  0|   2|           1|           1|
    |ap_block_state7_pp0_stage5_iter0  |        or|   0|  0|   2|           1|           1|
    |ap_block_state8_pp0_stage0_iter1  |        or|   0|  0|   2|           1|           1|
    |ap_block_state9_pp0_stage1_iter1  |        or|   0|  0|   2|           1|           1|
    |kernel_idx_1_fu_985_p2            |        or|   0|  0|   8|           8|           1|
    |or_ln299_fu_826_p2                |        or|   0|  0|  10|          10|           3|
    |ap_enable_pp0                     |       xor|   0|  0|   2|           1|           2|
    +----------------------------------+----------+----+---+----+------------+------------+
    |Total                             |          |   0|  0| 495|         300|         184|
    +----------------------------------+----------+----+---+----+------------+------------+

    * Multiplexer: 
    +---------------------------------------------------------------+----+-----------+-----+-----------+
    |                              Name                             | LUT| Input Size| Bits| Total Bits|
    +---------------------------------------------------------------+----+-----------+-----+-----------+
    |ap_NS_fsm                                                      |  37|          7|    1|          7|
    |ap_enable_reg_pp0_iter0                                        |   9|          2|    1|          2|
    |ap_enable_reg_pp0_iter1                                        |   9|          2|    1|          2|
    |ap_phi_mux_curr_output_data_sub_data_3_V_8_phi_fu_646_p6       |  20|          4|   16|         64|
    |ap_phi_mux_curr_output_data_sub_data_3_V_9_phi_fu_697_p6       |  20|          4|   16|         64|
    |ap_phi_mux_empty_phi_fu_587_p4                                 |  14|          3|    1|          3|
    |ap_phi_reg_pp0_iter0_curr_output_data_sub_data_3_V_10_reg_708  |   9|          2|   16|         32|
    |ap_phi_reg_pp0_iter0_curr_output_data_sub_data_3_V_11_reg_719  |   9|          2|   16|         32|
    |ap_phi_reg_pp0_iter0_empty_80_reg_606                          |   9|          2|    1|          2|
    |ap_phi_reg_pp0_iter0_tmp_data_sub_data_0_V_1_reg_676           |   9|          2|   16|         32|
    |ap_phi_reg_pp0_iter0_tmp_data_sub_data_0_V_reg_625             |   9|          2|   16|         32|
    |ap_phi_reg_pp0_iter0_tmp_data_sub_data_1_V_1_reg_685           |   9|          2|   16|         32|
    |ap_phi_reg_pp0_iter0_tmp_data_sub_data_1_V_reg_634             |   9|          2|   16|         32|
    |ap_phi_reg_pp0_iter0_tmp_data_sub_data_2_V_1_reg_667           |   9|          2|   16|         32|
    |ap_phi_reg_pp0_iter0_tmp_data_sub_data_2_V_reg_616             |   9|          2|   16|         32|
    |ap_phi_reg_pp0_iter1_curr_output_data_sub_data_3_V_12_reg_730  |   9|          2|   16|         32|
    |ap_phi_reg_pp0_iter1_curr_output_data_sub_data_3_V_13_reg_741  |   9|          2|   16|         32|
    |empty_79_reg_596                                               |  14|          3|    1|          3|
    |empty_81_reg_657                                               |  14|          3|    1|          3|
    |empty_reg_584                                                  |  14|          3|    1|          3|
    |outStream_TDATA                                                |  37|          7|   64|        448|
    |outStream_TDATA_blk_n                                          |   9|          2|    1|          2|
    |outStream_TDEST                                                |  14|          3|    6|         18|
    |outStream_TID                                                  |  14|          3|    5|         15|
    |outStream_TKEEP                                                |  14|          3|    8|         24|
    |outStream_TLAST                                                |  37|          7|    1|          7|
    |outStream_TSTRB                                                |  14|          3|    8|         24|
    |outStream_TUSER                                                |  14|          3|    2|          6|
    |out_stream_group_0_blk_n                                       |   9|          2|    1|          2|
    |out_stream_group_10_blk_n                                      |   9|          2|    1|          2|
    |out_stream_group_11_blk_n                                      |   9|          2|    1|          2|
    |out_stream_group_1213_blk_n                                    |   9|          2|    1|          2|
    |out_stream_group_13_blk_n                                      |   9|          2|    1|          2|
    |out_stream_group_14_blk_n                                      |   9|          2|    1|          2|
    |out_stream_group_15_blk_n                                      |   9|          2|    1|          2|
    |out_stream_group_16_blk_n                                      |   9|          2|    1|          2|
    |out_stream_group_17_blk_n                                      |   9|          2|    1|          2|
    |out_stream_group_18_blk_n                                      |   9|          2|    1|          2|
    |out_stream_group_19_blk_n                                      |   9|          2|    1|          2|
    |out_stream_group_1_blk_n                                       |   9|          2|    1|          2|
    |out_stream_group_20_blk_n                                      |   9|          2|    1|          2|
    |out_stream_group_21_blk_n                                      |   9|          2|    1|          2|
    |out_stream_group_22_blk_n                                      |   9|          2|    1|          2|
    |out_stream_group_2325_blk_n                                    |   9|          2|    1|          2|
    |out_stream_group_24_blk_n                                      |   9|          2|    1|          2|
    |out_stream_group_25_blk_n                                      |   9|          2|    1|          2|
    |out_stream_group_26_blk_n                                      |   9|          2|    1|          2|
    |out_stream_group_27_blk_n                                      |   9|          2|    1|          2|
    |out_stream_group_28_blk_n                                      |   9|          2|    1|          2|
    |out_stream_group_29_blk_n                                      |   9|          2|    1|          2|
    |out_stream_group_2_blk_n                                       |   9|          2|    1|          2|
    |out_stream_group_30_blk_n                                      |   9|          2|    1|          2|
    |out_stream_group_31_blk_n                                      |   9|          2|    1|          2|
    |out_stream_group_3_blk_n                                       |   9|          2|    1|          2|
    |out_stream_group_4_blk_n                                       |   9|          2|    1|          2|
    |out_stream_group_5_blk_n                                       |   9|          2|    1|          2|
    |out_stream_group_6_blk_n                                       |   9|          2|    1|          2|
    |out_stream_group_7_blk_n                                       |   9|          2|    1|          2|
    |out_stream_group_8_blk_n                                       |   9|          2|    1|          2|
    |out_stream_group_9_blk_n                                       |   9|          2|    1|          2|
    +---------------------------------------------------------------+----+-----------+-----+-----------+
    |Total                                                          | 691|        148|  327|       1081|
    +---------------------------------------------------------------+----+-----------+-----+-----------+

    * Register: 
    +---------------------------------------------------------------+----+----+-----+-----------+
    |                              Name                             | FF | LUT| Bits| Const Bits|
    +---------------------------------------------------------------+----+----+-----+-----------+
    |ap_CS_fsm                                                      |   6|   0|    6|          0|
    |ap_enable_reg_pp0_iter0_reg                                    |   1|   0|    1|          0|
    |ap_enable_reg_pp0_iter1                                        |   1|   0|    1|          0|
    |ap_phi_reg_pp0_iter0_curr_output_data_sub_data_3_V_10_reg_708  |  16|   0|   16|          0|
    |ap_phi_reg_pp0_iter0_curr_output_data_sub_data_3_V_11_reg_719  |  16|   0|   16|          0|
    |ap_phi_reg_pp0_iter0_empty_80_reg_606                          |   1|   0|    1|          0|
    |ap_phi_reg_pp0_iter0_tmp_data_sub_data_0_V_1_reg_676           |  16|   0|   16|          0|
    |ap_phi_reg_pp0_iter0_tmp_data_sub_data_0_V_reg_625             |  16|   0|   16|          0|
    |ap_phi_reg_pp0_iter0_tmp_data_sub_data_1_V_1_reg_685           |  16|   0|   16|          0|
    |ap_phi_reg_pp0_iter0_tmp_data_sub_data_1_V_reg_634             |  16|   0|   16|          0|
    |ap_phi_reg_pp0_iter0_tmp_data_sub_data_2_V_1_reg_667           |  16|   0|   16|          0|
    |ap_phi_reg_pp0_iter0_tmp_data_sub_data_2_V_reg_616             |  16|   0|   16|          0|
    |ap_phi_reg_pp0_iter1_curr_output_data_sub_data_3_V_12_reg_730  |  16|   0|   16|          0|
    |ap_phi_reg_pp0_iter1_curr_output_data_sub_data_3_V_13_reg_741  |  16|   0|   16|          0|
    |ap_port_reg_curr_input_1                                       |   8|   0|    8|          0|
    |ap_port_reg_curr_input_2                                       |   8|   0|    8|          0|
    |ap_port_reg_curr_input_3                                       |   2|   0|    2|          0|
    |ap_port_reg_curr_input_5                                       |   5|   0|    5|          0|
    |ap_port_reg_curr_input_6                                       |   6|   0|    6|          0|
    |ap_port_reg_fold_output_ch                                     |   4|   0|    4|          0|
    |ap_port_reg_last                                               |   1|   0|    1|          0|
    |curr_input_1_read_reg_1281                                     |   8|   0|    8|          0|
    |curr_input_2_read_reg_1276                                     |   8|   0|    8|          0|
    |curr_input_3_read_reg_1271                                     |   2|   0|    2|          0|
    |curr_input_5_read_reg_1266                                     |   5|   0|    5|          0|
    |curr_input_6_read_reg_1261                                     |   6|   0|    6|          0|
    |curr_output_last_V_1_reg_1316                                  |   1|   0|    1|          0|
    |curr_output_last_V_2_reg_1321                                  |   1|   0|    1|          0|
    |curr_output_last_V_3_reg_1326                                  |   1|   0|    1|          0|
    |curr_output_last_V_4_reg_1331                                  |   1|   0|    1|          0|
    |curr_output_last_V_5_reg_1344                                  |   1|   0|    1|          0|
    |empty_79_reg_596                                               |   1|   0|    1|          0|
    |empty_80_reg_606                                               |   1|   0|    1|          0|
    |empty_81_reg_657                                               |   1|   0|    1|          0|
    |empty_reg_584                                                  |   1|   0|    1|          0|
    |icmp_ln299_1_reg_1163                                          |   1|   0|    1|          0|
    |icmp_ln299_2_reg_1181                                          |   1|   0|    1|          0|
    |icmp_ln299_3_reg_1193                                          |   1|   0|    1|          0|
    |icmp_ln299_4_reg_1205                                          |   1|   0|    1|          0|
    |icmp_ln299_5_reg_1209                                          |   1|   0|    1|          0|
    |icmp_ln299_5_reg_1209_pp0_iter1_reg                            |   1|   0|    1|          0|
    |icmp_ln299_reg_1145                                            |   1|   0|    1|          0|
    |icmp_ln300_1_reg_1167                                          |   1|   0|    1|          0|
    |icmp_ln300_reg_1149                                            |   1|   0|    1|          0|
    |kernel_idx_reg_1135                                            |   7|   0|    8|          1|
    |tmp_117_reg_1158                                               |   1|   0|    1|          0|
    |tmp_118_reg_1153                                               |   1|   0|    1|          0|
    |tmp_121_reg_1248                                               |   1|   0|    1|          0|
    |tmp_122_reg_1243                                               |   1|   0|    1|          0|
    |tmp_123_reg_1185                                               |   1|   0|    1|          0|
    |tmp_124_reg_1189                                               |   1|   0|    1|          0|
    |tmp_125_reg_1197                                               |   1|   0|    1|          0|
    |tmp_126_reg_1201                                               |   1|   0|    1|          0|
    |tmp_127_reg_1253                                               |   1|   0|    1|          0|
    |tmp_128_reg_1257                                               |   1|   0|    1|          0|
    |tmp_129_reg_1336                                               |   1|   0|    1|          0|
    |tmp_130_reg_1340                                               |   1|   0|    1|          0|
    +---------------------------------------------------------------+----+----+-----+-----------+
    |Total                                                          | 269|   0|  270|          1|
    +---------------------------------------------------------------+----+----+-----+-----------+



================================================================
== Interface
================================================================
* Summary: 
+-------------------------------+-----+-----+------------+-----------------------+--------------+
|           RTL Ports           | Dir | Bits|  Protocol  |     Source Object     |    C Type    |
+-------------------------------+-----+-----+------------+-----------------------+--------------+
|ap_clk                         |   in|    1|  ap_ctrl_hs|       out_stream_merge|  return value|
|ap_rst                         |   in|    1|  ap_ctrl_hs|       out_stream_merge|  return value|
|ap_start                       |   in|    1|  ap_ctrl_hs|       out_stream_merge|  return value|
|ap_done                        |  out|    1|  ap_ctrl_hs|       out_stream_merge|  return value|
|ap_idle                        |  out|    1|  ap_ctrl_hs|       out_stream_merge|  return value|
|ap_ready                       |  out|    1|  ap_ctrl_hs|       out_stream_merge|  return value|
|ap_ce                          |   in|    1|  ap_ctrl_hs|       out_stream_merge|  return value|
|out_stream_group_0_blk_n       |  out|    1|  ap_ctrl_hs|       out_stream_merge|  return value|
|out_stream_group_1_blk_n       |  out|    1|  ap_ctrl_hs|       out_stream_merge|  return value|
|out_stream_group_2_blk_n       |  out|    1|  ap_ctrl_hs|       out_stream_merge|  return value|
|out_stream_group_3_blk_n       |  out|    1|  ap_ctrl_hs|       out_stream_merge|  return value|
|out_stream_group_4_blk_n       |  out|    1|  ap_ctrl_hs|       out_stream_merge|  return value|
|out_stream_group_5_blk_n       |  out|    1|  ap_ctrl_hs|       out_stream_merge|  return value|
|out_stream_group_6_blk_n       |  out|    1|  ap_ctrl_hs|       out_stream_merge|  return value|
|out_stream_group_7_blk_n       |  out|    1|  ap_ctrl_hs|       out_stream_merge|  return value|
|out_stream_group_8_blk_n       |  out|    1|  ap_ctrl_hs|       out_stream_merge|  return value|
|out_stream_group_9_blk_n       |  out|    1|  ap_ctrl_hs|       out_stream_merge|  return value|
|out_stream_group_10_blk_n      |  out|    1|  ap_ctrl_hs|       out_stream_merge|  return value|
|out_stream_group_11_blk_n      |  out|    1|  ap_ctrl_hs|       out_stream_merge|  return value|
|out_stream_group_1213_blk_n    |  out|    1|  ap_ctrl_hs|       out_stream_merge|  return value|
|out_stream_group_13_blk_n      |  out|    1|  ap_ctrl_hs|       out_stream_merge|  return value|
|out_stream_group_14_blk_n      |  out|    1|  ap_ctrl_hs|       out_stream_merge|  return value|
|out_stream_group_15_blk_n      |  out|    1|  ap_ctrl_hs|       out_stream_merge|  return value|
|out_stream_group_16_blk_n      |  out|    1|  ap_ctrl_hs|       out_stream_merge|  return value|
|out_stream_group_17_blk_n      |  out|    1|  ap_ctrl_hs|       out_stream_merge|  return value|
|out_stream_group_18_blk_n      |  out|    1|  ap_ctrl_hs|       out_stream_merge|  return value|
|out_stream_group_19_blk_n      |  out|    1|  ap_ctrl_hs|       out_stream_merge|  return value|
|out_stream_group_20_blk_n      |  out|    1|  ap_ctrl_hs|       out_stream_merge|  return value|
|out_stream_group_21_blk_n      |  out|    1|  ap_ctrl_hs|       out_stream_merge|  return value|
|out_stream_group_22_blk_n      |  out|    1|  ap_ctrl_hs|       out_stream_merge|  return value|
|out_stream_group_2325_blk_n    |  out|    1|  ap_ctrl_hs|       out_stream_merge|  return value|
|out_stream_group_24_blk_n      |  out|    1|  ap_ctrl_hs|       out_stream_merge|  return value|
|out_stream_group_25_blk_n      |  out|    1|  ap_ctrl_hs|       out_stream_merge|  return value|
|out_stream_group_26_blk_n      |  out|    1|  ap_ctrl_hs|       out_stream_merge|  return value|
|out_stream_group_27_blk_n      |  out|    1|  ap_ctrl_hs|       out_stream_merge|  return value|
|out_stream_group_28_blk_n      |  out|    1|  ap_ctrl_hs|       out_stream_merge|  return value|
|out_stream_group_29_blk_n      |  out|    1|  ap_ctrl_hs|       out_stream_merge|  return value|
|out_stream_group_30_blk_n      |  out|    1|  ap_ctrl_hs|       out_stream_merge|  return value|
|out_stream_group_31_blk_n      |  out|    1|  ap_ctrl_hs|       out_stream_merge|  return value|
|outStream_TDATA_blk_n          |  out|    1|  ap_ctrl_hs|       out_stream_merge|  return value|
|out_stream_group_1213_dout     |   in|   16|     ap_fifo|  out_stream_group_1213|       pointer|
|out_stream_group_1213_empty_n  |   in|    1|     ap_fifo|  out_stream_group_1213|       pointer|
|out_stream_group_1213_read     |  out|    1|     ap_fifo|  out_stream_group_1213|       pointer|
|out_stream_group_13_dout       |   in|   16|     ap_fifo|    out_stream_group_13|       pointer|
|out_stream_group_13_empty_n    |   in|    1|     ap_fifo|    out_stream_group_13|       pointer|
|out_stream_group_13_read       |  out|    1|     ap_fifo|    out_stream_group_13|       pointer|
|out_stream_group_14_dout       |   in|   16|     ap_fifo|    out_stream_group_14|       pointer|
|out_stream_group_14_empty_n    |   in|    1|     ap_fifo|    out_stream_group_14|       pointer|
|out_stream_group_14_read       |  out|    1|     ap_fifo|    out_stream_group_14|       pointer|
|outStream_TREADY               |   in|    1|        axis|     outStream_V_data_V|       pointer|
|outStream_TDATA                |  out|   64|        axis|     outStream_V_data_V|       pointer|
|out_stream_group_19_dout       |   in|   16|     ap_fifo|    out_stream_group_19|       pointer|
|out_stream_group_19_empty_n    |   in|    1|     ap_fifo|    out_stream_group_19|       pointer|
|out_stream_group_19_read       |  out|    1|     ap_fifo|    out_stream_group_19|       pointer|
|out_stream_group_0_dout        |   in|   16|     ap_fifo|     out_stream_group_0|       pointer|
|out_stream_group_0_empty_n     |   in|    1|     ap_fifo|     out_stream_group_0|       pointer|
|out_stream_group_0_read        |  out|    1|     ap_fifo|     out_stream_group_0|       pointer|
|out_stream_group_1_dout        |   in|   16|     ap_fifo|     out_stream_group_1|       pointer|
|out_stream_group_1_empty_n     |   in|    1|     ap_fifo|     out_stream_group_1|       pointer|
|out_stream_group_1_read        |  out|    1|     ap_fifo|     out_stream_group_1|       pointer|
|out_stream_group_2_dout        |   in|   16|     ap_fifo|     out_stream_group_2|       pointer|
|out_stream_group_2_empty_n     |   in|    1|     ap_fifo|     out_stream_group_2|       pointer|
|out_stream_group_2_read        |  out|    1|     ap_fifo|     out_stream_group_2|       pointer|
|out_stream_group_3_dout        |   in|   16|     ap_fifo|     out_stream_group_3|       pointer|
|out_stream_group_3_empty_n     |   in|    1|     ap_fifo|     out_stream_group_3|       pointer|
|out_stream_group_3_read        |  out|    1|     ap_fifo|     out_stream_group_3|       pointer|
|out_stream_group_4_dout        |   in|   16|     ap_fifo|     out_stream_group_4|       pointer|
|out_stream_group_4_empty_n     |   in|    1|     ap_fifo|     out_stream_group_4|       pointer|
|out_stream_group_4_read        |  out|    1|     ap_fifo|     out_stream_group_4|       pointer|
|out_stream_group_5_dout        |   in|   16|     ap_fifo|     out_stream_group_5|       pointer|
|out_stream_group_5_empty_n     |   in|    1|     ap_fifo|     out_stream_group_5|       pointer|
|out_stream_group_5_read        |  out|    1|     ap_fifo|     out_stream_group_5|       pointer|
|out_stream_group_6_dout        |   in|   16|     ap_fifo|     out_stream_group_6|       pointer|
|out_stream_group_6_empty_n     |   in|    1|     ap_fifo|     out_stream_group_6|       pointer|
|out_stream_group_6_read        |  out|    1|     ap_fifo|     out_stream_group_6|       pointer|
|out_stream_group_7_dout        |   in|   16|     ap_fifo|     out_stream_group_7|       pointer|
|out_stream_group_7_empty_n     |   in|    1|     ap_fifo|     out_stream_group_7|       pointer|
|out_stream_group_7_read        |  out|    1|     ap_fifo|     out_stream_group_7|       pointer|
|out_stream_group_8_dout        |   in|   16|     ap_fifo|     out_stream_group_8|       pointer|
|out_stream_group_8_empty_n     |   in|    1|     ap_fifo|     out_stream_group_8|       pointer|
|out_stream_group_8_read        |  out|    1|     ap_fifo|     out_stream_group_8|       pointer|
|out_stream_group_9_dout        |   in|   16|     ap_fifo|     out_stream_group_9|       pointer|
|out_stream_group_9_empty_n     |   in|    1|     ap_fifo|     out_stream_group_9|       pointer|
|out_stream_group_9_read        |  out|    1|     ap_fifo|     out_stream_group_9|       pointer|
|out_stream_group_10_dout       |   in|   16|     ap_fifo|    out_stream_group_10|       pointer|
|out_stream_group_10_empty_n    |   in|    1|     ap_fifo|    out_stream_group_10|       pointer|
|out_stream_group_10_read       |  out|    1|     ap_fifo|    out_stream_group_10|       pointer|
|out_stream_group_11_dout       |   in|   16|     ap_fifo|    out_stream_group_11|       pointer|
|out_stream_group_11_empty_n    |   in|    1|     ap_fifo|    out_stream_group_11|       pointer|
|out_stream_group_11_read       |  out|    1|     ap_fifo|    out_stream_group_11|       pointer|
|out_stream_group_15_dout       |   in|   16|     ap_fifo|    out_stream_group_15|       pointer|
|out_stream_group_15_empty_n    |   in|    1|     ap_fifo|    out_stream_group_15|       pointer|
|out_stream_group_15_read       |  out|    1|     ap_fifo|    out_stream_group_15|       pointer|
|out_stream_group_16_dout       |   in|   16|     ap_fifo|    out_stream_group_16|       pointer|
|out_stream_group_16_empty_n    |   in|    1|     ap_fifo|    out_stream_group_16|       pointer|
|out_stream_group_16_read       |  out|    1|     ap_fifo|    out_stream_group_16|       pointer|
|out_stream_group_17_dout       |   in|   16|     ap_fifo|    out_stream_group_17|       pointer|
|out_stream_group_17_empty_n    |   in|    1|     ap_fifo|    out_stream_group_17|       pointer|
|out_stream_group_17_read       |  out|    1|     ap_fifo|    out_stream_group_17|       pointer|
|out_stream_group_18_dout       |   in|   16|     ap_fifo|    out_stream_group_18|       pointer|
|out_stream_group_18_empty_n    |   in|    1|     ap_fifo|    out_stream_group_18|       pointer|
|out_stream_group_18_read       |  out|    1|     ap_fifo|    out_stream_group_18|       pointer|
|out_stream_group_20_dout       |   in|   16|     ap_fifo|    out_stream_group_20|       pointer|
|out_stream_group_20_empty_n    |   in|    1|     ap_fifo|    out_stream_group_20|       pointer|
|out_stream_group_20_read       |  out|    1|     ap_fifo|    out_stream_group_20|       pointer|
|out_stream_group_21_dout       |   in|   16|     ap_fifo|    out_stream_group_21|       pointer|
|out_stream_group_21_empty_n    |   in|    1|     ap_fifo|    out_stream_group_21|       pointer|
|out_stream_group_21_read       |  out|    1|     ap_fifo|    out_stream_group_21|       pointer|
|out_stream_group_22_dout       |   in|   16|     ap_fifo|    out_stream_group_22|       pointer|
|out_stream_group_22_empty_n    |   in|    1|     ap_fifo|    out_stream_group_22|       pointer|
|out_stream_group_22_read       |  out|    1|     ap_fifo|    out_stream_group_22|       pointer|
|out_stream_group_2325_dout     |   in|   16|     ap_fifo|  out_stream_group_2325|       pointer|
|out_stream_group_2325_empty_n  |   in|    1|     ap_fifo|  out_stream_group_2325|       pointer|
|out_stream_group_2325_read     |  out|    1|     ap_fifo|  out_stream_group_2325|       pointer|
|out_stream_group_24_dout       |   in|   16|     ap_fifo|    out_stream_group_24|       pointer|
|out_stream_group_24_empty_n    |   in|    1|     ap_fifo|    out_stream_group_24|       pointer|
|out_stream_group_24_read       |  out|    1|     ap_fifo|    out_stream_group_24|       pointer|
|out_stream_group_25_dout       |   in|   16|     ap_fifo|    out_stream_group_25|       pointer|
|out_stream_group_25_empty_n    |   in|    1|     ap_fifo|    out_stream_group_25|       pointer|
|out_stream_group_25_read       |  out|    1|     ap_fifo|    out_stream_group_25|       pointer|
|out_stream_group_26_dout       |   in|   16|     ap_fifo|    out_stream_group_26|       pointer|
|out_stream_group_26_empty_n    |   in|    1|     ap_fifo|    out_stream_group_26|       pointer|
|out_stream_group_26_read       |  out|    1|     ap_fifo|    out_stream_group_26|       pointer|
|out_stream_group_27_dout       |   in|   16|     ap_fifo|    out_stream_group_27|       pointer|
|out_stream_group_27_empty_n    |   in|    1|     ap_fifo|    out_stream_group_27|       pointer|
|out_stream_group_27_read       |  out|    1|     ap_fifo|    out_stream_group_27|       pointer|
|out_stream_group_28_dout       |   in|   16|     ap_fifo|    out_stream_group_28|       pointer|
|out_stream_group_28_empty_n    |   in|    1|     ap_fifo|    out_stream_group_28|       pointer|
|out_stream_group_28_read       |  out|    1|     ap_fifo|    out_stream_group_28|       pointer|
|out_stream_group_29_dout       |   in|   16|     ap_fifo|    out_stream_group_29|       pointer|
|out_stream_group_29_empty_n    |   in|    1|     ap_fifo|    out_stream_group_29|       pointer|
|out_stream_group_29_read       |  out|    1|     ap_fifo|    out_stream_group_29|       pointer|
|out_stream_group_30_dout       |   in|   16|     ap_fifo|    out_stream_group_30|       pointer|
|out_stream_group_30_empty_n    |   in|    1|     ap_fifo|    out_stream_group_30|       pointer|
|out_stream_group_30_read       |  out|    1|     ap_fifo|    out_stream_group_30|       pointer|
|out_stream_group_31_dout       |   in|   16|     ap_fifo|    out_stream_group_31|       pointer|
|out_stream_group_31_empty_n    |   in|    1|     ap_fifo|    out_stream_group_31|       pointer|
|out_stream_group_31_read       |  out|    1|     ap_fifo|    out_stream_group_31|       pointer|
|outStream_TVALID               |  out|    1|        axis|     outStream_V_dest_V|       pointer|
|outStream_TDEST                |  out|    6|        axis|     outStream_V_dest_V|       pointer|
|outStream_TKEEP                |  out|    8|        axis|     outStream_V_keep_V|       pointer|
|outStream_TSTRB                |  out|    8|        axis|     outStream_V_strb_V|       pointer|
|outStream_TUSER                |  out|    2|        axis|     outStream_V_user_V|       pointer|
|outStream_TLAST                |  out|    1|        axis|     outStream_V_last_V|       pointer|
|outStream_TID                  |  out|    5|        axis|       outStream_V_id_V|       pointer|
|input_ch_idx                   |   in|    4|     ap_none|           input_ch_idx|        scalar|
|curr_input_1                   |   in|    8|     ap_none|           curr_input_1|        scalar|
|curr_input_2                   |   in|    8|     ap_none|           curr_input_2|        scalar|
|curr_input_3                   |   in|    2|     ap_none|           curr_input_3|        scalar|
|curr_input_5                   |   in|    5|     ap_none|           curr_input_5|        scalar|
|curr_input_6                   |   in|    6|     ap_none|           curr_input_6|        scalar|
|last                           |   in|    1|     ap_none|                   last|        scalar|
|fold_output_ch                 |   in|    4|     ap_none|         fold_output_ch|        scalar|
+-------------------------------+-----+-----+------------+-----------------------+--------------+

