

================================================================
== Vitis HLS Report for 'yolo_conv_top_Pipeline_VITIS_LOOP_55_3'
================================================================
* Date:           Mon Nov 18 23:56:46 2024

* Version:        2022.2 (Build 3670227 on Oct 13 2022)
* Project:        yolo_conv_prj
* Solution:       solution1 (Vivado IP Flow Target)
* Product family: zynq
* Target device:  xc7z020-clg400-1


================================================================
== Performance Estimates
================================================================
+ Timing: 
    * Summary: 
    +--------+---------+----------+------------+
    |  Clock |  Target | Estimated| Uncertainty|
    +--------+---------+----------+------------+
    |ap_clk  |  7.50 ns|  5.362 ns|     2.03 ns|
    +--------+---------+----------+------------+

+ Latency: 
    * Summary: 
    +---------+---------+-----------+-----------+-----+-----+---------+
    |  Latency (cycles) |   Latency (absolute)  |  Interval | Pipeline|
    |   min   |   max   |    min    |    max    | min | max |   Type  |
    +---------+---------+-----------+-----------+-----+-----+---------+
    |        5|        5|  37.500 ns|  37.500 ns|    5|    5|       no|
    +---------+---------+-----------+-----------+-----+-----+---------+

    + Detail: 
        * Instance: 
        N/A

        * Loop: 
        +-------------------+---------+---------+----------+-----------+-----------+------+----------+
        |                   |  Latency (cycles) | Iteration|  Initiation Interval  | Trip |          |
        |     Loop Name     |   min   |   max   |  Latency |  achieved |   target  | Count| Pipelined|
        +-------------------+---------+---------+----------+-----------+-----------+------+----------+
        |- VITIS_LOOP_55_3  |        3|        3|         1|          1|          1|     3|       yes|
        +-------------------+---------+---------+----------+-----------+-----------+------+----------+



================================================================
== Utilization Estimates
================================================================
* Summary: 
+-----------------+---------+-----+--------+-------+-----+
|       Name      | BRAM_18K| DSP |   FF   |  LUT  | URAM|
+-----------------+---------+-----+--------+-------+-----+
|DSP              |        -|    -|       -|      -|    -|
|Expression       |        -|    -|       0|     39|    -|
|FIFO             |        -|    -|       -|      -|    -|
|Instance         |        -|    -|       -|      -|    -|
|Memory           |        -|    -|       -|      -|    -|
|Multiplexer      |        -|    -|       -|     36|    -|
|Register         |        -|    -|     115|      -|    -|
+-----------------+---------+-----+--------+-------+-----+
|Total            |        0|    0|     115|     75|    0|
+-----------------+---------+-----+--------+-------+-----+
|Available        |      280|  220|  106400|  53200|    0|
+-----------------+---------+-----+--------+-------+-----+
|Utilization (%)  |        0|    0|      ~0|     ~0|    0|
+-----------------+---------+-----+--------+-------+-----+

+ Detail: 
    * Instance: 
    N/A

    * DSP: 
    N/A

    * Memory: 
    N/A

    * FIFO: 
    N/A

    * Expression: 
    +----------------------------------+----------+----+---+----+------------+------------+
    |           Variable Name          | Operation| DSP| FF| LUT| Bitwidth P0| Bitwidth P1|
    +----------------------------------+----------+----+---+----+------------+------------+
    |add_ln55_fu_1281_p2               |         +|   0|  0|  11|           3|           1|
    |ap_condition_1918                 |       and|   0|  0|   2|           1|           1|
    |icmp_ln1027_fu_1275_p2            |      icmp|   0|  0|   8|           3|           3|
    |icmp_ln61_fu_1397_p2              |      icmp|   0|  0|   8|           3|           2|
    |icmp_ln63_fu_1403_p2              |      icmp|   0|  0|   8|           3|           1|
    |ap_block_state1_pp0_stage0_iter0  |        or|   0|  0|   2|           1|           1|
    +----------------------------------+----------+----+---+----+------------+------------+
    |Total                             |          |   0|  0|  39|          14|           9|
    +----------------------------------+----------+----+---+----+------------+------------+

    * Multiplexer: 
    +----------------------+----+-----------+-----+-----------+
    |         Name         | LUT| Input Size| Bits| Total Bits|
    +----------------------+----+-----------+-----+-----------+
    |ap_done_int           |   9|          2|    1|          2|
    |ap_sig_allocacmp_j_1  |   9|          2|    3|          6|
    |inStream_TDATA_blk_n  |   9|          2|    1|          2|
    |j_fu_220              |   9|          2|    3|          6|
    +----------------------+----+-----------+-----+-----------+
    |Total                 |  36|          8|    8|         16|
    +----------------------+----+-----------+-----+-----------+

    * Register: 
    +--------------+-----+----+-----+-----------+
    |     Name     |  FF | LUT| Bits| Const Bits|
    +--------------+-----+----+-----+-----------+
    |ap_CS_fsm     |    1|   0|    1|          0|
    |ap_done_reg   |    1|   0|    1|          0|
    |j_fu_220      |    3|   0|    3|          0|
    |p_phi_fu_216  |  110|   0|  110|          0|
    +--------------+-----+----+-----+-----------+
    |Total         |  115|   0|  115|          0|
    +--------------+-----+----+-----+-----------+



================================================================
== Interface
================================================================
* Summary: 
+------------------------------------+-----+-----+------------+----------------------------------------+--------------+
|              RTL Ports             | Dir | Bits|  Protocol  |              Source Object             |    C Type    |
+------------------------------------+-----+-----+------------+----------------------------------------+--------------+
|ap_clk                              |   in|    1|  ap_ctrl_hs|  yolo_conv_top_Pipeline_VITIS_LOOP_55_3|  return value|
|ap_rst                              |   in|    1|  ap_ctrl_hs|  yolo_conv_top_Pipeline_VITIS_LOOP_55_3|  return value|
|ap_start                            |   in|    1|  ap_ctrl_hs|  yolo_conv_top_Pipeline_VITIS_LOOP_55_3|  return value|
|ap_done                             |  out|    1|  ap_ctrl_hs|  yolo_conv_top_Pipeline_VITIS_LOOP_55_3|  return value|
|ap_idle                             |  out|    1|  ap_ctrl_hs|  yolo_conv_top_Pipeline_VITIS_LOOP_55_3|  return value|
|ap_ready                            |  out|    1|  ap_ctrl_hs|  yolo_conv_top_Pipeline_VITIS_LOOP_55_3|  return value|
|inStream_TVALID                     |   in|    1|        axis|                                inStream|       pointer|
|inStream_TDATA                      |   in|  112|        axis|                                inStream|       pointer|
|inStream_TREADY                     |  out|    1|        axis|                                inStream|       pointer|
|local_mem_group_data_V_70_address0  |  out|    7|   ap_memory|               local_mem_group_data_V_70|         array|
|local_mem_group_data_V_70_ce0       |  out|    1|   ap_memory|               local_mem_group_data_V_70|         array|
|local_mem_group_data_V_70_we0       |  out|    1|   ap_memory|               local_mem_group_data_V_70|         array|
|local_mem_group_data_V_70_d0        |  out|   16|   ap_memory|               local_mem_group_data_V_70|         array|
|empty                               |   in|    7|     ap_none|                                   empty|        scalar|
|local_mem_group_data_V_69_address0  |  out|    7|   ap_memory|               local_mem_group_data_V_69|         array|
|local_mem_group_data_V_69_ce0       |  out|    1|   ap_memory|               local_mem_group_data_V_69|         array|
|local_mem_group_data_V_69_we0       |  out|    1|   ap_memory|               local_mem_group_data_V_69|         array|
|local_mem_group_data_V_69_d0        |  out|   16|   ap_memory|               local_mem_group_data_V_69|         array|
|local_mem_group_data_V_68_address0  |  out|    7|   ap_memory|               local_mem_group_data_V_68|         array|
|local_mem_group_data_V_68_ce0       |  out|    1|   ap_memory|               local_mem_group_data_V_68|         array|
|local_mem_group_data_V_68_we0       |  out|    1|   ap_memory|               local_mem_group_data_V_68|         array|
|local_mem_group_data_V_68_d0        |  out|   16|   ap_memory|               local_mem_group_data_V_68|         array|
|local_mem_group_data_V_66_address0  |  out|    7|   ap_memory|               local_mem_group_data_V_66|         array|
|local_mem_group_data_V_66_ce0       |  out|    1|   ap_memory|               local_mem_group_data_V_66|         array|
|local_mem_group_data_V_66_we0       |  out|    1|   ap_memory|               local_mem_group_data_V_66|         array|
|local_mem_group_data_V_66_d0        |  out|   16|   ap_memory|               local_mem_group_data_V_66|         array|
|local_mem_group_data_V_65_address0  |  out|    7|   ap_memory|               local_mem_group_data_V_65|         array|
|local_mem_group_data_V_65_ce0       |  out|    1|   ap_memory|               local_mem_group_data_V_65|         array|
|local_mem_group_data_V_65_we0       |  out|    1|   ap_memory|               local_mem_group_data_V_65|         array|
|local_mem_group_data_V_65_d0        |  out|   16|   ap_memory|               local_mem_group_data_V_65|         array|
|local_mem_group_data_V_64_address0  |  out|    7|   ap_memory|               local_mem_group_data_V_64|         array|
|local_mem_group_data_V_64_ce0       |  out|    1|   ap_memory|               local_mem_group_data_V_64|         array|
|local_mem_group_data_V_64_we0       |  out|    1|   ap_memory|               local_mem_group_data_V_64|         array|
|local_mem_group_data_V_64_d0        |  out|   16|   ap_memory|               local_mem_group_data_V_64|         array|
|local_mem_group_data_V_61_address0  |  out|    7|   ap_memory|               local_mem_group_data_V_61|         array|
|local_mem_group_data_V_61_ce0       |  out|    1|   ap_memory|               local_mem_group_data_V_61|         array|
|local_mem_group_data_V_61_we0       |  out|    1|   ap_memory|               local_mem_group_data_V_61|         array|
|local_mem_group_data_V_61_d0        |  out|   16|   ap_memory|               local_mem_group_data_V_61|         array|
|local_mem_group_data_V_60_address0  |  out|    7|   ap_memory|               local_mem_group_data_V_60|         array|
|local_mem_group_data_V_60_ce0       |  out|    1|   ap_memory|               local_mem_group_data_V_60|         array|
|local_mem_group_data_V_60_we0       |  out|    1|   ap_memory|               local_mem_group_data_V_60|         array|
|local_mem_group_data_V_60_d0        |  out|   16|   ap_memory|               local_mem_group_data_V_60|         array|
|local_mem_group_data_V_59_address0  |  out|    7|   ap_memory|               local_mem_group_data_V_59|         array|
|local_mem_group_data_V_59_ce0       |  out|    1|   ap_memory|               local_mem_group_data_V_59|         array|
|local_mem_group_data_V_59_we0       |  out|    1|   ap_memory|               local_mem_group_data_V_59|         array|
|local_mem_group_data_V_59_d0        |  out|   16|   ap_memory|               local_mem_group_data_V_59|         array|
|local_mem_group_data_V_57_address0  |  out|    7|   ap_memory|               local_mem_group_data_V_57|         array|
|local_mem_group_data_V_57_ce0       |  out|    1|   ap_memory|               local_mem_group_data_V_57|         array|
|local_mem_group_data_V_57_we0       |  out|    1|   ap_memory|               local_mem_group_data_V_57|         array|
|local_mem_group_data_V_57_d0        |  out|   16|   ap_memory|               local_mem_group_data_V_57|         array|
|local_mem_group_data_V_56_address0  |  out|    7|   ap_memory|               local_mem_group_data_V_56|         array|
|local_mem_group_data_V_56_ce0       |  out|    1|   ap_memory|               local_mem_group_data_V_56|         array|
|local_mem_group_data_V_56_we0       |  out|    1|   ap_memory|               local_mem_group_data_V_56|         array|
|local_mem_group_data_V_56_d0        |  out|   16|   ap_memory|               local_mem_group_data_V_56|         array|
|local_mem_group_data_V_55_address0  |  out|    7|   ap_memory|               local_mem_group_data_V_55|         array|
|local_mem_group_data_V_55_ce0       |  out|    1|   ap_memory|               local_mem_group_data_V_55|         array|
|local_mem_group_data_V_55_we0       |  out|    1|   ap_memory|               local_mem_group_data_V_55|         array|
|local_mem_group_data_V_55_d0        |  out|   16|   ap_memory|               local_mem_group_data_V_55|         array|
|local_mem_group_data_V_52_address0  |  out|    7|   ap_memory|               local_mem_group_data_V_52|         array|
|local_mem_group_data_V_52_ce0       |  out|    1|   ap_memory|               local_mem_group_data_V_52|         array|
|local_mem_group_data_V_52_we0       |  out|    1|   ap_memory|               local_mem_group_data_V_52|         array|
|local_mem_group_data_V_52_d0        |  out|   16|   ap_memory|               local_mem_group_data_V_52|         array|
|local_mem_group_data_V_51_address0  |  out|    7|   ap_memory|               local_mem_group_data_V_51|         array|
|local_mem_group_data_V_51_ce0       |  out|    1|   ap_memory|               local_mem_group_data_V_51|         array|
|local_mem_group_data_V_51_we0       |  out|    1|   ap_memory|               local_mem_group_data_V_51|         array|
|local_mem_group_data_V_51_d0        |  out|   16|   ap_memory|               local_mem_group_data_V_51|         array|
|local_mem_group_data_V_50_address0  |  out|    7|   ap_memory|               local_mem_group_data_V_50|         array|
|local_mem_group_data_V_50_ce0       |  out|    1|   ap_memory|               local_mem_group_data_V_50|         array|
|local_mem_group_data_V_50_we0       |  out|    1|   ap_memory|               local_mem_group_data_V_50|         array|
|local_mem_group_data_V_50_d0        |  out|   16|   ap_memory|               local_mem_group_data_V_50|         array|
|local_mem_group_data_V_48_address0  |  out|    7|   ap_memory|               local_mem_group_data_V_48|         array|
|local_mem_group_data_V_48_ce0       |  out|    1|   ap_memory|               local_mem_group_data_V_48|         array|
|local_mem_group_data_V_48_we0       |  out|    1|   ap_memory|               local_mem_group_data_V_48|         array|
|local_mem_group_data_V_48_d0        |  out|   16|   ap_memory|               local_mem_group_data_V_48|         array|
|local_mem_group_data_V_47_address0  |  out|    7|   ap_memory|               local_mem_group_data_V_47|         array|
|local_mem_group_data_V_47_ce0       |  out|    1|   ap_memory|               local_mem_group_data_V_47|         array|
|local_mem_group_data_V_47_we0       |  out|    1|   ap_memory|               local_mem_group_data_V_47|         array|
|local_mem_group_data_V_47_d0        |  out|   16|   ap_memory|               local_mem_group_data_V_47|         array|
|local_mem_group_data_V_46_address0  |  out|    7|   ap_memory|               local_mem_group_data_V_46|         array|
|local_mem_group_data_V_46_ce0       |  out|    1|   ap_memory|               local_mem_group_data_V_46|         array|
|local_mem_group_data_V_46_we0       |  out|    1|   ap_memory|               local_mem_group_data_V_46|         array|
|local_mem_group_data_V_46_d0        |  out|   16|   ap_memory|               local_mem_group_data_V_46|         array|
|local_mem_group_data_V_43_address0  |  out|    7|   ap_memory|               local_mem_group_data_V_43|         array|
|local_mem_group_data_V_43_ce0       |  out|    1|   ap_memory|               local_mem_group_data_V_43|         array|
|local_mem_group_data_V_43_we0       |  out|    1|   ap_memory|               local_mem_group_data_V_43|         array|
|local_mem_group_data_V_43_d0        |  out|   16|   ap_memory|               local_mem_group_data_V_43|         array|
|local_mem_group_data_V_42_address0  |  out|    7|   ap_memory|               local_mem_group_data_V_42|         array|
|local_mem_group_data_V_42_ce0       |  out|    1|   ap_memory|               local_mem_group_data_V_42|         array|
|local_mem_group_data_V_42_we0       |  out|    1|   ap_memory|               local_mem_group_data_V_42|         array|
|local_mem_group_data_V_42_d0        |  out|   16|   ap_memory|               local_mem_group_data_V_42|         array|
|local_mem_group_data_V_41_address0  |  out|    7|   ap_memory|               local_mem_group_data_V_41|         array|
|local_mem_group_data_V_41_ce0       |  out|    1|   ap_memory|               local_mem_group_data_V_41|         array|
|local_mem_group_data_V_41_we0       |  out|    1|   ap_memory|               local_mem_group_data_V_41|         array|
|local_mem_group_data_V_41_d0        |  out|   16|   ap_memory|               local_mem_group_data_V_41|         array|
|local_mem_group_data_V_39_address0  |  out|    7|   ap_memory|               local_mem_group_data_V_39|         array|
|local_mem_group_data_V_39_ce0       |  out|    1|   ap_memory|               local_mem_group_data_V_39|         array|
|local_mem_group_data_V_39_we0       |  out|    1|   ap_memory|               local_mem_group_data_V_39|         array|
|local_mem_group_data_V_39_d0        |  out|   16|   ap_memory|               local_mem_group_data_V_39|         array|
|local_mem_group_data_V_38_address0  |  out|    7|   ap_memory|               local_mem_group_data_V_38|         array|
|local_mem_group_data_V_38_ce0       |  out|    1|   ap_memory|               local_mem_group_data_V_38|         array|
|local_mem_group_data_V_38_we0       |  out|    1|   ap_memory|               local_mem_group_data_V_38|         array|
|local_mem_group_data_V_38_d0        |  out|   16|   ap_memory|               local_mem_group_data_V_38|         array|
|local_mem_group_data_V_37_address0  |  out|    7|   ap_memory|               local_mem_group_data_V_37|         array|
|local_mem_group_data_V_37_ce0       |  out|    1|   ap_memory|               local_mem_group_data_V_37|         array|
|local_mem_group_data_V_37_we0       |  out|    1|   ap_memory|               local_mem_group_data_V_37|         array|
|local_mem_group_data_V_37_d0        |  out|   16|   ap_memory|               local_mem_group_data_V_37|         array|
|local_mem_group_data_V_34_address0  |  out|    7|   ap_memory|               local_mem_group_data_V_34|         array|
|local_mem_group_data_V_34_ce0       |  out|    1|   ap_memory|               local_mem_group_data_V_34|         array|
|local_mem_group_data_V_34_we0       |  out|    1|   ap_memory|               local_mem_group_data_V_34|         array|
|local_mem_group_data_V_34_d0        |  out|   16|   ap_memory|               local_mem_group_data_V_34|         array|
|local_mem_group_data_V_33_address0  |  out|    7|   ap_memory|               local_mem_group_data_V_33|         array|
|local_mem_group_data_V_33_ce0       |  out|    1|   ap_memory|               local_mem_group_data_V_33|         array|
|local_mem_group_data_V_33_we0       |  out|    1|   ap_memory|               local_mem_group_data_V_33|         array|
|local_mem_group_data_V_33_d0        |  out|   16|   ap_memory|               local_mem_group_data_V_33|         array|
|local_mem_group_data_V_32_address0  |  out|    7|   ap_memory|               local_mem_group_data_V_32|         array|
|local_mem_group_data_V_32_ce0       |  out|    1|   ap_memory|               local_mem_group_data_V_32|         array|
|local_mem_group_data_V_32_we0       |  out|    1|   ap_memory|               local_mem_group_data_V_32|         array|
|local_mem_group_data_V_32_d0        |  out|   16|   ap_memory|               local_mem_group_data_V_32|         array|
|local_mem_group_data_V_30_address0  |  out|    7|   ap_memory|               local_mem_group_data_V_30|         array|
|local_mem_group_data_V_30_ce0       |  out|    1|   ap_memory|               local_mem_group_data_V_30|         array|
|local_mem_group_data_V_30_we0       |  out|    1|   ap_memory|               local_mem_group_data_V_30|         array|
|local_mem_group_data_V_30_d0        |  out|   16|   ap_memory|               local_mem_group_data_V_30|         array|
|local_mem_group_data_V_29_address0  |  out|    7|   ap_memory|               local_mem_group_data_V_29|         array|
|local_mem_group_data_V_29_ce0       |  out|    1|   ap_memory|               local_mem_group_data_V_29|         array|
|local_mem_group_data_V_29_we0       |  out|    1|   ap_memory|               local_mem_group_data_V_29|         array|
|local_mem_group_data_V_29_d0        |  out|   16|   ap_memory|               local_mem_group_data_V_29|         array|
|local_mem_group_data_V_28_address0  |  out|    7|   ap_memory|               local_mem_group_data_V_28|         array|
|local_mem_group_data_V_28_ce0       |  out|    1|   ap_memory|               local_mem_group_data_V_28|         array|
|local_mem_group_data_V_28_we0       |  out|    1|   ap_memory|               local_mem_group_data_V_28|         array|
|local_mem_group_data_V_28_d0        |  out|   16|   ap_memory|               local_mem_group_data_V_28|         array|
|local_mem_group_data_V_25_address0  |  out|    7|   ap_memory|               local_mem_group_data_V_25|         array|
|local_mem_group_data_V_25_ce0       |  out|    1|   ap_memory|               local_mem_group_data_V_25|         array|
|local_mem_group_data_V_25_we0       |  out|    1|   ap_memory|               local_mem_group_data_V_25|         array|
|local_mem_group_data_V_25_d0        |  out|   16|   ap_memory|               local_mem_group_data_V_25|         array|
|local_mem_group_data_V_24_address0  |  out|    7|   ap_memory|               local_mem_group_data_V_24|         array|
|local_mem_group_data_V_24_ce0       |  out|    1|   ap_memory|               local_mem_group_data_V_24|         array|
|local_mem_group_data_V_24_we0       |  out|    1|   ap_memory|               local_mem_group_data_V_24|         array|
|local_mem_group_data_V_24_d0        |  out|   16|   ap_memory|               local_mem_group_data_V_24|         array|
|local_mem_group_data_V_23_address0  |  out|    7|   ap_memory|               local_mem_group_data_V_23|         array|
|local_mem_group_data_V_23_ce0       |  out|    1|   ap_memory|               local_mem_group_data_V_23|         array|
|local_mem_group_data_V_23_we0       |  out|    1|   ap_memory|               local_mem_group_data_V_23|         array|
|local_mem_group_data_V_23_d0        |  out|   16|   ap_memory|               local_mem_group_data_V_23|         array|
|local_mem_group_data_V_21_address0  |  out|    7|   ap_memory|               local_mem_group_data_V_21|         array|
|local_mem_group_data_V_21_ce0       |  out|    1|   ap_memory|               local_mem_group_data_V_21|         array|
|local_mem_group_data_V_21_we0       |  out|    1|   ap_memory|               local_mem_group_data_V_21|         array|
|local_mem_group_data_V_21_d0        |  out|   16|   ap_memory|               local_mem_group_data_V_21|         array|
|local_mem_group_data_V_20_address0  |  out|    7|   ap_memory|               local_mem_group_data_V_20|         array|
|local_mem_group_data_V_20_ce0       |  out|    1|   ap_memory|               local_mem_group_data_V_20|         array|
|local_mem_group_data_V_20_we0       |  out|    1|   ap_memory|               local_mem_group_data_V_20|         array|
|local_mem_group_data_V_20_d0        |  out|   16|   ap_memory|               local_mem_group_data_V_20|         array|
|local_mem_group_data_V_19_address0  |  out|    7|   ap_memory|               local_mem_group_data_V_19|         array|
|local_mem_group_data_V_19_ce0       |  out|    1|   ap_memory|               local_mem_group_data_V_19|         array|
|local_mem_group_data_V_19_we0       |  out|    1|   ap_memory|               local_mem_group_data_V_19|         array|
|local_mem_group_data_V_19_d0        |  out|   16|   ap_memory|               local_mem_group_data_V_19|         array|
|local_mem_group_data_V_16_address0  |  out|    7|   ap_memory|               local_mem_group_data_V_16|         array|
|local_mem_group_data_V_16_ce0       |  out|    1|   ap_memory|               local_mem_group_data_V_16|         array|
|local_mem_group_data_V_16_we0       |  out|    1|   ap_memory|               local_mem_group_data_V_16|         array|
|local_mem_group_data_V_16_d0        |  out|   16|   ap_memory|               local_mem_group_data_V_16|         array|
|local_mem_group_data_V_15_address0  |  out|    7|   ap_memory|               local_mem_group_data_V_15|         array|
|local_mem_group_data_V_15_ce0       |  out|    1|   ap_memory|               local_mem_group_data_V_15|         array|
|local_mem_group_data_V_15_we0       |  out|    1|   ap_memory|               local_mem_group_data_V_15|         array|
|local_mem_group_data_V_15_d0        |  out|   16|   ap_memory|               local_mem_group_data_V_15|         array|
|local_mem_group_data_V_14_address0  |  out|    7|   ap_memory|               local_mem_group_data_V_14|         array|
|local_mem_group_data_V_14_ce0       |  out|    1|   ap_memory|               local_mem_group_data_V_14|         array|
|local_mem_group_data_V_14_we0       |  out|    1|   ap_memory|               local_mem_group_data_V_14|         array|
|local_mem_group_data_V_14_d0        |  out|   16|   ap_memory|               local_mem_group_data_V_14|         array|
|local_mem_group_data_V_12_address0  |  out|    7|   ap_memory|               local_mem_group_data_V_12|         array|
|local_mem_group_data_V_12_ce0       |  out|    1|   ap_memory|               local_mem_group_data_V_12|         array|
|local_mem_group_data_V_12_we0       |  out|    1|   ap_memory|               local_mem_group_data_V_12|         array|
|local_mem_group_data_V_12_d0        |  out|   16|   ap_memory|               local_mem_group_data_V_12|         array|
|local_mem_group_data_V_11_address0  |  out|    7|   ap_memory|               local_mem_group_data_V_11|         array|
|local_mem_group_data_V_11_ce0       |  out|    1|   ap_memory|               local_mem_group_data_V_11|         array|
|local_mem_group_data_V_11_we0       |  out|    1|   ap_memory|               local_mem_group_data_V_11|         array|
|local_mem_group_data_V_11_d0        |  out|   16|   ap_memory|               local_mem_group_data_V_11|         array|
|local_mem_group_data_V_10_address0  |  out|    7|   ap_memory|               local_mem_group_data_V_10|         array|
|local_mem_group_data_V_10_ce0       |  out|    1|   ap_memory|               local_mem_group_data_V_10|         array|
|local_mem_group_data_V_10_we0       |  out|    1|   ap_memory|               local_mem_group_data_V_10|         array|
|local_mem_group_data_V_10_d0        |  out|   16|   ap_memory|               local_mem_group_data_V_10|         array|
|local_mem_group_data_V_7_address0   |  out|    7|   ap_memory|                local_mem_group_data_V_7|         array|
|local_mem_group_data_V_7_ce0        |  out|    1|   ap_memory|                local_mem_group_data_V_7|         array|
|local_mem_group_data_V_7_we0        |  out|    1|   ap_memory|                local_mem_group_data_V_7|         array|
|local_mem_group_data_V_7_d0         |  out|   16|   ap_memory|                local_mem_group_data_V_7|         array|
|local_mem_group_data_V_6_address0   |  out|    7|   ap_memory|                local_mem_group_data_V_6|         array|
|local_mem_group_data_V_6_ce0        |  out|    1|   ap_memory|                local_mem_group_data_V_6|         array|
|local_mem_group_data_V_6_we0        |  out|    1|   ap_memory|                local_mem_group_data_V_6|         array|
|local_mem_group_data_V_6_d0         |  out|   16|   ap_memory|                local_mem_group_data_V_6|         array|
|local_mem_group_data_V_5_address0   |  out|    7|   ap_memory|                local_mem_group_data_V_5|         array|
|local_mem_group_data_V_5_ce0        |  out|    1|   ap_memory|                local_mem_group_data_V_5|         array|
|local_mem_group_data_V_5_we0        |  out|    1|   ap_memory|                local_mem_group_data_V_5|         array|
|local_mem_group_data_V_5_d0         |  out|   16|   ap_memory|                local_mem_group_data_V_5|         array|
|local_mem_group_data_V_3_address0   |  out|    7|   ap_memory|                local_mem_group_data_V_3|         array|
|local_mem_group_data_V_3_ce0        |  out|    1|   ap_memory|                local_mem_group_data_V_3|         array|
|local_mem_group_data_V_3_we0        |  out|    1|   ap_memory|                local_mem_group_data_V_3|         array|
|local_mem_group_data_V_3_d0         |  out|   16|   ap_memory|                local_mem_group_data_V_3|         array|
|local_mem_group_data_V_2_address0   |  out|    7|   ap_memory|                local_mem_group_data_V_2|         array|
|local_mem_group_data_V_2_ce0        |  out|    1|   ap_memory|                local_mem_group_data_V_2|         array|
|local_mem_group_data_V_2_we0        |  out|    1|   ap_memory|                local_mem_group_data_V_2|         array|
|local_mem_group_data_V_2_d0         |  out|   16|   ap_memory|                local_mem_group_data_V_2|         array|
|local_mem_group_data_V_1_address0   |  out|    7|   ap_memory|                local_mem_group_data_V_1|         array|
|local_mem_group_data_V_1_ce0        |  out|    1|   ap_memory|                local_mem_group_data_V_1|         array|
|local_mem_group_data_V_1_we0        |  out|    1|   ap_memory|                local_mem_group_data_V_1|         array|
|local_mem_group_data_V_1_d0         |  out|   16|   ap_memory|                local_mem_group_data_V_1|         array|
|local_mem_group_data_V_71_address0  |  out|    7|   ap_memory|               local_mem_group_data_V_71|         array|
|local_mem_group_data_V_71_ce0       |  out|    1|   ap_memory|               local_mem_group_data_V_71|         array|
|local_mem_group_data_V_71_we0       |  out|    1|   ap_memory|               local_mem_group_data_V_71|         array|
|local_mem_group_data_V_71_d0        |  out|   16|   ap_memory|               local_mem_group_data_V_71|         array|
|local_mem_group_data_V_67_address0  |  out|    7|   ap_memory|               local_mem_group_data_V_67|         array|
|local_mem_group_data_V_67_ce0       |  out|    1|   ap_memory|               local_mem_group_data_V_67|         array|
|local_mem_group_data_V_67_we0       |  out|    1|   ap_memory|               local_mem_group_data_V_67|         array|
|local_mem_group_data_V_67_d0        |  out|   16|   ap_memory|               local_mem_group_data_V_67|         array|
|local_mem_group_data_V_63_address0  |  out|    7|   ap_memory|               local_mem_group_data_V_63|         array|
|local_mem_group_data_V_63_ce0       |  out|    1|   ap_memory|               local_mem_group_data_V_63|         array|
|local_mem_group_data_V_63_we0       |  out|    1|   ap_memory|               local_mem_group_data_V_63|         array|
|local_mem_group_data_V_63_d0        |  out|   16|   ap_memory|               local_mem_group_data_V_63|         array|
|local_mem_group_data_V_62_address0  |  out|    7|   ap_memory|               local_mem_group_data_V_62|         array|
|local_mem_group_data_V_62_ce0       |  out|    1|   ap_memory|               local_mem_group_data_V_62|         array|
|local_mem_group_data_V_62_we0       |  out|    1|   ap_memory|               local_mem_group_data_V_62|         array|
|local_mem_group_data_V_62_d0        |  out|   16|   ap_memory|               local_mem_group_data_V_62|         array|
|local_mem_group_data_V_58_address0  |  out|    7|   ap_memory|               local_mem_group_data_V_58|         array|
|local_mem_group_data_V_58_ce0       |  out|    1|   ap_memory|               local_mem_group_data_V_58|         array|
|local_mem_group_data_V_58_we0       |  out|    1|   ap_memory|               local_mem_group_data_V_58|         array|
|local_mem_group_data_V_58_d0        |  out|   16|   ap_memory|               local_mem_group_data_V_58|         array|
|local_mem_group_data_V_54_address0  |  out|    7|   ap_memory|               local_mem_group_data_V_54|         array|
|local_mem_group_data_V_54_ce0       |  out|    1|   ap_memory|               local_mem_group_data_V_54|         array|
|local_mem_group_data_V_54_we0       |  out|    1|   ap_memory|               local_mem_group_data_V_54|         array|
|local_mem_group_data_V_54_d0        |  out|   16|   ap_memory|               local_mem_group_data_V_54|         array|
|local_mem_group_data_V_53_address0  |  out|    7|   ap_memory|               local_mem_group_data_V_53|         array|
|local_mem_group_data_V_53_ce0       |  out|    1|   ap_memory|               local_mem_group_data_V_53|         array|
|local_mem_group_data_V_53_we0       |  out|    1|   ap_memory|               local_mem_group_data_V_53|         array|
|local_mem_group_data_V_53_d0        |  out|   16|   ap_memory|               local_mem_group_data_V_53|         array|
|local_mem_group_data_V_49_address0  |  out|    7|   ap_memory|               local_mem_group_data_V_49|         array|
|local_mem_group_data_V_49_ce0       |  out|    1|   ap_memory|               local_mem_group_data_V_49|         array|
|local_mem_group_data_V_49_we0       |  out|    1|   ap_memory|               local_mem_group_data_V_49|         array|
|local_mem_group_data_V_49_d0        |  out|   16|   ap_memory|               local_mem_group_data_V_49|         array|
|local_mem_group_data_V_45_address0  |  out|    7|   ap_memory|               local_mem_group_data_V_45|         array|
|local_mem_group_data_V_45_ce0       |  out|    1|   ap_memory|               local_mem_group_data_V_45|         array|
|local_mem_group_data_V_45_we0       |  out|    1|   ap_memory|               local_mem_group_data_V_45|         array|
|local_mem_group_data_V_45_d0        |  out|   16|   ap_memory|               local_mem_group_data_V_45|         array|
|local_mem_group_data_V_44_address0  |  out|    7|   ap_memory|               local_mem_group_data_V_44|         array|
|local_mem_group_data_V_44_ce0       |  out|    1|   ap_memory|               local_mem_group_data_V_44|         array|
|local_mem_group_data_V_44_we0       |  out|    1|   ap_memory|               local_mem_group_data_V_44|         array|
|local_mem_group_data_V_44_d0        |  out|   16|   ap_memory|               local_mem_group_data_V_44|         array|
|local_mem_group_data_V_40_address0  |  out|    7|   ap_memory|               local_mem_group_data_V_40|         array|
|local_mem_group_data_V_40_ce0       |  out|    1|   ap_memory|               local_mem_group_data_V_40|         array|
|local_mem_group_data_V_40_we0       |  out|    1|   ap_memory|               local_mem_group_data_V_40|         array|
|local_mem_group_data_V_40_d0        |  out|   16|   ap_memory|               local_mem_group_data_V_40|         array|
|local_mem_group_data_V_36_address0  |  out|    7|   ap_memory|               local_mem_group_data_V_36|         array|
|local_mem_group_data_V_36_ce0       |  out|    1|   ap_memory|               local_mem_group_data_V_36|         array|
|local_mem_group_data_V_36_we0       |  out|    1|   ap_memory|               local_mem_group_data_V_36|         array|
|local_mem_group_data_V_36_d0        |  out|   16|   ap_memory|               local_mem_group_data_V_36|         array|
|local_mem_group_data_V_35_address0  |  out|    7|   ap_memory|               local_mem_group_data_V_35|         array|
|local_mem_group_data_V_35_ce0       |  out|    1|   ap_memory|               local_mem_group_data_V_35|         array|
|local_mem_group_data_V_35_we0       |  out|    1|   ap_memory|               local_mem_group_data_V_35|         array|
|local_mem_group_data_V_35_d0        |  out|   16|   ap_memory|               local_mem_group_data_V_35|         array|
|local_mem_group_data_V_31_address0  |  out|    7|   ap_memory|               local_mem_group_data_V_31|         array|
|local_mem_group_data_V_31_ce0       |  out|    1|   ap_memory|               local_mem_group_data_V_31|         array|
|local_mem_group_data_V_31_we0       |  out|    1|   ap_memory|               local_mem_group_data_V_31|         array|
|local_mem_group_data_V_31_d0        |  out|   16|   ap_memory|               local_mem_group_data_V_31|         array|
|local_mem_group_data_V_27_address0  |  out|    7|   ap_memory|               local_mem_group_data_V_27|         array|
|local_mem_group_data_V_27_ce0       |  out|    1|   ap_memory|               local_mem_group_data_V_27|         array|
|local_mem_group_data_V_27_we0       |  out|    1|   ap_memory|               local_mem_group_data_V_27|         array|
|local_mem_group_data_V_27_d0        |  out|   16|   ap_memory|               local_mem_group_data_V_27|         array|
|local_mem_group_data_V_26_address0  |  out|    7|   ap_memory|               local_mem_group_data_V_26|         array|
|local_mem_group_data_V_26_ce0       |  out|    1|   ap_memory|               local_mem_group_data_V_26|         array|
|local_mem_group_data_V_26_we0       |  out|    1|   ap_memory|               local_mem_group_data_V_26|         array|
|local_mem_group_data_V_26_d0        |  out|   16|   ap_memory|               local_mem_group_data_V_26|         array|
|local_mem_group_data_V_22_address0  |  out|    7|   ap_memory|               local_mem_group_data_V_22|         array|
|local_mem_group_data_V_22_ce0       |  out|    1|   ap_memory|               local_mem_group_data_V_22|         array|
|local_mem_group_data_V_22_we0       |  out|    1|   ap_memory|               local_mem_group_data_V_22|         array|
|local_mem_group_data_V_22_d0        |  out|   16|   ap_memory|               local_mem_group_data_V_22|         array|
|local_mem_group_data_V_18_address0  |  out|    7|   ap_memory|               local_mem_group_data_V_18|         array|
|local_mem_group_data_V_18_ce0       |  out|    1|   ap_memory|               local_mem_group_data_V_18|         array|
|local_mem_group_data_V_18_we0       |  out|    1|   ap_memory|               local_mem_group_data_V_18|         array|
|local_mem_group_data_V_18_d0        |  out|   16|   ap_memory|               local_mem_group_data_V_18|         array|
|local_mem_group_data_V_17_address0  |  out|    7|   ap_memory|               local_mem_group_data_V_17|         array|
|local_mem_group_data_V_17_ce0       |  out|    1|   ap_memory|               local_mem_group_data_V_17|         array|
|local_mem_group_data_V_17_we0       |  out|    1|   ap_memory|               local_mem_group_data_V_17|         array|
|local_mem_group_data_V_17_d0        |  out|   16|   ap_memory|               local_mem_group_data_V_17|         array|
|local_mem_group_data_V_13_address0  |  out|    7|   ap_memory|               local_mem_group_data_V_13|         array|
|local_mem_group_data_V_13_ce0       |  out|    1|   ap_memory|               local_mem_group_data_V_13|         array|
|local_mem_group_data_V_13_we0       |  out|    1|   ap_memory|               local_mem_group_data_V_13|         array|
|local_mem_group_data_V_13_d0        |  out|   16|   ap_memory|               local_mem_group_data_V_13|         array|
|local_mem_group_data_V_9_address0   |  out|    7|   ap_memory|                local_mem_group_data_V_9|         array|
|local_mem_group_data_V_9_ce0        |  out|    1|   ap_memory|                local_mem_group_data_V_9|         array|
|local_mem_group_data_V_9_we0        |  out|    1|   ap_memory|                local_mem_group_data_V_9|         array|
|local_mem_group_data_V_9_d0         |  out|   16|   ap_memory|                local_mem_group_data_V_9|         array|
|local_mem_group_data_V_8_address0   |  out|    7|   ap_memory|                local_mem_group_data_V_8|         array|
|local_mem_group_data_V_8_ce0        |  out|    1|   ap_memory|                local_mem_group_data_V_8|         array|
|local_mem_group_data_V_8_we0        |  out|    1|   ap_memory|                local_mem_group_data_V_8|         array|
|local_mem_group_data_V_8_d0         |  out|   16|   ap_memory|                local_mem_group_data_V_8|         array|
|local_mem_group_data_V_4_address0   |  out|    7|   ap_memory|                local_mem_group_data_V_4|         array|
|local_mem_group_data_V_4_ce0        |  out|    1|   ap_memory|                local_mem_group_data_V_4|         array|
|local_mem_group_data_V_4_we0        |  out|    1|   ap_memory|                local_mem_group_data_V_4|         array|
|local_mem_group_data_V_4_d0         |  out|   16|   ap_memory|                local_mem_group_data_V_4|         array|
|local_mem_group_data_V_address0     |  out|    7|   ap_memory|                  local_mem_group_data_V|         array|
|local_mem_group_data_V_ce0          |  out|    1|   ap_memory|                  local_mem_group_data_V|         array|
|local_mem_group_data_V_we0          |  out|    1|   ap_memory|                  local_mem_group_data_V|         array|
|local_mem_group_data_V_d0           |  out|   16|   ap_memory|                  local_mem_group_data_V|         array|
|fold_win_area                       |   in|    3|     ap_none|                           fold_win_area|        scalar|
|p_cast_mid2                         |   in|    3|     ap_none|                             p_cast_mid2|        scalar|
|p_phi_out                           |  out|  110|      ap_vld|                               p_phi_out|       pointer|
|p_phi_out_ap_vld                    |  out|    1|      ap_vld|                               p_phi_out|       pointer|
+------------------------------------+-----+-----+------------+----------------------------------------+--------------+

