

================================================================
== Vitis HLS Report for 'yolo_conv_top_Pipeline_VITIS_LOOP_49_1_VITIS_LOOP_52_2_VITIS_LOOP_55_3'
================================================================
* Date:           Tue Nov 19 23:14:37 2024

* Version:        2022.2 (Build 3670227 on Oct 13 2022)
* Project:        yolo_conv_prj
* Solution:       solution1 (Vivado IP Flow Target)
* Product family: zynq
* Target device:  xc7z020-clg400-1


================================================================
== Performance Estimates
================================================================
+ Timing: 
    * Summary: 
    +--------+---------+----------+------------+
    |  Clock |  Target | Estimated| Uncertainty|
    +--------+---------+----------+------------+
    |ap_clk  |  7.50 ns|  5.124 ns|     2.03 ns|
    +--------+---------+----------+------------+

+ Latency: 
    * Summary: 
    +---------+---------+----------+----------+-----+-----+---------+
    |  Latency (cycles) |  Latency (absolute) |  Interval | Pipeline|
    |   min   |   max   |    min   |    max   | min | max |   Type  |
    +---------+---------+----------+----------+-----+-----+---------+
    |      147|      147|  1.103 us|  1.103 us|  147|  147|       no|
    +---------+---------+----------+----------+-----+-----+---------+

    + Detail: 
        * Instance: 
        N/A

        * Loop: 
        +---------------------------------------------------+---------+---------+----------+-----------+-----------+------+----------+
        |                                                   |  Latency (cycles) | Iteration|  Initiation Interval  | Trip |          |
        |                     Loop Name                     |   min   |   max   |  Latency |  achieved |   target  | Count| Pipelined|
        +---------------------------------------------------+---------+---------+----------+-----------+-----------+------+----------+
        |- VITIS_LOOP_49_1_VITIS_LOOP_52_2_VITIS_LOOP_55_3  |      145|      145|         3|          1|          1|   144|       yes|
        +---------------------------------------------------+---------+---------+----------+-----------+-----------+------+----------+



================================================================
== Utilization Estimates
================================================================
* Summary: 
+-----------------+---------+-----+--------+-------+-----+
|       Name      | BRAM_18K| DSP |   FF   |  LUT  | URAM|
+-----------------+---------+-----+--------+-------+-----+
|DSP              |        -|    -|       -|      -|    -|
|Expression       |        -|    -|       0|    174|    -|
|FIFO             |        -|    -|       -|      -|    -|
|Instance         |        -|    -|       -|      -|    -|
|Memory           |        -|    -|       -|      -|    -|
|Multiplexer      |        -|    -|       -|     99|    -|
|Register         |        -|    -|     240|      -|    -|
+-----------------+---------+-----+--------+-------+-----+
|Total            |        0|    0|     240|    273|    0|
+-----------------+---------+-----+--------+-------+-----+
|Available        |      280|  220|  106400|  53200|    0|
+-----------------+---------+-----+--------+-------+-----+
|Utilization (%)  |        0|    0|      ~0|     ~0|    0|
+-----------------+---------+-----+--------+-------+-----+

+ Detail: 
    * Instance: 
    N/A

    * DSP: 
    N/A

    * Memory: 
    N/A

    * FIFO: 
    N/A

    * Expression: 
    +----------------------------------+----------+----+---+----+------------+------------+
    |           Variable Name          | Operation| DSP| FF| LUT| Bitwidth P0| Bitwidth P1|
    +----------------------------------+----------+----+---+----+------------+------------+
    |add_ln1027_1_fu_1367_p2           |         +|   0|  0|  20|          15|           1|
    |add_ln1027_fu_1513_p2             |         +|   0|  0|  14|           9|           1|
    |add_ln49_fu_1382_p2               |         +|   0|  0|  14|           6|           1|
    |add_ln52_fu_1435_p2               |         +|   0|  0|  14|           6|           1|
    |add_ln55_fu_1582_p2               |         +|   0|  0|  11|           3|           1|
    |empty_43_fu_1607_p2               |         +|   0|  0|  14|           7|           7|
    |ap_block_pp0_stage0_01001         |       and|   0|  0|   2|           1|           1|
    |ap_block_state2_pp0_stage0_iter1  |       and|   0|  0|   2|           1|           1|
    |icmp_ln1027_3_fu_1388_p2          |      icmp|   0|  0|  11|           9|           9|
    |icmp_ln1027_4_fu_1423_p2          |      icmp|   0|  0|   8|           3|           3|
    |icmp_ln1027_fu_1362_p2            |      icmp|   0|  0|  12|          15|          15|
    |icmp_ln61_fu_1572_p2              |      icmp|   0|  0|   8|           3|           2|
    |icmp_ln63_fu_1577_p2              |      icmp|   0|  0|   8|           3|           1|
    |or_ln1027_fu_1441_p2              |        or|   0|  0|   2|           1|           1|
    |select_ln1027_14_fu_1519_p3       |    select|   0|  0|   9|           1|           1|
    |select_ln1027_1_fu_1401_p3        |    select|   0|  0|   6|           1|           6|
    |select_ln1027_3_fu_1428_p3        |    select|   0|  0|   2|           1|           1|
    |select_ln1027_4_fu_1447_p3        |    select|   0|  0|   3|           1|           1|
    |select_ln1027_5_fu_1567_p3        |    select|   0|  0|   6|           1|           6|
    |select_ln1027_fu_1393_p3          |    select|   0|  0|   6|           1|           1|
    |ap_enable_pp0                     |       xor|   0|  0|   2|           1|           2|
    +----------------------------------+----------+----+---+----+------------+------------+
    |Total                             |          |   0|  0| 174|          89|          63|
    +----------------------------------+----------+----+---+----+------------+------------+

    * Multiplexer: 
    +-------------------------+----+-----------+-----+-----------+
    |           Name          | LUT| Input Size| Bits| Total Bits|
    +-------------------------+----+-----------+-----+-----------+
    |ap_done_int              |   9|          2|    1|          2|
    |ap_enable_reg_pp0_iter1  |   9|          2|    1|          2|
    |ap_enable_reg_pp0_iter2  |   9|          2|    1|          2|
    |ap_sig_allocacmp_i_load  |   9|          2|    6|         12|
    |ap_sig_allocacmp_j_load  |   9|          2|    3|          6|
    |i_fu_302                 |   9|          2|    6|         12|
    |inStream_TDATA_blk_n     |   9|          2|    1|          2|
    |indvar_flatten95_fu_314  |   9|          2|   15|         30|
    |indvar_flatten_fu_306    |   9|          2|    9|         18|
    |j_fu_298                 |   9|          2|    3|          6|
    |k_fu_310                 |   9|          2|    6|         12|
    +-------------------------+----+-----------+-----+-----------+
    |Total                    |  99|         22|   52|        104|
    +-------------------------+----+-----------+-----+-----------+

    * Register: 
    +-----------------------------------------------------+----+----+-----+-----------+
    |                         Name                        | FF | LUT| Bits| Const Bits|
    +-----------------------------------------------------+----+----+-----+-----------+
    |add_ln52_reg_1817                                    |   6|   0|    6|          0|
    |ap_CS_fsm                                            |   1|   0|    1|          0|
    |ap_done_reg                                          |   1|   0|    1|          0|
    |ap_enable_reg_pp0_iter1                              |   1|   0|    1|          0|
    |ap_enable_reg_pp0_iter2                              |   1|   0|    1|          0|
    |ap_enable_reg_pp0_iter3                              |   1|   0|    1|          0|
    |ap_loop_exit_ready_pp0_iter2_reg                     |   1|   0|    1|          0|
    |curr_input_data_sub_data_0_V_reg_1829                |  16|   0|   16|          0|
    |curr_input_data_sub_data_0_V_reg_1829_pp0_iter2_reg  |  16|   0|   16|          0|
    |curr_input_data_sub_data_1_V_reg_1857                |  16|   0|   16|          0|
    |curr_input_data_sub_data_1_V_reg_1857_pp0_iter2_reg  |  16|   0|   16|          0|
    |curr_input_data_sub_data_2_V_reg_1877                |  16|   0|   16|          0|
    |curr_input_data_sub_data_2_V_reg_1877_pp0_iter2_reg  |  16|   0|   16|          0|
    |curr_input_data_sub_data_3_V_reg_1897                |  16|   0|   16|          0|
    |curr_input_data_sub_data_3_V_reg_1897_pp0_iter2_reg  |  16|   0|   16|          0|
    |curr_input_dest_V_fu_278                             |   6|   0|    6|          0|
    |curr_input_id_V_fu_282                               |   5|   0|    5|          0|
    |curr_input_keep_V_fu_294                             |   8|   0|    8|          0|
    |curr_input_strb_V_fu_290                             |   8|   0|    8|          0|
    |curr_input_user_V_fu_286                             |   2|   0|    2|          0|
    |empty_reg_1803                                       |   2|   0|    2|          0|
    |empty_reg_1803_pp0_iter2_reg                         |   2|   0|    2|          0|
    |i_fu_302                                             |   6|   0|    6|          0|
    |icmp_ln1027_reg_1794                                 |   1|   0|    1|          0|
    |icmp_ln61_reg_1922                                   |   1|   0|    1|          0|
    |icmp_ln63_reg_1926                                   |   1|   0|    1|          0|
    |indvar_flatten95_fu_314                              |  15|   0|   15|          0|
    |indvar_flatten_fu_306                                |   9|   0|    9|          0|
    |j_fu_298                                             |   3|   0|    3|          0|
    |k_fu_310                                             |   6|   0|    6|          0|
    |p_cast_mid2_reg_1808                                 |   3|   0|    3|          0|
    |p_cast_mid2_reg_1808_pp0_iter2_reg                   |   3|   0|    3|          0|
    |select_ln1027_3_reg_1812                             |   1|   0|    1|          0|
    |select_ln1027_4_reg_1822                             |   3|   0|    3|          0|
    |select_ln1027_4_reg_1822_pp0_iter2_reg               |   3|   0|    3|          0|
    |select_ln1027_5_reg_1917                             |   6|   0|    6|          0|
    |select_ln1027_reg_1798                               |   6|   0|    6|          0|
    +-----------------------------------------------------+----+----+-----+-----------+
    |Total                                                | 240|   0|  240|          0|
    +-----------------------------------------------------+----+----+-----+-----------+



================================================================
== Interface
================================================================
* Summary: 
+------------------------------------+-----+-----+------------+------------------------------------------------------------------------+--------------+
|              RTL Ports             | Dir | Bits|  Protocol  |                              Source Object                             |    C Type    |
+------------------------------------+-----+-----+------------+------------------------------------------------------------------------+--------------+
|ap_clk                              |   in|    1|  ap_ctrl_hs|  yolo_conv_top_Pipeline_VITIS_LOOP_49_1_VITIS_LOOP_52_2_VITIS_LOOP_55_3|  return value|
|ap_rst                              |   in|    1|  ap_ctrl_hs|  yolo_conv_top_Pipeline_VITIS_LOOP_49_1_VITIS_LOOP_52_2_VITIS_LOOP_55_3|  return value|
|ap_start                            |   in|    1|  ap_ctrl_hs|  yolo_conv_top_Pipeline_VITIS_LOOP_49_1_VITIS_LOOP_52_2_VITIS_LOOP_55_3|  return value|
|ap_done                             |  out|    1|  ap_ctrl_hs|  yolo_conv_top_Pipeline_VITIS_LOOP_49_1_VITIS_LOOP_52_2_VITIS_LOOP_55_3|  return value|
|ap_idle                             |  out|    1|  ap_ctrl_hs|  yolo_conv_top_Pipeline_VITIS_LOOP_49_1_VITIS_LOOP_52_2_VITIS_LOOP_55_3|  return value|
|ap_ready                            |  out|    1|  ap_ctrl_hs|  yolo_conv_top_Pipeline_VITIS_LOOP_49_1_VITIS_LOOP_52_2_VITIS_LOOP_55_3|  return value|
|inStream_TVALID                     |   in|    1|        axis|                                                       inStream_V_data_V|       pointer|
|inStream_TDATA                      |   in|   64|        axis|                                                       inStream_V_data_V|       pointer|
|mul_ln4_1                           |   in|   15|     ap_none|                                                               mul_ln4_1|        scalar|
|mul_ln4                             |   in|    9|     ap_none|                                                                 mul_ln4|        scalar|
|fold_win_area                       |   in|    3|     ap_none|                                                           fold_win_area|        scalar|
|icmp_ln1027_1                       |   in|    1|     ap_none|                                                           icmp_ln1027_1|        scalar|
|local_mem_group_data_V_address0     |  out|    7|   ap_memory|                                                  local_mem_group_data_V|         array|
|local_mem_group_data_V_ce0          |  out|    1|   ap_memory|                                                  local_mem_group_data_V|         array|
|local_mem_group_data_V_we0          |  out|    1|   ap_memory|                                                  local_mem_group_data_V|         array|
|local_mem_group_data_V_d0           |  out|   16|   ap_memory|                                                  local_mem_group_data_V|         array|
|local_mem_group_data_V_1_address0   |  out|    7|   ap_memory|                                                local_mem_group_data_V_1|         array|
|local_mem_group_data_V_1_ce0        |  out|    1|   ap_memory|                                                local_mem_group_data_V_1|         array|
|local_mem_group_data_V_1_we0        |  out|    1|   ap_memory|                                                local_mem_group_data_V_1|         array|
|local_mem_group_data_V_1_d0         |  out|   16|   ap_memory|                                                local_mem_group_data_V_1|         array|
|local_mem_group_data_V_2_address0   |  out|    7|   ap_memory|                                                local_mem_group_data_V_2|         array|
|local_mem_group_data_V_2_ce0        |  out|    1|   ap_memory|                                                local_mem_group_data_V_2|         array|
|local_mem_group_data_V_2_we0        |  out|    1|   ap_memory|                                                local_mem_group_data_V_2|         array|
|local_mem_group_data_V_2_d0         |  out|   16|   ap_memory|                                                local_mem_group_data_V_2|         array|
|local_mem_group_data_V_3_address0   |  out|    7|   ap_memory|                                                local_mem_group_data_V_3|         array|
|local_mem_group_data_V_3_ce0        |  out|    1|   ap_memory|                                                local_mem_group_data_V_3|         array|
|local_mem_group_data_V_3_we0        |  out|    1|   ap_memory|                                                local_mem_group_data_V_3|         array|
|local_mem_group_data_V_3_d0         |  out|   16|   ap_memory|                                                local_mem_group_data_V_3|         array|
|local_mem_group_data_V_4_address0   |  out|    7|   ap_memory|                                                local_mem_group_data_V_4|         array|
|local_mem_group_data_V_4_ce0        |  out|    1|   ap_memory|                                                local_mem_group_data_V_4|         array|
|local_mem_group_data_V_4_we0        |  out|    1|   ap_memory|                                                local_mem_group_data_V_4|         array|
|local_mem_group_data_V_4_d0         |  out|   16|   ap_memory|                                                local_mem_group_data_V_4|         array|
|local_mem_group_data_V_5_address0   |  out|    7|   ap_memory|                                                local_mem_group_data_V_5|         array|
|local_mem_group_data_V_5_ce0        |  out|    1|   ap_memory|                                                local_mem_group_data_V_5|         array|
|local_mem_group_data_V_5_we0        |  out|    1|   ap_memory|                                                local_mem_group_data_V_5|         array|
|local_mem_group_data_V_5_d0         |  out|   16|   ap_memory|                                                local_mem_group_data_V_5|         array|
|local_mem_group_data_V_6_address0   |  out|    7|   ap_memory|                                                local_mem_group_data_V_6|         array|
|local_mem_group_data_V_6_ce0        |  out|    1|   ap_memory|                                                local_mem_group_data_V_6|         array|
|local_mem_group_data_V_6_we0        |  out|    1|   ap_memory|                                                local_mem_group_data_V_6|         array|
|local_mem_group_data_V_6_d0         |  out|   16|   ap_memory|                                                local_mem_group_data_V_6|         array|
|local_mem_group_data_V_7_address0   |  out|    7|   ap_memory|                                                local_mem_group_data_V_7|         array|
|local_mem_group_data_V_7_ce0        |  out|    1|   ap_memory|                                                local_mem_group_data_V_7|         array|
|local_mem_group_data_V_7_we0        |  out|    1|   ap_memory|                                                local_mem_group_data_V_7|         array|
|local_mem_group_data_V_7_d0         |  out|   16|   ap_memory|                                                local_mem_group_data_V_7|         array|
|local_mem_group_data_V_8_address0   |  out|    7|   ap_memory|                                                local_mem_group_data_V_8|         array|
|local_mem_group_data_V_8_ce0        |  out|    1|   ap_memory|                                                local_mem_group_data_V_8|         array|
|local_mem_group_data_V_8_we0        |  out|    1|   ap_memory|                                                local_mem_group_data_V_8|         array|
|local_mem_group_data_V_8_d0         |  out|   16|   ap_memory|                                                local_mem_group_data_V_8|         array|
|local_mem_group_data_V_9_address0   |  out|    7|   ap_memory|                                                local_mem_group_data_V_9|         array|
|local_mem_group_data_V_9_ce0        |  out|    1|   ap_memory|                                                local_mem_group_data_V_9|         array|
|local_mem_group_data_V_9_we0        |  out|    1|   ap_memory|                                                local_mem_group_data_V_9|         array|
|local_mem_group_data_V_9_d0         |  out|   16|   ap_memory|                                                local_mem_group_data_V_9|         array|
|local_mem_group_data_V_10_address0  |  out|    7|   ap_memory|                                               local_mem_group_data_V_10|         array|
|local_mem_group_data_V_10_ce0       |  out|    1|   ap_memory|                                               local_mem_group_data_V_10|         array|
|local_mem_group_data_V_10_we0       |  out|    1|   ap_memory|                                               local_mem_group_data_V_10|         array|
|local_mem_group_data_V_10_d0        |  out|   16|   ap_memory|                                               local_mem_group_data_V_10|         array|
|local_mem_group_data_V_11_address0  |  out|    7|   ap_memory|                                               local_mem_group_data_V_11|         array|
|local_mem_group_data_V_11_ce0       |  out|    1|   ap_memory|                                               local_mem_group_data_V_11|         array|
|local_mem_group_data_V_11_we0       |  out|    1|   ap_memory|                                               local_mem_group_data_V_11|         array|
|local_mem_group_data_V_11_d0        |  out|   16|   ap_memory|                                               local_mem_group_data_V_11|         array|
|local_mem_group_data_V_12_address0  |  out|    7|   ap_memory|                                               local_mem_group_data_V_12|         array|
|local_mem_group_data_V_12_ce0       |  out|    1|   ap_memory|                                               local_mem_group_data_V_12|         array|
|local_mem_group_data_V_12_we0       |  out|    1|   ap_memory|                                               local_mem_group_data_V_12|         array|
|local_mem_group_data_V_12_d0        |  out|   16|   ap_memory|                                               local_mem_group_data_V_12|         array|
|local_mem_group_data_V_13_address0  |  out|    7|   ap_memory|                                               local_mem_group_data_V_13|         array|
|local_mem_group_data_V_13_ce0       |  out|    1|   ap_memory|                                               local_mem_group_data_V_13|         array|
|local_mem_group_data_V_13_we0       |  out|    1|   ap_memory|                                               local_mem_group_data_V_13|         array|
|local_mem_group_data_V_13_d0        |  out|   16|   ap_memory|                                               local_mem_group_data_V_13|         array|
|local_mem_group_data_V_14_address0  |  out|    7|   ap_memory|                                               local_mem_group_data_V_14|         array|
|local_mem_group_data_V_14_ce0       |  out|    1|   ap_memory|                                               local_mem_group_data_V_14|         array|
|local_mem_group_data_V_14_we0       |  out|    1|   ap_memory|                                               local_mem_group_data_V_14|         array|
|local_mem_group_data_V_14_d0        |  out|   16|   ap_memory|                                               local_mem_group_data_V_14|         array|
|local_mem_group_data_V_15_address0  |  out|    7|   ap_memory|                                               local_mem_group_data_V_15|         array|
|local_mem_group_data_V_15_ce0       |  out|    1|   ap_memory|                                               local_mem_group_data_V_15|         array|
|local_mem_group_data_V_15_we0       |  out|    1|   ap_memory|                                               local_mem_group_data_V_15|         array|
|local_mem_group_data_V_15_d0        |  out|   16|   ap_memory|                                               local_mem_group_data_V_15|         array|
|local_mem_group_data_V_16_address0  |  out|    7|   ap_memory|                                               local_mem_group_data_V_16|         array|
|local_mem_group_data_V_16_ce0       |  out|    1|   ap_memory|                                               local_mem_group_data_V_16|         array|
|local_mem_group_data_V_16_we0       |  out|    1|   ap_memory|                                               local_mem_group_data_V_16|         array|
|local_mem_group_data_V_16_d0        |  out|   16|   ap_memory|                                               local_mem_group_data_V_16|         array|
|local_mem_group_data_V_17_address0  |  out|    7|   ap_memory|                                               local_mem_group_data_V_17|         array|
|local_mem_group_data_V_17_ce0       |  out|    1|   ap_memory|                                               local_mem_group_data_V_17|         array|
|local_mem_group_data_V_17_we0       |  out|    1|   ap_memory|                                               local_mem_group_data_V_17|         array|
|local_mem_group_data_V_17_d0        |  out|   16|   ap_memory|                                               local_mem_group_data_V_17|         array|
|local_mem_group_data_V_18_address0  |  out|    7|   ap_memory|                                               local_mem_group_data_V_18|         array|
|local_mem_group_data_V_18_ce0       |  out|    1|   ap_memory|                                               local_mem_group_data_V_18|         array|
|local_mem_group_data_V_18_we0       |  out|    1|   ap_memory|                                               local_mem_group_data_V_18|         array|
|local_mem_group_data_V_18_d0        |  out|   16|   ap_memory|                                               local_mem_group_data_V_18|         array|
|local_mem_group_data_V_19_address0  |  out|    7|   ap_memory|                                               local_mem_group_data_V_19|         array|
|local_mem_group_data_V_19_ce0       |  out|    1|   ap_memory|                                               local_mem_group_data_V_19|         array|
|local_mem_group_data_V_19_we0       |  out|    1|   ap_memory|                                               local_mem_group_data_V_19|         array|
|local_mem_group_data_V_19_d0        |  out|   16|   ap_memory|                                               local_mem_group_data_V_19|         array|
|local_mem_group_data_V_20_address0  |  out|    7|   ap_memory|                                               local_mem_group_data_V_20|         array|
|local_mem_group_data_V_20_ce0       |  out|    1|   ap_memory|                                               local_mem_group_data_V_20|         array|
|local_mem_group_data_V_20_we0       |  out|    1|   ap_memory|                                               local_mem_group_data_V_20|         array|
|local_mem_group_data_V_20_d0        |  out|   16|   ap_memory|                                               local_mem_group_data_V_20|         array|
|local_mem_group_data_V_21_address0  |  out|    7|   ap_memory|                                               local_mem_group_data_V_21|         array|
|local_mem_group_data_V_21_ce0       |  out|    1|   ap_memory|                                               local_mem_group_data_V_21|         array|
|local_mem_group_data_V_21_we0       |  out|    1|   ap_memory|                                               local_mem_group_data_V_21|         array|
|local_mem_group_data_V_21_d0        |  out|   16|   ap_memory|                                               local_mem_group_data_V_21|         array|
|local_mem_group_data_V_22_address0  |  out|    7|   ap_memory|                                               local_mem_group_data_V_22|         array|
|local_mem_group_data_V_22_ce0       |  out|    1|   ap_memory|                                               local_mem_group_data_V_22|         array|
|local_mem_group_data_V_22_we0       |  out|    1|   ap_memory|                                               local_mem_group_data_V_22|         array|
|local_mem_group_data_V_22_d0        |  out|   16|   ap_memory|                                               local_mem_group_data_V_22|         array|
|local_mem_group_data_V_23_address0  |  out|    7|   ap_memory|                                               local_mem_group_data_V_23|         array|
|local_mem_group_data_V_23_ce0       |  out|    1|   ap_memory|                                               local_mem_group_data_V_23|         array|
|local_mem_group_data_V_23_we0       |  out|    1|   ap_memory|                                               local_mem_group_data_V_23|         array|
|local_mem_group_data_V_23_d0        |  out|   16|   ap_memory|                                               local_mem_group_data_V_23|         array|
|local_mem_group_data_V_24_address0  |  out|    7|   ap_memory|                                               local_mem_group_data_V_24|         array|
|local_mem_group_data_V_24_ce0       |  out|    1|   ap_memory|                                               local_mem_group_data_V_24|         array|
|local_mem_group_data_V_24_we0       |  out|    1|   ap_memory|                                               local_mem_group_data_V_24|         array|
|local_mem_group_data_V_24_d0        |  out|   16|   ap_memory|                                               local_mem_group_data_V_24|         array|
|local_mem_group_data_V_25_address0  |  out|    7|   ap_memory|                                               local_mem_group_data_V_25|         array|
|local_mem_group_data_V_25_ce0       |  out|    1|   ap_memory|                                               local_mem_group_data_V_25|         array|
|local_mem_group_data_V_25_we0       |  out|    1|   ap_memory|                                               local_mem_group_data_V_25|         array|
|local_mem_group_data_V_25_d0        |  out|   16|   ap_memory|                                               local_mem_group_data_V_25|         array|
|local_mem_group_data_V_26_address0  |  out|    7|   ap_memory|                                               local_mem_group_data_V_26|         array|
|local_mem_group_data_V_26_ce0       |  out|    1|   ap_memory|                                               local_mem_group_data_V_26|         array|
|local_mem_group_data_V_26_we0       |  out|    1|   ap_memory|                                               local_mem_group_data_V_26|         array|
|local_mem_group_data_V_26_d0        |  out|   16|   ap_memory|                                               local_mem_group_data_V_26|         array|
|local_mem_group_data_V_27_address0  |  out|    7|   ap_memory|                                               local_mem_group_data_V_27|         array|
|local_mem_group_data_V_27_ce0       |  out|    1|   ap_memory|                                               local_mem_group_data_V_27|         array|
|local_mem_group_data_V_27_we0       |  out|    1|   ap_memory|                                               local_mem_group_data_V_27|         array|
|local_mem_group_data_V_27_d0        |  out|   16|   ap_memory|                                               local_mem_group_data_V_27|         array|
|local_mem_group_data_V_28_address0  |  out|    7|   ap_memory|                                               local_mem_group_data_V_28|         array|
|local_mem_group_data_V_28_ce0       |  out|    1|   ap_memory|                                               local_mem_group_data_V_28|         array|
|local_mem_group_data_V_28_we0       |  out|    1|   ap_memory|                                               local_mem_group_data_V_28|         array|
|local_mem_group_data_V_28_d0        |  out|   16|   ap_memory|                                               local_mem_group_data_V_28|         array|
|local_mem_group_data_V_29_address0  |  out|    7|   ap_memory|                                               local_mem_group_data_V_29|         array|
|local_mem_group_data_V_29_ce0       |  out|    1|   ap_memory|                                               local_mem_group_data_V_29|         array|
|local_mem_group_data_V_29_we0       |  out|    1|   ap_memory|                                               local_mem_group_data_V_29|         array|
|local_mem_group_data_V_29_d0        |  out|   16|   ap_memory|                                               local_mem_group_data_V_29|         array|
|local_mem_group_data_V_30_address0  |  out|    7|   ap_memory|                                               local_mem_group_data_V_30|         array|
|local_mem_group_data_V_30_ce0       |  out|    1|   ap_memory|                                               local_mem_group_data_V_30|         array|
|local_mem_group_data_V_30_we0       |  out|    1|   ap_memory|                                               local_mem_group_data_V_30|         array|
|local_mem_group_data_V_30_d0        |  out|   16|   ap_memory|                                               local_mem_group_data_V_30|         array|
|local_mem_group_data_V_31_address0  |  out|    7|   ap_memory|                                               local_mem_group_data_V_31|         array|
|local_mem_group_data_V_31_ce0       |  out|    1|   ap_memory|                                               local_mem_group_data_V_31|         array|
|local_mem_group_data_V_31_we0       |  out|    1|   ap_memory|                                               local_mem_group_data_V_31|         array|
|local_mem_group_data_V_31_d0        |  out|   16|   ap_memory|                                               local_mem_group_data_V_31|         array|
|local_mem_group_data_V_32_address0  |  out|    7|   ap_memory|                                               local_mem_group_data_V_32|         array|
|local_mem_group_data_V_32_ce0       |  out|    1|   ap_memory|                                               local_mem_group_data_V_32|         array|
|local_mem_group_data_V_32_we0       |  out|    1|   ap_memory|                                               local_mem_group_data_V_32|         array|
|local_mem_group_data_V_32_d0        |  out|   16|   ap_memory|                                               local_mem_group_data_V_32|         array|
|local_mem_group_data_V_33_address0  |  out|    7|   ap_memory|                                               local_mem_group_data_V_33|         array|
|local_mem_group_data_V_33_ce0       |  out|    1|   ap_memory|                                               local_mem_group_data_V_33|         array|
|local_mem_group_data_V_33_we0       |  out|    1|   ap_memory|                                               local_mem_group_data_V_33|         array|
|local_mem_group_data_V_33_d0        |  out|   16|   ap_memory|                                               local_mem_group_data_V_33|         array|
|local_mem_group_data_V_34_address0  |  out|    7|   ap_memory|                                               local_mem_group_data_V_34|         array|
|local_mem_group_data_V_34_ce0       |  out|    1|   ap_memory|                                               local_mem_group_data_V_34|         array|
|local_mem_group_data_V_34_we0       |  out|    1|   ap_memory|                                               local_mem_group_data_V_34|         array|
|local_mem_group_data_V_34_d0        |  out|   16|   ap_memory|                                               local_mem_group_data_V_34|         array|
|local_mem_group_data_V_35_address0  |  out|    7|   ap_memory|                                               local_mem_group_data_V_35|         array|
|local_mem_group_data_V_35_ce0       |  out|    1|   ap_memory|                                               local_mem_group_data_V_35|         array|
|local_mem_group_data_V_35_we0       |  out|    1|   ap_memory|                                               local_mem_group_data_V_35|         array|
|local_mem_group_data_V_35_d0        |  out|   16|   ap_memory|                                               local_mem_group_data_V_35|         array|
|local_mem_group_data_V_36_address0  |  out|    7|   ap_memory|                                               local_mem_group_data_V_36|         array|
|local_mem_group_data_V_36_ce0       |  out|    1|   ap_memory|                                               local_mem_group_data_V_36|         array|
|local_mem_group_data_V_36_we0       |  out|    1|   ap_memory|                                               local_mem_group_data_V_36|         array|
|local_mem_group_data_V_36_d0        |  out|   16|   ap_memory|                                               local_mem_group_data_V_36|         array|
|local_mem_group_data_V_37_address0  |  out|    7|   ap_memory|                                               local_mem_group_data_V_37|         array|
|local_mem_group_data_V_37_ce0       |  out|    1|   ap_memory|                                               local_mem_group_data_V_37|         array|
|local_mem_group_data_V_37_we0       |  out|    1|   ap_memory|                                               local_mem_group_data_V_37|         array|
|local_mem_group_data_V_37_d0        |  out|   16|   ap_memory|                                               local_mem_group_data_V_37|         array|
|local_mem_group_data_V_38_address0  |  out|    7|   ap_memory|                                               local_mem_group_data_V_38|         array|
|local_mem_group_data_V_38_ce0       |  out|    1|   ap_memory|                                               local_mem_group_data_V_38|         array|
|local_mem_group_data_V_38_we0       |  out|    1|   ap_memory|                                               local_mem_group_data_V_38|         array|
|local_mem_group_data_V_38_d0        |  out|   16|   ap_memory|                                               local_mem_group_data_V_38|         array|
|local_mem_group_data_V_39_address0  |  out|    7|   ap_memory|                                               local_mem_group_data_V_39|         array|
|local_mem_group_data_V_39_ce0       |  out|    1|   ap_memory|                                               local_mem_group_data_V_39|         array|
|local_mem_group_data_V_39_we0       |  out|    1|   ap_memory|                                               local_mem_group_data_V_39|         array|
|local_mem_group_data_V_39_d0        |  out|   16|   ap_memory|                                               local_mem_group_data_V_39|         array|
|local_mem_group_data_V_40_address0  |  out|    7|   ap_memory|                                               local_mem_group_data_V_40|         array|
|local_mem_group_data_V_40_ce0       |  out|    1|   ap_memory|                                               local_mem_group_data_V_40|         array|
|local_mem_group_data_V_40_we0       |  out|    1|   ap_memory|                                               local_mem_group_data_V_40|         array|
|local_mem_group_data_V_40_d0        |  out|   16|   ap_memory|                                               local_mem_group_data_V_40|         array|
|local_mem_group_data_V_41_address0  |  out|    7|   ap_memory|                                               local_mem_group_data_V_41|         array|
|local_mem_group_data_V_41_ce0       |  out|    1|   ap_memory|                                               local_mem_group_data_V_41|         array|
|local_mem_group_data_V_41_we0       |  out|    1|   ap_memory|                                               local_mem_group_data_V_41|         array|
|local_mem_group_data_V_41_d0        |  out|   16|   ap_memory|                                               local_mem_group_data_V_41|         array|
|local_mem_group_data_V_42_address0  |  out|    7|   ap_memory|                                               local_mem_group_data_V_42|         array|
|local_mem_group_data_V_42_ce0       |  out|    1|   ap_memory|                                               local_mem_group_data_V_42|         array|
|local_mem_group_data_V_42_we0       |  out|    1|   ap_memory|                                               local_mem_group_data_V_42|         array|
|local_mem_group_data_V_42_d0        |  out|   16|   ap_memory|                                               local_mem_group_data_V_42|         array|
|local_mem_group_data_V_43_address0  |  out|    7|   ap_memory|                                               local_mem_group_data_V_43|         array|
|local_mem_group_data_V_43_ce0       |  out|    1|   ap_memory|                                               local_mem_group_data_V_43|         array|
|local_mem_group_data_V_43_we0       |  out|    1|   ap_memory|                                               local_mem_group_data_V_43|         array|
|local_mem_group_data_V_43_d0        |  out|   16|   ap_memory|                                               local_mem_group_data_V_43|         array|
|local_mem_group_data_V_44_address0  |  out|    7|   ap_memory|                                               local_mem_group_data_V_44|         array|
|local_mem_group_data_V_44_ce0       |  out|    1|   ap_memory|                                               local_mem_group_data_V_44|         array|
|local_mem_group_data_V_44_we0       |  out|    1|   ap_memory|                                               local_mem_group_data_V_44|         array|
|local_mem_group_data_V_44_d0        |  out|   16|   ap_memory|                                               local_mem_group_data_V_44|         array|
|local_mem_group_data_V_45_address0  |  out|    7|   ap_memory|                                               local_mem_group_data_V_45|         array|
|local_mem_group_data_V_45_ce0       |  out|    1|   ap_memory|                                               local_mem_group_data_V_45|         array|
|local_mem_group_data_V_45_we0       |  out|    1|   ap_memory|                                               local_mem_group_data_V_45|         array|
|local_mem_group_data_V_45_d0        |  out|   16|   ap_memory|                                               local_mem_group_data_V_45|         array|
|local_mem_group_data_V_46_address0  |  out|    7|   ap_memory|                                               local_mem_group_data_V_46|         array|
|local_mem_group_data_V_46_ce0       |  out|    1|   ap_memory|                                               local_mem_group_data_V_46|         array|
|local_mem_group_data_V_46_we0       |  out|    1|   ap_memory|                                               local_mem_group_data_V_46|         array|
|local_mem_group_data_V_46_d0        |  out|   16|   ap_memory|                                               local_mem_group_data_V_46|         array|
|local_mem_group_data_V_47_address0  |  out|    7|   ap_memory|                                               local_mem_group_data_V_47|         array|
|local_mem_group_data_V_47_ce0       |  out|    1|   ap_memory|                                               local_mem_group_data_V_47|         array|
|local_mem_group_data_V_47_we0       |  out|    1|   ap_memory|                                               local_mem_group_data_V_47|         array|
|local_mem_group_data_V_47_d0        |  out|   16|   ap_memory|                                               local_mem_group_data_V_47|         array|
|local_mem_group_data_V_48_address0  |  out|    7|   ap_memory|                                               local_mem_group_data_V_48|         array|
|local_mem_group_data_V_48_ce0       |  out|    1|   ap_memory|                                               local_mem_group_data_V_48|         array|
|local_mem_group_data_V_48_we0       |  out|    1|   ap_memory|                                               local_mem_group_data_V_48|         array|
|local_mem_group_data_V_48_d0        |  out|   16|   ap_memory|                                               local_mem_group_data_V_48|         array|
|local_mem_group_data_V_49_address0  |  out|    7|   ap_memory|                                               local_mem_group_data_V_49|         array|
|local_mem_group_data_V_49_ce0       |  out|    1|   ap_memory|                                               local_mem_group_data_V_49|         array|
|local_mem_group_data_V_49_we0       |  out|    1|   ap_memory|                                               local_mem_group_data_V_49|         array|
|local_mem_group_data_V_49_d0        |  out|   16|   ap_memory|                                               local_mem_group_data_V_49|         array|
|local_mem_group_data_V_50_address0  |  out|    7|   ap_memory|                                               local_mem_group_data_V_50|         array|
|local_mem_group_data_V_50_ce0       |  out|    1|   ap_memory|                                               local_mem_group_data_V_50|         array|
|local_mem_group_data_V_50_we0       |  out|    1|   ap_memory|                                               local_mem_group_data_V_50|         array|
|local_mem_group_data_V_50_d0        |  out|   16|   ap_memory|                                               local_mem_group_data_V_50|         array|
|local_mem_group_data_V_51_address0  |  out|    7|   ap_memory|                                               local_mem_group_data_V_51|         array|
|local_mem_group_data_V_51_ce0       |  out|    1|   ap_memory|                                               local_mem_group_data_V_51|         array|
|local_mem_group_data_V_51_we0       |  out|    1|   ap_memory|                                               local_mem_group_data_V_51|         array|
|local_mem_group_data_V_51_d0        |  out|   16|   ap_memory|                                               local_mem_group_data_V_51|         array|
|local_mem_group_data_V_52_address0  |  out|    7|   ap_memory|                                               local_mem_group_data_V_52|         array|
|local_mem_group_data_V_52_ce0       |  out|    1|   ap_memory|                                               local_mem_group_data_V_52|         array|
|local_mem_group_data_V_52_we0       |  out|    1|   ap_memory|                                               local_mem_group_data_V_52|         array|
|local_mem_group_data_V_52_d0        |  out|   16|   ap_memory|                                               local_mem_group_data_V_52|         array|
|local_mem_group_data_V_53_address0  |  out|    7|   ap_memory|                                               local_mem_group_data_V_53|         array|
|local_mem_group_data_V_53_ce0       |  out|    1|   ap_memory|                                               local_mem_group_data_V_53|         array|
|local_mem_group_data_V_53_we0       |  out|    1|   ap_memory|                                               local_mem_group_data_V_53|         array|
|local_mem_group_data_V_53_d0        |  out|   16|   ap_memory|                                               local_mem_group_data_V_53|         array|
|local_mem_group_data_V_54_address0  |  out|    7|   ap_memory|                                               local_mem_group_data_V_54|         array|
|local_mem_group_data_V_54_ce0       |  out|    1|   ap_memory|                                               local_mem_group_data_V_54|         array|
|local_mem_group_data_V_54_we0       |  out|    1|   ap_memory|                                               local_mem_group_data_V_54|         array|
|local_mem_group_data_V_54_d0        |  out|   16|   ap_memory|                                               local_mem_group_data_V_54|         array|
|local_mem_group_data_V_55_address0  |  out|    7|   ap_memory|                                               local_mem_group_data_V_55|         array|
|local_mem_group_data_V_55_ce0       |  out|    1|   ap_memory|                                               local_mem_group_data_V_55|         array|
|local_mem_group_data_V_55_we0       |  out|    1|   ap_memory|                                               local_mem_group_data_V_55|         array|
|local_mem_group_data_V_55_d0        |  out|   16|   ap_memory|                                               local_mem_group_data_V_55|         array|
|local_mem_group_data_V_56_address0  |  out|    7|   ap_memory|                                               local_mem_group_data_V_56|         array|
|local_mem_group_data_V_56_ce0       |  out|    1|   ap_memory|                                               local_mem_group_data_V_56|         array|
|local_mem_group_data_V_56_we0       |  out|    1|   ap_memory|                                               local_mem_group_data_V_56|         array|
|local_mem_group_data_V_56_d0        |  out|   16|   ap_memory|                                               local_mem_group_data_V_56|         array|
|local_mem_group_data_V_57_address0  |  out|    7|   ap_memory|                                               local_mem_group_data_V_57|         array|
|local_mem_group_data_V_57_ce0       |  out|    1|   ap_memory|                                               local_mem_group_data_V_57|         array|
|local_mem_group_data_V_57_we0       |  out|    1|   ap_memory|                                               local_mem_group_data_V_57|         array|
|local_mem_group_data_V_57_d0        |  out|   16|   ap_memory|                                               local_mem_group_data_V_57|         array|
|local_mem_group_data_V_58_address0  |  out|    7|   ap_memory|                                               local_mem_group_data_V_58|         array|
|local_mem_group_data_V_58_ce0       |  out|    1|   ap_memory|                                               local_mem_group_data_V_58|         array|
|local_mem_group_data_V_58_we0       |  out|    1|   ap_memory|                                               local_mem_group_data_V_58|         array|
|local_mem_group_data_V_58_d0        |  out|   16|   ap_memory|                                               local_mem_group_data_V_58|         array|
|local_mem_group_data_V_59_address0  |  out|    7|   ap_memory|                                               local_mem_group_data_V_59|         array|
|local_mem_group_data_V_59_ce0       |  out|    1|   ap_memory|                                               local_mem_group_data_V_59|         array|
|local_mem_group_data_V_59_we0       |  out|    1|   ap_memory|                                               local_mem_group_data_V_59|         array|
|local_mem_group_data_V_59_d0        |  out|   16|   ap_memory|                                               local_mem_group_data_V_59|         array|
|local_mem_group_data_V_60_address0  |  out|    7|   ap_memory|                                               local_mem_group_data_V_60|         array|
|local_mem_group_data_V_60_ce0       |  out|    1|   ap_memory|                                               local_mem_group_data_V_60|         array|
|local_mem_group_data_V_60_we0       |  out|    1|   ap_memory|                                               local_mem_group_data_V_60|         array|
|local_mem_group_data_V_60_d0        |  out|   16|   ap_memory|                                               local_mem_group_data_V_60|         array|
|local_mem_group_data_V_61_address0  |  out|    7|   ap_memory|                                               local_mem_group_data_V_61|         array|
|local_mem_group_data_V_61_ce0       |  out|    1|   ap_memory|                                               local_mem_group_data_V_61|         array|
|local_mem_group_data_V_61_we0       |  out|    1|   ap_memory|                                               local_mem_group_data_V_61|         array|
|local_mem_group_data_V_61_d0        |  out|   16|   ap_memory|                                               local_mem_group_data_V_61|         array|
|local_mem_group_data_V_62_address0  |  out|    7|   ap_memory|                                               local_mem_group_data_V_62|         array|
|local_mem_group_data_V_62_ce0       |  out|    1|   ap_memory|                                               local_mem_group_data_V_62|         array|
|local_mem_group_data_V_62_we0       |  out|    1|   ap_memory|                                               local_mem_group_data_V_62|         array|
|local_mem_group_data_V_62_d0        |  out|   16|   ap_memory|                                               local_mem_group_data_V_62|         array|
|local_mem_group_data_V_63_address0  |  out|    7|   ap_memory|                                               local_mem_group_data_V_63|         array|
|local_mem_group_data_V_63_ce0       |  out|    1|   ap_memory|                                               local_mem_group_data_V_63|         array|
|local_mem_group_data_V_63_we0       |  out|    1|   ap_memory|                                               local_mem_group_data_V_63|         array|
|local_mem_group_data_V_63_d0        |  out|   16|   ap_memory|                                               local_mem_group_data_V_63|         array|
|local_mem_group_data_V_64_address0  |  out|    7|   ap_memory|                                               local_mem_group_data_V_64|         array|
|local_mem_group_data_V_64_ce0       |  out|    1|   ap_memory|                                               local_mem_group_data_V_64|         array|
|local_mem_group_data_V_64_we0       |  out|    1|   ap_memory|                                               local_mem_group_data_V_64|         array|
|local_mem_group_data_V_64_d0        |  out|   16|   ap_memory|                                               local_mem_group_data_V_64|         array|
|local_mem_group_data_V_65_address0  |  out|    7|   ap_memory|                                               local_mem_group_data_V_65|         array|
|local_mem_group_data_V_65_ce0       |  out|    1|   ap_memory|                                               local_mem_group_data_V_65|         array|
|local_mem_group_data_V_65_we0       |  out|    1|   ap_memory|                                               local_mem_group_data_V_65|         array|
|local_mem_group_data_V_65_d0        |  out|   16|   ap_memory|                                               local_mem_group_data_V_65|         array|
|local_mem_group_data_V_66_address0  |  out|    7|   ap_memory|                                               local_mem_group_data_V_66|         array|
|local_mem_group_data_V_66_ce0       |  out|    1|   ap_memory|                                               local_mem_group_data_V_66|         array|
|local_mem_group_data_V_66_we0       |  out|    1|   ap_memory|                                               local_mem_group_data_V_66|         array|
|local_mem_group_data_V_66_d0        |  out|   16|   ap_memory|                                               local_mem_group_data_V_66|         array|
|local_mem_group_data_V_67_address0  |  out|    7|   ap_memory|                                               local_mem_group_data_V_67|         array|
|local_mem_group_data_V_67_ce0       |  out|    1|   ap_memory|                                               local_mem_group_data_V_67|         array|
|local_mem_group_data_V_67_we0       |  out|    1|   ap_memory|                                               local_mem_group_data_V_67|         array|
|local_mem_group_data_V_67_d0        |  out|   16|   ap_memory|                                               local_mem_group_data_V_67|         array|
|local_mem_group_data_V_68_address0  |  out|    7|   ap_memory|                                               local_mem_group_data_V_68|         array|
|local_mem_group_data_V_68_ce0       |  out|    1|   ap_memory|                                               local_mem_group_data_V_68|         array|
|local_mem_group_data_V_68_we0       |  out|    1|   ap_memory|                                               local_mem_group_data_V_68|         array|
|local_mem_group_data_V_68_d0        |  out|   16|   ap_memory|                                               local_mem_group_data_V_68|         array|
|local_mem_group_data_V_69_address0  |  out|    7|   ap_memory|                                               local_mem_group_data_V_69|         array|
|local_mem_group_data_V_69_ce0       |  out|    1|   ap_memory|                                               local_mem_group_data_V_69|         array|
|local_mem_group_data_V_69_we0       |  out|    1|   ap_memory|                                               local_mem_group_data_V_69|         array|
|local_mem_group_data_V_69_d0        |  out|   16|   ap_memory|                                               local_mem_group_data_V_69|         array|
|local_mem_group_data_V_70_address0  |  out|    7|   ap_memory|                                               local_mem_group_data_V_70|         array|
|local_mem_group_data_V_70_ce0       |  out|    1|   ap_memory|                                               local_mem_group_data_V_70|         array|
|local_mem_group_data_V_70_we0       |  out|    1|   ap_memory|                                               local_mem_group_data_V_70|         array|
|local_mem_group_data_V_70_d0        |  out|   16|   ap_memory|                                               local_mem_group_data_V_70|         array|
|local_mem_group_data_V_71_address0  |  out|    7|   ap_memory|                                               local_mem_group_data_V_71|         array|
|local_mem_group_data_V_71_ce0       |  out|    1|   ap_memory|                                               local_mem_group_data_V_71|         array|
|local_mem_group_data_V_71_we0       |  out|    1|   ap_memory|                                               local_mem_group_data_V_71|         array|
|local_mem_group_data_V_71_d0        |  out|   16|   ap_memory|                                               local_mem_group_data_V_71|         array|
|inStream_TREADY                     |  out|    1|        axis|                                                       inStream_V_dest_V|       pointer|
|inStream_TDEST                      |   in|    6|        axis|                                                       inStream_V_dest_V|       pointer|
|inStream_TKEEP                      |   in|    8|        axis|                                                       inStream_V_keep_V|       pointer|
|inStream_TSTRB                      |   in|    8|        axis|                                                       inStream_V_strb_V|       pointer|
|inStream_TUSER                      |   in|    2|        axis|                                                       inStream_V_user_V|       pointer|
|inStream_TLAST                      |   in|    1|        axis|                                                       inStream_V_last_V|       pointer|
|inStream_TID                        |   in|    5|        axis|                                                         inStream_V_id_V|       pointer|
|curr_input_keep_V_out               |  out|    8|      ap_vld|                                                   curr_input_keep_V_out|       pointer|
|curr_input_keep_V_out_ap_vld        |  out|    1|      ap_vld|                                                   curr_input_keep_V_out|       pointer|
|curr_input_strb_V_out               |  out|    8|      ap_vld|                                                   curr_input_strb_V_out|       pointer|
|curr_input_strb_V_out_ap_vld        |  out|    1|      ap_vld|                                                   curr_input_strb_V_out|       pointer|
|curr_input_user_V_out               |  out|    2|      ap_vld|                                                   curr_input_user_V_out|       pointer|
|curr_input_user_V_out_ap_vld        |  out|    1|      ap_vld|                                                   curr_input_user_V_out|       pointer|
|curr_input_id_V_out                 |  out|    5|      ap_vld|                                                     curr_input_id_V_out|       pointer|
|curr_input_id_V_out_ap_vld          |  out|    1|      ap_vld|                                                     curr_input_id_V_out|       pointer|
|curr_input_dest_V_out               |  out|    6|      ap_vld|                                                   curr_input_dest_V_out|       pointer|
|curr_input_dest_V_out_ap_vld        |  out|    1|      ap_vld|                                                   curr_input_dest_V_out|       pointer|
+------------------------------------+-----+-----+------------+------------------------------------------------------------------------+--------------+

