remark: /tools/Xilinx/Vitis_HLS/2022.2/include/vision/L1/include/common/xf_video_mem.hpp:1018:2: Inlining function 'xf::cv::LineBuffer<2, 418, ap_fixed<16, 8, (ap_q_mode)4, (ap_o_mode)0, 0>, (_ramtype)6, 1>::shift_pixels_up(int)' into 'xf::cv::LineBuffer<2, 418, ap_fixed<16, 8, (ap_q_mode)4, (ap_o_mode)0, 0>, (_ramtype)6, 1>::shift_up(int)'
remark: /tools/Xilinx/Vitis_HLS/2022.2/include/vision/L1/include/common/xf_video_mem.hpp:1042:2: Inlining function 'xf::cv::LineBuffer<2, 418, ap_fixed<16, 8, (ap_q_mode)4, (ap_o_mode)0, 0>, (_ramtype)6, 1>::insert_bottom_row(ap_fixed<16, 8, (ap_q_mode)4, (ap_o_mode)0, 0>, int)' into 'xf::cv::LineBuffer<2, 418, ap_fixed<16, 8, (ap_q_mode)4, (ap_o_mode)0, 0>, (_ramtype)6, 1>::insert_top(ap_fixed<16, 8, (ap_q_mode)4, (ap_o_mode)0, 0>, int)'
remark: src/yolo_max_pool.cpp:131:13: Inlining function 'xf::cv::LineBuffer<2, 418, ap_fixed<16, 8, (ap_q_mode)4, (ap_o_mode)0, 0>, (_ramtype)6, 1>::shift_up(int)' into 'yolo_line_buffer(ap_fixed<16, 8, (ap_q_mode)4, (ap_o_mode)0, 0>, xf::cv::LineBuffer<2, 418, ap_fixed<16, 8, (ap_q_mode)4, (ap_o_mode)0, 0>, (_ramtype)6, 1>*, int)'
remark: src/yolo_max_pool.cpp:132:13: Inlining function 'xf::cv::LineBuffer<2, 418, ap_fixed<16, 8, (ap_q_mode)4, (ap_o_mode)0, 0>, (_ramtype)6, 1>::insert_top(ap_fixed<16, 8, (ap_q_mode)4, (ap_o_mode)0, 0>, int)' into 'yolo_line_buffer(ap_fixed<16, 8, (ap_q_mode)4, (ap_o_mode)0, 0>, xf::cv::LineBuffer<2, 418, ap_fixed<16, 8, (ap_q_mode)4, (ap_o_mode)0, 0>, (_ramtype)6, 1>*, int)'
remark: /tools/Xilinx/Vitis_HLS/2022.2/include/vision/L1/include/common/xf_video_mem.hpp:633:2: Inlining function 'xf::cv::Window<2, 2, ap_fixed<16, 8, (ap_q_mode)4, (ap_o_mode)0, 0> >::insert_pixel(ap_fixed<16, 8, (ap_q_mode)4, (ap_o_mode)0, 0>, int, int)' into 'xf::cv::Window<2, 2, ap_fixed<16, 8, (ap_q_mode)4, (ap_o_mode)0, 0> >::insert(ap_fixed<16, 8, (ap_q_mode)4, (ap_o_mode)0, 0>, int, int)'
remark: src/yolo_max_pool.cpp:138:14: Inlining function 'xf::cv::Window<2, 2, ap_fixed<16, 8, (ap_q_mode)4, (ap_o_mode)0, 0> >::Window()' into 'slide_window(int, xf::cv::LineBuffer<2, 418, ap_fixed<16, 8, (ap_q_mode)4, (ap_o_mode)0, 0>, (_ramtype)6, 1>*)'
remark: src/yolo_max_pool.cpp:145:18: Inlining function 'xf::cv::Window<2, 2, ap_fixed<16, 8, (ap_q_mode)4, (ap_o_mode)0, 0> >::insert(ap_fixed<16, 8, (ap_q_mode)4, (ap_o_mode)0, 0>, int, int)' into 'slide_window(int, xf::cv::LineBuffer<2, 418, ap_fixed<16, 8, (ap_q_mode)4, (ap_o_mode)0, 0>, (_ramtype)6, 1>*)'
remark: src/yolo_max_pool.cpp:144:48: Inlining function 'xf::cv::LineBuffer<2, 418, ap_fixed<16, 8, (ap_q_mode)4, (ap_o_mode)0, 0>, (_ramtype)6, 1>::getval(int, int)' into 'slide_window(int, xf::cv::LineBuffer<2, 418, ap_fixed<16, 8, (ap_q_mode)4, (ap_o_mode)0, 0>, (_ramtype)6, 1>*)'
remark: src/yolo_max_pool.cpp:159:30: Inlining function 'xf::cv::Window<2, 2, ap_fixed<16, 8, (ap_q_mode)4, (ap_o_mode)0, 0> >::getval(int, int)' into 'window_max_pool(xf::cv::Window<2, 2, ap_fixed<16, 8, (ap_q_mode)4, (ap_o_mode)0, 0> >)'
remark: src/yolo_max_pool.cpp:19:17: Inlining function 'xf::cv::LineBuffer<2, 418, ap_fixed<16, 8, (ap_q_mode)4, (ap_o_mode)0, 0>, (_ramtype)6, 1>::LineBuffer()' into 'yolo_max_pool_top(hls::stream<hls::axis<quad_fp_pack, 2ul, 5ul, 6ul>, 0>&, hls::stream<hls::axis<quad_fp_pack, 2ul, 5ul, 6ul>, 0>&, ap_uint<9>, ap_uint<9>, ap_uint<9>, ap_uint<9>, ap_uint<4>, ap_uint<2>)'
remark: src/yolo_max_pool.cpp:20:17: Inlining function 'xf::cv::LineBuffer<2, 418, ap_fixed<16, 8, (ap_q_mode)4, (ap_o_mode)0, 0>, (_ramtype)6, 1>::LineBuffer()' into 'yolo_max_pool_top(hls::stream<hls::axis<quad_fp_pack, 2ul, 5ul, 6ul>, 0>&, hls::stream<hls::axis<quad_fp_pack, 2ul, 5ul, 6ul>, 0>&, ap_uint<9>, ap_uint<9>, ap_uint<9>, ap_uint<9>, ap_uint<4>, ap_uint<2>)'
remark: src/yolo_max_pool.cpp:21:17: Inlining function 'xf::cv::LineBuffer<2, 418, ap_fixed<16, 8, (ap_q_mode)4, (ap_o_mode)0, 0>, (_ramtype)6, 1>::LineBuffer()' into 'yolo_max_pool_top(hls::stream<hls::axis<quad_fp_pack, 2ul, 5ul, 6ul>, 0>&, hls::stream<hls::axis<quad_fp_pack, 2ul, 5ul, 6ul>, 0>&, ap_uint<9>, ap_uint<9>, ap_uint<9>, ap_uint<9>, ap_uint<4>, ap_uint<2>)'
remark: src/yolo_max_pool.cpp:22:17: Inlining function 'xf::cv::LineBuffer<2, 418, ap_fixed<16, 8, (ap_q_mode)4, (ap_o_mode)0, 0>, (_ramtype)6, 1>::LineBuffer()' into 'yolo_max_pool_top(hls::stream<hls::axis<quad_fp_pack, 2ul, 5ul, 6ul>, 0>&, hls::stream<hls::axis<quad_fp_pack, 2ul, 5ul, 6ul>, 0>&, ap_uint<9>, ap_uint<9>, ap_uint<9>, ap_uint<9>, ap_uint<4>, ap_uint<2>)'
remark: src/yolo_max_pool.cpp:87:18: Inlining function 'xf::cv::Window<2, 2, ap_fixed<16, 8, (ap_q_mode)4, (ap_o_mode)0, 0> >::Window()' into 'yolo_max_pool_top(hls::stream<hls::axis<quad_fp_pack, 2ul, 5ul, 6ul>, 0>&, hls::stream<hls::axis<quad_fp_pack, 2ul, 5ul, 6ul>, 0>&, ap_uint<9>, ap_uint<9>, ap_uint<9>, ap_uint<9>, ap_uint<4>, ap_uint<2>)'
remark: src/yolo_max_pool.cpp:86:18: Inlining function 'xf::cv::Window<2, 2, ap_fixed<16, 8, (ap_q_mode)4, (ap_o_mode)0, 0> >::Window()' into 'yolo_max_pool_top(hls::stream<hls::axis<quad_fp_pack, 2ul, 5ul, 6ul>, 0>&, hls::stream<hls::axis<quad_fp_pack, 2ul, 5ul, 6ul>, 0>&, ap_uint<9>, ap_uint<9>, ap_uint<9>, ap_uint<9>, ap_uint<4>, ap_uint<2>)'
remark: src/yolo_max_pool.cpp:85:18: Inlining function 'xf::cv::Window<2, 2, ap_fixed<16, 8, (ap_q_mode)4, (ap_o_mode)0, 0> >::Window()' into 'yolo_max_pool_top(hls::stream<hls::axis<quad_fp_pack, 2ul, 5ul, 6ul>, 0>&, hls::stream<hls::axis<quad_fp_pack, 2ul, 5ul, 6ul>, 0>&, ap_uint<9>, ap_uint<9>, ap_uint<9>, ap_uint<9>, ap_uint<4>, ap_uint<2>)'
remark: src/yolo_max_pool.cpp:84:18: Inlining function 'xf::cv::Window<2, 2, ap_fixed<16, 8, (ap_q_mode)4, (ap_o_mode)0, 0> >::Window()' into 'yolo_max_pool_top(hls::stream<hls::axis<quad_fp_pack, 2ul, 5ul, 6ul>, 0>&, hls::stream<hls::axis<quad_fp_pack, 2ul, 5ul, 6ul>, 0>&, ap_uint<9>, ap_uint<9>, ap_uint<9>, ap_uint<9>, ap_uint<4>, ap_uint<2>)'
remark: src/yolo_max_pool.cpp:94:17: Adding 'ref.tmp96' into disaggregation list because there's array-partition pragma applied on the struct field
remark: src/yolo_max_pool.cpp:95:17: Adding 'ref.tmp99' into disaggregation list because there's array-partition pragma applied on the struct field
remark: src/yolo_max_pool.cpp:96:17: Adding 'ref.tmp102' into disaggregation list because there's array-partition pragma applied on the struct field
remark: src/yolo_max_pool.cpp:97:17: Adding 'ref.tmp105' into disaggregation list because there's array-partition pragma applied on the struct field
remark: src/yolo_max_pool.cpp:94:17: Adding 'ref.tmp96' into disaggregation list because there's array-partition pragma applied on the struct field
remark: src/yolo_max_pool.cpp:95:17: Adding 'ref.tmp99' into disaggregation list because there's array-partition pragma applied on the struct field
remark: src/yolo_max_pool.cpp:96:17: Adding 'ref.tmp102' into disaggregation list because there's array-partition pragma applied on the struct field
remark: src/yolo_max_pool.cpp:97:17: Adding 'ref.tmp105' into disaggregation list because there's array-partition pragma applied on the struct field
remark: /tools/Xilinx/Vitis_HLS/2022.2/include/vision/L1/include/common/xf_video_mem.hpp:48:9: Adding 'window_0' into disaggregation list because there's array-partition pragma applied on the struct field
remark: /tools/Xilinx/Vitis_HLS/2022.2/include/vision/L1/include/common/xf_video_mem.hpp:47:9: Adding 'window_0' into disaggregation list because there's array-partition pragma applied on the struct field
remark: /tools/Xilinx/Vitis_HLS/2022.2/include/vision/L1/include/common/xf_video_mem.hpp:48:9: Adding 'window_1' into disaggregation list because there's array-partition pragma applied on the struct field
remark: /tools/Xilinx/Vitis_HLS/2022.2/include/vision/L1/include/common/xf_video_mem.hpp:47:9: Adding 'window_1' into disaggregation list because there's array-partition pragma applied on the struct field
remark: /tools/Xilinx/Vitis_HLS/2022.2/include/vision/L1/include/common/xf_video_mem.hpp:48:9: Adding 'window_2' into disaggregation list because there's array-partition pragma applied on the struct field
remark: /tools/Xilinx/Vitis_HLS/2022.2/include/vision/L1/include/common/xf_video_mem.hpp:47:9: Adding 'window_2' into disaggregation list because there's array-partition pragma applied on the struct field
remark: /tools/Xilinx/Vitis_HLS/2022.2/include/vision/L1/include/common/xf_video_mem.hpp:48:9: Adding 'window_3' into disaggregation list because there's array-partition pragma applied on the struct field
remark: /tools/Xilinx/Vitis_HLS/2022.2/include/vision/L1/include/common/xf_video_mem.hpp:47:9: Adding 'window_3' into disaggregation list because there's array-partition pragma applied on the struct field
remark: /tools/Xilinx/Vitis_HLS/2022.2/include/vision/L1/include/common/xf_video_mem.hpp:755:9: Adding 'line_buff_group_3' into disaggregation list because there's array-partition pragma applied on the struct field
remark: /tools/Xilinx/Vitis_HLS/2022.2/include/vision/L1/include/common/xf_video_mem.hpp:755:9: Adding 'line_buff_group_2' into disaggregation list because there's array-partition pragma applied on the struct field
remark: /tools/Xilinx/Vitis_HLS/2022.2/include/vision/L1/include/common/xf_video_mem.hpp:755:9: Adding 'line_buff_group_1' into disaggregation list because there's array-partition pragma applied on the struct field
remark: /tools/Xilinx/Vitis_HLS/2022.2/include/vision/L1/include/common/xf_video_mem.hpp:755:9: Adding 'line_buff_group_0' into disaggregation list because there's array-partition pragma applied on the struct field
remark: <unknown>:0:0: Disaggregating variable 'ref.tmp105'
remark: <unknown>:0:0: Disaggregating variable 'ref.tmp102'
remark: <unknown>:0:0: Disaggregating variable 'ref.tmp99'
remark: <unknown>:0:0: Disaggregating variable 'ref.tmp96'
remark: src/yolo_max_pool.cpp:87:18: Disaggregating variable 'window_3'
remark: src/yolo_max_pool.cpp:86:18: Disaggregating variable 'window_2'
remark: src/yolo_max_pool.cpp:85:18: Disaggregating variable 'window_1'
remark: src/yolo_max_pool.cpp:84:18: Disaggregating variable 'window_0'
remark: src/yolo_max_pool.cpp:22:17: Disaggregating variable 'line_buff_group_3'
remark: src/yolo_max_pool.cpp:21:17: Disaggregating variable 'line_buff_group_2'
remark: src/yolo_max_pool.cpp:20:17: Disaggregating variable 'line_buff_group_1'
remark: src/yolo_max_pool.cpp:19:17: Disaggregating variable 'line_buff_group_0'
remark: /tools/Xilinx/Vitis_HLS/2022.2/include/vision/L1/include/common/xf_video_mem.hpp:44:5: Loop 'anonymous' is marked as complete unroll implied by the pipeline pragma
remark: /tools/Xilinx/Vitis_HLS/2022.2/include/vision/L1/include/common/xf_video_mem.hpp:44:5: Loop 'anonymous' is marked as complete unroll implied by the pipeline pragma
remark: /tools/Xilinx/Vitis_HLS/2022.2/include/vision/L1/include/common/xf_video_mem.hpp:44:5: Loop 'anonymous' is marked as complete unroll implied by the pipeline pragma
remark: /tools/Xilinx/Vitis_HLS/2022.2/include/vision/L1/include/common/xf_video_mem.hpp:44:5: Loop 'anonymous' is marked as complete unroll implied by the pipeline pragma
remark: /tools/Xilinx/Vitis_HLS/2022.2/include/vision/L1/include/common/xf_video_mem.hpp:44:5: Loop 'anonymous' is marked as complete unroll implied by the pipeline pragma
remark: /tools/Xilinx/Vitis_HLS/2022.2/include/vision/L1/include/common/xf_video_mem.hpp:44:5: Loop 'anonymous' is marked as complete unroll implied by the pipeline pragma
remark: /tools/Xilinx/Vitis_HLS/2022.2/include/vision/L1/include/common/xf_video_mem.hpp:44:5: Loop 'anonymous' is marked as complete unroll implied by the pipeline pragma
remark: /tools/Xilinx/Vitis_HLS/2022.2/include/vision/L1/include/common/xf_video_mem.hpp:44:5: Loop 'anonymous' is marked as complete unroll implied by the pipeline pragma
remark: src/yolo_max_pool.cpp:155:20: Loop 'VITIS_LOOP_155_1' is marked as complete unroll implied by the pipeline pragma
remark: src/yolo_max_pool.cpp:157:21: Loop 'VITIS_LOOP_157_2' is marked as complete unroll implied by the pipeline pragma
remark: src/yolo_max_pool.cpp:140:20: Loop 'VITIS_LOOP_140_1' is marked as complete unroll implied by the pipeline pragma
remark: src/yolo_max_pool.cpp:142:21: Loop 'VITIS_LOOP_142_2' is marked as complete unroll implied by the pipeline pragma
remark: /tools/Xilinx/Vitis_HLS/2022.2/include/vision/L1/include/common/xf_video_mem.hpp:44:5: Loop 'anonymous' is marked as complete unroll implied by the pipeline pragma
remark: /tools/Xilinx/Vitis_HLS/2022.2/include/vision/L1/include/common/xf_video_mem.hpp:44:5: Loop 'anonymous' is marked as complete unroll implied by the pipeline pragma
remark: /tools/Xilinx/Vitis_HLS/2022.2/include/vision/L1/include/common/xf_video_mem.hpp:867:23: Loop 'VITIS_LOOP_867_1' is marked as complete unroll implied by the pipeline pragma
remark: src/yolo_max_pool.cpp:8:0: Unrolling loop 'anonymous' (/tools/Xilinx/Vitis_HLS/2022.2/include/vision/L1/include/common/xf_video_mem.hpp:44:5) in function 'yolo_max_pool_top' completely with a factor of 2
remark: src/yolo_max_pool.cpp:8:0: Unrolling loop 'anonymous' (/tools/Xilinx/Vitis_HLS/2022.2/include/vision/L1/include/common/xf_video_mem.hpp:44:5) in function 'yolo_max_pool_top' completely with a factor of 2
remark: src/yolo_max_pool.cpp:8:0: Unrolling loop 'anonymous' (/tools/Xilinx/Vitis_HLS/2022.2/include/vision/L1/include/common/xf_video_mem.hpp:44:5) in function 'yolo_max_pool_top' completely with a factor of 2
remark: src/yolo_max_pool.cpp:8:0: Unrolling loop 'anonymous' (/tools/Xilinx/Vitis_HLS/2022.2/include/vision/L1/include/common/xf_video_mem.hpp:44:5) in function 'yolo_max_pool_top' completely with a factor of 2
remark: src/yolo_max_pool.cpp:8:0: Unrolling loop 'anonymous' (/tools/Xilinx/Vitis_HLS/2022.2/include/vision/L1/include/common/xf_video_mem.hpp:44:5) in function 'yolo_max_pool_top' completely with a factor of 2
remark: src/yolo_max_pool.cpp:8:0: Unrolling loop 'anonymous' (/tools/Xilinx/Vitis_HLS/2022.2/include/vision/L1/include/common/xf_video_mem.hpp:44:5) in function 'yolo_max_pool_top' completely with a factor of 2
remark: src/yolo_max_pool.cpp:8:0: Unrolling loop 'anonymous' (/tools/Xilinx/Vitis_HLS/2022.2/include/vision/L1/include/common/xf_video_mem.hpp:44:5) in function 'yolo_max_pool_top' completely with a factor of 2
remark: src/yolo_max_pool.cpp:8:0: Unrolling loop 'anonymous' (/tools/Xilinx/Vitis_HLS/2022.2/include/vision/L1/include/common/xf_video_mem.hpp:44:5) in function 'yolo_max_pool_top' completely with a factor of 2
remark: src/yolo_max_pool.cpp:8:0: Unrolling loop 'anonymous' (/tools/Xilinx/Vitis_HLS/2022.2/include/vision/L1/include/common/xf_video_mem.hpp:44:5) in function 'yolo_max_pool_top' completely with a factor of 2
remark: src/yolo_max_pool.cpp:8:0: Unrolling loop 'anonymous' (/tools/Xilinx/Vitis_HLS/2022.2/include/vision/L1/include/common/xf_video_mem.hpp:44:5) in function 'yolo_max_pool_top' completely with a factor of 2
remark: src/yolo_max_pool.cpp:8:0: Unrolling loop 'anonymous' (/tools/Xilinx/Vitis_HLS/2022.2/include/vision/L1/include/common/xf_video_mem.hpp:44:5) in function 'yolo_max_pool_top' completely with a factor of 2
remark: src/yolo_max_pool.cpp:8:0: Unrolling loop 'anonymous' (/tools/Xilinx/Vitis_HLS/2022.2/include/vision/L1/include/common/xf_video_mem.hpp:44:5) in function 'yolo_max_pool_top' completely with a factor of 2
remark: src/yolo_max_pool.cpp:153:0: Unrolling loop 'VITIS_LOOP_155_1' (src/yolo_max_pool.cpp:155:20) in function 'window_max_pool' completely with a factor of 2
remark: src/yolo_max_pool.cpp:153:0: Unrolling loop 'VITIS_LOOP_157_2' (src/yolo_max_pool.cpp:157:21) in function 'window_max_pool' completely with a factor of 2
remark: src/yolo_max_pool.cpp:153:0: Unrolling loop 'VITIS_LOOP_157_2' (src/yolo_max_pool.cpp:157:21) in function 'window_max_pool' completely with a factor of 2
remark: src/yolo_max_pool.cpp:137:0: Unrolling loop 'VITIS_LOOP_140_1' (src/yolo_max_pool.cpp:140:20) in function 'slide_window' completely with a factor of 2
remark: src/yolo_max_pool.cpp:137:0: Unrolling loop 'VITIS_LOOP_142_2' (src/yolo_max_pool.cpp:142:21) in function 'slide_window' completely with a factor of 2
remark: src/yolo_max_pool.cpp:137:0: Unrolling loop 'VITIS_LOOP_142_2' (src/yolo_max_pool.cpp:142:21) in function 'slide_window' completely with a factor of 2
remark: src/yolo_max_pool.cpp:137:0: Unrolling loop 'anonymous' (/tools/Xilinx/Vitis_HLS/2022.2/include/vision/L1/include/common/xf_video_mem.hpp:44:5) in function 'slide_window' completely with a factor of 2
remark: src/yolo_max_pool.cpp:137:0: Unrolling loop 'anonymous' (/tools/Xilinx/Vitis_HLS/2022.2/include/vision/L1/include/common/xf_video_mem.hpp:44:5) in function 'slide_window' completely with a factor of 2
remark: src/yolo_max_pool.cpp:137:0: Unrolling loop 'anonymous' (/tools/Xilinx/Vitis_HLS/2022.2/include/vision/L1/include/common/xf_video_mem.hpp:44:5) in function 'slide_window' completely with a factor of 2
remark: src/yolo_max_pool.cpp:129:0: Unrolling loop 'VITIS_LOOP_867_1' (/tools/Xilinx/Vitis_HLS/2022.2/include/vision/L1/include/common/xf_video_mem.hpp:867:23) in function 'yolo_line_buffer' completely with a factor of 1
remark: src/yolo_max_pool.cpp:8:0: Inlining function 'yolo_line_buffer(ap_fixed<16, 8, (ap_q_mode)4, (ap_o_mode)0, 0>, xf::cv::LineBuffer<2, 418, ap_fixed<16, 8, (ap_q_mode)4, (ap_o_mode)0, 0>, (_ramtype)6, 1>*, int)' into 'yolo_max_pool_top(hls::stream<hls::axis<quad_fp_pack, 2ul, 5ul, 6ul>, 0>&, hls::stream<hls::axis<quad_fp_pack, 2ul, 5ul, 6ul>, 0>&, ap_uint<9>, ap_uint<9>, ap_uint<9>, ap_uint<9>, ap_uint<4>, ap_uint<2>)'
remark: src/yolo_max_pool.cpp:8:0: Inlining function 'write_output(ap_fixed<16, 8, (ap_q_mode)4, (ap_o_mode)0, 0>, ap_fixed<16, 8, (ap_q_mode)4, (ap_o_mode)0, 0>, ap_fixed<16, 8, (ap_q_mode)4, (ap_o_mode)0, 0>, ap_fixed<16, 8, (ap_q_mode)4, (ap_o_mode)0, 0>, hls::axis<quad_fp_pack, 2ul, 5ul, 6ul>, hls::stream<hls::axis<quad_fp_pack, 2ul, 5ul, 6ul>, 0>&, ap_uint<1>)' into 'yolo_max_pool_top(hls::stream<hls::axis<quad_fp_pack, 2ul, 5ul, 6ul>, 0>&, hls::stream<hls::axis<quad_fp_pack, 2ul, 5ul, 6ul>, 0>&, ap_uint<9>, ap_uint<9>, ap_uint<9>, ap_uint<9>, ap_uint<4>, ap_uint<2>)'
remark: src/yolo_max_pool.cpp:19:17: Applying array_partition to 'line_buff_group_0': Complete partitioning on dimension 2.
remark: src/yolo_max_pool.cpp:20:17: Applying array_partition to 'line_buff_group_1': Complete partitioning on dimension 2.
remark: src/yolo_max_pool.cpp:21:17: Applying array_partition to 'line_buff_group_2': Complete partitioning on dimension 2.
remark: src/yolo_max_pool.cpp:22:17: Applying array_partition to 'line_buff_group_3': Complete partitioning on dimension 2.
remark: <unknown>:0:0: Applying array_partition to 'ref.tmp96': Complete partitioning on dimension 1. Complete partitioning on dimension 2.
remark: <unknown>:0:0: Applying array_partition to 'ref.tmp99': Complete partitioning on dimension 1. Complete partitioning on dimension 2.
remark: <unknown>:0:0: Applying array_partition to 'ref.tmp102': Complete partitioning on dimension 1. Complete partitioning on dimension 2.
remark: <unknown>:0:0: Applying array_partition to 'ref.tmp105': Complete partitioning on dimension 1. Complete partitioning on dimension 2.
