==============================================================
Vitis HLS - High-Level Synthesis from C, C++ and OpenCL v2022.2 (64-bit)
Tool Version Limit: 2019.12
Copyright 1986-2022 Xilinx, Inc. All Rights Reserved.
==============================================================
INFO: [HLS 200-1505] Using flow_target 'vivado'
INFO: [HLS 200-435] Setting 'open_solution -flow_target vivado' configuration: config_interface -m_axi_latency=0
INFO: [HLS 200-1510] Running: set_part xc7z020-clg400-1 
INFO: [HLS 200-1611] Setting target device to 'xc7z020-clg400-1'
INFO: [HLS 200-1510] Running: create_clock -period 10 -name default 
INFO: [SYN 201-201] Setting up clock 'default' with a period of 10ns.
INFO: [HLS 200-1510] Running: config_export -format ip_catalog -rtl verilog 
INFO: [HLS 200-1510] Running: csim_design 
INFO: [SIM 211-2] *************** CSIM start ***************
INFO: [SIM 211-4] CSIM will launch GCC as the compiler.
INFO: [SIM 211-1] CSim done with 0 errors.
INFO: [SIM 211-3] *************** CSIM finish ***************
INFO: [HLS 200-111] Finished Command csim_design CPU user time: 1.46 seconds. CPU system time: 0.17 seconds. Elapsed time: 1.65 seconds; current allocated memory: 0.000 MB.
INFO: [HLS 200-1510] Running: csynth_design 
INFO: [HLS 200-111] Finished File checks and directory preparation: CPU user time: 0 seconds. CPU system time: 0 seconds. Elapsed time: 0.01 seconds; current allocated memory: 198.406 MB.
INFO: [HLS 200-10] Analyzing design file 'src/yolo_upsamp.cpp' ... 
WARNING: [HLS 207-5529] 'factor' in '#pragma HLS array_reshape' is ignored (/tools/Xilinx/Vitis_HLS/2022.2/include/vision/L1/include/common/xf_video_mem.hpp:759:47)
WARNING: [HLS 207-5292] unused parameter 'src' (/tools/Xilinx/Vitis_HLS/2022.2/include/vision/L1/include/common/xf_structs.hpp:517:30)
WARNING: [HLS 207-5292] unused parameter '_data' (/tools/Xilinx/Vitis_HLS/2022.2/include/vision/L1/include/common/xf_structs.hpp:528:30)
WARNING: [HLS 207-5292] unused parameter 'index' (/tools/Xilinx/Vitis_HLS/2022.2/include/vision/L1/include/common/xf_structs.hpp:541:14)
WARNING: [HLS 207-5292] unused parameter 'index' (/tools/Xilinx/Vitis_HLS/2022.2/include/vision/L1/include/common/xf_structs.hpp:552:20)
WARNING: [HLS 207-5292] unused parameter 'stride' (/tools/Xilinx/Vitis_HLS/2022.2/include/vision/L1/include/common/xf_structs.hpp:1036:41)
WARNING: [HLS 207-5292] unused parameter 'index' (/tools/Xilinx/Vitis_HLS/2022.2/include/vision/L1/include/common/xf_structs.hpp:1224:102)
WARNING: [HLS 207-5292] unused parameter 'index' (/tools/Xilinx/Vitis_HLS/2022.2/include/vision/L1/include/common/xf_structs.hpp:1530:34)
INFO: [HLS 200-111] Finished Source Code Analysis and Preprocessing: CPU user time: 2.15 seconds. CPU system time: 0.29 seconds. Elapsed time: 2.44 seconds; current allocated memory: 203.809 MB.
INFO: [HLS 200-777] Using interface defaults for 'Vivado' flow target.
INFO: [HLS 214-131] Inlining function 'xf::cv::LineBuffer<1, 13, ap_fixed<16, 8, (ap_q_mode)4, (ap_o_mode)0, 0>, (_ramtype)6, 1>::insert_bottom_row(ap_fixed<16, 8, (ap_q_mode)4, (ap_o_mode)0, 0>, int)' into 'xf::cv::LineBuffer<1, 13, ap_fixed<16, 8, (ap_q_mode)4, (ap_o_mode)0, 0>, (_ramtype)6, 1>::insert_top(ap_fixed<16, 8, (ap_q_mode)4, (ap_o_mode)0, 0>, int)' (/tools/Xilinx/Vitis_HLS/2022.2/include/vision/L1/include/common/xf_video_mem.hpp:1042:2)
INFO: [HLS 214-131] Inlining function 'xf::cv::LineBuffer<1, 13, ap_fixed<16, 8, (ap_q_mode)4, (ap_o_mode)0, 0>, (_ramtype)6, 1>::LineBuffer()' into 'yolo_upsamp_top(hls::stream<ap_axi_fp<64, 2, 5, 6>, 0>&, hls::stream<ap_axi_fp<64, 2, 5, 6>, 0>&)' (src/yolo_upsamp.cpp:9:17)
INFO: [HLS 214-131] Inlining function 'xf::cv::LineBuffer<1, 13, ap_fixed<16, 8, (ap_q_mode)4, (ap_o_mode)0, 0>, (_ramtype)6, 1>::getval(int, int)' into 'yolo_upsamp_top(hls::stream<ap_axi_fp<64, 2, 5, 6>, 0>&, hls::stream<ap_axi_fp<64, 2, 5, 6>, 0>&)' (src/yolo_upsamp.cpp:47:68)
INFO: [HLS 214-131] Inlining function 'xf::cv::LineBuffer<1, 13, ap_fixed<16, 8, (ap_q_mode)4, (ap_o_mode)0, 0>, (_ramtype)6, 1>::getval(int, int)' into 'yolo_upsamp_top(hls::stream<ap_axi_fp<64, 2, 5, 6>, 0>&, hls::stream<ap_axi_fp<64, 2, 5, 6>, 0>&)' (src/yolo_upsamp.cpp:46:68)
INFO: [HLS 214-131] Inlining function 'xf::cv::LineBuffer<1, 13, ap_fixed<16, 8, (ap_q_mode)4, (ap_o_mode)0, 0>, (_ramtype)6, 1>::getval(int, int)' into 'yolo_upsamp_top(hls::stream<ap_axi_fp<64, 2, 5, 6>, 0>&, hls::stream<ap_axi_fp<64, 2, 5, 6>, 0>&)' (src/yolo_upsamp.cpp:45:68)
INFO: [HLS 214-131] Inlining function 'xf::cv::LineBuffer<1, 13, ap_fixed<16, 8, (ap_q_mode)4, (ap_o_mode)0, 0>, (_ramtype)6, 1>::getval(int, int)' into 'yolo_upsamp_top(hls::stream<ap_axi_fp<64, 2, 5, 6>, 0>&, hls::stream<ap_axi_fp<64, 2, 5, 6>, 0>&)' (src/yolo_upsamp.cpp:44:68)
INFO: [HLS 214-131] Inlining function 'xf::cv::LineBuffer<1, 13, ap_fixed<16, 8, (ap_q_mode)4, (ap_o_mode)0, 0>, (_ramtype)6, 1>::insert_top(ap_fixed<16, 8, (ap_q_mode)4, (ap_o_mode)0, 0>, int)' into 'yolo_upsamp_top(hls::stream<ap_axi_fp<64, 2, 5, 6>, 0>&, hls::stream<ap_axi_fp<64, 2, 5, 6>, 0>&)' (src/yolo_upsamp.cpp:33:38)
INFO: [HLS 214-131] Inlining function 'xf::cv::LineBuffer<1, 13, ap_fixed<16, 8, (ap_q_mode)4, (ap_o_mode)0, 0>, (_ramtype)6, 1>::insert_top(ap_fixed<16, 8, (ap_q_mode)4, (ap_o_mode)0, 0>, int)' into 'yolo_upsamp_top(hls::stream<ap_axi_fp<64, 2, 5, 6>, 0>&, hls::stream<ap_axi_fp<64, 2, 5, 6>, 0>&)' (src/yolo_upsamp.cpp:32:38)
INFO: [HLS 214-131] Inlining function 'xf::cv::LineBuffer<1, 13, ap_fixed<16, 8, (ap_q_mode)4, (ap_o_mode)0, 0>, (_ramtype)6, 1>::insert_top(ap_fixed<16, 8, (ap_q_mode)4, (ap_o_mode)0, 0>, int)' into 'yolo_upsamp_top(hls::stream<ap_axi_fp<64, 2, 5, 6>, 0>&, hls::stream<ap_axi_fp<64, 2, 5, 6>, 0>&)' (src/yolo_upsamp.cpp:31:38)
INFO: [HLS 214-131] Inlining function 'xf::cv::LineBuffer<1, 13, ap_fixed<16, 8, (ap_q_mode)4, (ap_o_mode)0, 0>, (_ramtype)6, 1>::insert_top(ap_fixed<16, 8, (ap_q_mode)4, (ap_o_mode)0, 0>, int)' into 'yolo_upsamp_top(hls::stream<ap_axi_fp<64, 2, 5, 6>, 0>&, hls::stream<ap_axi_fp<64, 2, 5, 6>, 0>&)' (src/yolo_upsamp.cpp:30:38)
INFO: [HLS 214-131] Inlining function 'xf::cv::LineBuffer<1, 13, ap_fixed<16, 8, (ap_q_mode)4, (ap_o_mode)0, 0>, (_ramtype)6, 1>::LineBuffer()' into 'yolo_upsamp_top(hls::stream<ap_axi_fp<64, 2, 5, 6>, 0>&, hls::stream<ap_axi_fp<64, 2, 5, 6>, 0>&)' (src/yolo_upsamp.cpp:12:17)
INFO: [HLS 214-131] Inlining function 'xf::cv::LineBuffer<1, 13, ap_fixed<16, 8, (ap_q_mode)4, (ap_o_mode)0, 0>, (_ramtype)6, 1>::LineBuffer()' into 'yolo_upsamp_top(hls::stream<ap_axi_fp<64, 2, 5, 6>, 0>&, hls::stream<ap_axi_fp<64, 2, 5, 6>, 0>&)' (src/yolo_upsamp.cpp:11:17)
INFO: [HLS 214-131] Inlining function 'xf::cv::LineBuffer<1, 13, ap_fixed<16, 8, (ap_q_mode)4, (ap_o_mode)0, 0>, (_ramtype)6, 1>::LineBuffer()' into 'yolo_upsamp_top(hls::stream<ap_axi_fp<64, 2, 5, 6>, 0>&, hls::stream<ap_axi_fp<64, 2, 5, 6>, 0>&)' (src/yolo_upsamp.cpp:10:17)
INFO: [HLS 214-377] Adding 'line_buff_group_1' into disaggregation list because there's array-partition pragma applied on the struct field (/tools/Xilinx/Vitis_HLS/2022.2/include/vision/L1/include/common/xf_video_mem.hpp:755:9)
INFO: [HLS 214-377] Adding 'line_buff_group_2' into disaggregation list because there's array-partition pragma applied on the struct field (/tools/Xilinx/Vitis_HLS/2022.2/include/vision/L1/include/common/xf_video_mem.hpp:755:9)
INFO: [HLS 214-377] Adding 'line_buff_group_3' into disaggregation list because there's array-partition pragma applied on the struct field (/tools/Xilinx/Vitis_HLS/2022.2/include/vision/L1/include/common/xf_video_mem.hpp:755:9)
INFO: [HLS 214-377] Adding 'line_buff_group_0' into disaggregation list because there's array-partition pragma applied on the struct field (/tools/Xilinx/Vitis_HLS/2022.2/include/vision/L1/include/common/xf_video_mem.hpp:755:9)
INFO: [HLS 214-210] Disaggregating variable 'line_buff_group_3' (src/yolo_upsamp.cpp:12:17)
INFO: [HLS 214-210] Disaggregating variable 'line_buff_group_2' (src/yolo_upsamp.cpp:11:17)
INFO: [HLS 214-210] Disaggregating variable 'line_buff_group_1' (src/yolo_upsamp.cpp:10:17)
INFO: [HLS 214-210] Disaggregating variable 'line_buff_group_0' (src/yolo_upsamp.cpp:9:17)
INFO: [HLS 214-248] Applying array_partition to 'line_buff_group_0': Complete partitioning on dimension 2. (src/yolo_upsamp.cpp:9:17)
INFO: [HLS 214-248] Applying array_partition to 'line_buff_group_1': Complete partitioning on dimension 2. (src/yolo_upsamp.cpp:10:17)
INFO: [HLS 214-248] Applying array_partition to 'line_buff_group_2': Complete partitioning on dimension 2. (src/yolo_upsamp.cpp:11:17)
INFO: [HLS 214-248] Applying array_partition to 'line_buff_group_3': Complete partitioning on dimension 2. (src/yolo_upsamp.cpp:12:17)
INFO: [HLS 200-111] Finished Compiling Optimization and Transform: CPU user time: 1.68 seconds. CPU system time: 0.15 seconds. Elapsed time: 1.84 seconds; current allocated memory: 204.027 MB.
INFO: [HLS 200-111] Finished Checking Pragmas: CPU user time: 0 seconds. CPU system time: 0 seconds. Elapsed time: 0 seconds; current allocated memory: 204.027 MB.
INFO: [HLS 200-10] Starting code transformations ...
INFO: [HLS 200-111] Finished Standard Transforms: CPU user time: 0.02 seconds. CPU system time: 0 seconds. Elapsed time: 0.03 seconds; current allocated memory: 212.824 MB.
INFO: [HLS 200-10] Checking synthesizability ...
INFO: [HLS 200-111] Finished Checking Synthesizability: CPU user time: 0.05 seconds. CPU system time: 0 seconds. Elapsed time: 0.04 seconds; current allocated memory: 222.426 MB.
INFO: [XFORM 203-11] Balancing expressions in function 'yolo_upsamp_top' (src/yolo_upsamp.cpp:3)...8 expression(s) balanced.
INFO: [HLS 200-111] Finished Loop, function and other optimizations: CPU user time: 0.08 seconds. CPU system time: 0.01 seconds. Elapsed time: 0.09 seconds; current allocated memory: 254.941 MB.
INFO: [XFORM 203-541] Flattening a loop nest 'VITIS_LOOP_21_4' (src/yolo_upsamp.cpp:14:23) in function 'yolo_upsamp_top'.
INFO: [XFORM 203-541] Flattening a loop nest 'VITIS_LOOP_19_3' (src/yolo_upsamp.cpp:14:23) in function 'yolo_upsamp_top'.
INFO: [XFORM 203-541] Flattening a loop nest 'VITIS_LOOP_17_2' (src/yolo_upsamp.cpp:14:23) in function 'yolo_upsamp_top'.
INFO: [XFORM 203-541] Flattening a loop nest 'VITIS_LOOP_15_1' (src/yolo_upsamp.cpp:14:23) in function 'yolo_upsamp_top'.
INFO: [HLS 200-472] Inferring partial write operation for 'line_buff_group_0.val.V' (/tools/Xilinx/Vitis_HLS/2022.2/include/vision/L1/include/common/xf_video_mem.hpp:908:24)
WARNING: [ANALYSIS 214-52] Found false inter dependency for variable 'line_buff_group_0.val.V' (src/yolo_upsamp.cpp:9).
WARNING: [ANALYSIS 214-52] Found false intra dependency for variable 'line_buff_group_0.val.V' (src/yolo_upsamp.cpp:9).
WARNING: [ANALYSIS 214-52] Found false inter dependency for variable 'line_buff_group_0.val.V' (src/yolo_upsamp.cpp:9).
WARNING: [ANALYSIS 214-52] Found false intra dependency for variable 'line_buff_group_0.val.V' (src/yolo_upsamp.cpp:9).
WARNING: [ANALYSIS 214-52] Found false inter dependency for variable 'line_buff_group_0.val.V' (src/yolo_upsamp.cpp:9).
WARNING: [ANALYSIS 214-52] Found false intra dependency for variable 'line_buff_group_0.val.V' (src/yolo_upsamp.cpp:9).
WARNING: [ANALYSIS 214-52] Found false inter dependency for variable 'line_buff_group_0.val.V' (src/yolo_upsamp.cpp:9).
WARNING: [ANALYSIS 214-52] Found false intra dependency for variable 'line_buff_group_0.val.V' (src/yolo_upsamp.cpp:9).
WARNING: [ANALYSIS 214-52] Found false inter dependency for variable 'line_buff_group_0.val.V' (src/yolo_upsamp.cpp:9).
WARNING: [ANALYSIS 214-52] Found false intra dependency for variable 'line_buff_group_0.val.V' (src/yolo_upsamp.cpp:9).
WARNING: [ANALYSIS 214-52] Found false inter dependency for variable 'line_buff_group_0.val.V' (src/yolo_upsamp.cpp:9).
WARNING: [ANALYSIS 214-52] Found false intra dependency for variable 'line_buff_group_0.val.V' (src/yolo_upsamp.cpp:9).
WARNING: [ANALYSIS 214-52] Found false inter dependency for variable 'line_buff_group_0.val.V' (src/yolo_upsamp.cpp:9).
WARNING: [ANALYSIS 214-52] Found false intra dependency for variable 'line_buff_group_0.val.V' (src/yolo_upsamp.cpp:9).
WARNING: [ANALYSIS 214-52] Found false inter dependency for variable 'line_buff_group_0.val.V' (src/yolo_upsamp.cpp:9).
WARNING: [ANALYSIS 214-52] Found false intra dependency for variable 'line_buff_group_0.val.V' (src/yolo_upsamp.cpp:9).
WARNING: [ANALYSIS 214-52] Found false inter dependency for variable 'line_buff_group_1.val.V' (src/yolo_upsamp.cpp:10).
WARNING: [ANALYSIS 214-52] Found false intra dependency for variable 'line_buff_group_1.val.V' (src/yolo_upsamp.cpp:10).
WARNING: [ANALYSIS 214-52] Found false inter dependency for variable 'line_buff_group_1.val.V' (src/yolo_upsamp.cpp:10).
WARNING: [ANALYSIS 214-52] Found false intra dependency for variable 'line_buff_group_1.val.V' (src/yolo_upsamp.cpp:10).
WARNING: [ANALYSIS 214-52] Found false inter dependency for variable 'line_buff_group_1.val.V' (src/yolo_upsamp.cpp:10).
WARNING: [ANALYSIS 214-52] Found false intra dependency for variable 'line_buff_group_1.val.V' (src/yolo_upsamp.cpp:10).
WARNING: [ANALYSIS 214-52] Found false inter dependency for variable 'line_buff_group_1.val.V' (src/yolo_upsamp.cpp:10).
WARNING: [ANALYSIS 214-52] Found false intra dependency for variable 'line_buff_group_1.val.V' (src/yolo_upsamp.cpp:10).
WARNING: [ANALYSIS 214-52] Found false inter dependency for variable 'line_buff_group_1.val.V' (src/yolo_upsamp.cpp:10).
WARNING: [ANALYSIS 214-52] Found false intra dependency for variable 'line_buff_group_1.val.V' (src/yolo_upsamp.cpp:10).
WARNING: [ANALYSIS 214-52] Found false inter dependency for variable 'line_buff_group_1.val.V' (src/yolo_upsamp.cpp:10).
WARNING: [ANALYSIS 214-52] Found false intra dependency for variable 'line_buff_group_1.val.V' (src/yolo_upsamp.cpp:10).
WARNING: [ANALYSIS 214-52] Found false inter dependency for variable 'line_buff_group_1.val.V' (src/yolo_upsamp.cpp:10).
WARNING: [ANALYSIS 214-52] Found false intra dependency for variable 'line_buff_group_1.val.V' (src/yolo_upsamp.cpp:10).
WARNING: [ANALYSIS 214-52] Found false inter dependency for variable 'line_buff_group_1.val.V' (src/yolo_upsamp.cpp:10).
WARNING: [ANALYSIS 214-52] Found false intra dependency for variable 'line_buff_group_1.val.V' (src/yolo_upsamp.cpp:10).
WARNING: [ANALYSIS 214-52] Found false inter dependency for variable 'line_buff_group_2.val.V' (src/yolo_upsamp.cpp:11).
WARNING: [ANALYSIS 214-52] Found false intra dependency for variable 'line_buff_group_2.val.V' (src/yolo_upsamp.cpp:11).
WARNING: [ANALYSIS 214-52] Found false inter dependency for variable 'line_buff_group_2.val.V' (src/yolo_upsamp.cpp:11).
WARNING: [ANALYSIS 214-52] Found false intra dependency for variable 'line_buff_group_2.val.V' (src/yolo_upsamp.cpp:11).
WARNING: [ANALYSIS 214-52] Found false inter dependency for variable 'line_buff_group_2.val.V' (src/yolo_upsamp.cpp:11).
WARNING: [ANALYSIS 214-52] Found false intra dependency for variable 'line_buff_group_2.val.V' (src/yolo_upsamp.cpp:11).
WARNING: [ANALYSIS 214-52] Found false inter dependency for variable 'line_buff_group_2.val.V' (src/yolo_upsamp.cpp:11).
WARNING: [ANALYSIS 214-52] Found false intra dependency for variable 'line_buff_group_2.val.V' (src/yolo_upsamp.cpp:11).
WARNING: [ANALYSIS 214-52] Found false inter dependency for variable 'line_buff_group_2.val.V' (src/yolo_upsamp.cpp:11).
WARNING: [ANALYSIS 214-52] Found false intra dependency for variable 'line_buff_group_2.val.V' (src/yolo_upsamp.cpp:11).
WARNING: [ANALYSIS 214-52] Found false inter dependency for variable 'line_buff_group_2.val.V' (src/yolo_upsamp.cpp:11).
WARNING: [ANALYSIS 214-52] Found false intra dependency for variable 'line_buff_group_2.val.V' (src/yolo_upsamp.cpp:11).
WARNING: [ANALYSIS 214-52] Found false inter dependency for variable 'line_buff_group_2.val.V' (src/yolo_upsamp.cpp:11).
WARNING: [ANALYSIS 214-52] Found false intra dependency for variable 'line_buff_group_2.val.V' (src/yolo_upsamp.cpp:11).
WARNING: [ANALYSIS 214-52] Found false inter dependency for variable 'line_buff_group_2.val.V' (src/yolo_upsamp.cpp:11).
WARNING: [ANALYSIS 214-52] Found false intra dependency for variable 'line_buff_group_2.val.V' (src/yolo_upsamp.cpp:11).
WARNING: [ANALYSIS 214-52] Found false inter dependency for variable 'line_buff_group_3.val.V' (src/yolo_upsamp.cpp:12).
WARNING: [ANALYSIS 214-52] Found false intra dependency for variable 'line_buff_group_3.val.V' (src/yolo_upsamp.cpp:12).
WARNING: [ANALYSIS 214-52] Found false inter dependency for variable 'line_buff_group_3.val.V' (src/yolo_upsamp.cpp:12).
WARNING: [ANALYSIS 214-52] Found false intra dependency for variable 'line_buff_group_3.val.V' (src/yolo_upsamp.cpp:12).
WARNING: [ANALYSIS 214-52] Found false inter dependency for variable 'line_buff_group_3.val.V' (src/yolo_upsamp.cpp:12).
WARNING: [ANALYSIS 214-52] Found false intra dependency for variable 'line_buff_group_3.val.V' (src/yolo_upsamp.cpp:12).
WARNING: [ANALYSIS 214-52] Found false inter dependency for variable 'line_buff_group_3.val.V' (src/yolo_upsamp.cpp:12).
WARNING: [ANALYSIS 214-52] Found false intra dependency for variable 'line_buff_group_3.val.V' (src/yolo_upsamp.cpp:12).
WARNING: [ANALYSIS 214-52] Found false inter dependency for variable 'line_buff_group_3.val.V' (src/yolo_upsamp.cpp:12).
WARNING: [ANALYSIS 214-52] Found false intra dependency for variable 'line_buff_group_3.val.V' (src/yolo_upsamp.cpp:12).
WARNING: [ANALYSIS 214-52] Found false inter dependency for variable 'line_buff_group_3.val.V' (src/yolo_upsamp.cpp:12).
WARNING: [ANALYSIS 214-52] Found false intra dependency for variable 'line_buff_group_3.val.V' (src/yolo_upsamp.cpp:12).
WARNING: [ANALYSIS 214-52] Found false inter dependency for variable 'line_buff_group_3.val.V' (src/yolo_upsamp.cpp:12).
WARNING: [ANALYSIS 214-52] Found false intra dependency for variable 'line_buff_group_3.val.V' (src/yolo_upsamp.cpp:12).
WARNING: [ANALYSIS 214-52] Found false inter dependency for variable 'line_buff_group_3.val.V' (src/yolo_upsamp.cpp:12).
WARNING: [ANALYSIS 214-52] Found false intra dependency for variable 'line_buff_group_3.val.V' (src/yolo_upsamp.cpp:12).
WARNING: [ANALYSIS 214-52] Found false inter dependency for variable 'line_buff_group_0.val.V' (src/yolo_upsamp.cpp:9).
WARNING: [ANALYSIS 214-52] Found false intra dependency for variable 'line_buff_group_0.val.V' (src/yolo_upsamp.cpp:9).
WARNING: [ANALYSIS 214-52] Found false inter dependency for variable 'line_buff_group_0.val.V' (src/yolo_upsamp.cpp:9).
WARNING: [ANALYSIS 214-52] Found false intra dependency for variable 'line_buff_group_0.val.V' (src/yolo_upsamp.cpp:9).
WARNING: [ANALYSIS 214-52] Found false inter dependency for variable 'line_buff_group_0.val.V' (src/yolo_upsamp.cpp:9).
WARNING: [ANALYSIS 214-52] Found false intra dependency for variable 'line_buff_group_0.val.V' (src/yolo_upsamp.cpp:9).
WARNING: [ANALYSIS 214-52] Found false inter dependency for variable 'line_buff_group_0.val.V' (src/yolo_upsamp.cpp:9).
WARNING: [ANALYSIS 214-52] Found false intra dependency for variable 'line_buff_group_0.val.V' (src/yolo_upsamp.cpp:9).
WARNING: [ANALYSIS 214-52] Found false inter dependency for variable 'line_buff_group_0.val.V' (src/yolo_upsamp.cpp:9).
WARNING: [ANALYSIS 214-52] Found false intra dependency for variable 'line_buff_group_0.val.V' (src/yolo_upsamp.cpp:9).
WARNING: [ANALYSIS 214-52] Found false inter dependency for variable 'line_buff_group_0.val.V' (src/yolo_upsamp.cpp:9).
WARNING: [ANALYSIS 214-52] Found false intra dependency for variable 'line_buff_group_0.val.V' (src/yolo_upsamp.cpp:9).
WARNING: [ANALYSIS 214-52] Found false inter dependency for variable 'line_buff_group_0.val.V' (src/yolo_upsamp.cpp:9).
WARNING: [ANALYSIS 214-52] Found false intra dependency for variable 'line_buff_group_0.val.V' (src/yolo_upsamp.cpp:9).
WARNING: [ANALYSIS 214-52] Found false inter dependency for variable 'line_buff_group_0.val.V' (src/yolo_upsamp.cpp:9).
WARNING: [ANALYSIS 214-52] Found false intra dependency for variable 'line_buff_group_0.val.V' (src/yolo_upsamp.cpp:9).
WARNING: [ANALYSIS 214-52] Found false inter dependency for variable 'line_buff_group_1.val.V' (src/yolo_upsamp.cpp:10).
WARNING: [ANALYSIS 214-52] Found false intra dependency for variable 'line_buff_group_1.val.V' (src/yolo_upsamp.cpp:10).
WARNING: [ANALYSIS 214-52] Found false inter dependency for variable 'line_buff_group_1.val.V' (src/yolo_upsamp.cpp:10).
WARNING: [ANALYSIS 214-52] Found false intra dependency for variable 'line_buff_group_1.val.V' (src/yolo_upsamp.cpp:10).
WARNING: [ANALYSIS 214-52] Found false inter dependency for variable 'line_buff_group_1.val.V' (src/yolo_upsamp.cpp:10).
WARNING: [ANALYSIS 214-52] Found false intra dependency for variable 'line_buff_group_1.val.V' (src/yolo_upsamp.cpp:10).
WARNING: [ANALYSIS 214-52] Found false inter dependency for variable 'line_buff_group_1.val.V' (src/yolo_upsamp.cpp:10).
WARNING: [ANALYSIS 214-52] Found false intra dependency for variable 'line_buff_group_1.val.V' (src/yolo_upsamp.cpp:10).
WARNING: [ANALYSIS 214-52] Found false inter dependency for variable 'line_buff_group_1.val.V' (src/yolo_upsamp.cpp:10).
WARNING: [ANALYSIS 214-52] Found false intra dependency for variable 'line_buff_group_1.val.V' (src/yolo_upsamp.cpp:10).
WARNING: [ANALYSIS 214-52] Found false inter dependency for variable 'line_buff_group_1.val.V' (src/yolo_upsamp.cpp:10).
WARNING: [ANALYSIS 214-52] Found false intra dependency for variable 'line_buff_group_1.val.V' (src/yolo_upsamp.cpp:10).
WARNING: [ANALYSIS 214-52] Found false inter dependency for variable 'line_buff_group_1.val.V' (src/yolo_upsamp.cpp:10).
WARNING: [ANALYSIS 214-52] Found false intra dependency for variable 'line_buff_group_1.val.V' (src/yolo_upsamp.cpp:10).
WARNING: [ANALYSIS 214-52] Found false inter dependency for variable 'line_buff_group_1.val.V' (src/yolo_upsamp.cpp:10).
WARNING: [ANALYSIS 214-52] Found false intra dependency for variable 'line_buff_group_1.val.V' (src/yolo_upsamp.cpp:10).
WARNING: [ANALYSIS 214-52] Found false inter dependency for variable 'line_buff_group_2.val.V' (src/yolo_upsamp.cpp:11).
WARNING: [ANALYSIS 214-52] Found false intra dependency for variable 'line_buff_group_2.val.V' (src/yolo_upsamp.cpp:11).
WARNING: [ANALYSIS 214-52] Found false inter dependency for variable 'line_buff_group_2.val.V' (src/yolo_upsamp.cpp:11).
WARNING: [ANALYSIS 214-52] Found false intra dependency for variable 'line_buff_group_2.val.V' (src/yolo_upsamp.cpp:11).
WARNING: [ANALYSIS 214-52] Found false inter dependency for variable 'line_buff_group_2.val.V' (src/yolo_upsamp.cpp:11).
WARNING: [ANALYSIS 214-52] Found false intra dependency for variable 'line_buff_group_2.val.V' (src/yolo_upsamp.cpp:11).
WARNING: [ANALYSIS 214-52] Found false inter dependency for variable 'line_buff_group_2.val.V' (src/yolo_upsamp.cpp:11).
WARNING: [ANALYSIS 214-52] Found false intra dependency for variable 'line_buff_group_2.val.V' (src/yolo_upsamp.cpp:11).
WARNING: [ANALYSIS 214-52] Found false inter dependency for variable 'line_buff_group_2.val.V' (src/yolo_upsamp.cpp:11).
WARNING: [ANALYSIS 214-52] Found false intra dependency for variable 'line_buff_group_2.val.V' (src/yolo_upsamp.cpp:11).
WARNING: [ANALYSIS 214-52] Found false inter dependency for variable 'line_buff_group_2.val.V' (src/yolo_upsamp.cpp:11).
WARNING: [ANALYSIS 214-52] Found false intra dependency for variable 'line_buff_group_2.val.V' (src/yolo_upsamp.cpp:11).
WARNING: [ANALYSIS 214-52] Found false inter dependency for variable 'line_buff_group_2.val.V' (src/yolo_upsamp.cpp:11).
WARNING: [ANALYSIS 214-52] Found false intra dependency for variable 'line_buff_group_2.val.V' (src/yolo_upsamp.cpp:11).
WARNING: [ANALYSIS 214-52] Found false inter dependency for variable 'line_buff_group_2.val.V' (src/yolo_upsamp.cpp:11).
WARNING: [ANALYSIS 214-52] Found false intra dependency for variable 'line_buff_group_2.val.V' (src/yolo_upsamp.cpp:11).
WARNING: [ANALYSIS 214-52] Found false inter dependency for variable 'line_buff_group_3.val.V' (src/yolo_upsamp.cpp:12).
WARNING: [ANALYSIS 214-52] Found false intra dependency for variable 'line_buff_group_3.val.V' (src/yolo_upsamp.cpp:12).
WARNING: [ANALYSIS 214-52] Found false inter dependency for variable 'line_buff_group_3.val.V' (src/yolo_upsamp.cpp:12).
WARNING: [ANALYSIS 214-52] Found false intra dependency for variable 'line_buff_group_3.val.V' (src/yolo_upsamp.cpp:12).
WARNING: [ANALYSIS 214-52] Found false inter dependency for variable 'line_buff_group_3.val.V' (src/yolo_upsamp.cpp:12).
WARNING: [ANALYSIS 214-52] Found false intra dependency for variable 'line_buff_group_3.val.V' (src/yolo_upsamp.cpp:12).
WARNING: [ANALYSIS 214-52] Found false inter dependency for variable 'line_buff_group_3.val.V' (src/yolo_upsamp.cpp:12).
