#-----------------------------------------------------------
# xsim v2022.2.2 (64-bit)
# SW Build 3788238 on Tue Feb 21 19:59:23 MST 2023
# IP Build 3783773 on Tue Feb 21 23:41:56 MST 2023
# Start of session at: Sat Nov  2 18:43:36 2024
# Process ID: 200294
# Current directory: /home/tony/Desktop/Tiny_YOLO_v3_ZYNQ/code/hls/yolo_acc/yolo_acc_prj/solution1/sim/verilog
# Command line: xsim -mode tcl -source {xsim.dir/yolo_acc_top/xsim_script.tcl}
# Log file: /home/tony/Desktop/Tiny_YOLO_v3_ZYNQ/code/hls/yolo_acc/yolo_acc_prj/solution1/sim/verilog/xsim.log
# Journal file: /home/tony/Desktop/Tiny_YOLO_v3_ZYNQ/code/hls/yolo_acc/yolo_acc_prj/solution1/sim/verilog/xsim.jou
# Running On: tony, OS: Linux, CPU Frequency: 2700.000 MHz, CPU Physical cores: 14, Host memory: 33431 MB
#-----------------------------------------------------------
source xsim.dir/yolo_acc_top/xsim_script.tcl
# xsim {yolo_acc_top} -autoloadwcfg -tclbatch {yolo_acc_top.tcl}
Time resolution is 1 ps
source yolo_acc_top.tcl
## run all
////////////////////////////////////////////////////////////////////////////////////
// Inter-Transaction Progress: Completed Transaction / Total Transaction
// Intra-Transaction Progress: Measured Latency / Latency Estimation * 100%
//
// RTL Simulation : "Inter-Transaction Progress" ["Intra-Transaction Progress"] @ "Simulation Time"
////////////////////////////////////////////////////////////////////////////////////
// RTL Simulation : 0 / 1 [0.00%] @ "125000"
// RTL Simulation : 1 / 1 [100.00%] @ "13845425000"
////////////////////////////////////////////////////////////////////////////////////
$finish called at time : 13845485 ns : File "/home/tony/Desktop/Tiny_YOLO_v3_ZYNQ/code/hls/yolo_acc/yolo_acc_prj/solution1/sim/verilog/yolo_acc_top.autotb.v" Line 414
run: Time (s): cpu = 00:00:00.01 ; elapsed = 00:00:33 . Memory (MB): peak = 1475.426 ; gain = 0.000 ; free physical = 16818 ; free virtual = 58183
## quit
INFO: xsimkernel Simulation Memory Usage: 694540 KB (Peak: 694540 KB), Simulation CPU Usage: 33180 ms
INFO: [Common 17-206] Exiting xsim at Sat Nov  2 18:44:11 2024...
