#-----------------------------------------------------------
# xsim v2022.2.2 (64-bit)
# SW Build 3788238 on Tue Feb 21 19:59:23 MST 2023
# IP Build 3783773 on Tue Feb 21 23:41:56 MST 2023
# Start of session at: Sun Nov  3 20:49:43 2024
# Process ID: 30901
# Current directory: /home/tony/Desktop/Tiny_YOLO_v3_ZYNQ/code/hls/yolo_conv/yolo_conv_prj/solution1/sim/verilog
# Command line: xsim -mode tcl -source {xsim.dir/yolo_conv_top/xsim_script.tcl}
# Log file: /home/tony/Desktop/Tiny_YOLO_v3_ZYNQ/code/hls/yolo_conv/yolo_conv_prj/solution1/sim/verilog/xsim.log
# Journal file: /home/tony/Desktop/Tiny_YOLO_v3_ZYNQ/code/hls/yolo_conv/yolo_conv_prj/solution1/sim/verilog/xsim.jou
# Running On: tony, OS: Linux, CPU Frequency: 2700.000 MHz, CPU Physical cores: 14, Host memory: 33431 MB
#-----------------------------------------------------------
source xsim.dir/yolo_conv_top/xsim_script.tcl
# xsim {yolo_conv_top} -autoloadwcfg -tclbatch {yolo_conv_top.tcl}
Time resolution is 1 ps
source yolo_conv_top.tcl
## run all
////////////////////////////////////////////////////////////////////////////////////
// Inter-Transaction Progress: Completed Transaction / Total Transaction
// Intra-Transaction Progress: Measured Latency / Latency Estimation * 100%
//
// RTL Simulation : "Inter-Transaction Progress" ["Intra-Transaction Progress"] @ "Simulation Time"
////////////////////////////////////////////////////////////////////////////////////
// RTL Simulation : 0 / 1 [0.00%] @ "116000"
// RTL Simulation : 1 / 1 [100.00%] @ "210506000"
////////////////////////////////////////////////////////////////////////////////////
$finish called at time : 210551250 ps : File "/home/tony/Desktop/Tiny_YOLO_v3_ZYNQ/code/hls/yolo_conv/yolo_conv_prj/solution1/sim/verilog/yolo_conv_top.autotb.v" Line 392
run: Time (s): cpu = 00:00:00 ; elapsed = 00:00:06 . Memory (MB): peak = 1475.426 ; gain = 0.000 ; free physical = 17211 ; free virtual = 55953
## quit
INFO: [Common 17-206] Exiting xsim at Sun Nov  3 20:49:51 2024...
