Sun Nov  3 20:46:35 2024: Running xcd server. This server was built by gradle.
Sun Nov  3 20:46:35 2024: Server was asked to start on port: '39311'
Sun Nov  3 20:46:35 2024: Server is using token UUID: 'e3fdc23b-e5d2-4d4a-928e-9fb3c19137e2'
Sun Nov  3 20:46:35 2024: SESSION_MGR: creating session with session uuid: '6d04a3e9-ade5-4ab9-8d63-1f78fcd2ec76' and name 'default'
Sun Nov  3 20:46:35 2024: Attempting to start server on port '39311'
Sun Nov  3 20:46:35 2024: XCD main fifo: created main fifo '/tmp/xcdmaine3fdc23b-e5d2-4d4a-928e-9fb3c19137e2', fd read = 13
Sun Nov  3 20:46:35 2024: Running Dispatch Server
Sun Nov  3 20:46:35 2024: Version 2.2.0
Sun Nov  3 20:46:44 2024: Dispatch Server: Accepted socket connection from client
Sun Nov  3 20:46:44 2024: Starting Socket connection
Sun Nov  3 20:46:44 2024: EXCHANGE_TOKEN received, server token: e3fdc23b-e5d2-4d4a-928e-9fb3c19137e2, passed token: e3fdc23b-e5d2-4d4a-928e-9fb3c19137e2
Sun Nov  3 20:46:44 2024: SESSION_MGR: creating session with session uuid: 'c0bb1a49-9ef6-433a-ae4c-86e36db5b227' and name 'vitis_hls'
Sun Nov  3 20:46:44 2024: KERNEL_SVC: creating session with uuid: 'c0bb1a49-9ef6-433a-ae4c-86e36db5b227' and name 'vitis_hls'
Sun Nov  3 20:46:44 2024: GUIDANCE_SMGR: creating guidance session with uuid: 'c0bb1a49-9ef6-433a-ae4c-86e36db5b227' and name 'vitis_hls'
Sun Nov  3 20:48:18 2024: STOP_SERVER received, server token: e3fdc23b-e5d2-4d4a-928e-9fb3c19137e2, passed token: e3fdc23b-e5d2-4d4a-928e-9fb3c19137e2
Sun Nov  3 20:48:18 2024: Socket received request to stop server.
Sun Nov  3 20:48:18 2024: Dispatch Server: do_await_stop
Sun Nov  3 20:48:18 2024: Dispatch Server: stopping mainFifo_
Sun Nov  3 20:48:18 2024: XCD main fifo: Stopping
Sun Nov  3 20:48:18 2024: XCD main fifo: do_read error code: Operation canceled
Sun Nov  3 20:48:18 2024: XCD main fifo: bytes_transferred: 0
Sun Nov  3 20:48:18 2024: SERVER: destructor for server bound to port 39311
Sun Nov  3 20:48:18 2024: XCD main fifo: Good unlink of /tmp/xcdmaine3fdc23b-e5d2-4d4a-928e-9fb3c19137e2
Sun Nov  3 20:48:18 2024: Server exiting with status 0.
Sun Nov  3 20:48:18 2024: Closing log file.
