Copyright 1986-2023 Xilinx, Inc. All Rights Reserved.
------------------------------------------------------------------------------------------------------------------------------------------
| Tool Version : Vivado v.2022.2.2 (lin64) Build 3788238 Tue Feb 21 19:59:23 MST 2023
| Date         : Tue Nov  5 23:09:34 2024
| Host         : tony running 64-bit Red Hat Enterprise Linux release 8.10 (Ootpa)
| Command      : report_drc -file design_1_wrapper_drc_routed.rpt -pb design_1_wrapper_drc_routed.pb -rpx design_1_wrapper_drc_routed.rpx
| Design       : design_1_wrapper
| Device       : xc7z020clg400-1
| Speed File   : -1
| Design State : Fully Routed
------------------------------------------------------------------------------------------------------------------------------------------

Report DRC

Table of Contents
-----------------
1. REPORT SUMMARY
2. REPORT DETAILS

1. REPORT SUMMARY
-----------------
            Netlist: netlist
          Floorplan: design_1
      Design limits: <entire design considered>
           Ruledeck: default
             Max violations: <unlimited>
             Violations found: 60
+-----------+----------+----------------------------+------------+
| Rule      | Severity | Description                | Violations |
+-----------+----------+----------------------------+------------+
| DPIP-1    | Warning  | Input pipelining           | 7          |
| DPOP-1    | Warning  | PREG Output pipelining     | 19         |
| DPOP-2    | Warning  | MREG Output pipelining     | 24         |
| PDCN-1569 | Warning  | LUT equation term check    | 4          |
| REQP-1839 | Warning  | RAMB36 async control check | 4          |
| REQP-1840 | Warning  | RAMB18 async control check | 1          |
| RTSTAT-10 | Warning  | No routable loads          | 1          |
+-----------+----------+----------------------------+------------+

2. REPORT DETAILS
-----------------
DPIP-1#1 Warning
Input pipelining  
DSP design_1_i/yolo_conv_top_0/inst/grp_yolo_conv_top_Pipeline_VITIS_LOOP_83_4_VITIS_LOOP_87_5_VITIS_LOOP_90_6_fu_1608/mac_muladd_4ns_9ns_9ns_12_4_1_U168/yolo_conv_top_mac_muladd_4ns_9ns_9ns_12_4_1_DSP48_3_U/p_reg_reg input design_1_i/yolo_conv_top_0/inst/grp_yolo_conv_top_Pipeline_VITIS_LOOP_83_4_VITIS_LOOP_87_5_VITIS_LOOP_90_6_fu_1608/mac_muladd_4ns_9ns_9ns_12_4_1_U168/yolo_conv_top_mac_muladd_4ns_9ns_9ns_12_4_1_DSP48_3_U/p_reg_reg/C[47:0] is not pipelined. Pipelining DSP48 input will improve performance.
Related violations: <none>

DPIP-1#2 Warning
Input pipelining  
DSP design_1_i/yolo_max_pool_top_0/inst/grp_yolo_max_pool_top_Pipeline_VITIS_LOOP_27_1_VITIS_LOOP_33_3_VITIS_LOOP_36_4_VITIS_fu_568/add_ln871_reg_2542_reg input design_1_i/yolo_max_pool_top_0/inst/grp_yolo_max_pool_top_Pipeline_VITIS_LOOP_27_1_VITIS_LOOP_33_3_VITIS_LOOP_36_4_VITIS_fu_568/add_ln871_reg_2542_reg/A[29:0] is not pipelined. Pipelining DSP48 input will improve performance.
Related violations: <none>

DPIP-1#3 Warning
Input pipelining  
DSP design_1_i/yolo_max_pool_top_0/inst/grp_yolo_max_pool_top_Pipeline_VITIS_LOOP_27_1_VITIS_LOOP_33_3_VITIS_LOOP_36_4_VITIS_fu_568/add_ln984_1_reg_2552_reg input design_1_i/yolo_max_pool_top_0/inst/grp_yolo_max_pool_top_Pipeline_VITIS_LOOP_27_1_VITIS_LOOP_33_3_VITIS_LOOP_36_4_VITIS_fu_568/add_ln984_1_reg_2552_reg/A[29:0] is not pipelined. Pipelining DSP48 input will improve performance.
Related violations: <none>

DPIP-1#4 Warning
Input pipelining  
DSP design_1_i/yolo_max_pool_top_0/inst/grp_yolo_max_pool_top_Pipeline_VITIS_LOOP_27_1_VITIS_LOOP_33_3_VITIS_LOOP_36_4_VITIS_fu_568/add_ln984_1_reg_2552_reg input design_1_i/yolo_max_pool_top_0/inst/grp_yolo_max_pool_top_Pipeline_VITIS_LOOP_27_1_VITIS_LOOP_33_3_VITIS_LOOP_36_4_VITIS_fu_568/add_ln984_1_reg_2552_reg/C[47:0] is not pipelined. Pipelining DSP48 input will improve performance.
Related violations: <none>

DPIP-1#5 Warning
Input pipelining  
DSP design_1_i/yolo_max_pool_top_0/inst/grp_yolo_max_pool_top_Pipeline_VITIS_LOOP_27_1_VITIS_LOOP_33_3_VITIS_LOOP_36_4_VITIS_fu_568/add_ln984_fu_1737_p2 input design_1_i/yolo_max_pool_top_0/inst/grp_yolo_max_pool_top_Pipeline_VITIS_LOOP_27_1_VITIS_LOOP_33_3_VITIS_LOOP_36_4_VITIS_fu_568/add_ln984_fu_1737_p2/A[29:0] is not pipelined. Pipelining DSP48 input will improve performance.
Related violations: <none>

DPIP-1#6 Warning
Input pipelining  
DSP design_1_i/yolo_max_pool_top_0/inst/grp_yolo_max_pool_top_Pipeline_VITIS_LOOP_27_1_VITIS_LOOP_33_3_VITIS_LOOP_36_4_VITIS_fu_568/add_ln984_fu_1737_p2 input design_1_i/yolo_max_pool_top_0/inst/grp_yolo_max_pool_top_Pipeline_VITIS_LOOP_27_1_VITIS_LOOP_33_3_VITIS_LOOP_36_4_VITIS_fu_568/add_ln984_fu_1737_p2/C[47:0] is not pipelined. Pipelining DSP48 input will improve performance.
Related violations: <none>

DPIP-1#7 Warning
Input pipelining  
DSP design_1_i/yolo_max_pool_top_0/inst/mul_ln4_1_reg_772_reg input design_1_i/yolo_max_pool_top_0/inst/mul_ln4_1_reg_772_reg/B[17:0] is not pipelined. Pipelining DSP48 input will improve performance.
Related violations: <none>

DPOP-1#1 Warning
PREG Output pipelining  
DSP design_1_i/yolo_acc_top_0/inst/mul_9ns_4ns_13_1_1_U24/dout output design_1_i/yolo_acc_top_0/inst/mul_9ns_4ns_13_1_1_U24/dout/P[47:0] is not pipelined (PREG=0). Pipelining the DSP48 output will improve performance and often saves power so it is suggested whenever possible to fully pipeline this function.  If this DSP48 function was inferred, it is suggested to describe an additional register stage after this function.  If the DSP48 was instantiated in the design, it is suggested to set the PREG attribute to 1.
Related violations: <none>

DPOP-1#2 Warning
PREG Output pipelining  
DSP design_1_i/yolo_conv_top_0/inst/mul_9ns_4ns_13_1_1_U336/dout output design_1_i/yolo_conv_top_0/inst/mul_9ns_4ns_13_1_1_U336/dout/P[47:0] is not pipelined (PREG=0). Pipelining the DSP48 output will improve performance and often saves power so it is suggested whenever possible to fully pipeline this function.  If this DSP48 function was inferred, it is suggested to describe an additional register stage after this function.  If the DSP48 was instantiated in the design, it is suggested to set the PREG attribute to 1.
Related violations: <none>

DPOP-1#3 Warning
PREG Output pipelining  
DSP design_1_i/yolo_max_pool_top_0/inst/grp_yolo_max_pool_top_Pipeline_VITIS_LOOP_27_1_VITIS_LOOP_33_3_VITIS_LOOP_36_4_VITIS_fu_568/add_ln984_fu_1737_p2 output design_1_i/yolo_max_pool_top_0/inst/grp_yolo_max_pool_top_Pipeline_VITIS_LOOP_27_1_VITIS_LOOP_33_3_VITIS_LOOP_36_4_VITIS_fu_568/add_ln984_fu_1737_p2/P[47:0] is not pipelined (PREG=0). Pipelining the DSP48 output will improve performance and often saves power so it is suggested whenever possible to fully pipeline this function.  If this DSP48 function was inferred, it is suggested to describe an additional register stage after this function.  If the DSP48 was instantiated in the design, it is suggested to set the PREG attribute to 1.
Related violations: <none>

DPOP-1#4 Warning
PREG Output pipelining  
DSP design_1_i/yolo_yolo_top_0/inst/grp_yolo_yolo_top_Pipeline_VITIS_LOOP_14_1_VITIS_LOOP_17_2_VITIS_LOOP_20_3_fu_82/grp_logistic_activate_fu_255/grp_exp_16_8_s_fu_59/mul_25ns_25ns_50_1_1_U2/dout__0 output design_1_i/yolo_yolo_top_0/inst/grp_yolo_yolo_top_Pipeline_VITIS_LOOP_14_1_VITIS_LOOP_17_2_VITIS_LOOP_20_3_fu_82/grp_logistic_activate_fu_255/grp_exp_16_8_s_fu_59/mul_25ns_25ns_50_1_1_U2/dout__0/P[47:0] is not pipelined (PREG=0). Pipelining the DSP48 output will improve performance and often saves power so it is suggested whenever possible to fully pipeline this function.  If this DSP48 function was inferred, it is suggested to describe an additional register stage after this function.  If the DSP48 was instantiated in the design, it is suggested to set the PREG attribute to 1.
Related violations: <none>

DPOP-1#5 Warning
PREG Output pipelining  
DSP design_1_i/yolo_yolo_top_0/inst/grp_yolo_yolo_top_Pipeline_VITIS_LOOP_14_1_VITIS_LOOP_17_2_VITIS_LOOP_20_3_fu_82/grp_logistic_activate_fu_255/grp_exp_16_8_s_fu_59/mul_25ns_25ns_50_1_1_U2/dout__0__0 output design_1_i/yolo_yolo_top_0/inst/grp_yolo_yolo_top_Pipeline_VITIS_LOOP_14_1_VITIS_LOOP_17_2_VITIS_LOOP_20_3_fu_82/grp_logistic_activate_fu_255/grp_exp_16_8_s_fu_59/mul_25ns_25ns_50_1_1_U2/dout__0__0/P[47:0] is not pipelined (PREG=0). Pipelining the DSP48 output will improve performance and often saves power so it is suggested whenever possible to fully pipeline this function.  If this DSP48 function was inferred, it is suggested to describe an additional register stage after this function.  If the DSP48 was instantiated in the design, it is suggested to set the PREG attribute to 1.
Related violations: <none>

DPOP-1#6 Warning
PREG Output pipelining  
DSP design_1_i/yolo_yolo_top_0/inst/grp_yolo_yolo_top_Pipeline_VITIS_LOOP_14_1_VITIS_LOOP_17_2_VITIS_LOOP_20_3_fu_82/grp_logistic_activate_fu_255/grp_exp_16_8_s_fu_59/mul_25ns_25ns_50_1_1_U2/dout__1 output design_1_i/yolo_yolo_top_0/inst/grp_yolo_yolo_top_Pipeline_VITIS_LOOP_14_1_VITIS_LOOP_17_2_VITIS_LOOP_20_3_fu_82/grp_logistic_activate_fu_255/grp_exp_16_8_s_fu_59/mul_25ns_25ns_50_1_1_U2/dout__1/P[47:0] is not pipelined (PREG=0). Pipelining the DSP48 output will improve performance and often saves power so it is suggested whenever possible to fully pipeline this function.  If this DSP48 function was inferred, it is suggested to describe an additional register stage after this function.  If the DSP48 was instantiated in the design, it is suggested to set the PREG attribute to 1.
Related violations: <none>

DPOP-1#7 Warning
PREG Output pipelining  
DSP design_1_i/yolo_yolo_top_0/inst/grp_yolo_yolo_top_Pipeline_VITIS_LOOP_14_1_VITIS_LOOP_17_2_VITIS_LOOP_20_3_fu_82/grp_logistic_activate_fu_255/grp_exp_16_8_s_fu_59/mul_25ns_25ns_50_1_1_U2/dout__2 output design_1_i/yolo_yolo_top_0/inst/grp_yolo_yolo_top_Pipeline_VITIS_LOOP_14_1_VITIS_LOOP_17_2_VITIS_LOOP_20_3_fu_82/grp_logistic_activate_fu_255/grp_exp_16_8_s_fu_59/mul_25ns_25ns_50_1_1_U2/dout__2/P[47:0] is not pipelined (PREG=0). Pipelining the DSP48 output will improve performance and often saves power so it is suggested whenever possible to fully pipeline this function.  If this DSP48 function was inferred, it is suggested to describe an additional register stage after this function.  If the DSP48 was instantiated in the design, it is suggested to set the PREG attribute to 1.
Related violations: <none>

DPOP-1#8 Warning
PREG Output pipelining  
DSP design_1_i/yolo_yolo_top_0/inst/grp_yolo_yolo_top_Pipeline_VITIS_LOOP_14_1_VITIS_LOOP_17_2_VITIS_LOOP_20_3_fu_82/grp_logistic_activate_fu_267/grp_exp_16_8_s_fu_59/mul_25ns_25ns_50_1_1_U2/dout__0 output design_1_i/yolo_yolo_top_0/inst/grp_yolo_yolo_top_Pipeline_VITIS_LOOP_14_1_VITIS_LOOP_17_2_VITIS_LOOP_20_3_fu_82/grp_logistic_activate_fu_267/grp_exp_16_8_s_fu_59/mul_25ns_25ns_50_1_1_U2/dout__0/P[47:0] is not pipelined (PREG=0). Pipelining the DSP48 output will improve performance and often saves power so it is suggested whenever possible to fully pipeline this function.  If this DSP48 function was inferred, it is suggested to describe an additional register stage after this function.  If the DSP48 was instantiated in the design, it is suggested to set the PREG attribute to 1.
Related violations: <none>

DPOP-1#9 Warning
PREG Output pipelining  
DSP design_1_i/yolo_yolo_top_0/inst/grp_yolo_yolo_top_Pipeline_VITIS_LOOP_14_1_VITIS_LOOP_17_2_VITIS_LOOP_20_3_fu_82/grp_logistic_activate_fu_267/grp_exp_16_8_s_fu_59/mul_25ns_25ns_50_1_1_U2/dout__0__0 output design_1_i/yolo_yolo_top_0/inst/grp_yolo_yolo_top_Pipeline_VITIS_LOOP_14_1_VITIS_LOOP_17_2_VITIS_LOOP_20_3_fu_82/grp_logistic_activate_fu_267/grp_exp_16_8_s_fu_59/mul_25ns_25ns_50_1_1_U2/dout__0__0/P[47:0] is not pipelined (PREG=0). Pipelining the DSP48 output will improve performance and often saves power so it is suggested whenever possible to fully pipeline this function.  If this DSP48 function was inferred, it is suggested to describe an additional register stage after this function.  If the DSP48 was instantiated in the design, it is suggested to set the PREG attribute to 1.
Related violations: <none>

DPOP-1#10 Warning
PREG Output pipelining  
DSP design_1_i/yolo_yolo_top_0/inst/grp_yolo_yolo_top_Pipeline_VITIS_LOOP_14_1_VITIS_LOOP_17_2_VITIS_LOOP_20_3_fu_82/grp_logistic_activate_fu_267/grp_exp_16_8_s_fu_59/mul_25ns_25ns_50_1_1_U2/dout__1 output design_1_i/yolo_yolo_top_0/inst/grp_yolo_yolo_top_Pipeline_VITIS_LOOP_14_1_VITIS_LOOP_17_2_VITIS_LOOP_20_3_fu_82/grp_logistic_activate_fu_267/grp_exp_16_8_s_fu_59/mul_25ns_25ns_50_1_1_U2/dout__1/P[47:0] is not pipelined (PREG=0). Pipelining the DSP48 output will improve performance and often saves power so it is suggested whenever possible to fully pipeline this function.  If this DSP48 function was inferred, it is suggested to describe an additional register stage after this function.  If the DSP48 was instantiated in the design, it is suggested to set the PREG attribute to 1.
Related violations: <none>

DPOP-1#11 Warning
PREG Output pipelining  
DSP design_1_i/yolo_yolo_top_0/inst/grp_yolo_yolo_top_Pipeline_VITIS_LOOP_14_1_VITIS_LOOP_17_2_VITIS_LOOP_20_3_fu_82/grp_logistic_activate_fu_267/grp_exp_16_8_s_fu_59/mul_25ns_25ns_50_1_1_U2/dout__2 output design_1_i/yolo_yolo_top_0/inst/grp_yolo_yolo_top_Pipeline_VITIS_LOOP_14_1_VITIS_LOOP_17_2_VITIS_LOOP_20_3_fu_82/grp_logistic_activate_fu_267/grp_exp_16_8_s_fu_59/mul_25ns_25ns_50_1_1_U2/dout__2/P[47:0] is not pipelined (PREG=0). Pipelining the DSP48 output will improve performance and often saves power so it is suggested whenever possible to fully pipeline this function.  If this DSP48 function was inferred, it is suggested to describe an additional register stage after this function.  If the DSP48 was instantiated in the design, it is suggested to set the PREG attribute to 1.
Related violations: <none>

DPOP-1#12 Warning
PREG Output pipelining  
DSP design_1_i/yolo_yolo_top_0/inst/grp_yolo_yolo_top_Pipeline_VITIS_LOOP_14_1_VITIS_LOOP_17_2_VITIS_LOOP_20_3_fu_82/grp_logistic_activate_fu_279/grp_exp_16_8_s_fu_59/mul_25ns_25ns_50_1_1_U2/dout__0 output design_1_i/yolo_yolo_top_0/inst/grp_yolo_yolo_top_Pipeline_VITIS_LOOP_14_1_VITIS_LOOP_17_2_VITIS_LOOP_20_3_fu_82/grp_logistic_activate_fu_279/grp_exp_16_8_s_fu_59/mul_25ns_25ns_50_1_1_U2/dout__0/P[47:0] is not pipelined (PREG=0). Pipelining the DSP48 output will improve performance and often saves power so it is suggested whenever possible to fully pipeline this function.  If this DSP48 function was inferred, it is suggested to describe an additional register stage after this function.  If the DSP48 was instantiated in the design, it is suggested to set the PREG attribute to 1.
Related violations: <none>

DPOP-1#13 Warning
PREG Output pipelining  
DSP design_1_i/yolo_yolo_top_0/inst/grp_yolo_yolo_top_Pipeline_VITIS_LOOP_14_1_VITIS_LOOP_17_2_VITIS_LOOP_20_3_fu_82/grp_logistic_activate_fu_279/grp_exp_16_8_s_fu_59/mul_25ns_25ns_50_1_1_U2/dout__0__0 output design_1_i/yolo_yolo_top_0/inst/grp_yolo_yolo_top_Pipeline_VITIS_LOOP_14_1_VITIS_LOOP_17_2_VITIS_LOOP_20_3_fu_82/grp_logistic_activate_fu_279/grp_exp_16_8_s_fu_59/mul_25ns_25ns_50_1_1_U2/dout__0__0/P[47:0] is not pipelined (PREG=0). Pipelining the DSP48 output will improve performance and often saves power so it is suggested whenever possible to fully pipeline this function.  If this DSP48 function was inferred, it is suggested to describe an additional register stage after this function.  If the DSP48 was instantiated in the design, it is suggested to set the PREG attribute to 1.
Related violations: <none>

DPOP-1#14 Warning
PREG Output pipelining  
DSP design_1_i/yolo_yolo_top_0/inst/grp_yolo_yolo_top_Pipeline_VITIS_LOOP_14_1_VITIS_LOOP_17_2_VITIS_LOOP_20_3_fu_82/grp_logistic_activate_fu_279/grp_exp_16_8_s_fu_59/mul_25ns_25ns_50_1_1_U2/dout__1 output design_1_i/yolo_yolo_top_0/inst/grp_yolo_yolo_top_Pipeline_VITIS_LOOP_14_1_VITIS_LOOP_17_2_VITIS_LOOP_20_3_fu_82/grp_logistic_activate_fu_279/grp_exp_16_8_s_fu_59/mul_25ns_25ns_50_1_1_U2/dout__1/P[47:0] is not pipelined (PREG=0). Pipelining the DSP48 output will improve performance and often saves power so it is suggested whenever possible to fully pipeline this function.  If this DSP48 function was inferred, it is suggested to describe an additional register stage after this function.  If the DSP48 was instantiated in the design, it is suggested to set the PREG attribute to 1.
Related violations: <none>

DPOP-1#15 Warning
PREG Output pipelining  
DSP design_1_i/yolo_yolo_top_0/inst/grp_yolo_yolo_top_Pipeline_VITIS_LOOP_14_1_VITIS_LOOP_17_2_VITIS_LOOP_20_3_fu_82/grp_logistic_activate_fu_279/grp_exp_16_8_s_fu_59/mul_25ns_25ns_50_1_1_U2/dout__2 output design_1_i/yolo_yolo_top_0/inst/grp_yolo_yolo_top_Pipeline_VITIS_LOOP_14_1_VITIS_LOOP_17_2_VITIS_LOOP_20_3_fu_82/grp_logistic_activate_fu_279/grp_exp_16_8_s_fu_59/mul_25ns_25ns_50_1_1_U2/dout__2/P[47:0] is not pipelined (PREG=0). Pipelining the DSP48 output will improve performance and often saves power so it is suggested whenever possible to fully pipeline this function.  If this DSP48 function was inferred, it is suggested to describe an additional register stage after this function.  If the DSP48 was instantiated in the design, it is suggested to set the PREG attribute to 1.
Related violations: <none>

DPOP-1#16 Warning
PREG Output pipelining  
DSP design_1_i/yolo_yolo_top_0/inst/grp_yolo_yolo_top_Pipeline_VITIS_LOOP_14_1_VITIS_LOOP_17_2_VITIS_LOOP_20_3_fu_82/grp_logistic_activate_fu_291/grp_exp_16_8_s_fu_59/mul_25ns_25ns_50_1_1_U2/dout__0 output design_1_i/yolo_yolo_top_0/inst/grp_yolo_yolo_top_Pipeline_VITIS_LOOP_14_1_VITIS_LOOP_17_2_VITIS_LOOP_20_3_fu_82/grp_logistic_activate_fu_291/grp_exp_16_8_s_fu_59/mul_25ns_25ns_50_1_1_U2/dout__0/P[47:0] is not pipelined (PREG=0). Pipelining the DSP48 output will improve performance and often saves power so it is suggested whenever possible to fully pipeline this function.  If this DSP48 function was inferred, it is suggested to describe an additional register stage after this function.  If the DSP48 was instantiated in the design, it is suggested to set the PREG attribute to 1.
Related violations: <none>

DPOP-1#17 Warning
PREG Output pipelining  
DSP design_1_i/yolo_yolo_top_0/inst/grp_yolo_yolo_top_Pipeline_VITIS_LOOP_14_1_VITIS_LOOP_17_2_VITIS_LOOP_20_3_fu_82/grp_logistic_activate_fu_291/grp_exp_16_8_s_fu_59/mul_25ns_25ns_50_1_1_U2/dout__0__0 output design_1_i/yolo_yolo_top_0/inst/grp_yolo_yolo_top_Pipeline_VITIS_LOOP_14_1_VITIS_LOOP_17_2_VITIS_LOOP_20_3_fu_82/grp_logistic_activate_fu_291/grp_exp_16_8_s_fu_59/mul_25ns_25ns_50_1_1_U2/dout__0__0/P[47:0] is not pipelined (PREG=0). Pipelining the DSP48 output will improve performance and often saves power so it is suggested whenever possible to fully pipeline this function.  If this DSP48 function was inferred, it is suggested to describe an additional register stage after this function.  If the DSP48 was instantiated in the design, it is suggested to set the PREG attribute to 1.
Related violations: <none>

DPOP-1#18 Warning
PREG Output pipelining  
DSP design_1_i/yolo_yolo_top_0/inst/grp_yolo_yolo_top_Pipeline_VITIS_LOOP_14_1_VITIS_LOOP_17_2_VITIS_LOOP_20_3_fu_82/grp_logistic_activate_fu_291/grp_exp_16_8_s_fu_59/mul_25ns_25ns_50_1_1_U2/dout__1 output design_1_i/yolo_yolo_top_0/inst/grp_yolo_yolo_top_Pipeline_VITIS_LOOP_14_1_VITIS_LOOP_17_2_VITIS_LOOP_20_3_fu_82/grp_logistic_activate_fu_291/grp_exp_16_8_s_fu_59/mul_25ns_25ns_50_1_1_U2/dout__1/P[47:0] is not pipelined (PREG=0). Pipelining the DSP48 output will improve performance and often saves power so it is suggested whenever possible to fully pipeline this function.  If this DSP48 function was inferred, it is suggested to describe an additional register stage after this function.  If the DSP48 was instantiated in the design, it is suggested to set the PREG attribute to 1.
Related violations: <none>

DPOP-1#19 Warning
PREG Output pipelining  
DSP design_1_i/yolo_yolo_top_0/inst/grp_yolo_yolo_top_Pipeline_VITIS_LOOP_14_1_VITIS_LOOP_17_2_VITIS_LOOP_20_3_fu_82/grp_logistic_activate_fu_291/grp_exp_16_8_s_fu_59/mul_25ns_25ns_50_1_1_U2/dout__2 output design_1_i/yolo_yolo_top_0/inst/grp_yolo_yolo_top_Pipeline_VITIS_LOOP_14_1_VITIS_LOOP_17_2_VITIS_LOOP_20_3_fu_82/grp_logistic_activate_fu_291/grp_exp_16_8_s_fu_59/mul_25ns_25ns_50_1_1_U2/dout__2/P[47:0] is not pipelined (PREG=0). Pipelining the DSP48 output will improve performance and often saves power so it is suggested whenever possible to fully pipeline this function.  If this DSP48 function was inferred, it is suggested to describe an additional register stage after this function.  If the DSP48 was instantiated in the design, it is suggested to set the PREG attribute to 1.
Related violations: <none>

DPOP-2#1 Warning
MREG Output pipelining  
DSP design_1_i/yolo_acc_top_0/inst/mul_9ns_4ns_13_1_1_U24/dout multiplier stage design_1_i/yolo_acc_top_0/inst/mul_9ns_4ns_13_1_1_U24/dout/P[47:0] is not pipelined (MREG=0). Pipelining the multiplier function will improve performance and will save significant power so it is suggested whenever possible to fully pipeline this function.  If this multiplier was inferred, it is suggested to describe an additional register stage after this function.  If there is no registered adder/accumulator following the multiply function, two pipeline stages are suggested to allow both the MREG and PREG registers to be used.  If the DSP48 was instantiated in the design, it is suggested to set both the MREG and PREG attributes to 1 when performing multiply functions.
Related violations: <none>

DPOP-2#2 Warning
MREG Output pipelining  
DSP design_1_i/yolo_conv_top_0/inst/mul_9ns_4ns_13_1_1_U336/dout multiplier stage design_1_i/yolo_conv_top_0/inst/mul_9ns_4ns_13_1_1_U336/dout/P[47:0] is not pipelined (MREG=0). Pipelining the multiplier function will improve performance and will save significant power so it is suggested whenever possible to fully pipeline this function.  If this multiplier was inferred, it is suggested to describe an additional register stage after this function.  If there is no registered adder/accumulator following the multiply function, two pipeline stages are suggested to allow both the MREG and PREG registers to be used.  If the DSP48 was instantiated in the design, it is suggested to set both the MREG and PREG attributes to 1 when performing multiply functions.
Related violations: <none>

DPOP-2#3 Warning
MREG Output pipelining  
DSP design_1_i/yolo_max_pool_top_0/inst/mul_ln4_1_reg_772_reg multiplier stage design_1_i/yolo_max_pool_top_0/inst/mul_ln4_1_reg_772_reg/P[47:0] is not pipelined (MREG=0). Pipelining the multiplier function will improve performance and will save significant power so it is suggested whenever possible to fully pipeline this function.  If this multiplier was inferred, it is suggested to describe an additional register stage after this function.  If there is no registered adder/accumulator following the multiply function, two pipeline stages are suggested to allow both the MREG and PREG registers to be used.  If the DSP48 was instantiated in the design, it is suggested to set both the MREG and PREG attributes to 1 when performing multiply functions.
Related violations: <none>

DPOP-2#4 Warning
MREG Output pipelining  
DSP design_1_i/yolo_yolo_top_0/inst/grp_yolo_yolo_top_Pipeline_VITIS_LOOP_14_1_VITIS_LOOP_17_2_VITIS_LOOP_20_3_fu_82/grp_logistic_activate_fu_255/grp_exp_16_8_s_fu_59/mul_25ns_18ns_43_1_1_U1/dout__0 multiplier stage design_1_i/yolo_yolo_top_0/inst/grp_yolo_yolo_top_Pipeline_VITIS_LOOP_14_1_VITIS_LOOP_17_2_VITIS_LOOP_20_3_fu_82/grp_logistic_activate_fu_255/grp_exp_16_8_s_fu_59/mul_25ns_18ns_43_1_1_U1/dout__0/P[47:0] is not pipelined (MREG=0). Pipelining the multiplier function will improve performance and will save significant power so it is suggested whenever possible to fully pipeline this function.  If this multiplier was inferred, it is suggested to describe an additional register stage after this function.  If there is no registered adder/accumulator following the multiply function, two pipeline stages are suggested to allow both the MREG and PREG registers to be used.  If the DSP48 was instantiated in the design, it is suggested to set both the MREG and PREG attributes to 1 when performing multiply functions.
Related violations: <none>

DPOP-2#5 Warning
MREG Output pipelining  
DSP design_1_i/yolo_yolo_top_0/inst/grp_yolo_yolo_top_Pipeline_VITIS_LOOP_14_1_VITIS_LOOP_17_2_VITIS_LOOP_20_3_fu_82/grp_logistic_activate_fu_255/grp_exp_16_8_s_fu_59/mul_25ns_25ns_50_1_1_U2/dout__0 multiplier stage design_1_i/yolo_yolo_top_0/inst/grp_yolo_yolo_top_Pipeline_VITIS_LOOP_14_1_VITIS_LOOP_17_2_VITIS_LOOP_20_3_fu_82/grp_logistic_activate_fu_255/grp_exp_16_8_s_fu_59/mul_25ns_25ns_50_1_1_U2/dout__0/P[47:0] is not pipelined (MREG=0). Pipelining the multiplier function will improve performance and will save significant power so it is suggested whenever possible to fully pipeline this function.  If this multiplier was inferred, it is suggested to describe an additional register stage after this function.  If there is no registered adder/accumulator following the multiply function, two pipeline stages are suggested to allow both the MREG and PREG registers to be used.  If the DSP48 was instantiated in the design, it is suggested to set both the MREG and PREG attributes to 1 when performing multiply functions.
Related violations: <none>

DPOP-2#6 Warning
MREG Output pipelining  
DSP design_1_i/yolo_yolo_top_0/inst/grp_yolo_yolo_top_Pipeline_VITIS_LOOP_14_1_VITIS_LOOP_17_2_VITIS_LOOP_20_3_fu_82/grp_logistic_activate_fu_255/grp_exp_16_8_s_fu_59/mul_25ns_25ns_50_1_1_U2/dout__0__0 multiplier stage design_1_i/yolo_yolo_top_0/inst/grp_yolo_yolo_top_Pipeline_VITIS_LOOP_14_1_VITIS_LOOP_17_2_VITIS_LOOP_20_3_fu_82/grp_logistic_activate_fu_255/grp_exp_16_8_s_fu_59/mul_25ns_25ns_50_1_1_U2/dout__0__0/P[47:0] is not pipelined (MREG=0). Pipelining the multiplier function will improve performance and will save significant power so it is suggested whenever possible to fully pipeline this function.  If this multiplier was inferred, it is suggested to describe an additional register stage after this function.  If there is no registered adder/accumulator following the multiply function, two pipeline stages are suggested to allow both the MREG and PREG registers to be used.  If the DSP48 was instantiated in the design, it is suggested to set both the MREG and PREG attributes to 1 when performing multiply functions.
Related violations: <none>

DPOP-2#7 Warning
MREG Output pipelining  
DSP design_1_i/yolo_yolo_top_0/inst/grp_yolo_yolo_top_Pipeline_VITIS_LOOP_14_1_VITIS_LOOP_17_2_VITIS_LOOP_20_3_fu_82/grp_logistic_activate_fu_255/grp_exp_16_8_s_fu_59/mul_25ns_25ns_50_1_1_U2/dout__1 multiplier stage design_1_i/yolo_yolo_top_0/inst/grp_yolo_yolo_top_Pipeline_VITIS_LOOP_14_1_VITIS_LOOP_17_2_VITIS_LOOP_20_3_fu_82/grp_logistic_activate_fu_255/grp_exp_16_8_s_fu_59/mul_25ns_25ns_50_1_1_U2/dout__1/P[47:0] is not pipelined (MREG=0). Pipelining the multiplier function will improve performance and will save significant power so it is suggested whenever possible to fully pipeline this function.  If this multiplier was inferred, it is suggested to describe an additional register stage after this function.  If there is no registered adder/accumulator following the multiply function, two pipeline stages are suggested to allow both the MREG and PREG registers to be used.  If the DSP48 was instantiated in the design, it is suggested to set both the MREG and PREG attributes to 1 when performing multiply functions.
Related violations: <none>

DPOP-2#8 Warning
MREG Output pipelining  
DSP design_1_i/yolo_yolo_top_0/inst/grp_yolo_yolo_top_Pipeline_VITIS_LOOP_14_1_VITIS_LOOP_17_2_VITIS_LOOP_20_3_fu_82/grp_logistic_activate_fu_255/grp_exp_16_8_s_fu_59/mul_25ns_25ns_50_1_1_U2/dout__2 multiplier stage design_1_i/yolo_yolo_top_0/inst/grp_yolo_yolo_top_Pipeline_VITIS_LOOP_14_1_VITIS_LOOP_17_2_VITIS_LOOP_20_3_fu_82/grp_logistic_activate_fu_255/grp_exp_16_8_s_fu_59/mul_25ns_25ns_50_1_1_U2/dout__2/P[47:0] is not pipelined (MREG=0). Pipelining the multiplier function will improve performance and will save significant power so it is suggested whenever possible to fully pipeline this function.  If this multiplier was inferred, it is suggested to describe an additional register stage after this function.  If there is no registered adder/accumulator following the multiply function, two pipeline stages are suggested to allow both the MREG and PREG registers to be used.  If the DSP48 was instantiated in the design, it is suggested to set both the MREG and PREG attributes to 1 when performing multiply functions.
Related violations: <none>

DPOP-2#9 Warning
MREG Output pipelining  
DSP design_1_i/yolo_yolo_top_0/inst/grp_yolo_yolo_top_Pipeline_VITIS_LOOP_14_1_VITIS_LOOP_17_2_VITIS_LOOP_20_3_fu_82/grp_logistic_activate_fu_267/grp_exp_16_8_s_fu_59/mul_25ns_18ns_43_1_1_U1/dout__0 multiplier stage design_1_i/yolo_yolo_top_0/inst/grp_yolo_yolo_top_Pipeline_VITIS_LOOP_14_1_VITIS_LOOP_17_2_VITIS_LOOP_20_3_fu_82/grp_logistic_activate_fu_267/grp_exp_16_8_s_fu_59/mul_25ns_18ns_43_1_1_U1/dout__0/P[47:0] is not pipelined (MREG=0). Pipelining the multiplier function will improve performance and will save significant power so it is suggested whenever possible to fully pipeline this function.  If this multiplier was inferred, it is suggested to describe an additional register stage after this function.  If there is no registered adder/accumulator following the multiply function, two pipeline stages are suggested to allow both the MREG and PREG registers to be used.  If the DSP48 was instantiated in the design, it is suggested to set both the MREG and PREG attributes to 1 when performing multiply functions.
Related violations: <none>

DPOP-2#10 Warning
MREG Output pipelining  
DSP design_1_i/yolo_yolo_top_0/inst/grp_yolo_yolo_top_Pipeline_VITIS_LOOP_14_1_VITIS_LOOP_17_2_VITIS_LOOP_20_3_fu_82/grp_logistic_activate_fu_267/grp_exp_16_8_s_fu_59/mul_25ns_25ns_50_1_1_U2/dout__0 multiplier stage design_1_i/yolo_yolo_top_0/inst/grp_yolo_yolo_top_Pipeline_VITIS_LOOP_14_1_VITIS_LOOP_17_2_VITIS_LOOP_20_3_fu_82/grp_logistic_activate_fu_267/grp_exp_16_8_s_fu_59/mul_25ns_25ns_50_1_1_U2/dout__0/P[47:0] is not pipelined (MREG=0). Pipelining the multiplier function will improve performance and will save significant power so it is suggested whenever possible to fully pipeline this function.  If this multiplier was inferred, it is suggested to describe an additional register stage after this function.  If there is no registered adder/accumulator following the multiply function, two pipeline stages are suggested to allow both the MREG and PREG registers to be used.  If the DSP48 was instantiated in the design, it is suggested to set both the MREG and PREG attributes to 1 when performing multiply functions.
Related violations: <none>

DPOP-2#11 Warning
MREG Output pipelining  
DSP design_1_i/yolo_yolo_top_0/inst/grp_yolo_yolo_top_Pipeline_VITIS_LOOP_14_1_VITIS_LOOP_17_2_VITIS_LOOP_20_3_fu_82/grp_logistic_activate_fu_267/grp_exp_16_8_s_fu_59/mul_25ns_25ns_50_1_1_U2/dout__0__0 multiplier stage design_1_i/yolo_yolo_top_0/inst/grp_yolo_yolo_top_Pipeline_VITIS_LOOP_14_1_VITIS_LOOP_17_2_VITIS_LOOP_20_3_fu_82/grp_logistic_activate_fu_267/grp_exp_16_8_s_fu_59/mul_25ns_25ns_50_1_1_U2/dout__0__0/P[47:0] is not pipelined (MREG=0). Pipelining the multiplier function will improve performance and will save significant power so it is suggested whenever possible to fully pipeline this function.  If this multiplier was inferred, it is suggested to describe an additional register stage after this function.  If there is no registered adder/accumulator following the multiply function, two pipeline stages are suggested to allow both the MREG and PREG registers to be used.  If the DSP48 was instantiated in the design, it is suggested to set both the MREG and PREG attributes to 1 when performing multiply functions.
Related violations: <none>

DPOP-2#12 Warning
MREG Output pipelining  
DSP design_1_i/yolo_yolo_top_0/inst/grp_yolo_yolo_top_Pipeline_VITIS_LOOP_14_1_VITIS_LOOP_17_2_VITIS_LOOP_20_3_fu_82/grp_logistic_activate_fu_267/grp_exp_16_8_s_fu_59/mul_25ns_25ns_50_1_1_U2/dout__1 multiplier stage design_1_i/yolo_yolo_top_0/inst/grp_yolo_yolo_top_Pipeline_VITIS_LOOP_14_1_VITIS_LOOP_17_2_VITIS_LOOP_20_3_fu_82/grp_logistic_activate_fu_267/grp_exp_16_8_s_fu_59/mul_25ns_25ns_50_1_1_U2/dout__1/P[47:0] is not pipelined (MREG=0). Pipelining the multiplier function will improve performance and will save significant power so it is suggested whenever possible to fully pipeline this function.  If this multiplier was inferred, it is suggested to describe an additional register stage after this function.  If there is no registered adder/accumulator following the multiply function, two pipeline stages are suggested to allow both the MREG and PREG registers to be used.  If the DSP48 was instantiated in the design, it is suggested to set both the MREG and PREG attributes to 1 when performing multiply functions.
Related violations: <none>

DPOP-2#13 Warning
MREG Output pipelining  
DSP design_1_i/yolo_yolo_top_0/inst/grp_yolo_yolo_top_Pipeline_VITIS_LOOP_14_1_VITIS_LOOP_17_2_VITIS_LOOP_20_3_fu_82/grp_logistic_activate_fu_267/grp_exp_16_8_s_fu_59/mul_25ns_25ns_50_1_1_U2/dout__2 multiplier stage design_1_i/yolo_yolo_top_0/inst/grp_yolo_yolo_top_Pipeline_VITIS_LOOP_14_1_VITIS_LOOP_17_2_VITIS_LOOP_20_3_fu_82/grp_logistic_activate_fu_267/grp_exp_16_8_s_fu_59/mul_25ns_25ns_50_1_1_U2/dout__2/P[47:0] is not pipelined (MREG=0). Pipelining the multiplier function will improve performance and will save significant power so it is suggested whenever possible to fully pipeline this function.  If this multiplier was inferred, it is suggested to describe an additional register stage after this function.  If there is no registered adder/accumulator following the multiply function, two pipeline stages are suggested to allow both the MREG and PREG registers to be used.  If the DSP48 was instantiated in the design, it is suggested to set both the MREG and PREG attributes to 1 when performing multiply functions.
Related violations: <none>

DPOP-2#14 Warning
MREG Output pipelining  
DSP design_1_i/yolo_yolo_top_0/inst/grp_yolo_yolo_top_Pipeline_VITIS_LOOP_14_1_VITIS_LOOP_17_2_VITIS_LOOP_20_3_fu_82/grp_logistic_activate_fu_279/grp_exp_16_8_s_fu_59/mul_25ns_18ns_43_1_1_U1/dout__0 multiplier stage design_1_i/yolo_yolo_top_0/inst/grp_yolo_yolo_top_Pipeline_VITIS_LOOP_14_1_VITIS_LOOP_17_2_VITIS_LOOP_20_3_fu_82/grp_logistic_activate_fu_279/grp_exp_16_8_s_fu_59/mul_25ns_18ns_43_1_1_U1/dout__0/P[47:0] is not pipelined (MREG=0). Pipelining the multiplier function will improve performance and will save significant power so it is suggested whenever possible to fully pipeline this function.  If this multiplier was inferred, it is suggested to describe an additional register stage after this function.  If there is no registered adder/accumulator following the multiply function, two pipeline stages are suggested to allow both the MREG and PREG registers to be used.  If the DSP48 was instantiated in the design, it is suggested to set both the MREG and PREG attributes to 1 when performing multiply functions.
Related violations: <none>

DPOP-2#15 Warning
MREG Output pipelining  
DSP design_1_i/yolo_yolo_top_0/inst/grp_yolo_yolo_top_Pipeline_VITIS_LOOP_14_1_VITIS_LOOP_17_2_VITIS_LOOP_20_3_fu_82/grp_logistic_activate_fu_279/grp_exp_16_8_s_fu_59/mul_25ns_25ns_50_1_1_U2/dout__0 multiplier stage design_1_i/yolo_yolo_top_0/inst/grp_yolo_yolo_top_Pipeline_VITIS_LOOP_14_1_VITIS_LOOP_17_2_VITIS_LOOP_20_3_fu_82/grp_logistic_activate_fu_279/grp_exp_16_8_s_fu_59/mul_25ns_25ns_50_1_1_U2/dout__0/P[47:0] is not pipelined (MREG=0). Pipelining the multiplier function will improve performance and will save significant power so it is suggested whenever possible to fully pipeline this function.  If this multiplier was inferred, it is suggested to describe an additional register stage after this function.  If there is no registered adder/accumulator following the multiply function, two pipeline stages are suggested to allow both the MREG and PREG registers to be used.  If the DSP48 was instantiated in the design, it is suggested to set both the MREG and PREG attributes to 1 when performing multiply functions.
Related violations: <none>

DPOP-2#16 Warning
MREG Output pipelining  
DSP design_1_i/yolo_yolo_top_0/inst/grp_yolo_yolo_top_Pipeline_VITIS_LOOP_14_1_VITIS_LOOP_17_2_VITIS_LOOP_20_3_fu_82/grp_logistic_activate_fu_279/grp_exp_16_8_s_fu_59/mul_25ns_25ns_50_1_1_U2/dout__0__0 multiplier stage design_1_i/yolo_yolo_top_0/inst/grp_yolo_yolo_top_Pipeline_VITIS_LOOP_14_1_VITIS_LOOP_17_2_VITIS_LOOP_20_3_fu_82/grp_logistic_activate_fu_279/grp_exp_16_8_s_fu_59/mul_25ns_25ns_50_1_1_U2/dout__0__0/P[47:0] is not pipelined (MREG=0). Pipelining the multiplier function will improve performance and will save significant power so it is suggested whenever possible to fully pipeline this function.  If this multiplier was inferred, it is suggested to describe an additional register stage after this function.  If there is no registered adder/accumulator following the multiply function, two pipeline stages are suggested to allow both the MREG and PREG registers to be used.  If the DSP48 was instantiated in the design, it is suggested to set both the MREG and PREG attributes to 1 when performing multiply functions.
Related violations: <none>

DPOP-2#17 Warning
MREG Output pipelining  
DSP design_1_i/yolo_yolo_top_0/inst/grp_yolo_yolo_top_Pipeline_VITIS_LOOP_14_1_VITIS_LOOP_17_2_VITIS_LOOP_20_3_fu_82/grp_logistic_activate_fu_279/grp_exp_16_8_s_fu_59/mul_25ns_25ns_50_1_1_U2/dout__1 multiplier stage design_1_i/yolo_yolo_top_0/inst/grp_yolo_yolo_top_Pipeline_VITIS_LOOP_14_1_VITIS_LOOP_17_2_VITIS_LOOP_20_3_fu_82/grp_logistic_activate_fu_279/grp_exp_16_8_s_fu_59/mul_25ns_25ns_50_1_1_U2/dout__1/P[47:0] is not pipelined (MREG=0). Pipelining the multiplier function will improve performance and will save significant power so it is suggested whenever possible to fully pipeline this function.  If this multiplier was inferred, it is suggested to describe an additional register stage after this function.  If there is no registered adder/accumulator following the multiply function, two pipeline stages are suggested to allow both the MREG and PREG registers to be used.  If the DSP48 was instantiated in the design, it is suggested to set both the MREG and PREG attributes to 1 when performing multiply functions.
Related violations: <none>

DPOP-2#18 Warning
MREG Output pipelining  
DSP design_1_i/yolo_yolo_top_0/inst/grp_yolo_yolo_top_Pipeline_VITIS_LOOP_14_1_VITIS_LOOP_17_2_VITIS_LOOP_20_3_fu_82/grp_logistic_activate_fu_279/grp_exp_16_8_s_fu_59/mul_25ns_25ns_50_1_1_U2/dout__2 multiplier stage design_1_i/yolo_yolo_top_0/inst/grp_yolo_yolo_top_Pipeline_VITIS_LOOP_14_1_VITIS_LOOP_17_2_VITIS_LOOP_20_3_fu_82/grp_logistic_activate_fu_279/grp_exp_16_8_s_fu_59/mul_25ns_25ns_50_1_1_U2/dout__2/P[47:0] is not pipelined (MREG=0). Pipelining the multiplier function will improve performance and will save significant power so it is suggested whenever possible to fully pipeline this function.  If this multiplier was inferred, it is suggested to describe an additional register stage after this function.  If there is no registered adder/accumulator following the multiply function, two pipeline stages are suggested to allow both the MREG and PREG registers to be used.  If the DSP48 was instantiated in the design, it is suggested to set both the MREG and PREG attributes to 1 when performing multiply functions.
Related violations: <none>

DPOP-2#19 Warning
MREG Output pipelining  
DSP design_1_i/yolo_yolo_top_0/inst/grp_yolo_yolo_top_Pipeline_VITIS_LOOP_14_1_VITIS_LOOP_17_2_VITIS_LOOP_20_3_fu_82/grp_logistic_activate_fu_291/grp_exp_16_8_s_fu_59/mul_25ns_18ns_43_1_1_U1/dout__0 multiplier stage design_1_i/yolo_yolo_top_0/inst/grp_yolo_yolo_top_Pipeline_VITIS_LOOP_14_1_VITIS_LOOP_17_2_VITIS_LOOP_20_3_fu_82/grp_logistic_activate_fu_291/grp_exp_16_8_s_fu_59/mul_25ns_18ns_43_1_1_U1/dout__0/P[47:0] is not pipelined (MREG=0). Pipelining the multiplier function will improve performance and will save significant power so it is suggested whenever possible to fully pipeline this function.  If this multiplier was inferred, it is suggested to describe an additional register stage after this function.  If there is no registered adder/accumulator following the multiply function, two pipeline stages are suggested to allow both the MREG and PREG registers to be used.  If the DSP48 was instantiated in the design, it is suggested to set both the MREG and PREG attributes to 1 when performing multiply functions.
Related violations: <none>

DPOP-2#20 Warning
MREG Output pipelining  
DSP design_1_i/yolo_yolo_top_0/inst/grp_yolo_yolo_top_Pipeline_VITIS_LOOP_14_1_VITIS_LOOP_17_2_VITIS_LOOP_20_3_fu_82/grp_logistic_activate_fu_291/grp_exp_16_8_s_fu_59/mul_25ns_25ns_50_1_1_U2/dout__0 multiplier stage design_1_i/yolo_yolo_top_0/inst/grp_yolo_yolo_top_Pipeline_VITIS_LOOP_14_1_VITIS_LOOP_17_2_VITIS_LOOP_20_3_fu_82/grp_logistic_activate_fu_291/grp_exp_16_8_s_fu_59/mul_25ns_25ns_50_1_1_U2/dout__0/P[47:0] is not pipelined (MREG=0). Pipelining the multiplier function will improve performance and will save significant power so it is suggested whenever possible to fully pipeline this function.  If this multiplier was inferred, it is suggested to describe an additional register stage after this function.  If there is no registered adder/accumulator following the multiply function, two pipeline stages are suggested to allow both the MREG and PREG registers to be used.  If the DSP48 was instantiated in the design, it is suggested to set both the MREG and PREG attributes to 1 when performing multiply functions.
Related violations: <none>

DPOP-2#21 Warning
MREG Output pipelining  
DSP design_1_i/yolo_yolo_top_0/inst/grp_yolo_yolo_top_Pipeline_VITIS_LOOP_14_1_VITIS_LOOP_17_2_VITIS_LOOP_20_3_fu_82/grp_logistic_activate_fu_291/grp_exp_16_8_s_fu_59/mul_25ns_25ns_50_1_1_U2/dout__0__0 multiplier stage design_1_i/yolo_yolo_top_0/inst/grp_yolo_yolo_top_Pipeline_VITIS_LOOP_14_1_VITIS_LOOP_17_2_VITIS_LOOP_20_3_fu_82/grp_logistic_activate_fu_291/grp_exp_16_8_s_fu_59/mul_25ns_25ns_50_1_1_U2/dout__0__0/P[47:0] is not pipelined (MREG=0). Pipelining the multiplier function will improve performance and will save significant power so it is suggested whenever possible to fully pipeline this function.  If this multiplier was inferred, it is suggested to describe an additional register stage after this function.  If there is no registered adder/accumulator following the multiply function, two pipeline stages are suggested to allow both the MREG and PREG registers to be used.  If the DSP48 was instantiated in the design, it is suggested to set both the MREG and PREG attributes to 1 when performing multiply functions.
Related violations: <none>

DPOP-2#22 Warning
MREG Output pipelining  
DSP design_1_i/yolo_yolo_top_0/inst/grp_yolo_yolo_top_Pipeline_VITIS_LOOP_14_1_VITIS_LOOP_17_2_VITIS_LOOP_20_3_fu_82/grp_logistic_activate_fu_291/grp_exp_16_8_s_fu_59/mul_25ns_25ns_50_1_1_U2/dout__1 multiplier stage design_1_i/yolo_yolo_top_0/inst/grp_yolo_yolo_top_Pipeline_VITIS_LOOP_14_1_VITIS_LOOP_17_2_VITIS_LOOP_20_3_fu_82/grp_logistic_activate_fu_291/grp_exp_16_8_s_fu_59/mul_25ns_25ns_50_1_1_U2/dout__1/P[47:0] is not pipelined (MREG=0). Pipelining the multiplier function will improve performance and will save significant power so it is suggested whenever possible to fully pipeline this function.  If this multiplier was inferred, it is suggested to describe an additional register stage after this function.  If there is no registered adder/accumulator following the multiply function, two pipeline stages are suggested to allow both the MREG and PREG registers to be used.  If the DSP48 was instantiated in the design, it is suggested to set both the MREG and PREG attributes to 1 when performing multiply functions.
Related violations: <none>

DPOP-2#23 Warning
MREG Output pipelining  
DSP design_1_i/yolo_yolo_top_0/inst/grp_yolo_yolo_top_Pipeline_VITIS_LOOP_14_1_VITIS_LOOP_17_2_VITIS_LOOP_20_3_fu_82/grp_logistic_activate_fu_291/grp_exp_16_8_s_fu_59/mul_25ns_25ns_50_1_1_U2/dout__2 multiplier stage design_1_i/yolo_yolo_top_0/inst/grp_yolo_yolo_top_Pipeline_VITIS_LOOP_14_1_VITIS_LOOP_17_2_VITIS_LOOP_20_3_fu_82/grp_logistic_activate_fu_291/grp_exp_16_8_s_fu_59/mul_25ns_25ns_50_1_1_U2/dout__2/P[47:0] is not pipelined (MREG=0). Pipelining the multiplier function will improve performance and will save significant power so it is suggested whenever possible to fully pipeline this function.  If this multiplier was inferred, it is suggested to describe an additional register stage after this function.  If there is no registered adder/accumulator following the multiply function, two pipeline stages are suggested to allow both the MREG and PREG registers to be used.  If the DSP48 was instantiated in the design, it is suggested to set both the MREG and PREG attributes to 1 when performing multiply functions.
Related violations: <none>

DPOP-2#24 Warning
MREG Output pipelining  
DSP design_1_i/yolo_yolo_top_0/inst/mul_5ns_8ns_13_1_1_U21/dout multiplier stage design_1_i/yolo_yolo_top_0/inst/mul_5ns_8ns_13_1_1_U21/dout/P[47:0] is not pipelined (MREG=0). Pipelining the multiplier function will improve performance and will save significant power so it is suggested whenever possible to fully pipeline this function.  If this multiplier was inferred, it is suggested to describe an additional register stage after this function.  If there is no registered adder/accumulator following the multiply function, two pipeline stages are suggested to allow both the MREG and PREG registers to be used.  If the DSP48 was instantiated in the design, it is suggested to set both the MREG and PREG attributes to 1 when performing multiply functions.
Related violations: <none>

PDCN-1569#1 Warning
LUT equation term check  
Used physical LUT pin 'A2' of cell design_1_i/axi_mem_intercon/m00_couplers/auto_pc/inst/gen_axi4_axi3.axi3_conv_inst/USE_READ.USE_SPLIT_R.read_addr_inst/USE_R_CHANNEL.cmd_queue/inst/fifo_gen_inst/inst_fifo_gen/gconvfifo.rf/grf.rf/gntv_or_sync_fifo.gl0.rd/gr1.gr1_int.rfwft/gpregsm1.user_valid_i_1 (pin design_1_i/axi_mem_intercon/m00_couplers/auto_pc/inst/gen_axi4_axi3.axi3_conv_inst/USE_READ.USE_SPLIT_R.read_addr_inst/USE_R_CHANNEL.cmd_queue/inst/fifo_gen_inst/inst_fifo_gen/gconvfifo.rf/grf.rf/gntv_or_sync_fifo.gl0.rd/gr1.gr1_int.rfwft/gpregsm1.user_valid_i_1/I1) is not included in the LUT equation: 'O6=(A1)+((~A1)*(~A6)*A3)'. If this cell is a user instantiated LUT in the design, please remove connectivity to the pin or change the equation and/or INIT string of the LUT to prevent this issue. If the cell is inferred or IP created LUT, please regenerate the IP and/or resynthesize the design to attempt to correct the issue.
Related violations: <none>

PDCN-1569#2 Warning
LUT equation term check  
Used physical LUT pin 'A2' of cell design_1_i/axi_mem_intercon/m00_couplers/auto_pc/inst/gen_axi4_axi3.axi3_conv_inst/USE_WRITE.write_addr_inst/USE_B_CHANNEL.cmd_b_queue/inst/fifo_gen_inst/inst_fifo_gen/gconvfifo.rf/grf.rf/gntv_or_sync_fifo.gl0.rd/gr1.gr1_int.rfwft/gpregsm1.user_valid_i_1 (pin design_1_i/axi_mem_intercon/m00_couplers/auto_pc/inst/gen_axi4_axi3.axi3_conv_inst/USE_WRITE.write_addr_inst/USE_B_CHANNEL.cmd_b_queue/inst/fifo_gen_inst/inst_fifo_gen/gconvfifo.rf/grf.rf/gntv_or_sync_fifo.gl0.rd/gr1.gr1_int.rfwft/gpregsm1.user_valid_i_1/I1) is not included in the LUT equation: 'O6=(A1)+((~A1)*(~A6)*A5)'. If this cell is a user instantiated LUT in the design, please remove connectivity to the pin or change the equation and/or INIT string of the LUT to prevent this issue. If the cell is inferred or IP created LUT, please regenerate the IP and/or resynthesize the design to attempt to correct the issue.
Related violations: <none>

PDCN-1569#3 Warning
LUT equation term check  
Used physical LUT pin 'A5' of cell design_1_i/axi_mem_intercon/m00_couplers/auto_pc/inst/gen_axi4_axi3.axi3_conv_inst/USE_WRITE.write_addr_inst/USE_BURSTS.cmd_queue/inst/fifo_gen_inst/inst_fifo_gen/gconvfifo.rf/grf.rf/gntv_or_sync_fifo.gl0.rd/gr1.gr1_int.rfwft/gpregsm1.user_valid_i_1 (pin design_1_i/axi_mem_intercon/m00_couplers/auto_pc/inst/gen_axi4_axi3.axi3_conv_inst/USE_WRITE.write_addr_inst/USE_BURSTS.cmd_queue/inst/fifo_gen_inst/inst_fifo_gen/gconvfifo.rf/grf.rf/gntv_or_sync_fifo.gl0.rd/gr1.gr1_int.rfwft/gpregsm1.user_valid_i_1/I1) is not included in the LUT equation: 'O6=(A6)+((~A6)*(~A2)*A3)'. If this cell is a user instantiated LUT in the design, please remove connectivity to the pin or change the equation and/or INIT string of the LUT to prevent this issue. If the cell is inferred or IP created LUT, please regenerate the IP and/or resynthesize the design to attempt to correct the issue.
Related violations: <none>

PDCN-1569#4 Warning
LUT equation term check  
Used physical LUT pin 'A5' of cell design_1_i/axi_mem_intercon_1/s00_couplers/auto_pc/inst/gen_axi4_axi3.axi3_conv_inst/USE_READ.USE_SPLIT_R.read_addr_inst/USE_R_CHANNEL.cmd_queue/inst/fifo_gen_inst/inst_fifo_gen/gconvfifo.rf/grf.rf/gntv_or_sync_fifo.gl0.rd/gr1.gr1_int.rfwft/gpregsm1.user_valid_i_1 (pin design_1_i/axi_mem_intercon_1/s00_couplers/auto_pc/inst/gen_axi4_axi3.axi3_conv_inst/USE_READ.USE_SPLIT_R.read_addr_inst/USE_R_CHANNEL.cmd_queue/inst/fifo_gen_inst/inst_fifo_gen/gconvfifo.rf/grf.rf/gntv_or_sync_fifo.gl0.rd/gr1.gr1_int.rfwft/gpregsm1.user_valid_i_1/I1) is not included in the LUT equation: 'O6=(A1)+((~A1)*(~A4)*A2)'. If this cell is a user instantiated LUT in the design, please remove connectivity to the pin or change the equation and/or INIT string of the LUT to prevent this issue. If the cell is inferred or IP created LUT, please regenerate the IP and/or resynthesize the design to attempt to correct the issue.
Related violations: <none>

REQP-1839#1 Warning
RAMB36 async control check  
The RAMB36E1 design_1_i/axi_dma_1/U0/I_PRMRY_DATAMOVER/GEN_MM2S_FULL.I_MM2S_FULL_WRAPPER/GEN_INCLUDE_MM2S_SF.I_RD_SF/I_DATA_FIFO/BLK_MEM.I_SYNC_FIFOGEN_FIFO/xpm_fifo_instance.xpm_fifo_sync_inst/xpm_fifo_base_inst/gen_sdpram.xpm_memory_base_inst/gen_wr_a.gen_word_narrow.mem_reg_0 has an input control pin design_1_i/axi_dma_1/U0/I_PRMRY_DATAMOVER/GEN_MM2S_FULL.I_MM2S_FULL_WRAPPER/GEN_INCLUDE_MM2S_SF.I_RD_SF/I_DATA_FIFO/BLK_MEM.I_SYNC_FIFOGEN_FIFO/xpm_fifo_instance.xpm_fifo_sync_inst/xpm_fifo_base_inst/gen_sdpram.xpm_memory_base_inst/gen_wr_a.gen_word_narrow.mem_reg_0/ENARDEN (net: design_1_i/axi_dma_1/U0/I_PRMRY_DATAMOVER/GEN_MM2S_FULL.I_MM2S_FULL_WRAPPER/GEN_INCLUDE_MM2S_SF.I_RD_SF/I_DATA_FIFO/BLK_MEM.I_SYNC_FIFOGEN_FIFO/xpm_fifo_instance.xpm_fifo_sync_inst/xpm_fifo_base_inst/gen_sdpram.xpm_memory_base_inst/wea[0]) which is driven by a register (design_1_i/axi_mem_intercon_1/s00_couplers/auto_pc/inst/gen_axi4_axi3.axi3_conv_inst/USE_READ.USE_SPLIT_R.read_addr_inst/USE_R_CHANNEL.cmd_queue/inst/fifo_gen_inst/inst_fifo_gen/gconvfifo.rf/grf.rf/gntv_or_sync_fifo.gl0.rd/gr1.gr1_int.rfwft/empty_fwft_i_reg) that has an active asychronous set or reset. This may cause corruption of the memory contents and/or read values when the set/reset is asserted and is not analyzed by the default static timing analysis. It is suggested to eliminate the use of a set/reset to registers driving this RAMB pin or else use a synchronous reset in which the assertion of the reset is timed by default.
Related violations: <none>

REQP-1839#2 Warning
RAMB36 async control check  
The RAMB36E1 design_1_i/axi_dma_1/U0/I_PRMRY_DATAMOVER/GEN_MM2S_FULL.I_MM2S_FULL_WRAPPER/GEN_INCLUDE_MM2S_SF.I_RD_SF/I_DATA_FIFO/BLK_MEM.I_SYNC_FIFOGEN_FIFO/xpm_fifo_instance.xpm_fifo_sync_inst/xpm_fifo_base_inst/gen_sdpram.xpm_memory_base_inst/gen_wr_a.gen_word_narrow.mem_reg_1 has an input control pin design_1_i/axi_dma_1/U0/I_PRMRY_DATAMOVER/GEN_MM2S_FULL.I_MM2S_FULL_WRAPPER/GEN_INCLUDE_MM2S_SF.I_RD_SF/I_DATA_FIFO/BLK_MEM.I_SYNC_FIFOGEN_FIFO/xpm_fifo_instance.xpm_fifo_sync_inst/xpm_fifo_base_inst/gen_sdpram.xpm_memory_base_inst/gen_wr_a.gen_word_narrow.mem_reg_1/ENARDEN (net: design_1_i/axi_dma_1/U0/I_PRMRY_DATAMOVER/GEN_MM2S_FULL.I_MM2S_FULL_WRAPPER/GEN_INCLUDE_MM2S_SF.I_RD_SF/I_DATA_FIFO/BLK_MEM.I_SYNC_FIFOGEN_FIFO/xpm_fifo_instance.xpm_fifo_sync_inst/xpm_fifo_base_inst/gen_sdpram.xpm_memory_base_inst/wea[0]) which is driven by a register (design_1_i/axi_mem_intercon_1/s00_couplers/auto_pc/inst/gen_axi4_axi3.axi3_conv_inst/USE_READ.USE_SPLIT_R.read_addr_inst/USE_R_CHANNEL.cmd_queue/inst/fifo_gen_inst/inst_fifo_gen/gconvfifo.rf/grf.rf/gntv_or_sync_fifo.gl0.rd/gr1.gr1_int.rfwft/empty_fwft_i_reg) that has an active asychronous set or reset. This may cause corruption of the memory contents and/or read values when the set/reset is asserted and is not analyzed by the default static timing analysis. It is suggested to eliminate the use of a set/reset to registers driving this RAMB pin or else use a synchronous reset in which the assertion of the reset is timed by default.
Related violations: <none>

REQP-1839#3 Warning
RAMB36 async control check  
The RAMB36E1 design_1_i/axi_dma_1/U0/I_PRMRY_DATAMOVER/GEN_MM2S_FULL.I_MM2S_FULL_WRAPPER/GEN_INCLUDE_MM2S_SF.I_RD_SF/I_DATA_FIFO/BLK_MEM.I_SYNC_FIFOGEN_FIFO/xpm_fifo_instance.xpm_fifo_sync_inst/xpm_fifo_base_inst/gen_sdpram.xpm_memory_base_inst/gen_wr_a.gen_word_narrow.mem_reg_2 has an input control pin design_1_i/axi_dma_1/U0/I_PRMRY_DATAMOVER/GEN_MM2S_FULL.I_MM2S_FULL_WRAPPER/GEN_INCLUDE_MM2S_SF.I_RD_SF/I_DATA_FIFO/BLK_MEM.I_SYNC_FIFOGEN_FIFO/xpm_fifo_instance.xpm_fifo_sync_inst/xpm_fifo_base_inst/gen_sdpram.xpm_memory_base_inst/gen_wr_a.gen_word_narrow.mem_reg_2/ENARDEN (net: design_1_i/axi_dma_1/U0/I_PRMRY_DATAMOVER/GEN_MM2S_FULL.I_MM2S_FULL_WRAPPER/GEN_INCLUDE_MM2S_SF.I_RD_SF/I_DATA_FIFO/BLK_MEM.I_SYNC_FIFOGEN_FIFO/xpm_fifo_instance.xpm_fifo_sync_inst/xpm_fifo_base_inst/gen_sdpram.xpm_memory_base_inst/wea[0]) which is driven by a register (design_1_i/axi_mem_intercon_1/s00_couplers/auto_pc/inst/gen_axi4_axi3.axi3_conv_inst/USE_READ.USE_SPLIT_R.read_addr_inst/USE_R_CHANNEL.cmd_queue/inst/fifo_gen_inst/inst_fifo_gen/gconvfifo.rf/grf.rf/gntv_or_sync_fifo.gl0.rd/gr1.gr1_int.rfwft/empty_fwft_i_reg) that has an active asychronous set or reset. This may cause corruption of the memory contents and/or read values when the set/reset is asserted and is not analyzed by the default static timing analysis. It is suggested to eliminate the use of a set/reset to registers driving this RAMB pin or else use a synchronous reset in which the assertion of the reset is timed by default.
Related violations: <none>

REQP-1839#4 Warning
RAMB36 async control check  
The RAMB36E1 design_1_i/axi_dma_1/U0/I_PRMRY_DATAMOVER/GEN_MM2S_FULL.I_MM2S_FULL_WRAPPER/GEN_INCLUDE_MM2S_SF.I_RD_SF/I_DATA_FIFO/BLK_MEM.I_SYNC_FIFOGEN_FIFO/xpm_fifo_instance.xpm_fifo_sync_inst/xpm_fifo_base_inst/gen_sdpram.xpm_memory_base_inst/gen_wr_a.gen_word_narrow.mem_reg_3 has an input control pin design_1_i/axi_dma_1/U0/I_PRMRY_DATAMOVER/GEN_MM2S_FULL.I_MM2S_FULL_WRAPPER/GEN_INCLUDE_MM2S_SF.I_RD_SF/I_DATA_FIFO/BLK_MEM.I_SYNC_FIFOGEN_FIFO/xpm_fifo_instance.xpm_fifo_sync_inst/xpm_fifo_base_inst/gen_sdpram.xpm_memory_base_inst/gen_wr_a.gen_word_narrow.mem_reg_3/ENARDEN (net: design_1_i/axi_dma_1/U0/I_PRMRY_DATAMOVER/GEN_MM2S_FULL.I_MM2S_FULL_WRAPPER/GEN_INCLUDE_MM2S_SF.I_RD_SF/I_DATA_FIFO/BLK_MEM.I_SYNC_FIFOGEN_FIFO/xpm_fifo_instance.xpm_fifo_sync_inst/xpm_fifo_base_inst/gen_sdpram.xpm_memory_base_inst/wea[0]) which is driven by a register (design_1_i/axi_mem_intercon_1/s00_couplers/auto_pc/inst/gen_axi4_axi3.axi3_conv_inst/USE_READ.USE_SPLIT_R.read_addr_inst/USE_R_CHANNEL.cmd_queue/inst/fifo_gen_inst/inst_fifo_gen/gconvfifo.rf/grf.rf/gntv_or_sync_fifo.gl0.rd/gr1.gr1_int.rfwft/empty_fwft_i_reg) that has an active asychronous set or reset. This may cause corruption of the memory contents and/or read values when the set/reset is asserted and is not analyzed by the default static timing analysis. It is suggested to eliminate the use of a set/reset to registers driving this RAMB pin or else use a synchronous reset in which the assertion of the reset is timed by default.
Related violations: <none>

REQP-1840#1 Warning
RAMB18 async control check  
The RAMB18E1 design_1_i/axi_dma_1/U0/I_PRMRY_DATAMOVER/GEN_MM2S_FULL.I_MM2S_FULL_WRAPPER/GEN_INCLUDE_MM2S_SF.I_RD_SF/I_DATA_FIFO/BLK_MEM.I_SYNC_FIFOGEN_FIFO/xpm_fifo_instance.xpm_fifo_sync_inst/xpm_fifo_base_inst/gen_sdpram.xpm_memory_base_inst/gen_wr_a.gen_word_narrow.mem_reg_4 has an input control pin design_1_i/axi_dma_1/U0/I_PRMRY_DATAMOVER/GEN_MM2S_FULL.I_MM2S_FULL_WRAPPER/GEN_INCLUDE_MM2S_SF.I_RD_SF/I_DATA_FIFO/BLK_MEM.I_SYNC_FIFOGEN_FIFO/xpm_fifo_instance.xpm_fifo_sync_inst/xpm_fifo_base_inst/gen_sdpram.xpm_memory_base_inst/gen_wr_a.gen_word_narrow.mem_reg_4/ENARDEN (net: design_1_i/axi_dma_1/U0/I_PRMRY_DATAMOVER/GEN_MM2S_FULL.I_MM2S_FULL_WRAPPER/GEN_INCLUDE_MM2S_SF.I_RD_SF/I_DATA_FIFO/BLK_MEM.I_SYNC_FIFOGEN_FIFO/xpm_fifo_instance.xpm_fifo_sync_inst/xpm_fifo_base_inst/gen_sdpram.xpm_memory_base_inst/wea[0]) which is driven by a register (design_1_i/axi_mem_intercon_1/s00_couplers/auto_pc/inst/gen_axi4_axi3.axi3_conv_inst/USE_READ.USE_SPLIT_R.read_addr_inst/USE_R_CHANNEL.cmd_queue/inst/fifo_gen_inst/inst_fifo_gen/gconvfifo.rf/grf.rf/gntv_or_sync_fifo.gl0.rd/gr1.gr1_int.rfwft/empty_fwft_i_reg) that has an active asychronous set or reset. This may cause corruption of the memory contents and/or read values when the set/reset is asserted and is not analyzed by the default static timing analysis. It is suggested to eliminate the use of a set/reset to registers driving this RAMB pin or else use a synchronous reset in which the assertion of the reset is timed by default.
Related violations: <none>

RTSTAT-10#1 Warning
No routable loads  
44 net(s) have no routable loads. The problem bus(es) and/or net(s) are design_1_i/axi_mem_intercon/m00_couplers/auto_pc/inst/gen_axi4_axi3.axi3_conv_inst/USE_READ.USE_SPLIT_R.read_addr_inst/USE_R_CHANNEL.cmd_queue/inst/fifo_gen_inst/inst_fifo_gen/gconvfifo.rf/grf.rf/gntv_or_sync_fifo.gl0.rd/gr1.gr1_int.rfwft/aempty_fwft_i,
design_1_i/axi_mem_intercon/m00_couplers/auto_pc/inst/gen_axi4_axi3.axi3_conv_inst/USE_READ.USE_SPLIT_R.read_addr_inst/USE_R_CHANNEL.cmd_queue/inst/fifo_gen_inst/inst_fifo_gen/gconvfifo.rf/grf.rf/gntv_or_sync_fifo.gl0.wr/gwss.wsts/ram_afull_fb,
design_1_i/axi_mem_intercon/m00_couplers/auto_pc/inst/gen_axi4_axi3.axi3_conv_inst/USE_READ.USE_SPLIT_R.read_addr_inst/USE_R_CHANNEL.cmd_queue/inst/fifo_gen_inst/inst_fifo_gen/gconvfifo.rf/grf.rf/rstblk/ngwrdrst.grst.rd_rst_reg[2:0],
design_1_i/axi_mem_intercon/m00_couplers/auto_pc/inst/gen_axi4_axi3.axi3_conv_inst/USE_READ.USE_SPLIT_R.read_addr_inst/USE_R_CHANNEL.cmd_queue/inst/fifo_gen_inst/inst_fifo_gen/gconvfifo.rf/grf.rf/rstblk/ngwrdrst.grst.wr_rst_reg[2:0],
design_1_i/axi_mem_intercon/m00_couplers/auto_pc/inst/gen_axi4_axi3.axi3_conv_inst/USE_WRITE.write_addr_inst/USE_BURSTS.cmd_queue/inst/fifo_gen_inst/inst_fifo_gen/gconvfifo.rf/grf.rf/gntv_or_sync_fifo.gl0.rd/gr1.gr1_int.rfwft/aempty_fwft_i,
design_1_i/axi_mem_intercon/m00_couplers/auto_pc/inst/gen_axi4_axi3.axi3_conv_inst/USE_WRITE.write_addr_inst/USE_BURSTS.cmd_queue/inst/fifo_gen_inst/inst_fifo_gen/gconvfifo.rf/grf.rf/gntv_or_sync_fifo.gl0.wr/gwss.wsts/ram_afull_fb,
design_1_i/axi_mem_intercon/m00_couplers/auto_pc/inst/gen_axi4_axi3.axi3_conv_inst/USE_WRITE.write_addr_inst/USE_BURSTS.cmd_queue/inst/fifo_gen_inst/inst_fifo_gen/gconvfifo.rf/grf.rf/rstblk/ngwrdrst.grst.rd_rst_reg[2:0],
design_1_i/axi_mem_intercon/m00_couplers/auto_pc/inst/gen_axi4_axi3.axi3_conv_inst/USE_WRITE.write_addr_inst/USE_BURSTS.cmd_queue/inst/fifo_gen_inst/inst_fifo_gen/gconvfifo.rf/grf.rf/rstblk/ngwrdrst.grst.wr_rst_reg[2:0],
design_1_i/axi_mem_intercon/m00_couplers/auto_pc/inst/gen_axi4_axi3.axi3_conv_inst/USE_WRITE.write_addr_inst/USE_B_CHANNEL.cmd_b_queue/inst/fifo_gen_inst/inst_fifo_gen/gconvfifo.rf/grf.rf/gntv_or_sync_fifo.gl0.rd/gr1.gr1_int.rfwft/aempty_fwft_i,
design_1_i/axi_mem_intercon/m00_couplers/auto_pc/inst/gen_axi4_axi3.axi3_conv_inst/USE_WRITE.write_addr_inst/USE_B_CHANNEL.cmd_b_queue/inst/fifo_gen_inst/inst_fifo_gen/gconvfifo.rf/grf.rf/gntv_or_sync_fifo.gl0.wr/gwss.wsts/ram_afull_fb,
design_1_i/axi_mem_intercon/m00_couplers/auto_pc/inst/gen_axi4_axi3.axi3_conv_inst/USE_WRITE.write_addr_inst/USE_B_CHANNEL.cmd_b_queue/inst/fifo_gen_inst/inst_fifo_gen/gconvfifo.rf/grf.rf/rstblk/ngwrdrst.grst.rd_rst_reg[2:0],
design_1_i/axi_mem_intercon/m00_couplers/auto_pc/inst/gen_axi4_axi3.axi3_conv_inst/USE_WRITE.write_addr_inst/USE_B_CHANNEL.cmd_b_queue/inst/fifo_gen_inst/inst_fifo_gen/gconvfifo.rf/grf.rf/rstblk/ngwrdrst.grst.wr_rst_reg[2:0],
design_1_i/axi_mem_intercon_1/s00_couplers/auto_pc/inst/gen_axi4_axi3.axi3_conv_inst/USE_READ.USE_SPLIT_R.read_addr_inst/USE_R_CHANNEL.cmd_queue/inst/fifo_gen_inst/inst_fifo_gen/gconvfifo.rf/grf.rf/gntv_or_sync_fifo.gl0.rd/gr1.gr1_int.rfwft/aempty_fwft_i,
design_1_i/axi_mem_intercon_1/s00_couplers/auto_pc/inst/gen_axi4_axi3.axi3_conv_inst/USE_READ.USE_SPLIT_R.read_addr_inst/USE_R_CHANNEL.cmd_queue/inst/fifo_gen_inst/inst_fifo_gen/gconvfifo.rf/grf.rf/rstblk/ngwrdrst.grst.rd_rst_reg[2:0],
design_1_i/axi_mem_intercon_1/s00_couplers/auto_pc/inst/gen_axi4_axi3.axi3_conv_inst/USE_READ.USE_SPLIT_R.read_addr_inst/USE_R_CHANNEL.cmd_queue/inst/fifo_gen_inst/inst_fifo_gen/gconvfifo.rf/grf.rf/rstblk/ngwrdrst.grst.wr_rst_reg[2:0]
 (the first 15 of 28 listed nets/buses).
Related violations: <none>


