

================================================================
== Vitis HLS Report for 'yolo_acc_top_Pipeline_VITIS_LOOP_25_1'
================================================================
* Date:           Sat Nov  2 18:43:13 2024

* Version:        2022.2.2 (Build 3779808 on Feb 17 2023)
* Project:        yolo_acc_prj
* Solution:       solution1 (Vivado IP Flow Target)
* Product family: zynq
* Target device:  xc7z020-clg400-1


================================================================
== Performance Estimates
================================================================
+ Timing: 
    * Summary: 
    +--------+----------+----------+------------+
    |  Clock |  Target  | Estimated| Uncertainty|
    +--------+----------+----------+------------+
    |ap_clk  |  10.00 ns|  3.323 ns|     2.70 ns|
    +--------+----------+----------+------------+

+ Latency: 
    * Summary: 
    +---------+---------+----------+----------+-----+-----+---------+
    |  Latency (cycles) |  Latency (absolute) |  Interval | Pipeline|
    |   min   |   max   |    min   |    max   | min | max |   Type  |
    +---------+---------+----------+----------+-----+-----+---------+
    |       10|       10|  0.100 us|  0.100 us|   10|   10|       no|
    +---------+---------+----------+----------+-----+-----+---------+

    + Detail: 
        * Instance: 
        N/A

        * Loop: 
        +-------------------+---------+---------+----------+-----------+-----------+------+----------+
        |                   |  Latency (cycles) | Iteration|  Initiation Interval  | Trip |          |
        |     Loop Name     |   min   |   max   |  Latency |  achieved |   target  | Count| Pipelined|
        +-------------------+---------+---------+----------+-----------+-----------+------+----------+
        |- VITIS_LOOP_25_1  |        8|        8|         3|          2|          1|     4|       yes|
        +-------------------+---------+---------+----------+-----------+-----------+------+----------+

============================================================
+ Verbose Summary: Synthesis Manager
============================================================
InlineROM: 1
ExposeGlobal: 0
============================================================
+ Verbose Summary: CDFG Model
============================================================
IsTopModel: 0
ResetActiveHigh: 1
IsCombinational: 0
IsDatapathOnly: 0
HasWiredReturn: 1
HasMFsm: 2
HasVarLatency: 1
IsPipeline: 0
IsRtlPipelined: 0
IsInstanceOverlapped: 0
IsDontTouch: 0
HasImplIP: 0
IsGatedGlobalClock: 0

+ Individual pipeline summary: 
  * Pipeline-0: initiation interval (II) = 2, depth = 3


============================================================
+ Verbose Summary: Schedule
============================================================
* Number of FSM states : 3
* Pipeline : 1
  Pipeline-0 : II = 2, D = 3, States = { 1 2 3 }
* Dataflow Pipeline: 0

* FSM state transitions: 
1 --> 2 
2 --> 3 
3 --> 

* FSM state operations: 

State 1 <SV = 0> <Delay = 3.32>
ST_1 : Operation 6 [1/1] (0.00ns)   --->   "%rhs_V = alloca i32 1"   --->   Operation 6 'alloca' 'rhs_V' <Predicate = true> <Delay = 0.00>
ST_1 : Operation 7 [1/1] (0.00ns)   --->   "%specinterface_ln0 = specinterface void @_ssdm_op_SpecInterface, i112 %inStream_b, void @empty_2, i32 0, i32 0, void @empty_3, i32 0, i32 0, void @empty_4, void @empty_4, void @empty_4, i32 0, i32 0, i32 0, i32 0, void @empty_4, void @empty_4, i32 4294967295, i32 0"   --->   Operation 7 'specinterface' 'specinterface_ln0' <Predicate = true> <Delay = 0.00>
ST_1 : Operation 8 [1/1] (0.00ns)   --->   "%bias_en_read = read i1 @_ssdm_op_Read.ap_auto.i1, i1 %bias_en"   --->   Operation 8 'read' 'bias_en_read' <Predicate = true> <Delay = 0.00>
ST_1 : Operation 9 [1/1] (0.00ns)   --->   "%fold_input_ch_read = read i4 @_ssdm_op_Read.ap_auto.i4, i4 %fold_input_ch"   --->   Operation 9 'read' 'fold_input_ch_read' <Predicate = true> <Delay = 0.00>
ST_1 : Operation 10 [1/1] (1.58ns)   --->   "%store_ln0 = store i4 0, i4 %rhs_V"   --->   Operation 10 'store' 'store_ln0' <Predicate = true> <Delay = 1.58>
ST_1 : Operation 11 [1/1] (0.00ns)   --->   "%br_ln0 = br void %for.body"   --->   Operation 11 'br' 'br_ln0' <Predicate = true> <Delay = 0.00>
ST_1 : Operation 12 [1/1] (0.00ns)   --->   "%i_V_1 = load i4 %rhs_V"   --->   Operation 12 'load' 'i_V_1' <Predicate = true> <Delay = 0.00>
ST_1 : Operation 13 [1/1] (1.30ns)   --->   "%icmp_ln25 = icmp_eq  i4 %i_V_1, i4 %fold_input_ch_read" [src/yolo_acc.cpp:25]   --->   Operation 13 'icmp' 'icmp_ln25' <Predicate = true> <Delay = 1.30> <CoreInst = "Cmp">   --->   Core 9 'Cmp' <Latency = 0> <II = 1> <Delay = 1.30> <FuncUnit> <Opcode : 'icmp'> <InPorts = 2> <OutPorts = 1>
ST_1 : Operation 14 [1/1] (1.73ns)   --->   "%i_V = add i4 %i_V_1, i4 1"   --->   Operation 14 'add' 'i_V' <Predicate = true> <Delay = 1.73> <CoreInst = "Adder">   --->   Core 1 'Adder' <Latency = 0> <II = 1> <Delay = 1.73> <FuncUnit> <Opcode : 'add' 'sub'> <InPorts = 2> <OutPorts = 1>
ST_1 : Operation 15 [1/1] (0.00ns)   --->   "%br_ln25 = br i1 %icmp_ln25, void %for.body.split, void %VITIS_LOOP_42_2.loopexit.exitStub" [src/yolo_acc.cpp:25]   --->   Operation 15 'br' 'br_ln25' <Predicate = true> <Delay = 0.00>
ST_1 : Operation 16 [1/1] (0.00ns)   --->   "%specpipeline_ln28 = specpipeline void @_ssdm_op_SpecPipeline, i32 4294967295, i32 0, i32 0, i32 0, void @empty_4" [src/yolo_acc.cpp:28]   --->   Operation 16 'specpipeline' 'specpipeline_ln28' <Predicate = (!icmp_ln25)> <Delay = 0.00>
ST_1 : Operation 17 [1/1] (0.00ns)   --->   "%speclooptripcount_ln27 = speclooptripcount void @_ssdm_op_SpecLoopTripCount, i64 4, i64 4, i64 4" [src/yolo_acc.cpp:27]   --->   Operation 17 'speclooptripcount' 'speclooptripcount_ln27' <Predicate = (!icmp_ln25)> <Delay = 0.00>
ST_1 : Operation 18 [1/1] (0.00ns)   --->   "%specloopname_ln25 = specloopname void @_ssdm_op_SpecLoopName, void @empty_7" [src/yolo_acc.cpp:25]   --->   Operation 18 'specloopname' 'specloopname_ln25' <Predicate = (!icmp_ln25)> <Delay = 0.00>
ST_1 : Operation 19 [1/1] (0.00ns)   --->   "%br_ln29 = br i1 %bias_en_read, void %for.inc, void %if.then" [src/yolo_acc.cpp:29]   --->   Operation 19 'br' 'br_ln29' <Predicate = (!icmp_ln25)> <Delay = 0.00>
ST_1 : Operation 20 [1/1] (0.00ns)   --->   "%trunc_ln1494 = trunc i4 %i_V_1"   --->   Operation 20 'trunc' 'trunc_ln1494' <Predicate = (!icmp_ln25 & bias_en_read)> <Delay = 0.00>
ST_1 : Operation 21 [1/1] (1.58ns)   --->   "%store_ln25 = store i4 %i_V, i4 %rhs_V" [src/yolo_acc.cpp:25]   --->   Operation 21 'store' 'store_ln25' <Predicate = (!icmp_ln25)> <Delay = 1.58>
ST_1 : Operation 22 [1/1] (0.00ns)   --->   "%br_ln25 = br void %for.body" [src/yolo_acc.cpp:25]   --->   Operation 22 'br' 'br_ln25' <Predicate = (!icmp_ln25)> <Delay = 0.00>
ST_1 : Operation 45 [1/1] (0.00ns)   --->   "%ret_ln0 = ret"   --->   Operation 45 'ret' 'ret_ln0' <Predicate = (icmp_ln25)> <Delay = 0.00>

State 2 <SV = 1> <Delay = 2.32>
ST_2 : Operation 23 [1/1] (0.00ns)   --->   "%inStream_b_read = read i112 @_ssdm_op_Read.axis.volatile.i112P128A, i112 %inStream_b" [src/yolo_acc.cpp:32]   --->   Operation 23 'read' 'inStream_b_read' <Predicate = (!icmp_ln25 & bias_en_read)> <Delay = 0.00> <CoreInst = "axis">   --->   Core 115 'axis' <Latency = 0> <II = 1> <Delay = 1.00> <Adapter> <Opcode : >
ST_2 : Operation 24 [1/1] (0.00ns)   --->   "%curr_input_data_sub_data_0_V = trunc i112 %inStream_b_read" [src/yolo_acc.cpp:32]   --->   Operation 24 'trunc' 'curr_input_data_sub_data_0_V' <Predicate = (!icmp_ln25 & bias_en_read)> <Delay = 0.00>
ST_2 : Operation 25 [1/1] (0.00ns)   --->   "%curr_input_data_sub_data_1_V = partselect i16 @_ssdm_op_PartSelect.i16.i112.i32.i32, i112 %inStream_b_read, i32 16, i32 31" [src/yolo_acc.cpp:32]   --->   Operation 25 'partselect' 'curr_input_data_sub_data_1_V' <Predicate = (!icmp_ln25 & bias_en_read)> <Delay = 0.00>
ST_2 : Operation 26 [1/1] (0.00ns)   --->   "%curr_input_data_sub_data_2_V = partselect i16 @_ssdm_op_PartSelect.i16.i112.i32.i32, i112 %inStream_b_read, i32 32, i32 47" [src/yolo_acc.cpp:32]   --->   Operation 26 'partselect' 'curr_input_data_sub_data_2_V' <Predicate = (!icmp_ln25 & bias_en_read)> <Delay = 0.00>
ST_2 : Operation 27 [1/1] (0.00ns)   --->   "%curr_input_data_sub_data_3_V = partselect i16 @_ssdm_op_PartSelect.i16.i112.i32.i32, i112 %inStream_b_read, i32 48, i32 63" [src/yolo_acc.cpp:32]   --->   Operation 27 'partselect' 'curr_input_data_sub_data_3_V' <Predicate = (!icmp_ln25 & bias_en_read)> <Delay = 0.00>
ST_2 : Operation 28 [1/1] (0.00ns)   --->   "%ret_V_9 = bitconcatenate i5 @_ssdm_op_BitConcatenate.i5.i3.i2, i3 %trunc_ln1494, i2 0"   --->   Operation 28 'bitconcatenate' 'ret_V_9' <Predicate = (!icmp_ln25 & bias_en_read)> <Delay = 0.00>
ST_2 : Operation 29 [1/1] (0.00ns)   --->   "%zext_ln541 = zext i5 %ret_V_9"   --->   Operation 29 'zext' 'zext_ln541' <Predicate = (!icmp_ln25 & bias_en_read)> <Delay = 0.00>
ST_2 : Operation 30 [1/1] (0.00ns)   --->   "%kernel_bias_fp_V_addr = getelementptr i16 %kernel_bias_fp_V, i64 0, i64 %zext_ln541" [src/yolo_acc.cpp:33]   --->   Operation 30 'getelementptr' 'kernel_bias_fp_V_addr' <Predicate = (!icmp_ln25 & bias_en_read)> <Delay = 0.00>
ST_2 : Operation 31 [1/1] (2.32ns)   --->   "%store_ln33 = store i16 %curr_input_data_sub_data_0_V, i5 %kernel_bias_fp_V_addr" [src/yolo_acc.cpp:33]   --->   Operation 31 'store' 'store_ln33' <Predicate = (!icmp_ln25 & bias_en_read)> <Delay = 2.32> <CoreInst = "RAM">   --->   Core 82 'RAM' <Latency = 1> <II = 1> <Delay = 2.32> <Storage> <Opcode : 'load' 'store'> <Ports = 2> <Width = 16> <Depth = 32> <RAM>
ST_2 : Operation 32 [1/1] (0.00ns)   --->   "%ret_V = or i5 %ret_V_9, i5 1"   --->   Operation 32 'or' 'ret_V' <Predicate = (!icmp_ln25 & bias_en_read)> <Delay = 0.00>
ST_2 : Operation 33 [1/1] (0.00ns)   --->   "%zext_ln541_1 = zext i5 %ret_V"   --->   Operation 33 'zext' 'zext_ln541_1' <Predicate = (!icmp_ln25 & bias_en_read)> <Delay = 0.00>
ST_2 : Operation 34 [1/1] (0.00ns)   --->   "%kernel_bias_fp_V_addr_1 = getelementptr i16 %kernel_bias_fp_V, i64 0, i64 %zext_ln541_1" [src/yolo_acc.cpp:34]   --->   Operation 34 'getelementptr' 'kernel_bias_fp_V_addr_1' <Predicate = (!icmp_ln25 & bias_en_read)> <Delay = 0.00>
ST_2 : Operation 35 [1/1] (2.32ns)   --->   "%store_ln34 = store i16 %curr_input_data_sub_data_1_V, i5 %kernel_bias_fp_V_addr_1" [src/yolo_acc.cpp:34]   --->   Operation 35 'store' 'store_ln34' <Predicate = (!icmp_ln25 & bias_en_read)> <Delay = 2.32> <CoreInst = "RAM">   --->   Core 82 'RAM' <Latency = 1> <II = 1> <Delay = 2.32> <Storage> <Opcode : 'load' 'store'> <Ports = 2> <Width = 16> <Depth = 32> <RAM>

State 3 <SV = 2> <Delay = 2.32>
ST_3 : Operation 36 [1/1] (0.00ns)   --->   "%ret_V_7 = or i5 %ret_V_9, i5 2"   --->   Operation 36 'or' 'ret_V_7' <Predicate = (bias_en_read)> <Delay = 0.00>
ST_3 : Operation 37 [1/1] (0.00ns)   --->   "%zext_ln541_2 = zext i5 %ret_V_7"   --->   Operation 37 'zext' 'zext_ln541_2' <Predicate = (bias_en_read)> <Delay = 0.00>
ST_3 : Operation 38 [1/1] (0.00ns)   --->   "%kernel_bias_fp_V_addr_2 = getelementptr i16 %kernel_bias_fp_V, i64 0, i64 %zext_ln541_2" [src/yolo_acc.cpp:35]   --->   Operation 38 'getelementptr' 'kernel_bias_fp_V_addr_2' <Predicate = (bias_en_read)> <Delay = 0.00>
ST_3 : Operation 39 [1/1] (2.32ns)   --->   "%store_ln35 = store i16 %curr_input_data_sub_data_2_V, i5 %kernel_bias_fp_V_addr_2" [src/yolo_acc.cpp:35]   --->   Operation 39 'store' 'store_ln35' <Predicate = (bias_en_read)> <Delay = 2.32> <CoreInst = "RAM">   --->   Core 82 'RAM' <Latency = 1> <II = 1> <Delay = 2.32> <Storage> <Opcode : 'load' 'store'> <Ports = 2> <Width = 16> <Depth = 32> <RAM>
ST_3 : Operation 40 [1/1] (0.00ns)   --->   "%ret_V_8 = or i5 %ret_V_9, i5 3"   --->   Operation 40 'or' 'ret_V_8' <Predicate = (bias_en_read)> <Delay = 0.00>
ST_3 : Operation 41 [1/1] (0.00ns)   --->   "%zext_ln541_3 = zext i5 %ret_V_8"   --->   Operation 41 'zext' 'zext_ln541_3' <Predicate = (bias_en_read)> <Delay = 0.00>
ST_3 : Operation 42 [1/1] (0.00ns)   --->   "%kernel_bias_fp_V_addr_3 = getelementptr i16 %kernel_bias_fp_V, i64 0, i64 %zext_ln541_3" [src/yolo_acc.cpp:36]   --->   Operation 42 'getelementptr' 'kernel_bias_fp_V_addr_3' <Predicate = (bias_en_read)> <Delay = 0.00>
ST_3 : Operation 43 [1/1] (2.32ns)   --->   "%store_ln36 = store i16 %curr_input_data_sub_data_3_V, i5 %kernel_bias_fp_V_addr_3" [src/yolo_acc.cpp:36]   --->   Operation 43 'store' 'store_ln36' <Predicate = (bias_en_read)> <Delay = 2.32> <CoreInst = "RAM">   --->   Core 82 'RAM' <Latency = 1> <II = 1> <Delay = 2.32> <Storage> <Opcode : 'load' 'store'> <Ports = 2> <Width = 16> <Depth = 32> <RAM>
ST_3 : Operation 44 [1/1] (0.00ns)   --->   "%br_ln37 = br void %for.inc" [src/yolo_acc.cpp:37]   --->   Operation 44 'br' 'br_ln37' <Predicate = (bias_en_read)> <Delay = 0.00>


============================================================
+ Verbose Summary: Binding
============================================================
STG Binding: 
---------------- STG Properties BEGIN ----------------
- Is combinational: 0
- Is one-state seq: 0
- Is datapath-only: 0
- Is pipelined: 0
- Is top level: 0
Port [ Return ] is wired: 1; IO mode=ap_ctrl_hs:ce=0
Port [ fold_input_ch]:  wired=1; compound=0; hidden=0; nouse=0; global=0; static=0; extern=0; dir=0; type=0; pingpong=0; private_global=0; IO mode=ap_none:ce=0
Port [ kernel_bias_fp_V]:  wired=1; compound=1; hidden=0; nouse=0; global=0; static=0; extern=0; dir=1; type=1; pingpong=0; private_global=0; MemPort=[00]; IO mode=ap_memory:ce=0
Port [ bias_en]:  wired=1; compound=0; hidden=0; nouse=0; global=0; static=0; extern=0; dir=0; type=0; pingpong=0; private_global=0; IO mode=ap_none:ce=0
Port [ inStream_b]:  wired=1; compound=1; hidden=0; nouse=0; global=0; static=0; extern=0; dir=0; type=0; pingpong=0; private_global=0; IO mode=axis:ce=0
---------------- STG Properties END ------------------

---------------- Datapath Model BEGIN ----------------

<LifeTime>
<method=bitvector/>
rhs_V                        (alloca           ) [ 0100]
specinterface_ln0            (specinterface    ) [ 0000]
bias_en_read                 (read             ) [ 0111]
fold_input_ch_read           (read             ) [ 0000]
store_ln0                    (store            ) [ 0000]
br_ln0                       (br               ) [ 0000]
i_V_1                        (load             ) [ 0000]
icmp_ln25                    (icmp             ) [ 0110]
i_V                          (add              ) [ 0000]
br_ln25                      (br               ) [ 0000]
specpipeline_ln28            (specpipeline     ) [ 0000]
speclooptripcount_ln27       (speclooptripcount) [ 0000]
specloopname_ln25            (specloopname     ) [ 0000]
br_ln29                      (br               ) [ 0000]
trunc_ln1494                 (trunc            ) [ 0010]
store_ln25                   (store            ) [ 0000]
br_ln25                      (br               ) [ 0000]
inStream_b_read              (read             ) [ 0000]
curr_input_data_sub_data_0_V (trunc            ) [ 0000]
curr_input_data_sub_data_1_V (partselect       ) [ 0000]
curr_input_data_sub_data_2_V (partselect       ) [ 0101]
curr_input_data_sub_data_3_V (partselect       ) [ 0101]
ret_V_9                      (bitconcatenate   ) [ 0101]
zext_ln541                   (zext             ) [ 0000]
kernel_bias_fp_V_addr        (getelementptr    ) [ 0000]
store_ln33                   (store            ) [ 0000]
ret_V                        (or               ) [ 0000]
zext_ln541_1                 (zext             ) [ 0000]
kernel_bias_fp_V_addr_1      (getelementptr    ) [ 0000]
store_ln34                   (store            ) [ 0000]
ret_V_7                      (or               ) [ 0000]
zext_ln541_2                 (zext             ) [ 0000]
kernel_bias_fp_V_addr_2      (getelementptr    ) [ 0000]
store_ln35                   (store            ) [ 0000]
ret_V_8                      (or               ) [ 0000]
zext_ln541_3                 (zext             ) [ 0000]
kernel_bias_fp_V_addr_3      (getelementptr    ) [ 0000]
store_ln36                   (store            ) [ 0000]
br_ln37                      (br               ) [ 0000]
ret_ln0                      (ret              ) [ 0000]
</LifeTime>

<model>

<comp_list>
<comp id="0" class="1000" name="fold_input_ch">
<pin_list>
<pin id="1" dir="1" index="0" bw="1" slack="0"/>
</pin_list>
<bind>
<StgValue><ssdm name="fold_input_ch"/></StgValue>
</bind>
</comp>

<comp id="2" class="1000" name="kernel_bias_fp_V">
<pin_list>
<pin id="3" dir="1" index="0" bw="1" slack="0"/>
</pin_list>
<bind>
<StgValue><ssdm name="kernel_bias_fp_V"/><MemPortTyVec>0 0 </MemPortTyVec>
</StgValue>
</bind>
</comp>

<comp id="4" class="1000" name="bias_en">
<pin_list>
<pin id="5" dir="1" index="0" bw="1" slack="0"/>
</pin_list>
<bind>
<StgValue><ssdm name="bias_en"/></StgValue>
</bind>
</comp>

<comp id="6" class="1000" name="inStream_b">
<pin_list>
<pin id="7" dir="1" index="0" bw="1" slack="0"/>
</pin_list>
<bind>
<StgValue><ssdm name="inStream_b"/></StgValue>
</bind>
</comp>

<comp id="8" class="1001" name="const_8">
<pin_list>
<pin id="9" dir="1" index="0" bw="1" slack="0"/>
</pin_list>
<bind>
<StgValue><ssdm name=""/></StgValue>
</bind>
</comp>

<comp id="10" class="1001" name="const_10">
<pin_list>
<pin id="11" dir="1" index="0" bw="1" slack="2147483647"/>
</pin_list>
<bind>
<StgValue><ssdm name="_ssdm_op_SpecInterface"/></StgValue>
</bind>
</comp>

<comp id="12" class="1001" name="const_12">
<pin_list>
<pin id="13" dir="1" index="0" bw="1" slack="2147483647"/>
</pin_list>
<bind>
<StgValue><ssdm name="empty_2"/></StgValue>
</bind>
</comp>

<comp id="14" class="1001" name="const_14">
<pin_list>
<pin id="15" dir="1" index="0" bw="1" slack="2147483647"/>
</pin_list>
<bind>
<StgValue><ssdm name=""/></StgValue>
</bind>
</comp>

<comp id="16" class="1001" name="const_16">
<pin_list>
<pin id="17" dir="1" index="0" bw="1" slack="2147483647"/>
</pin_list>
<bind>
<StgValue><ssdm name="empty_3"/></StgValue>
</bind>
</comp>

<comp id="18" class="1001" name="const_18">
<pin_list>
<pin id="19" dir="1" index="0" bw="1" slack="2147483647"/>
</pin_list>
<bind>
<StgValue><ssdm name="empty_4"/></StgValue>
</bind>
</comp>

<comp id="20" class="1001" name="const_20">
<pin_list>
<pin id="21" dir="1" index="0" bw="1" slack="2147483647"/>
</pin_list>
<bind>
<StgValue><ssdm name=""/></StgValue>
</bind>
</comp>

<comp id="22" class="1001" name="const_22">
<pin_list>
<pin id="23" dir="1" index="0" bw="1" slack="0"/>
</pin_list>
<bind>
<StgValue><ssdm name="_ssdm_op_Read.ap_auto.i1"/></StgValue>
</bind>
</comp>

<comp id="24" class="1001" name="const_24">
<pin_list>
<pin id="25" dir="1" index="0" bw="1" slack="0"/>
</pin_list>
<bind>
<StgValue><ssdm name="_ssdm_op_Read.ap_auto.i4"/></StgValue>
</bind>
</comp>

<comp id="26" class="1001" name="const_26">
<pin_list>
<pin id="27" dir="1" index="0" bw="1" slack="0"/>
</pin_list>
<bind>
<StgValue><ssdm name=""/></StgValue>
</bind>
</comp>

<comp id="28" class="1001" name="const_28">
<pin_list>
<pin id="29" dir="1" index="0" bw="1" slack="0"/>
</pin_list>
<bind>
<StgValue><ssdm name=""/></StgValue>
</bind>
</comp>

<comp id="30" class="1001" name="const_30">
<pin_list>
<pin id="31" dir="1" index="0" bw="1" slack="2147483647"/>
</pin_list>
<bind>
<StgValue><ssdm name="_ssdm_op_SpecPipeline"/></StgValue>
</bind>
</comp>

<comp id="32" class="1001" name="const_32">
<pin_list>
<pin id="33" dir="1" index="0" bw="1" slack="2147483647"/>
</pin_list>
<bind>
<StgValue><ssdm name="_ssdm_op_SpecLoopTripCount"/></StgValue>
</bind>
</comp>

<comp id="34" class="1001" name="const_34">
<pin_list>
<pin id="35" dir="1" index="0" bw="1" slack="2147483647"/>
</pin_list>
<bind>
<StgValue><ssdm name=""/></StgValue>
</bind>
</comp>

<comp id="36" class="1001" name="const_36">
<pin_list>
<pin id="37" dir="1" index="0" bw="1" slack="2147483647"/>
</pin_list>
<bind>
<StgValue><ssdm name="_ssdm_op_SpecLoopName"/></StgValue>
</bind>
</comp>

<comp id="38" class="1001" name="const_38">
<pin_list>
<pin id="39" dir="1" index="0" bw="1" slack="2147483647"/>
</pin_list>
<bind>
<StgValue><ssdm name="empty_7"/></StgValue>
</bind>
</comp>

<comp id="40" class="1001" name="const_40">
<pin_list>
<pin id="41" dir="1" index="0" bw="1" slack="0"/>
</pin_list>
<bind>
<StgValue><ssdm name="_ssdm_op_Read.axis.volatile.i112P128A"/></StgValue>
</bind>
</comp>

<comp id="42" class="1001" name="const_42">
<pin_list>
<pin id="43" dir="1" index="0" bw="1" slack="0"/>
</pin_list>
<bind>
<StgValue><ssdm name="_ssdm_op_PartSelect.i16.i112.i32.i32"/></StgValue>
</bind>
</comp>

<comp id="44" class="1001" name="const_44">
<pin_list>
<pin id="45" dir="1" index="0" bw="1" slack="0"/>
</pin_list>
<bind>
<StgValue><ssdm name=""/></StgValue>
</bind>
</comp>

<comp id="46" class="1001" name="const_46">
<pin_list>
<pin id="47" dir="1" index="0" bw="1" slack="0"/>
</pin_list>
<bind>
<StgValue><ssdm name=""/></StgValue>
</bind>
</comp>

<comp id="48" class="1001" name="const_48">
<pin_list>
<pin id="49" dir="1" index="0" bw="1" slack="0"/>
</pin_list>
<bind>
<StgValue><ssdm name=""/></StgValue>
</bind>
</comp>

<comp id="50" class="1001" name="const_50">
<pin_list>
<pin id="51" dir="1" index="0" bw="1" slack="0"/>
</pin_list>
<bind>
<StgValue><ssdm name=""/></StgValue>
</bind>
</comp>

<comp id="52" class="1001" name="const_52">
<pin_list>
<pin id="53" dir="1" index="0" bw="1" slack="0"/>
</pin_list>
<bind>
<StgValue><ssdm name=""/></StgValue>
</bind>
</comp>

<comp id="54" class="1001" name="const_54">
<pin_list>
<pin id="55" dir="1" index="0" bw="1" slack="0"/>
</pin_list>
<bind>
<StgValue><ssdm name=""/></StgValue>
</bind>
</comp>

<comp id="56" class="1001" name="const_56">
<pin_list>
<pin id="57" dir="1" index="0" bw="1" slack="0"/>
</pin_list>
<bind>
<StgValue><ssdm name="_ssdm_op_BitConcatenate.i5.i3.i2"/></StgValue>
</bind>
</comp>

<comp id="58" class="1001" name="const_58">
<pin_list>
<pin id="59" dir="1" index="0" bw="1" slack="0"/>
</pin_list>
<bind>
<StgValue><ssdm name=""/></StgValue>
</bind>
</comp>

<comp id="60" class="1001" name="const_60">
<pin_list>
<pin id="61" dir="1" index="0" bw="1" slack="0"/>
</pin_list>
<bind>
<StgValue><ssdm name=""/></StgValue>
</bind>
</comp>

<comp id="62" class="1001" name="const_62">
<pin_list>
<pin id="63" dir="1" index="0" bw="1" slack="0"/>
</pin_list>
<bind>
<StgValue><ssdm name=""/></StgValue>
</bind>
</comp>

<comp id="64" class="1001" name="const_64">
<pin_list>
<pin id="65" dir="1" index="0" bw="1" slack="0"/>
</pin_list>
<bind>
<StgValue><ssdm name=""/></StgValue>
</bind>
</comp>

<comp id="66" class="1001" name="const_66">
<pin_list>
<pin id="67" dir="1" index="0" bw="1" slack="0"/>
</pin_list>
<bind>
<StgValue><ssdm name=""/></StgValue>
</bind>
</comp>

<comp id="68" class="1004" name="rhs_V_fu_68">
<pin_list>
<pin id="69" dir="0" index="0" bw="1" slack="0"/>
<pin id="70" dir="1" index="1" bw="4" slack="0"/>
</pin_list>
<bind>
<opcode="alloca(26) " fcode="alloca"/>
<opset="rhs_V/1 "/>
</bind>
</comp>

<comp id="72" class="1004" name="bias_en_read_read_fu_72">
<pin_list>
<pin id="73" dir="0" index="0" bw="1" slack="0"/>
<pin id="74" dir="0" index="1" bw="1" slack="0"/>
<pin id="75" dir="1" index="2" bw="1" slack="1"/>
</pin_list>
<bind>
<opcode="read(1150) " fcode="read"/>
<opset="bias_en_read/1 "/>
</bind>
</comp>

<comp id="78" class="1004" name="fold_input_ch_read_read_fu_78">
<pin_list>
<pin id="79" dir="0" index="0" bw="4" slack="0"/>
<pin id="80" dir="0" index="1" bw="4" slack="0"/>
<pin id="81" dir="1" index="2" bw="4" slack="0"/>
</pin_list>
<bind>
<opcode="read(1150) " fcode="read"/>
<opset="fold_input_ch_read/1 "/>
</bind>
</comp>

<comp id="84" class="1004" name="inStream_b_read_read_fu_84">
<pin_list>
<pin id="85" dir="0" index="0" bw="112" slack="0"/>
<pin id="86" dir="0" index="1" bw="112" slack="0"/>
<pin id="87" dir="1" index="2" bw="112" slack="0"/>
</pin_list>
<bind>
<opcode="read(1150) " fcode="read"/>
<opset="inStream_b_read/2 "/>
</bind>
</comp>

<comp id="90" class="1004" name="kernel_bias_fp_V_addr_gep_fu_90">
<pin_list>
<pin id="91" dir="0" index="0" bw="16" slack="0"/>
<pin id="92" dir="0" index="1" bw="1" slack="0"/>
<pin id="93" dir="0" index="2" bw="5" slack="0"/>
<pin id="94" dir="1" index="3" bw="5" slack="0"/>
</pin_list>
<bind>
<opcode="getelementptr(29) " fcode="getelementptr"/>
<opset="kernel_bias_fp_V_addr/2 "/>
</bind>
</comp>

<comp id="97" class="1004" name="grp_access_fu_97">
<pin_list>
<pin id="98" dir="0" index="0" bw="5" slack="0"/>
<pin id="99" dir="0" index="1" bw="16" slack="0"/>
<pin id="100" dir="0" index="2" bw="0" slack="0"/>
<pin id="102" dir="0" index="4" bw="5" slack="0"/>
<pin id="103" dir="0" index="5" bw="16" slack="2147483647"/>
<pin id="104" dir="0" index="6" bw="0" slack="2147483647"/>
<pin id="101" dir="1" index="3" bw="16" slack="2147483647"/>
<pin id="105" dir="1" index="7" bw="16" slack="2147483647"/>
</pin_list>
<bind>
<opcode="store(28) " fcode="store"/>
<opset="store_ln33/2 store_ln34/2 store_ln35/3 store_ln36/3 "/>
</bind>
</comp>

<comp id="107" class="1004" name="kernel_bias_fp_V_addr_1_gep_fu_107">
<pin_list>
<pin id="108" dir="0" index="0" bw="16" slack="0"/>
<pin id="109" dir="0" index="1" bw="1" slack="0"/>
<pin id="110" dir="0" index="2" bw="5" slack="0"/>
<pin id="111" dir="1" index="3" bw="5" slack="0"/>
</pin_list>
<bind>
<opcode="getelementptr(29) " fcode="getelementptr"/>
<opset="kernel_bias_fp_V_addr_1/2 "/>
</bind>
</comp>

<comp id="115" class="1004" name="kernel_bias_fp_V_addr_2_gep_fu_115">
<pin_list>
<pin id="116" dir="0" index="0" bw="16" slack="0"/>
<pin id="117" dir="0" index="1" bw="1" slack="0"/>
<pin id="118" dir="0" index="2" bw="5" slack="0"/>
<pin id="119" dir="1" index="3" bw="5" slack="0"/>
</pin_list>
<bind>
<opcode="getelementptr(29) " fcode="getelementptr"/>
<opset="kernel_bias_fp_V_addr_2/3 "/>
</bind>
</comp>

<comp id="123" class="1004" name="kernel_bias_fp_V_addr_3_gep_fu_123">
<pin_list>
<pin id="124" dir="0" index="0" bw="16" slack="0"/>
<pin id="125" dir="0" index="1" bw="1" slack="0"/>
<pin id="126" dir="0" index="2" bw="5" slack="0"/>
<pin id="127" dir="1" index="3" bw="5" slack="0"/>
</pin_list>
<bind>
<opcode="getelementptr(29) " fcode="getelementptr"/>
<opset="kernel_bias_fp_V_addr_3/3 "/>
</bind>
</comp>

<comp id="131" class="1004" name="store_ln0_store_fu_131">
<pin_list>
<pin id="132" dir="0" index="0" bw="1" slack="0"/>
<pin id="133" dir="0" index="1" bw="4" slack="0"/>
<pin id="134" dir="1" index="2" bw="0" slack="2147483647"/>
</pin_list>
<bind>
<opcode="store(28) " fcode="store"/>
<opset="store_ln0/1 "/>
</bind>
</comp>

<comp id="136" class="1004" name="i_V_1_load_fu_136">
<pin_list>
<pin id="137" dir="0" index="0" bw="4" slack="0"/>
<pin id="138" dir="1" index="1" bw="4" slack="0"/>
</pin_list>
<bind>
<opcode="load(27) " fcode="load"/>
<opset="i_V_1/1 "/>
</bind>
</comp>

<comp id="139" class="1004" name="icmp_ln25_fu_139">
<pin_list>
<pin id="140" dir="0" index="0" bw="4" slack="0"/>
<pin id="141" dir="0" index="1" bw="4" slack="0"/>
<pin id="142" dir="1" index="2" bw="1" slack="1"/>
</pin_list>
<bind>
<opcode="icmp(45) " fcode="icmp"/>
<opset="icmp_ln25/1 "/>
</bind>
</comp>

<comp id="145" class="1004" name="i_V_fu_145">
<pin_list>
<pin id="146" dir="0" index="0" bw="4" slack="0"/>
<pin id="147" dir="0" index="1" bw="1" slack="0"/>
<pin id="148" dir="1" index="2" bw="4" slack="0"/>
</pin_list>
<bind>
<opcode="add(8) " fcode="add"/>
<opset="i_V/1 "/>
</bind>
</comp>

<comp id="151" class="1004" name="trunc_ln1494_fu_151">
<pin_list>
<pin id="152" dir="0" index="0" bw="4" slack="0"/>
<pin id="153" dir="1" index="1" bw="3" slack="1"/>
</pin_list>
<bind>
<opcode="trunc(33) " fcode="trunc"/>
<opset="trunc_ln1494/1 "/>
</bind>
</comp>

<comp id="155" class="1004" name="store_ln25_store_fu_155">
<pin_list>
<pin id="156" dir="0" index="0" bw="4" slack="0"/>
<pin id="157" dir="0" index="1" bw="4" slack="0"/>
<pin id="158" dir="1" index="2" bw="0" slack="2147483647"/>
</pin_list>
<bind>
<opcode="store(28) " fcode="store"/>
<opset="store_ln25/1 "/>
</bind>
</comp>

<comp id="160" class="1004" name="curr_input_data_sub_data_0_V_fu_160">
<pin_list>
<pin id="161" dir="0" index="0" bw="112" slack="0"/>
<pin id="162" dir="1" index="1" bw="16" slack="0"/>
</pin_list>
<bind>
<opcode="trunc(33) " fcode="trunc"/>
<opset="curr_input_data_sub_data_0_V/2 "/>
</bind>
</comp>

<comp id="165" class="1004" name="curr_input_data_sub_data_1_V_fu_165">
<pin_list>
<pin id="166" dir="0" index="0" bw="16" slack="0"/>
<pin id="167" dir="0" index="1" bw="112" slack="0"/>
<pin id="168" dir="0" index="2" bw="6" slack="0"/>
<pin id="169" dir="0" index="3" bw="6" slack="0"/>
<pin id="170" dir="1" index="4" bw="16" slack="0"/>
</pin_list>
<bind>
<opcode="partselect(1002) " fcode="partselect"/>
<opset="curr_input_data_sub_data_1_V/2 "/>
</bind>
</comp>

<comp id="176" class="1004" name="curr_input_data_sub_data_2_V_fu_176">
<pin_list>
<pin id="177" dir="0" index="0" bw="16" slack="0"/>
<pin id="178" dir="0" index="1" bw="112" slack="0"/>
<pin id="179" dir="0" index="2" bw="7" slack="0"/>
<pin id="180" dir="0" index="3" bw="7" slack="0"/>
<pin id="181" dir="1" index="4" bw="16" slack="1"/>
</pin_list>
<bind>
<opcode="partselect(1002) " fcode="partselect"/>
<opset="curr_input_data_sub_data_2_V/2 "/>
</bind>
</comp>

<comp id="186" class="1004" name="curr_input_data_sub_data_3_V_fu_186">
<pin_list>
<pin id="187" dir="0" index="0" bw="16" slack="0"/>
<pin id="188" dir="0" index="1" bw="112" slack="0"/>
<pin id="189" dir="0" index="2" bw="7" slack="0"/>
<pin id="190" dir="0" index="3" bw="7" slack="0"/>
<pin id="191" dir="1" index="4" bw="16" slack="1"/>
</pin_list>
<bind>
<opcode="partselect(1002) " fcode="partselect"/>
<opset="curr_input_data_sub_data_3_V/2 "/>
</bind>
</comp>

<comp id="196" class="1004" name="ret_V_9_fu_196">
<pin_list>
<pin id="197" dir="0" index="0" bw="5" slack="0"/>
<pin id="198" dir="0" index="1" bw="3" slack="1"/>
<pin id="199" dir="0" index="2" bw="1" slack="0"/>
<pin id="200" dir="1" index="3" bw="5" slack="0"/>
</pin_list>
<bind>
<opcode="bitconcatenate(1004) " fcode="bitconcatenate"/>
<opset="ret_V_9/2 "/>
</bind>
</comp>

<comp id="203" class="1004" name="zext_ln541_fu_203">
<pin_list>
<pin id="204" dir="0" index="0" bw="5" slack="0"/>
<pin id="205" dir="1" index="1" bw="64" slack="0"/>
</pin_list>
<bind>
<opcode="zext(34) " fcode="zext"/>
<opset="zext_ln541/2 "/>
</bind>
</comp>

<comp id="208" class="1004" name="ret_V_fu_208">
<pin_list>
<pin id="209" dir="0" index="0" bw="5" slack="0"/>
<pin id="210" dir="0" index="1" bw="1" slack="0"/>
<pin id="211" dir="1" index="2" bw="5" slack="0"/>
</pin_list>
<bind>
<opcode="or(24) " fcode="or"/>
<opset="ret_V/2 "/>
</bind>
</comp>

<comp id="214" class="1004" name="zext_ln541_1_fu_214">
<pin_list>
<pin id="215" dir="0" index="0" bw="5" slack="0"/>
<pin id="216" dir="1" index="1" bw="64" slack="0"/>
</pin_list>
<bind>
<opcode="zext(34) " fcode="zext"/>
<opset="zext_ln541_1/2 "/>
</bind>
</comp>

<comp id="219" class="1004" name="ret_V_7_fu_219">
<pin_list>
<pin id="220" dir="0" index="0" bw="5" slack="1"/>
<pin id="221" dir="0" index="1" bw="3" slack="0"/>
<pin id="222" dir="1" index="2" bw="5" slack="0"/>
</pin_list>
<bind>
<opcode="or(24) " fcode="or"/>
<opset="ret_V_7/3 "/>
</bind>
</comp>

<comp id="224" class="1004" name="zext_ln541_2_fu_224">
<pin_list>
<pin id="225" dir="0" index="0" bw="5" slack="0"/>
<pin id="226" dir="1" index="1" bw="64" slack="0"/>
</pin_list>
<bind>
<opcode="zext(34) " fcode="zext"/>
<opset="zext_ln541_2/3 "/>
</bind>
</comp>

<comp id="229" class="1004" name="ret_V_8_fu_229">
<pin_list>
<pin id="230" dir="0" index="0" bw="5" slack="1"/>
<pin id="231" dir="0" index="1" bw="3" slack="0"/>
<pin id="232" dir="1" index="2" bw="5" slack="0"/>
</pin_list>
<bind>
<opcode="or(24) " fcode="or"/>
<opset="ret_V_8/3 "/>
</bind>
</comp>

<comp id="234" class="1004" name="zext_ln541_3_fu_234">
<pin_list>
<pin id="235" dir="0" index="0" bw="5" slack="0"/>
<pin id="236" dir="1" index="1" bw="64" slack="0"/>
</pin_list>
<bind>
<opcode="zext(34) " fcode="zext"/>
<opset="zext_ln541_3/3 "/>
</bind>
</comp>

<comp id="239" class="1005" name="rhs_V_reg_239">
<pin_list>
<pin id="240" dir="0" index="0" bw="4" slack="0"/>
<pin id="241" dir="1" index="1" bw="4" slack="0"/>
</pin_list>
<bind>
<opset="rhs_V "/>
</bind>
</comp>

<comp id="246" class="1005" name="bias_en_read_reg_246">
<pin_list>
<pin id="247" dir="0" index="0" bw="1" slack="1"/>
<pin id="248" dir="1" index="1" bw="1" slack="2147483647"/>
</pin_list>
<bind>
<opset="bias_en_read "/>
</bind>
</comp>

<comp id="250" class="1005" name="icmp_ln25_reg_250">
<pin_list>
<pin id="251" dir="0" index="0" bw="1" slack="1"/>
<pin id="252" dir="1" index="1" bw="1" slack="2147483647"/>
</pin_list>
<bind>
<opset="icmp_ln25 "/>
</bind>
</comp>

<comp id="254" class="1005" name="trunc_ln1494_reg_254">
<pin_list>
<pin id="255" dir="0" index="0" bw="3" slack="1"/>
<pin id="256" dir="1" index="1" bw="3" slack="1"/>
</pin_list>
<bind>
<opset="trunc_ln1494 "/>
</bind>
</comp>

<comp id="259" class="1005" name="curr_input_data_sub_data_2_V_reg_259">
<pin_list>
<pin id="260" dir="0" index="0" bw="16" slack="1"/>
<pin id="261" dir="1" index="1" bw="16" slack="1"/>
</pin_list>
<bind>
<opset="curr_input_data_sub_data_2_V "/>
</bind>
</comp>

<comp id="264" class="1005" name="curr_input_data_sub_data_3_V_reg_264">
<pin_list>
<pin id="265" dir="0" index="0" bw="16" slack="1"/>
<pin id="266" dir="1" index="1" bw="16" slack="1"/>
</pin_list>
<bind>
<opset="curr_input_data_sub_data_3_V "/>
</bind>
</comp>

<comp id="269" class="1005" name="ret_V_9_reg_269">
<pin_list>
<pin id="270" dir="0" index="0" bw="5" slack="1"/>
<pin id="271" dir="1" index="1" bw="5" slack="1"/>
</pin_list>
<bind>
<opset="ret_V_9 "/>
</bind>
</comp>

</comp_list>

<net_list>
<net id="71"><net_src comp="8" pin="0"/><net_sink comp="68" pin=0"/></net>

<net id="76"><net_src comp="22" pin="0"/><net_sink comp="72" pin=0"/></net>

<net id="77"><net_src comp="4" pin="0"/><net_sink comp="72" pin=1"/></net>

<net id="82"><net_src comp="24" pin="0"/><net_sink comp="78" pin=0"/></net>

<net id="83"><net_src comp="0" pin="0"/><net_sink comp="78" pin=1"/></net>

<net id="88"><net_src comp="40" pin="0"/><net_sink comp="84" pin=0"/></net>

<net id="89"><net_src comp="6" pin="0"/><net_sink comp="84" pin=1"/></net>

<net id="95"><net_src comp="2" pin="0"/><net_sink comp="90" pin=0"/></net>

<net id="96"><net_src comp="60" pin="0"/><net_sink comp="90" pin=1"/></net>

<net id="106"><net_src comp="90" pin="3"/><net_sink comp="97" pin=2"/></net>

<net id="112"><net_src comp="2" pin="0"/><net_sink comp="107" pin=0"/></net>

<net id="113"><net_src comp="60" pin="0"/><net_sink comp="107" pin=1"/></net>

<net id="114"><net_src comp="107" pin="3"/><net_sink comp="97" pin=0"/></net>

<net id="120"><net_src comp="2" pin="0"/><net_sink comp="115" pin=0"/></net>

<net id="121"><net_src comp="60" pin="0"/><net_sink comp="115" pin=1"/></net>

<net id="122"><net_src comp="115" pin="3"/><net_sink comp="97" pin=2"/></net>

<net id="128"><net_src comp="2" pin="0"/><net_sink comp="123" pin=0"/></net>

<net id="129"><net_src comp="60" pin="0"/><net_sink comp="123" pin=1"/></net>

<net id="130"><net_src comp="123" pin="3"/><net_sink comp="97" pin=0"/></net>

<net id="135"><net_src comp="26" pin="0"/><net_sink comp="131" pin=0"/></net>

<net id="143"><net_src comp="136" pin="1"/><net_sink comp="139" pin=0"/></net>

<net id="144"><net_src comp="78" pin="2"/><net_sink comp="139" pin=1"/></net>

<net id="149"><net_src comp="136" pin="1"/><net_sink comp="145" pin=0"/></net>

<net id="150"><net_src comp="28" pin="0"/><net_sink comp="145" pin=1"/></net>

<net id="154"><net_src comp="136" pin="1"/><net_sink comp="151" pin=0"/></net>

<net id="159"><net_src comp="145" pin="2"/><net_sink comp="155" pin=0"/></net>

<net id="163"><net_src comp="84" pin="2"/><net_sink comp="160" pin=0"/></net>

<net id="164"><net_src comp="160" pin="1"/><net_sink comp="97" pin=4"/></net>

<net id="171"><net_src comp="42" pin="0"/><net_sink comp="165" pin=0"/></net>

<net id="172"><net_src comp="84" pin="2"/><net_sink comp="165" pin=1"/></net>

<net id="173"><net_src comp="44" pin="0"/><net_sink comp="165" pin=2"/></net>

<net id="174"><net_src comp="46" pin="0"/><net_sink comp="165" pin=3"/></net>

<net id="175"><net_src comp="165" pin="4"/><net_sink comp="97" pin=1"/></net>

<net id="182"><net_src comp="42" pin="0"/><net_sink comp="176" pin=0"/></net>

<net id="183"><net_src comp="84" pin="2"/><net_sink comp="176" pin=1"/></net>

<net id="184"><net_src comp="48" pin="0"/><net_sink comp="176" pin=2"/></net>

<net id="185"><net_src comp="50" pin="0"/><net_sink comp="176" pin=3"/></net>

<net id="192"><net_src comp="42" pin="0"/><net_sink comp="186" pin=0"/></net>

<net id="193"><net_src comp="84" pin="2"/><net_sink comp="186" pin=1"/></net>

<net id="194"><net_src comp="52" pin="0"/><net_sink comp="186" pin=2"/></net>

<net id="195"><net_src comp="54" pin="0"/><net_sink comp="186" pin=3"/></net>

<net id="201"><net_src comp="56" pin="0"/><net_sink comp="196" pin=0"/></net>

<net id="202"><net_src comp="58" pin="0"/><net_sink comp="196" pin=2"/></net>

<net id="206"><net_src comp="196" pin="3"/><net_sink comp="203" pin=0"/></net>

<net id="207"><net_src comp="203" pin="1"/><net_sink comp="90" pin=2"/></net>

<net id="212"><net_src comp="196" pin="3"/><net_sink comp="208" pin=0"/></net>

<net id="213"><net_src comp="62" pin="0"/><net_sink comp="208" pin=1"/></net>

<net id="217"><net_src comp="208" pin="2"/><net_sink comp="214" pin=0"/></net>

<net id="218"><net_src comp="214" pin="1"/><net_sink comp="107" pin=2"/></net>

<net id="223"><net_src comp="64" pin="0"/><net_sink comp="219" pin=1"/></net>

<net id="227"><net_src comp="219" pin="2"/><net_sink comp="224" pin=0"/></net>

<net id="228"><net_src comp="224" pin="1"/><net_sink comp="115" pin=2"/></net>

<net id="233"><net_src comp="66" pin="0"/><net_sink comp="229" pin=1"/></net>

<net id="237"><net_src comp="229" pin="2"/><net_sink comp="234" pin=0"/></net>

<net id="238"><net_src comp="234" pin="1"/><net_sink comp="123" pin=2"/></net>

<net id="242"><net_src comp="68" pin="1"/><net_sink comp="239" pin=0"/></net>

<net id="243"><net_src comp="239" pin="1"/><net_sink comp="131" pin=1"/></net>

<net id="244"><net_src comp="239" pin="1"/><net_sink comp="136" pin=0"/></net>

<net id="245"><net_src comp="239" pin="1"/><net_sink comp="155" pin=1"/></net>

<net id="249"><net_src comp="72" pin="2"/><net_sink comp="246" pin=0"/></net>

<net id="253"><net_src comp="139" pin="2"/><net_sink comp="250" pin=0"/></net>

<net id="257"><net_src comp="151" pin="1"/><net_sink comp="254" pin=0"/></net>

<net id="258"><net_src comp="254" pin="1"/><net_sink comp="196" pin=1"/></net>

<net id="262"><net_src comp="176" pin="4"/><net_sink comp="259" pin=0"/></net>

<net id="263"><net_src comp="259" pin="1"/><net_sink comp="97" pin=4"/></net>

<net id="267"><net_src comp="186" pin="4"/><net_sink comp="264" pin=0"/></net>

<net id="268"><net_src comp="264" pin="1"/><net_sink comp="97" pin=1"/></net>

<net id="272"><net_src comp="196" pin="3"/><net_sink comp="269" pin=0"/></net>

<net id="273"><net_src comp="269" pin="1"/><net_sink comp="219" pin=0"/></net>

<net id="274"><net_src comp="269" pin="1"/><net_sink comp="229" pin=0"/></net>

</net_list>

</model> 
---------------- Datapath Model END ------------------

* FSMD analyzer results:
  - Output states:
	Port: kernel_bias_fp_V | {2 3 }
 - Input state : 
	Port: yolo_acc_top_Pipeline_VITIS_LOOP_25_1 : fold_input_ch | {1 }
	Port: yolo_acc_top_Pipeline_VITIS_LOOP_25_1 : bias_en | {1 }
	Port: yolo_acc_top_Pipeline_VITIS_LOOP_25_1 : inStream_b | {2 }
  - Chain level:
	State 1
		store_ln0 : 1
		i_V_1 : 1
		icmp_ln25 : 2
		i_V : 2
		br_ln25 : 3
		trunc_ln1494 : 2
		store_ln25 : 3
	State 2
		zext_ln541 : 1
		kernel_bias_fp_V_addr : 2
		store_ln33 : 3
		ret_V : 1
		zext_ln541_1 : 1
		kernel_bias_fp_V_addr_1 : 2
		store_ln34 : 3
	State 3
		kernel_bias_fp_V_addr_2 : 1
		store_ln35 : 2
		kernel_bias_fp_V_addr_3 : 1
		store_ln36 : 2


============================================================
+ Verbose Summary: Datapath Resource usage 
============================================================

* Functional unit list:
|----------|-------------------------------------|---------|---------|
| Operation|           Functional Unit           |    FF   |   LUT   |
|----------|-------------------------------------|---------|---------|
|    add   |              i_V_fu_145             |    0    |    13   |
|----------|-------------------------------------|---------|---------|
|   icmp   |           icmp_ln25_fu_139          |    0    |    9    |
|----------|-------------------------------------|---------|---------|
|          |       bias_en_read_read_fu_72       |    0    |    0    |
|   read   |    fold_input_ch_read_read_fu_78    |    0    |    0    |
|          |      inStream_b_read_read_fu_84     |    0    |    0    |
|----------|-------------------------------------|---------|---------|
|   trunc  |         trunc_ln1494_fu_151         |    0    |    0    |
|          | curr_input_data_sub_data_0_V_fu_160 |    0    |    0    |
|----------|-------------------------------------|---------|---------|
|          | curr_input_data_sub_data_1_V_fu_165 |    0    |    0    |
|partselect| curr_input_data_sub_data_2_V_fu_176 |    0    |    0    |
|          | curr_input_data_sub_data_3_V_fu_186 |    0    |    0    |
|----------|-------------------------------------|---------|---------|
|bitconcatenate|            ret_V_9_fu_196           |    0    |    0    |
|----------|-------------------------------------|---------|---------|
|          |          zext_ln541_fu_203          |    0    |    0    |
|   zext   |         zext_ln541_1_fu_214         |    0    |    0    |
|          |         zext_ln541_2_fu_224         |    0    |    0    |
|          |         zext_ln541_3_fu_234         |    0    |    0    |
|----------|-------------------------------------|---------|---------|
|          |             ret_V_fu_208            |    0    |    0    |
|    or    |            ret_V_7_fu_219           |    0    |    0    |
|          |            ret_V_8_fu_229           |    0    |    0    |
|----------|-------------------------------------|---------|---------|
|   Total  |                                     |    0    |    22   |
|----------|-------------------------------------|---------|---------|

Memories:
N/A

* Register list:
+------------------------------------+--------+
|                                    |   FF   |
+------------------------------------+--------+
|        bias_en_read_reg_246        |    1   |
|curr_input_data_sub_data_2_V_reg_259|   16   |
|curr_input_data_sub_data_3_V_reg_264|   16   |
|          icmp_ln25_reg_250         |    1   |
|           ret_V_9_reg_269          |    5   |
|            rhs_V_reg_239           |    4   |
|        trunc_ln1494_reg_254        |    3   |
+------------------------------------+--------+
|                Total               |   46   |
+------------------------------------+--------+

* Multiplexer (MUX) list: 
|------------------|------|------|------|--------||---------||---------|
|       Comp       |  Pin | Size |  BW  | S x BW ||  Delay  ||   LUT   |
|------------------|------|------|------|--------||---------||---------|
| grp_access_fu_97 |  p0  |   2  |   5  |   10   ||    9    |
| grp_access_fu_97 |  p1  |   2  |  16  |   32   ||    9    |
| grp_access_fu_97 |  p2  |   2  |   0  |    0   ||    9    |
| grp_access_fu_97 |  p4  |   2  |   5  |   10   ||    9    |
|------------------|------|------|------|--------||---------||---------|
|       Total      |      |      |      |   52   ||  6.352  ||    36   |
|------------------|------|------|------|--------||---------||---------|



* Summary:
+-----------+--------+--------+--------+
|           |  Delay |   FF   |   LUT  |
+-----------+--------+--------+--------+
|  Function |    -   |    0   |   22   |
|   Memory  |    -   |    -   |    -   |
|Multiplexer|    6   |    -   |   36   |
|  Register |    -   |   46   |    -   |
+-----------+--------+--------+--------+
|   Total   |    6   |   46   |   58   |
+-----------+--------+--------+--------+
