In file included from src/yolo_acc.cpp:1:
In file included from src/yolo_acc.h:4:
In file included from src/yolo_stream.h:4:
In file included from /home/tony/tools/xilinx/Vitis_HLS/2022.2/common/technology/autopilot/ap_int.h:12:
/home/tony/tools/xilinx/Vitis_HLS/2022.2/common/technology/autopilot/ap_int_ref.h:678:9: warning: HLS pragma dump _XLX_SEP_ PragmaIsValid=1_XLX_SEP_ PragmaType=unroll_XLX_SEP_ PragmaContext=_XLX_SEP_ PragmaFunction=and_reduce_XLX_SEP_ PragmaOptions=_XLX_SEP_ [-Wdump-hls-pragmas]
#pragma HLS unroll
        ^
/home/tony/tools/xilinx/Vitis_HLS/2022.2/common/technology/autopilot/ap_int_ref.h:692:9: warning: HLS pragma dump _XLX_SEP_ PragmaIsValid=1_XLX_SEP_ PragmaType=unroll_XLX_SEP_ PragmaContext=_XLX_SEP_ PragmaFunction=or_reduce_XLX_SEP_ PragmaOptions=_XLX_SEP_ [-Wdump-hls-pragmas]
#pragma HLS unroll
        ^
/home/tony/tools/xilinx/Vitis_HLS/2022.2/common/technology/autopilot/ap_int_ref.h:706:9: warning: HLS pragma dump _XLX_SEP_ PragmaIsValid=1_XLX_SEP_ PragmaType=unroll_XLX_SEP_ PragmaContext=_XLX_SEP_ PragmaFunction=xor_reduce_XLX_SEP_ PragmaOptions=_XLX_SEP_ [-Wdump-hls-pragmas]
#pragma HLS unroll
        ^
/home/tony/Desktop/Tiny_YOLO_v3_ZYNQ/code/hls/yolo_acc/run_hls.tcl:18:9: warning: HLS pragma dump _XLX_SEP_ PragmaIsValid=1_XLX_SEP_ PragmaType=top_XLX_SEP_ PragmaContext=directive_XLX_SEP_ PragmaFunction=yolo_acc_top_XLX_SEP_ PragmaOptions=name=yolo_acc_top_XLX_SEP_ [-Wdump-hls-pragmas]
#pragma HLSDIRECTIVE TOP name=yolo_acc_top
        ^
src/yolo_acc.cpp:10:9: warning: HLS pragma dump _XLX_SEP_ PragmaIsValid=1_XLX_SEP_ PragmaType=interface_XLX_SEP_ PragmaContext=_XLX_SEP_ PragmaFunction=yolo_acc_top_XLX_SEP_ PragmaOptions=s_axilite port=bias_en bundle=CTRL_BUS_XLX_SEP_ [-Wdump-hls-pragmas]
#pragma HLS INTERFACE s_axilite port=bias_en bundle=CTRL_BUS
        ^
src/yolo_acc.cpp:11:9: warning: HLS pragma dump _XLX_SEP_ PragmaIsValid=1_XLX_SEP_ PragmaType=interface_XLX_SEP_ PragmaContext=_XLX_SEP_ PragmaFunction=yolo_acc_top_XLX_SEP_ PragmaOptions=s_axilite port=leaky bundle=CTRL_BUS_XLX_SEP_ [-Wdump-hls-pragmas]
#pragma HLS INTERFACE s_axilite port=leaky bundle=CTRL_BUS
        ^
src/yolo_acc.cpp:12:9: warning: HLS pragma dump _XLX_SEP_ PragmaIsValid=1_XLX_SEP_ PragmaType=interface_XLX_SEP_ PragmaContext=_XLX_SEP_ PragmaFunction=yolo_acc_top_XLX_SEP_ PragmaOptions=s_axilite port=fold_input_ch bundle=CTRL_BUS_XLX_SEP_ [-Wdump-hls-pragmas]
#pragma HLS INTERFACE s_axilite port=fold_input_ch bundle=CTRL_BUS
        ^
src/yolo_acc.cpp:13:9: warning: HLS pragma dump _XLX_SEP_ PragmaIsValid=1_XLX_SEP_ PragmaType=interface_XLX_SEP_ PragmaContext=_XLX_SEP_ PragmaFunction=yolo_acc_top_XLX_SEP_ PragmaOptions=s_axilite port=input_w bundle=CTRL_BUS_XLX_SEP_ [-Wdump-hls-pragmas]
#pragma HLS INTERFACE s_axilite port=input_w bundle=CTRL_BUS
        ^
src/yolo_acc.cpp:14:9: warning: HLS pragma dump _XLX_SEP_ PragmaIsValid=1_XLX_SEP_ PragmaType=interface_XLX_SEP_ PragmaContext=_XLX_SEP_ PragmaFunction=yolo_acc_top_XLX_SEP_ PragmaOptions=s_axilite port=input_h bundle=CTRL_BUS_XLX_SEP_ [-Wdump-hls-pragmas]
#pragma HLS INTERFACE s_axilite port=input_h bundle=CTRL_BUS
        ^
src/yolo_acc.cpp:15:9: warning: HLS pragma dump _XLX_SEP_ PragmaIsValid=1_XLX_SEP_ PragmaType=interface_XLX_SEP_ PragmaContext=_XLX_SEP_ PragmaFunction=yolo_acc_top_XLX_SEP_ PragmaOptions=s_axilite port=return bundle=CTRL_BUS_XLX_SEP_ [-Wdump-hls-pragmas]
#pragma HLS INTERFACE s_axilite port=return bundle=CTRL_BUS
        ^
src/yolo_acc.cpp:16:9: warning: HLS pragma dump _XLX_SEP_ PragmaIsValid=1_XLX_SEP_ PragmaType=interface_XLX_SEP_ PragmaContext=_XLX_SEP_ PragmaFunction=yolo_acc_top_XLX_SEP_ PragmaOptions=axis register both port=outStream_XLX_SEP_ [-Wdump-hls-pragmas]
#pragma HLS INTERFACE axis register both port=outStream
        ^
src/yolo_acc.cpp:17:9: warning: HLS pragma dump _XLX_SEP_ PragmaIsValid=1_XLX_SEP_ PragmaType=interface_XLX_SEP_ PragmaContext=_XLX_SEP_ PragmaFunction=yolo_acc_top_XLX_SEP_ PragmaOptions=axis register both port=inStream_a_XLX_SEP_ [-Wdump-hls-pragmas]
#pragma HLS INTERFACE axis register both port=inStream_a
        ^
src/yolo_acc.cpp:18:9: warning: HLS pragma dump _XLX_SEP_ PragmaIsValid=1_XLX_SEP_ PragmaType=interface_XLX_SEP_ PragmaContext=_XLX_SEP_ PragmaFunction=yolo_acc_top_XLX_SEP_ PragmaOptions=axis register both port=inStream_b_XLX_SEP_ [-Wdump-hls-pragmas]
#pragma HLS INTERFACE axis register both port=inStream_b
        ^
src/yolo_acc.cpp:22:9: warning: HLS pragma dump _XLX_SEP_ PragmaIsValid=1_XLX_SEP_ PragmaType=array_partition_XLX_SEP_ PragmaContext=_XLX_SEP_ PragmaFunction=yolo_acc_top_XLX_SEP_ PragmaOptions=variable=kernel_bias_fp cyclic factor=1 dim=1_XLX_SEP_ [-Wdump-hls-pragmas]
#pragma HLS ARRAY_PARTITION variable=kernel_bias_fp cyclic factor=1 dim=1
        ^
src/yolo_acc.cpp:27:9: warning: HLS pragma dump _XLX_SEP_ PragmaIsValid=1_XLX_SEP_ PragmaType=loop_tripcount_XLX_SEP_ PragmaContext=_XLX_SEP_ PragmaFunction=yolo_acc_top_XLX_SEP_ PragmaOptions=min=4 max=4_XLX_SEP_ [-Wdump-hls-pragmas]
#pragma HLS LOOP_TRIPCOUNT min=4 max=4
        ^
src/yolo_acc.cpp:28:9: warning: HLS pragma dump _XLX_SEP_ PragmaIsValid=1_XLX_SEP_ PragmaType=pipeline_XLX_SEP_ PragmaContext=_XLX_SEP_ PragmaFunction=yolo_acc_top_XLX_SEP_ PragmaOptions=_XLX_SEP_ [-Wdump-hls-pragmas]
#pragma HLS PIPELINE
        ^
src/yolo_acc.cpp:44:9: warning: HLS pragma dump _XLX_SEP_ PragmaIsValid=1_XLX_SEP_ PragmaType=loop_tripcount_XLX_SEP_ PragmaContext=_XLX_SEP_ PragmaFunction=yolo_acc_top_XLX_SEP_ PragmaOptions=min=416 max=416_XLX_SEP_ [-Wdump-hls-pragmas]
#pragma HLS LOOP_TRIPCOUNT min=416 max=416
        ^
src/yolo_acc.cpp:47:9: warning: HLS pragma dump _XLX_SEP_ PragmaIsValid=1_XLX_SEP_ PragmaType=loop_tripcount_XLX_SEP_ PragmaContext=_XLX_SEP_ PragmaFunction=yolo_acc_top_XLX_SEP_ PragmaOptions=min=416 max=416_XLX_SEP_ [-Wdump-hls-pragmas]
#pragma HLS LOOP_TRIPCOUNT min=416 max=416
        ^
src/yolo_acc.cpp:50:9: warning: HLS pragma dump _XLX_SEP_ PragmaIsValid=1_XLX_SEP_ PragmaType=loop_tripcount_XLX_SEP_ PragmaContext=_XLX_SEP_ PragmaFunction=yolo_acc_top_XLX_SEP_ PragmaOptions=min=4 max=4_XLX_SEP_ [-Wdump-hls-pragmas]
#pragma HLS LOOP_TRIPCOUNT min=4 max=4
        ^
src/yolo_acc.cpp:51:9: warning: HLS pragma dump _XLX_SEP_ PragmaIsValid=1_XLX_SEP_ PragmaType=pipeline_XLX_SEP_ PragmaContext=_XLX_SEP_ PragmaFunction=yolo_acc_top_XLX_SEP_ PragmaOptions=_XLX_SEP_ [-Wdump-hls-pragmas]
#pragma HLS PIPELINE
        ^
20 warnings generated.
