

================================================================
== Vitis HLS Report for 'yolo_acc_top'
================================================================
* Date:           Tue Nov  5 20:57:23 2024

* Version:        2022.2.2 (Build 3779808 on Feb 17 2023)
* Project:        yolo_acc_prj
* Solution:       solution1 (Vivado IP Flow Target)
* Product family: zynq
* Target device:  xc7z020-clg400-1


================================================================
== Performance Estimates
================================================================
+ Timing: 
    * Summary: 
    +--------+----------+----------+------------+
    |  Clock |  Target  | Estimated| Uncertainty|
    +--------+----------+----------+------------+
    |ap_clk  |  10.00 ns|  6.648 ns|     2.70 ns|
    +--------+----------+----------+------------+

+ Latency: 
    * Summary: 
    +---------+---------+-----------+-----------+---------+---------+---------+
    |  Latency (cycles) |   Latency (absolute)  |      Interval     | Pipeline|
    |   min   |   max   |    min    |    max    |   min   |   max   |   Type  |
    +---------+---------+-----------+-----------+---------+---------+---------+
    |  1384472|  1384472|  13.845 ms|  13.845 ms|  1384473|  1384473|       no|
    +---------+---------+-----------+-----------+---------+---------+---------+

    + Detail: 
        * Instance: 
        +----------------------------------------------------------------------------------+-----------------------------------------------------------------------+---------+---------+-----------+-----------+---------+---------+---------+
        |                                                                                  |                                                                       |  Latency (cycles) |   Latency (absolute)  |      Interval     | Pipeline|
        |                                     Instance                                     |                                 Module                                |   min   |   max   |    min    |    max    |   min   |   max   |   Type  |
        +----------------------------------------------------------------------------------+-----------------------------------------------------------------------+---------+---------+-----------+-----------+---------+---------+---------+
        |grp_yolo_acc_top_Pipeline_VITIS_LOOP_25_1_fu_106                                  |yolo_acc_top_Pipeline_VITIS_LOOP_25_1                                  |       10|       10|   0.100 us|   0.100 us|       10|       10|       no|
        |grp_yolo_acc_top_Pipeline_VITIS_LOOP_42_2_VITIS_LOOP_45_3_VITIS_LOOP_48_4_fu_115  |yolo_acc_top_Pipeline_VITIS_LOOP_42_2_VITIS_LOOP_45_3_VITIS_LOOP_48_4  |  1384456|  1384456|  13.845 ms|  13.845 ms|  1384456|  1384456|       no|
        +----------------------------------------------------------------------------------+-----------------------------------------------------------------------+---------+---------+-----------+-----------+---------+---------+---------+

        * Loop: 
        N/A

============================================================
+ Verbose Summary: Synthesis Manager
============================================================
InlineROM: 1
ExposeGlobal: 0
============================================================
+ Verbose Summary: CDFG Model
============================================================
IsTopModel: 1
ResetActiveHigh: 1
IsCombinational: 0
IsDatapathOnly: 0
HasWiredReturn: 1
HasMFsm: 0
HasVarLatency: 1
IsPipeline: 0
IsRtlPipelined: 0
IsInstanceOverlapped: 0
IsDontTouch: 0
HasImplIP: 0
IsGatedGlobalClock: 0


============================================================
+ Verbose Summary: Schedule
============================================================
* Number of FSM states : 7
* Pipeline : 0
* Dataflow Pipeline: 0

* FSM state transitions: 
1 --> 2 
2 --> 3 
3 --> 4 
4 --> 5 
5 --> 6 
6 --> 7 
7 --> 

* FSM state operations: 

State 1 <SV = 0> <Delay = 2.32>
ST_1 : Operation 8 [1/1] (1.00ns)   --->   "%bias_en_read = read i1 @_ssdm_op_Read.s_axilite.i1, i1 %bias_en"   --->   Operation 8 'read' 'bias_en_read' <Predicate = true> <Delay = 1.00> <CoreInst = "s_axilite">   --->   Core 114 's_axilite' <Latency = 0> <II = 1> <Delay = 1.00> <Adapter> <Opcode : 'read' 'write'>
ST_1 : Operation 9 [1/1] (1.00ns)   --->   "%leaky_read = read i1 @_ssdm_op_Read.s_axilite.i1, i1 %leaky"   --->   Operation 9 'read' 'leaky_read' <Predicate = true> <Delay = 1.00> <CoreInst = "s_axilite">   --->   Core 114 's_axilite' <Latency = 0> <II = 1> <Delay = 1.00> <Adapter> <Opcode : 'read' 'write'>
ST_1 : Operation 10 [1/1] (1.00ns)   --->   "%fold_input_ch_read = read i4 @_ssdm_op_Read.s_axilite.i4, i4 %fold_input_ch"   --->   Operation 10 'read' 'fold_input_ch_read' <Predicate = true> <Delay = 1.00> <CoreInst = "s_axilite">   --->   Core 114 's_axilite' <Latency = 0> <II = 1> <Delay = 1.00> <Adapter> <Opcode : 'read' 'write'>
ST_1 : Operation 11 [1/1] (1.00ns)   --->   "%input_w_read = read i9 @_ssdm_op_Read.s_axilite.i9, i9 %input_w"   --->   Operation 11 'read' 'input_w_read' <Predicate = true> <Delay = 1.00> <CoreInst = "s_axilite">   --->   Core 114 's_axilite' <Latency = 0> <II = 1> <Delay = 1.00> <Adapter> <Opcode : 'read' 'write'>
ST_1 : Operation 12 [1/1] (1.00ns)   --->   "%input_h_read = read i9 @_ssdm_op_Read.s_axilite.i9, i9 %input_h"   --->   Operation 12 'read' 'input_h_read' <Predicate = true> <Delay = 1.00> <CoreInst = "s_axilite">   --->   Core 114 's_axilite' <Latency = 0> <II = 1> <Delay = 1.00> <Adapter> <Opcode : 'read' 'write'>
ST_1 : Operation 13 [1/1] (2.32ns)   --->   "%kernel_bias_fp_V = alloca i64 1" [src/yolo_acc.cpp:20]   --->   Operation 13 'alloca' 'kernel_bias_fp_V' <Predicate = true> <Delay = 2.32>

State 2 <SV = 1> <Delay = 6.50>
ST_2 : Operation 14 [1/1] (0.00ns)   --->   "%empty = wait i32 @_ssdm_op_Wait"   --->   Operation 14 'wait' 'empty' <Predicate = true> <Delay = 0.00>
ST_2 : Operation 15 [2/2] (2.89ns)   --->   "%call_ln0 = call void @yolo_acc_top_Pipeline_VITIS_LOOP_25_1, i4 %fold_input_ch_read, i16 %kernel_bias_fp_V, i1 %bias_en_read, i112 %inStream_b"   --->   Operation 15 'call' 'call_ln0' <Predicate = true> <Delay = 2.89> <CoreType = "Generic">   --->   Core 0 '' <Latency = 0> <II = 1> <Delay = 1.00> <Generic> <Opcode : >
ST_2 : Operation 16 [1/1] (0.00ns)   --->   "%cast = zext i9 %input_w_read"   --->   Operation 16 'zext' 'cast' <Predicate = true> <Delay = 0.00>
ST_2 : Operation 17 [1/1] (0.00ns)   --->   "%cast1 = zext i4 %fold_input_ch_read"   --->   Operation 17 'zext' 'cast1' <Predicate = true> <Delay = 0.00>
ST_2 : Operation 18 [1/1] (4.35ns)   --->   "%bound = mul i13 %cast, i13 %cast1"   --->   Operation 18 'mul' 'bound' <Predicate = true> <Delay = 4.35> <CoreInst = "Multiplier">   --->   Core 3 'Multiplier' <Latency = 0> <II = 1> <Delay = 4.35> <FuncUnit> <Opcode : 'mul'> <InPorts = 2> <OutPorts = 1>
ST_2 : Operation 19 [1/1] (0.00ns)   --->   "%cast2 = zext i9 %input_h_read"   --->   Operation 19 'zext' 'cast2' <Predicate = true> <Delay = 0.00>
ST_2 : Operation 20 [1/1] (0.00ns)   --->   "%cast3 = zext i13 %bound"   --->   Operation 20 'zext' 'cast3' <Predicate = true> <Delay = 0.00>
ST_2 : Operation 21 [4/4] (2.15ns) (root node of the DSP)   --->   "%bound4 = mul i22 %cast2, i22 %cast3"   --->   Operation 21 'mul' 'bound4' <Predicate = true> <Delay = 2.15> <CoreInst = "DSP48">   --->   Core 119 'DSP48' <Latency = 3> <II = 1> <Delay = 2.15> <IPBlock> <Opcode : 'mul' 'add' 'sub' 'select'> <InPorts = 0> <OutPorts = 1> <Sync> <CReg>

State 3 <SV = 2> <Delay = 2.15>
ST_3 : Operation 22 [1/2] (0.00ns)   --->   "%call_ln0 = call void @yolo_acc_top_Pipeline_VITIS_LOOP_25_1, i4 %fold_input_ch_read, i16 %kernel_bias_fp_V, i1 %bias_en_read, i112 %inStream_b"   --->   Operation 22 'call' 'call_ln0' <Predicate = true> <Delay = 0.00> <CoreType = "Generic">   --->   Core 0 '' <Latency = 0> <II = 1> <Delay = 1.00> <Generic> <Opcode : >
ST_3 : Operation 23 [3/4] (2.15ns) (root node of the DSP)   --->   "%bound4 = mul i22 %cast2, i22 %cast3"   --->   Operation 23 'mul' 'bound4' <Predicate = true> <Delay = 2.15> <CoreInst = "DSP48">   --->   Core 119 'DSP48' <Latency = 3> <II = 1> <Delay = 2.15> <IPBlock> <Opcode : 'mul' 'add' 'sub' 'select'> <InPorts = 0> <OutPorts = 1> <Sync> <CReg>

State 4 <SV = 3> <Delay = 2.15>
ST_4 : Operation 24 [1/1] (0.00ns)   --->   "%empty_20 = wait i32 @_ssdm_op_Wait"   --->   Operation 24 'wait' 'empty_20' <Predicate = true> <Delay = 0.00>
ST_4 : Operation 25 [2/4] (2.15ns) (root node of the DSP)   --->   "%bound4 = mul i22 %cast2, i22 %cast3"   --->   Operation 25 'mul' 'bound4' <Predicate = true> <Delay = 2.15> <CoreInst = "DSP48">   --->   Core 119 'DSP48' <Latency = 3> <II = 1> <Delay = 2.15> <IPBlock> <Opcode : 'mul' 'add' 'sub' 'select'> <InPorts = 0> <OutPorts = 1> <Sync> <CReg>

State 5 <SV = 4> <Delay = 6.64>
ST_5 : Operation 26 [1/1] (0.00ns)   --->   "%input_w_cast = zext i9 %input_w_read"   --->   Operation 26 'zext' 'input_w_cast' <Predicate = true> <Delay = 0.00>
ST_5 : Operation 27 [1/1] (1.82ns)   --->   "%sub_i_i54 = add i10 %input_w_cast, i10 1023"   --->   Operation 27 'add' 'sub_i_i54' <Predicate = true> <Delay = 1.82> <CoreInst = "Adder">   --->   Core 1 'Adder' <Latency = 0> <II = 1> <Delay = 1.82> <FuncUnit> <Opcode : 'add' 'sub'> <InPorts = 2> <OutPorts = 1>
ST_5 : Operation 28 [1/1] (0.00ns)   --->   "%input_h_cast = zext i9 %input_h_read"   --->   Operation 28 'zext' 'input_h_cast' <Predicate = true> <Delay = 0.00>
ST_5 : Operation 29 [1/1] (1.82ns)   --->   "%sub_i_i = add i10 %input_h_cast, i10 1023"   --->   Operation 29 'add' 'sub_i_i' <Predicate = true> <Delay = 1.82> <CoreInst = "Adder">   --->   Core 1 'Adder' <Latency = 0> <II = 1> <Delay = 1.82> <FuncUnit> <Opcode : 'add' 'sub'> <InPorts = 2> <OutPorts = 1>
ST_5 : Operation 30 [1/4] (0.00ns) (root node of the DSP)   --->   "%bound4 = mul i22 %cast2, i22 %cast3"   --->   Operation 30 'mul' 'bound4' <Predicate = true> <Delay = 0.00> <CoreInst = "DSP48">   --->   Core 119 'DSP48' <Latency = 3> <II = 1> <Delay = 2.15> <IPBlock> <Opcode : 'mul' 'add' 'sub' 'select'> <InPorts = 0> <OutPorts = 1> <Sync> <CReg>
ST_5 : Operation 31 [1/1] (1.77ns)   --->   "%cmp_i_i31_mid111 = icmp_eq  i10 %sub_i_i54, i10 0"   --->   Operation 31 'icmp' 'cmp_i_i31_mid111' <Predicate = true> <Delay = 1.77> <CoreInst = "Cmp">   --->   Core 9 'Cmp' <Latency = 0> <II = 1> <Delay = 1.77> <FuncUnit> <Opcode : 'icmp'> <InPorts = 2> <OutPorts = 1>
ST_5 : Operation 32 [1/1] (1.30ns)   --->   "%icmp_ln1027 = icmp_eq  i4 %fold_input_ch_read, i4 0"   --->   Operation 32 'icmp' 'icmp_ln1027' <Predicate = true> <Delay = 1.30> <CoreInst = "Cmp">   --->   Core 9 'Cmp' <Latency = 0> <II = 1> <Delay = 1.30> <FuncUnit> <Opcode : 'icmp'> <InPorts = 2> <OutPorts = 1>
ST_5 : Operation 33 [1/1] (0.00ns)   --->   "%empty_21 = wait i32 @_ssdm_op_Wait"   --->   Operation 33 'wait' 'empty_21' <Predicate = true> <Delay = 0.00>
ST_5 : Operation 34 [2/2] (3.05ns)   --->   "%call_ln1027 = call void @yolo_acc_top_Pipeline_VITIS_LOOP_42_2_VITIS_LOOP_45_3_VITIS_LOOP_48_4, i10 %sub_i_i, i10 %sub_i_i54, i22 %bound4, i13 %bound, i1 %cmp_i_i31_mid111, i4 %fold_input_ch_read, i1 %icmp_ln1027, i112 %inStream_a, i112 %inStream_b, i16 %kernel_bias_fp_V, i1 %bias_en_read, i1 %leaky_read, i112 %outStream"   --->   Operation 34 'call' 'call_ln1027' <Predicate = true> <Delay = 3.05> <CoreType = "Generic">   --->   Core 0 '' <Latency = 0> <II = 1> <Delay = 1.00> <Generic> <Opcode : >

State 6 <SV = 5> <Delay = 4.71>
ST_6 : Operation 35 [1/2] (4.71ns)   --->   "%call_ln1027 = call void @yolo_acc_top_Pipeline_VITIS_LOOP_42_2_VITIS_LOOP_45_3_VITIS_LOOP_48_4, i10 %sub_i_i, i10 %sub_i_i54, i22 %bound4, i13 %bound, i1 %cmp_i_i31_mid111, i4 %fold_input_ch_read, i1 %icmp_ln1027, i112 %inStream_a, i112 %inStream_b, i16 %kernel_bias_fp_V, i1 %bias_en_read, i1 %leaky_read, i112 %outStream"   --->   Operation 35 'call' 'call_ln1027' <Predicate = true> <Delay = 4.71> <CoreType = "Generic">   --->   Core 0 '' <Latency = 0> <II = 1> <Delay = 1.00> <Generic> <Opcode : >

State 7 <SV = 6> <Delay = 0.00>
ST_7 : Operation 36 [1/1] (0.00ns)   --->   "%spectopmodule_ln4 = spectopmodule void @_ssdm_op_SpecTopModule, void @empty_12" [src/yolo_acc.cpp:4]   --->   Operation 36 'spectopmodule' 'spectopmodule_ln4' <Predicate = true> <Delay = 0.00>
ST_7 : Operation 37 [1/1] (0.00ns)   --->   "%specinterface_ln0 = specinterface void @_ssdm_op_SpecInterface, i112 %inStream_a, void @empty_2, i32 1, i32 1, void @empty_3, i32 0, i32 0, void @empty_4, void @empty_4, void @empty_4, i32 0, i32 0, i32 0, i32 0, void @empty_4, void @empty_4, i32 4294967295, i32 0"   --->   Operation 37 'specinterface' 'specinterface_ln0' <Predicate = true> <Delay = 0.00>
ST_7 : Operation 38 [1/1] (0.00ns)   --->   "%specbitsmap_ln0 = specbitsmap void @_ssdm_op_SpecBitsMap, i112 %inStream_a"   --->   Operation 38 'specbitsmap' 'specbitsmap_ln0' <Predicate = true> <Delay = 0.00>
ST_7 : Operation 39 [1/1] (0.00ns)   --->   "%specinterface_ln0 = specinterface void @_ssdm_op_SpecInterface, i112 %inStream_b, void @empty_2, i32 1, i32 1, void @empty_3, i32 0, i32 0, void @empty_4, void @empty_4, void @empty_4, i32 0, i32 0, i32 0, i32 0, void @empty_4, void @empty_4, i32 4294967295, i32 0"   --->   Operation 39 'specinterface' 'specinterface_ln0' <Predicate = true> <Delay = 0.00>
ST_7 : Operation 40 [1/1] (0.00ns)   --->   "%specbitsmap_ln0 = specbitsmap void @_ssdm_op_SpecBitsMap, i112 %inStream_b"   --->   Operation 40 'specbitsmap' 'specbitsmap_ln0' <Predicate = true> <Delay = 0.00>
ST_7 : Operation 41 [1/1] (0.00ns)   --->   "%specinterface_ln0 = specinterface void @_ssdm_op_SpecInterface, i112 %outStream, void @empty_2, i32 1, i32 1, void @empty_3, i32 0, i32 0, void @empty_4, void @empty_4, void @empty_4, i32 0, i32 0, i32 0, i32 0, void @empty_4, void @empty_4, i32 4294967295, i32 0"   --->   Operation 41 'specinterface' 'specinterface_ln0' <Predicate = true> <Delay = 0.00>
ST_7 : Operation 42 [1/1] (0.00ns)   --->   "%specbitsmap_ln0 = specbitsmap void @_ssdm_op_SpecBitsMap, i112 %outStream"   --->   Operation 42 'specbitsmap' 'specbitsmap_ln0' <Predicate = true> <Delay = 0.00>
ST_7 : Operation 43 [1/1] (0.00ns)   --->   "%specbitsmap_ln0 = specbitsmap void @_ssdm_op_SpecBitsMap, i9 %input_h"   --->   Operation 43 'specbitsmap' 'specbitsmap_ln0' <Predicate = true> <Delay = 0.00>
ST_7 : Operation 44 [1/1] (0.00ns)   --->   "%specinterface_ln0 = specinterface void @_ssdm_op_SpecInterface, i9 %input_h, void @empty_5, i32 0, i32 0, void @empty_4, i32 0, i32 0, void @empty, void @empty_11, void @empty_4, i32 0, i32 0, i32 0, i32 0, void @empty_4, void @empty_4, i32 4294967295, i32 0"   --->   Operation 44 'specinterface' 'specinterface_ln0' <Predicate = true> <Delay = 0.00>
ST_7 : Operation 45 [1/1] (0.00ns)   --->   "%specinterface_ln0 = specinterface void @_ssdm_op_SpecInterface, i9 %input_h, void @empty_0, i32 0, i32 0, void @empty_4, i32 0, i32 0, void @empty_4, void @empty_4, void @empty_4, i32 0, i32 0, i32 0, i32 0, void @empty_4, void @empty_4, i32 4294967295, i32 0"   --->   Operation 45 'specinterface' 'specinterface_ln0' <Predicate = true> <Delay = 0.00>
ST_7 : Operation 46 [1/1] (0.00ns)   --->   "%specbitsmap_ln0 = specbitsmap void @_ssdm_op_SpecBitsMap, i9 %input_w"   --->   Operation 46 'specbitsmap' 'specbitsmap_ln0' <Predicate = true> <Delay = 0.00>
ST_7 : Operation 47 [1/1] (0.00ns)   --->   "%specinterface_ln0 = specinterface void @_ssdm_op_SpecInterface, i9 %input_w, void @empty_5, i32 0, i32 0, void @empty_4, i32 0, i32 0, void @empty, void @empty_1, void @empty_4, i32 0, i32 0, i32 0, i32 0, void @empty_4, void @empty_4, i32 4294967295, i32 0"   --->   Operation 47 'specinterface' 'specinterface_ln0' <Predicate = true> <Delay = 0.00>
ST_7 : Operation 48 [1/1] (0.00ns)   --->   "%specinterface_ln0 = specinterface void @_ssdm_op_SpecInterface, i9 %input_w, void @empty_0, i32 0, i32 0, void @empty_4, i32 0, i32 0, void @empty_4, void @empty_4, void @empty_4, i32 0, i32 0, i32 0, i32 0, void @empty_4, void @empty_4, i32 4294967295, i32 0"   --->   Operation 48 'specinterface' 'specinterface_ln0' <Predicate = true> <Delay = 0.00>
ST_7 : Operation 49 [1/1] (0.00ns)   --->   "%specbitsmap_ln0 = specbitsmap void @_ssdm_op_SpecBitsMap, i4 %fold_input_ch"   --->   Operation 49 'specbitsmap' 'specbitsmap_ln0' <Predicate = true> <Delay = 0.00>
ST_7 : Operation 50 [1/1] (0.00ns)   --->   "%specinterface_ln0 = specinterface void @_ssdm_op_SpecInterface, i4 %fold_input_ch, void @empty_5, i32 0, i32 0, void @empty_4, i32 0, i32 0, void @empty, void @empty_8, void @empty_4, i32 0, i32 0, i32 0, i32 0, void @empty_4, void @empty_4, i32 4294967295, i32 0"   --->   Operation 50 'specinterface' 'specinterface_ln0' <Predicate = true> <Delay = 0.00>
ST_7 : Operation 51 [1/1] (0.00ns)   --->   "%specinterface_ln0 = specinterface void @_ssdm_op_SpecInterface, i4 %fold_input_ch, void @empty_0, i32 0, i32 0, void @empty_4, i32 0, i32 0, void @empty_4, void @empty_4, void @empty_4, i32 0, i32 0, i32 0, i32 0, void @empty_4, void @empty_4, i32 4294967295, i32 0"   --->   Operation 51 'specinterface' 'specinterface_ln0' <Predicate = true> <Delay = 0.00>
ST_7 : Operation 52 [1/1] (0.00ns)   --->   "%specbitsmap_ln0 = specbitsmap void @_ssdm_op_SpecBitsMap, i1 %leaky"   --->   Operation 52 'specbitsmap' 'specbitsmap_ln0' <Predicate = true> <Delay = 0.00>
ST_7 : Operation 53 [1/1] (0.00ns)   --->   "%specinterface_ln0 = specinterface void @_ssdm_op_SpecInterface, i1 %leaky, void @empty_5, i32 0, i32 0, void @empty_4, i32 0, i32 0, void @empty, void @empty_9, void @empty_4, i32 0, i32 0, i32 0, i32 0, void @empty_4, void @empty_4, i32 4294967295, i32 0"   --->   Operation 53 'specinterface' 'specinterface_ln0' <Predicate = true> <Delay = 0.00>
ST_7 : Operation 54 [1/1] (0.00ns)   --->   "%specinterface_ln0 = specinterface void @_ssdm_op_SpecInterface, i1 %leaky, void @empty_0, i32 0, i32 0, void @empty_4, i32 0, i32 0, void @empty_4, void @empty_4, void @empty_4, i32 0, i32 0, i32 0, i32 0, void @empty_4, void @empty_4, i32 4294967295, i32 0"   --->   Operation 54 'specinterface' 'specinterface_ln0' <Predicate = true> <Delay = 0.00>
ST_7 : Operation 55 [1/1] (0.00ns)   --->   "%specbitsmap_ln0 = specbitsmap void @_ssdm_op_SpecBitsMap, i1 %bias_en"   --->   Operation 55 'specbitsmap' 'specbitsmap_ln0' <Predicate = true> <Delay = 0.00>
ST_7 : Operation 56 [1/1] (0.00ns)   --->   "%specinterface_ln0 = specinterface void @_ssdm_op_SpecInterface, i1 %bias_en, void @empty_5, i32 0, i32 0, void @empty_4, i32 0, i32 0, void @empty, void @empty_10, void @empty_4, i32 0, i32 0, i32 0, i32 0, void @empty_4, void @empty_4, i32 4294967295, i32 0"   --->   Operation 56 'specinterface' 'specinterface_ln0' <Predicate = true> <Delay = 0.00>
ST_7 : Operation 57 [1/1] (0.00ns)   --->   "%specinterface_ln0 = specinterface void @_ssdm_op_SpecInterface, i1 %bias_en, void @empty_0, i32 0, i32 0, void @empty_4, i32 0, i32 0, void @empty_4, void @empty_4, void @empty_4, i32 0, i32 0, i32 0, i32 0, void @empty_4, void @empty_4, i32 4294967295, i32 0"   --->   Operation 57 'specinterface' 'specinterface_ln0' <Predicate = true> <Delay = 0.00>
ST_7 : Operation 58 [1/1] (0.00ns)   --->   "%specinterface_ln0 = specinterface void @_ssdm_op_SpecInterface, i32 0, void @empty_5, i32 0, i32 0, void @empty_4, i32 0, i32 0, void @empty, void @empty_4, void @empty_4, i32 0, i32 0, i32 0, i32 0, void @empty_4, void @empty_4, i32 4294967295, i32 0"   --->   Operation 58 'specinterface' 'specinterface_ln0' <Predicate = true> <Delay = 0.00>
ST_7 : Operation 59 [1/1] (0.00ns)   --->   "%ret_ln91 = ret" [src/yolo_acc.cpp:91]   --->   Operation 59 'ret' 'ret_ln91' <Predicate = true> <Delay = 0.00>


============================================================
+ Verbose Summary: Binding
============================================================
STG Binding: 
---------------- STG Properties BEGIN ----------------
- Is combinational: 0
- Is one-state seq: 0
- Is datapath-only: 0
- Is pipelined: 0
- Is top level: 1
Port [ Return ] is wired: 1; IO mode=ap_ctrl_hs:ce=0
Port [ inStream_a]:  wired=1; compound=1; hidden=0; nouse=0; global=0; static=0; extern=0; dir=0; type=0; pingpong=0; private_global=0; IO mode=axis:ce=0
Port [ inStream_b]:  wired=1; compound=1; hidden=0; nouse=0; global=0; static=0; extern=0; dir=0; type=0; pingpong=0; private_global=0; IO mode=axis:ce=0
Port [ outStream]:  wired=1; compound=1; hidden=0; nouse=0; global=0; static=0; extern=0; dir=1; type=0; pingpong=0; private_global=0; IO mode=axis:ce=0
Port [ input_h]:  wired=1; compound=0; hidden=0; nouse=0; global=0; static=0; extern=0; dir=0; type=0; pingpong=0; private_global=0; IO mode=ap_none:ce=0
Port [ input_w]:  wired=1; compound=0; hidden=0; nouse=0; global=0; static=0; extern=0; dir=0; type=0; pingpong=0; private_global=0; IO mode=ap_none:ce=0
Port [ fold_input_ch]:  wired=1; compound=0; hidden=0; nouse=0; global=0; static=0; extern=0; dir=0; type=0; pingpong=0; private_global=0; IO mode=ap_none:ce=0
Port [ leaky]:  wired=1; compound=0; hidden=0; nouse=0; global=0; static=0; extern=0; dir=0; type=0; pingpong=0; private_global=0; IO mode=ap_none:ce=0
Port [ bias_en]:  wired=1; compound=0; hidden=0; nouse=0; global=0; static=0; extern=0; dir=0; type=0; pingpong=0; private_global=0; IO mode=ap_none:ce=0
---------------- STG Properties END ------------------

---------------- Datapath Model BEGIN ----------------

<LifeTime>
<method=bitvector/>
bias_en_read       (read         ) [ 00111110]
leaky_read         (read         ) [ 00111110]
fold_input_ch_read (read         ) [ 00111110]
input_w_read       (read         ) [ 00111100]
input_h_read       (read         ) [ 00111100]
kernel_bias_fp_V   (alloca       ) [ 00111110]
empty              (wait         ) [ 00000000]
cast               (zext         ) [ 00000000]
cast1              (zext         ) [ 00000000]
bound              (mul          ) [ 00011110]
cast2              (zext         ) [ 00011100]
cast3              (zext         ) [ 00011100]
call_ln0           (call         ) [ 00000000]
empty_20           (wait         ) [ 00000000]
input_w_cast       (zext         ) [ 00000000]
sub_i_i54          (add          ) [ 00000010]
input_h_cast       (zext         ) [ 00000000]
sub_i_i            (add          ) [ 00000010]
bound4             (mul          ) [ 00000010]
cmp_i_i31_mid111   (icmp         ) [ 00000010]
icmp_ln1027        (icmp         ) [ 00000010]
empty_21           (wait         ) [ 00000000]
call_ln1027        (call         ) [ 00000000]
spectopmodule_ln4  (spectopmodule) [ 00000000]
specinterface_ln0  (specinterface) [ 00000000]
specbitsmap_ln0    (specbitsmap  ) [ 00000000]
specinterface_ln0  (specinterface) [ 00000000]
specbitsmap_ln0    (specbitsmap  ) [ 00000000]
specinterface_ln0  (specinterface) [ 00000000]
specbitsmap_ln0    (specbitsmap  ) [ 00000000]
specbitsmap_ln0    (specbitsmap  ) [ 00000000]
specinterface_ln0  (specinterface) [ 00000000]
specinterface_ln0  (specinterface) [ 00000000]
specbitsmap_ln0    (specbitsmap  ) [ 00000000]
specinterface_ln0  (specinterface) [ 00000000]
specinterface_ln0  (specinterface) [ 00000000]
specbitsmap_ln0    (specbitsmap  ) [ 00000000]
specinterface_ln0  (specinterface) [ 00000000]
specinterface_ln0  (specinterface) [ 00000000]
specbitsmap_ln0    (specbitsmap  ) [ 00000000]
specinterface_ln0  (specinterface) [ 00000000]
specinterface_ln0  (specinterface) [ 00000000]
specbitsmap_ln0    (specbitsmap  ) [ 00000000]
specinterface_ln0  (specinterface) [ 00000000]
specinterface_ln0  (specinterface) [ 00000000]
specinterface_ln0  (specinterface) [ 00000000]
ret_ln91           (ret          ) [ 00000000]
</LifeTime>

<model>

<comp_list>
<comp id="0" class="1000" name="inStream_a">
<pin_list>
<pin id="1" dir="1" index="0" bw="1" slack="0"/>
</pin_list>
<bind>
<StgValue><ssdm name="inStream_a"/></StgValue>
</bind>
</comp>

<comp id="2" class="1000" name="inStream_b">
<pin_list>
<pin id="3" dir="1" index="0" bw="1" slack="0"/>
</pin_list>
<bind>
<StgValue><ssdm name="inStream_b"/></StgValue>
</bind>
</comp>

<comp id="4" class="1000" name="outStream">
<pin_list>
<pin id="5" dir="1" index="0" bw="1" slack="0"/>
</pin_list>
<bind>
<StgValue><ssdm name="outStream"/></StgValue>
</bind>
</comp>

<comp id="6" class="1000" name="input_h">
<pin_list>
<pin id="7" dir="1" index="0" bw="1" slack="0"/>
</pin_list>
<bind>
<StgValue><ssdm name="input_h"/></StgValue>
</bind>
</comp>

<comp id="8" class="1000" name="input_w">
<pin_list>
<pin id="9" dir="1" index="0" bw="1" slack="0"/>
</pin_list>
<bind>
<StgValue><ssdm name="input_w"/></StgValue>
</bind>
</comp>

<comp id="10" class="1000" name="fold_input_ch">
<pin_list>
<pin id="11" dir="1" index="0" bw="1" slack="0"/>
</pin_list>
<bind>
<StgValue><ssdm name="fold_input_ch"/></StgValue>
</bind>
</comp>

<comp id="12" class="1000" name="leaky">
<pin_list>
<pin id="13" dir="1" index="0" bw="1" slack="0"/>
</pin_list>
<bind>
<StgValue><ssdm name="leaky"/></StgValue>
</bind>
</comp>

<comp id="14" class="1000" name="bias_en">
<pin_list>
<pin id="15" dir="1" index="0" bw="1" slack="0"/>
</pin_list>
<bind>
<StgValue><ssdm name="bias_en"/></StgValue>
</bind>
</comp>

<comp id="16" class="1001" name="const_16">
<pin_list>
<pin id="17" dir="1" index="0" bw="1" slack="0"/>
</pin_list>
<bind>
<StgValue><ssdm name="_ssdm_op_Read.s_axilite.i1"/></StgValue>
</bind>
</comp>

<comp id="18" class="1001" name="const_18">
<pin_list>
<pin id="19" dir="1" index="0" bw="1" slack="0"/>
</pin_list>
<bind>
<StgValue><ssdm name="_ssdm_op_Read.s_axilite.i4"/></StgValue>
</bind>
</comp>

<comp id="20" class="1001" name="const_20">
<pin_list>
<pin id="21" dir="1" index="0" bw="1" slack="0"/>
</pin_list>
<bind>
<StgValue><ssdm name="_ssdm_op_Read.s_axilite.i9"/></StgValue>
</bind>
</comp>

<comp id="22" class="1001" name="const_22">
<pin_list>
<pin id="23" dir="1" index="0" bw="1" slack="0"/>
</pin_list>
<bind>
<StgValue><ssdm name=""/></StgValue>
</bind>
</comp>

<comp id="24" class="1001" name="const_24">
<pin_list>
<pin id="25" dir="1" index="0" bw="1" slack="2147483647"/>
</pin_list>
<bind>
<StgValue><ssdm name="_ssdm_op_Wait"/></StgValue>
</bind>
</comp>

<comp id="26" class="1001" name="const_26">
<pin_list>
<pin id="27" dir="1" index="0" bw="1" slack="0"/>
</pin_list>
<bind>
<StgValue><ssdm name="yolo_acc_top_Pipeline_VITIS_LOOP_25_1"/></StgValue>
</bind>
</comp>

<comp id="28" class="1001" name="const_28">
<pin_list>
<pin id="29" dir="1" index="0" bw="1" slack="0"/>
</pin_list>
<bind>
<StgValue><ssdm name=""/></StgValue>
</bind>
</comp>

<comp id="30" class="1001" name="const_30">
<pin_list>
<pin id="31" dir="1" index="0" bw="1" slack="0"/>
</pin_list>
<bind>
<StgValue><ssdm name=""/></StgValue>
</bind>
</comp>

<comp id="32" class="1001" name="const_32">
<pin_list>
<pin id="33" dir="1" index="0" bw="1" slack="0"/>
</pin_list>
<bind>
<StgValue><ssdm name=""/></StgValue>
</bind>
</comp>

<comp id="34" class="1001" name="const_34">
<pin_list>
<pin id="35" dir="1" index="0" bw="1" slack="0"/>
</pin_list>
<bind>
<StgValue><ssdm name="yolo_acc_top_Pipeline_VITIS_LOOP_42_2_VITIS_LOOP_45_3_VITIS_LOOP_48_4"/></StgValue>
</bind>
</comp>

<comp id="36" class="1001" name="const_36">
<pin_list>
<pin id="37" dir="1" index="0" bw="1" slack="2147483647"/>
</pin_list>
<bind>
<StgValue><ssdm name="_ssdm_op_SpecTopModule"/></StgValue>
</bind>
</comp>

<comp id="38" class="1001" name="const_38">
<pin_list>
<pin id="39" dir="1" index="0" bw="1" slack="2147483647"/>
</pin_list>
<bind>
<StgValue><ssdm name="empty_12"/></StgValue>
</bind>
</comp>

<comp id="40" class="1001" name="const_40">
<pin_list>
<pin id="41" dir="1" index="0" bw="1" slack="2147483647"/>
</pin_list>
<bind>
<StgValue><ssdm name="_ssdm_op_SpecInterface"/></StgValue>
</bind>
</comp>

<comp id="42" class="1001" name="const_42">
<pin_list>
<pin id="43" dir="1" index="0" bw="1" slack="2147483647"/>
</pin_list>
<bind>
<StgValue><ssdm name="empty_2"/></StgValue>
</bind>
</comp>

<comp id="44" class="1001" name="const_44">
<pin_list>
<pin id="45" dir="1" index="0" bw="1" slack="2147483647"/>
</pin_list>
<bind>
<StgValue><ssdm name=""/></StgValue>
</bind>
</comp>

<comp id="46" class="1001" name="const_46">
<pin_list>
<pin id="47" dir="1" index="0" bw="1" slack="2147483647"/>
</pin_list>
<bind>
<StgValue><ssdm name="empty_3"/></StgValue>
</bind>
</comp>

<comp id="48" class="1001" name="const_48">
<pin_list>
<pin id="49" dir="1" index="0" bw="1" slack="2147483647"/>
</pin_list>
<bind>
<StgValue><ssdm name=""/></StgValue>
</bind>
</comp>

<comp id="50" class="1001" name="const_50">
<pin_list>
<pin id="51" dir="1" index="0" bw="1" slack="2147483647"/>
</pin_list>
<bind>
<StgValue><ssdm name="empty_4"/></StgValue>
</bind>
</comp>

<comp id="52" class="1001" name="const_52">
<pin_list>
<pin id="53" dir="1" index="0" bw="1" slack="2147483647"/>
</pin_list>
<bind>
<StgValue><ssdm name=""/></StgValue>
</bind>
</comp>

<comp id="54" class="1001" name="const_54">
<pin_list>
<pin id="55" dir="1" index="0" bw="1" slack="2147483647"/>
</pin_list>
<bind>
<StgValue><ssdm name="_ssdm_op_SpecBitsMap"/></StgValue>
</bind>
</comp>

<comp id="56" class="1001" name="const_56">
<pin_list>
<pin id="57" dir="1" index="0" bw="1" slack="2147483647"/>
</pin_list>
<bind>
<StgValue><ssdm name="empty_5"/></StgValue>
</bind>
</comp>

<comp id="58" class="1001" name="const_58">
<pin_list>
<pin id="59" dir="1" index="0" bw="1" slack="2147483647"/>
</pin_list>
<bind>
<StgValue><ssdm name="empty"/></StgValue>
</bind>
</comp>

<comp id="60" class="1001" name="const_60">
<pin_list>
<pin id="61" dir="1" index="0" bw="1" slack="2147483647"/>
</pin_list>
<bind>
<StgValue><ssdm name="empty_11"/></StgValue>
</bind>
</comp>

<comp id="62" class="1001" name="const_62">
<pin_list>
<pin id="63" dir="1" index="0" bw="1" slack="2147483647"/>
</pin_list>
<bind>
<StgValue><ssdm name="empty_0"/></StgValue>
</bind>
</comp>

<comp id="64" class="1001" name="const_64">
<pin_list>
<pin id="65" dir="1" index="0" bw="1" slack="2147483647"/>
</pin_list>
<bind>
<StgValue><ssdm name="empty_1"/></StgValue>
</bind>
</comp>

<comp id="66" class="1001" name="const_66">
<pin_list>
<pin id="67" dir="1" index="0" bw="1" slack="2147483647"/>
</pin_list>
<bind>
<StgValue><ssdm name="empty_8"/></StgValue>
</bind>
</comp>

<comp id="68" class="1001" name="const_68">
<pin_list>
<pin id="69" dir="1" index="0" bw="1" slack="2147483647"/>
</pin_list>
<bind>
<StgValue><ssdm name="empty_9"/></StgValue>
</bind>
</comp>

<comp id="70" class="1001" name="const_70">
<pin_list>
<pin id="71" dir="1" index="0" bw="1" slack="2147483647"/>
</pin_list>
<bind>
<StgValue><ssdm name="empty_10"/></StgValue>
</bind>
</comp>

<comp id="72" class="1004" name="kernel_bias_fp_V_alloca_fu_72">
<pin_list>
<pin id="73" dir="0" index="0" bw="1" slack="0"/>
<pin id="74" dir="1" index="1" bw="16" slack="2147483647"/>
</pin_list>
<bind>
<opcode="alloca(26) " fcode="alloca"/>
<opset="kernel_bias_fp_V/1 "/>
</bind>
</comp>

<comp id="76" class="1004" name="bias_en_read_read_fu_76">
<pin_list>
<pin id="77" dir="0" index="0" bw="1" slack="0"/>
<pin id="78" dir="0" index="1" bw="1" slack="0"/>
<pin id="79" dir="1" index="2" bw="1" slack="1"/>
</pin_list>
<bind>
<opcode="read(1150) " fcode="read"/>
<opset="bias_en_read/1 "/>
</bind>
</comp>

<comp id="82" class="1004" name="leaky_read_read_fu_82">
<pin_list>
<pin id="83" dir="0" index="0" bw="1" slack="0"/>
<pin id="84" dir="0" index="1" bw="1" slack="0"/>
<pin id="85" dir="1" index="2" bw="1" slack="4"/>
</pin_list>
<bind>
<opcode="read(1150) " fcode="read"/>
<opset="leaky_read/1 "/>
</bind>
</comp>

<comp id="88" class="1004" name="fold_input_ch_read_read_fu_88">
<pin_list>
<pin id="89" dir="0" index="0" bw="4" slack="0"/>
<pin id="90" dir="0" index="1" bw="4" slack="0"/>
<pin id="91" dir="1" index="2" bw="4" slack="1"/>
</pin_list>
<bind>
<opcode="read(1150) " fcode="read"/>
<opset="fold_input_ch_read/1 "/>
</bind>
</comp>

<comp id="94" class="1004" name="input_w_read_read_fu_94">
<pin_list>
<pin id="95" dir="0" index="0" bw="9" slack="0"/>
<pin id="96" dir="0" index="1" bw="9" slack="0"/>
<pin id="97" dir="1" index="2" bw="9" slack="1"/>
</pin_list>
<bind>
<opcode="read(1150) " fcode="read"/>
<opset="input_w_read/1 "/>
</bind>
</comp>

<comp id="100" class="1004" name="input_h_read_read_fu_100">
<pin_list>
<pin id="101" dir="0" index="0" bw="9" slack="0"/>
<pin id="102" dir="0" index="1" bw="9" slack="0"/>
<pin id="103" dir="1" index="2" bw="9" slack="1"/>
</pin_list>
<bind>
<opcode="read(1150) " fcode="read"/>
<opset="input_h_read/1 "/>
</bind>
</comp>

<comp id="106" class="1004" name="grp_yolo_acc_top_Pipeline_VITIS_LOOP_25_1_fu_106">
<pin_list>
<pin id="107" dir="0" index="0" bw="0" slack="0"/>
<pin id="108" dir="0" index="1" bw="4" slack="1"/>
<pin id="109" dir="0" index="2" bw="16" slack="2147483647"/>
<pin id="110" dir="0" index="3" bw="1" slack="1"/>
<pin id="111" dir="0" index="4" bw="112" slack="0"/>
<pin id="112" dir="1" index="5" bw="0" slack="2147483647"/>
</pin_list>
<bind>
<opcode="call(48) " fcode="call"/>
<opset="call_ln0/2 "/>
</bind>
</comp>

<comp id="115" class="1004" name="grp_yolo_acc_top_Pipeline_VITIS_LOOP_42_2_VITIS_LOOP_45_3_VITIS_LOOP_48_4_fu_115">
<pin_list>
<pin id="116" dir="0" index="0" bw="0" slack="0"/>
<pin id="117" dir="0" index="1" bw="10" slack="0"/>
<pin id="118" dir="0" index="2" bw="10" slack="0"/>
<pin id="119" dir="0" index="3" bw="22" slack="0"/>
<pin id="120" dir="0" index="4" bw="13" slack="3"/>
<pin id="121" dir="0" index="5" bw="1" slack="0"/>
<pin id="122" dir="0" index="6" bw="4" slack="4"/>
<pin id="123" dir="0" index="7" bw="1" slack="0"/>
<pin id="124" dir="0" index="8" bw="112" slack="0"/>
<pin id="125" dir="0" index="9" bw="112" slack="0"/>
<pin id="126" dir="0" index="10" bw="16" slack="2147483647"/>
<pin id="127" dir="0" index="11" bw="1" slack="4"/>
<pin id="128" dir="0" index="12" bw="1" slack="4"/>
<pin id="129" dir="0" index="13" bw="112" slack="0"/>
<pin id="130" dir="1" index="14" bw="0" slack="2147483647"/>
</pin_list>
<bind>
<opcode="call(48) " fcode="call"/>
<opset="call_ln1027/5 "/>
</bind>
</comp>

<comp id="135" class="1004" name="cast_fu_135">
<pin_list>
<pin id="136" dir="0" index="0" bw="9" slack="1"/>
<pin id="137" dir="1" index="1" bw="13" slack="0"/>
</pin_list>
<bind>
<opcode="zext(34) " fcode="zext"/>
<opset="cast/2 "/>
</bind>
</comp>

<comp id="138" class="1004" name="cast1_fu_138">
<pin_list>
<pin id="139" dir="0" index="0" bw="4" slack="1"/>
<pin id="140" dir="1" index="1" bw="13" slack="0"/>
</pin_list>
<bind>
<opcode="zext(34) " fcode="zext"/>
<opset="cast1/2 "/>
</bind>
</comp>

<comp id="141" class="1004" name="bound_fu_141">
<pin_list>
<pin id="142" dir="0" index="0" bw="9" slack="0"/>
<pin id="143" dir="0" index="1" bw="4" slack="0"/>
<pin id="144" dir="1" index="2" bw="13" slack="0"/>
</pin_list>
<bind>
<opcode="mul(12) " fcode="mul"/>
<opset="bound/2 "/>
</bind>
</comp>

<comp id="147" class="1004" name="cast2_fu_147">
<pin_list>
<pin id="148" dir="0" index="0" bw="9" slack="1"/>
<pin id="149" dir="1" index="1" bw="22" slack="0"/>
</pin_list>
<bind>
<opcode="zext(34) " fcode="zext"/>
<opset="cast2/2 "/>
</bind>
</comp>

<comp id="150" class="1004" name="cast3_fu_150">
<pin_list>
<pin id="151" dir="0" index="0" bw="13" slack="0"/>
<pin id="152" dir="1" index="1" bw="22" slack="0"/>
</pin_list>
<bind>
<opcode="zext(34) " fcode="zext"/>
<opset="cast3/2 "/>
</bind>
</comp>

<comp id="154" class="1004" name="input_w_cast_fu_154">
<pin_list>
<pin id="155" dir="0" index="0" bw="9" slack="4"/>
<pin id="156" dir="1" index="1" bw="10" slack="0"/>
</pin_list>
<bind>
<opcode="zext(34) " fcode="zext"/>
<opset="input_w_cast/5 "/>
</bind>
</comp>

<comp id="157" class="1004" name="sub_i_i54_fu_157">
<pin_list>
<pin id="158" dir="0" index="0" bw="9" slack="0"/>
<pin id="159" dir="0" index="1" bw="1" slack="0"/>
<pin id="160" dir="1" index="2" bw="10" slack="0"/>
</pin_list>
<bind>
<opcode="add(8) " fcode="add"/>
<opset="sub_i_i54/5 "/>
</bind>
</comp>

<comp id="164" class="1004" name="input_h_cast_fu_164">
<pin_list>
<pin id="165" dir="0" index="0" bw="9" slack="4"/>
<pin id="166" dir="1" index="1" bw="10" slack="0"/>
</pin_list>
<bind>
<opcode="zext(34) " fcode="zext"/>
<opset="input_h_cast/5 "/>
</bind>
</comp>

<comp id="167" class="1004" name="sub_i_i_fu_167">
<pin_list>
<pin id="168" dir="0" index="0" bw="9" slack="0"/>
<pin id="169" dir="0" index="1" bw="1" slack="0"/>
<pin id="170" dir="1" index="2" bw="10" slack="0"/>
</pin_list>
<bind>
<opcode="add(8) " fcode="add"/>
<opset="sub_i_i/5 "/>
</bind>
</comp>

<comp id="174" class="1004" name="cmp_i_i31_mid111_fu_174">
<pin_list>
<pin id="175" dir="0" index="0" bw="10" slack="0"/>
<pin id="176" dir="0" index="1" bw="1" slack="0"/>
<pin id="177" dir="1" index="2" bw="1" slack="0"/>
</pin_list>
<bind>
<opcode="icmp(45) " fcode="icmp"/>
<opset="cmp_i_i31_mid111/5 "/>
</bind>
</comp>

<comp id="181" class="1004" name="icmp_ln1027_fu_181">
<pin_list>
<pin id="182" dir="0" index="0" bw="4" slack="4"/>
<pin id="183" dir="0" index="1" bw="1" slack="0"/>
<pin id="184" dir="1" index="2" bw="1" slack="0"/>
</pin_list>
<bind>
<opcode="icmp(45) " fcode="icmp"/>
<opset="icmp_ln1027/5 "/>
</bind>
</comp>

<comp id="187" class="1007" name="grp_fu_187">
<pin_list>
<pin id="188" dir="0" index="0" bw="9" slack="0"/>
<pin id="189" dir="0" index="1" bw="13" slack="0"/>
<pin id="190" dir="1" index="2" bw="22" slack="0"/>
</pin_list>
<bind>
<opcode="mul(12) " fcode="mul"/>
<opset="bound4/2 "/>
</bind>
</comp>

<comp id="194" class="1005" name="bias_en_read_reg_194">
<pin_list>
<pin id="195" dir="0" index="0" bw="1" slack="1"/>
<pin id="196" dir="1" index="1" bw="1" slack="1"/>
</pin_list>
<bind>
<opset="bias_en_read "/>
</bind>
</comp>

<comp id="200" class="1005" name="leaky_read_reg_200">
<pin_list>
<pin id="201" dir="0" index="0" bw="1" slack="4"/>
<pin id="202" dir="1" index="1" bw="1" slack="4"/>
</pin_list>
<bind>
<opset="leaky_read "/>
</bind>
</comp>

<comp id="205" class="1005" name="fold_input_ch_read_reg_205">
<pin_list>
<pin id="206" dir="0" index="0" bw="4" slack="1"/>
<pin id="207" dir="1" index="1" bw="4" slack="1"/>
</pin_list>
<bind>
<opset="fold_input_ch_read "/>
</bind>
</comp>

<comp id="213" class="1005" name="input_w_read_reg_213">
<pin_list>
<pin id="214" dir="0" index="0" bw="9" slack="1"/>
<pin id="215" dir="1" index="1" bw="9" slack="1"/>
</pin_list>
<bind>
<opset="input_w_read "/>
</bind>
</comp>

<comp id="219" class="1005" name="input_h_read_reg_219">
<pin_list>
<pin id="220" dir="0" index="0" bw="9" slack="1"/>
<pin id="221" dir="1" index="1" bw="9" slack="1"/>
</pin_list>
<bind>
<opset="input_h_read "/>
</bind>
</comp>

<comp id="225" class="1005" name="bound_reg_225">
<pin_list>
<pin id="226" dir="0" index="0" bw="13" slack="3"/>
<pin id="227" dir="1" index="1" bw="13" slack="3"/>
</pin_list>
<bind>
<opset="bound "/>
</bind>
</comp>

<comp id="230" class="1005" name="cast2_reg_230">
<pin_list>
<pin id="231" dir="0" index="0" bw="22" slack="1"/>
<pin id="232" dir="1" index="1" bw="22" slack="1"/>
</pin_list>
<bind>
<opset="cast2 "/>
</bind>
</comp>

<comp id="235" class="1005" name="cast3_reg_235">
<pin_list>
<pin id="236" dir="0" index="0" bw="22" slack="1"/>
<pin id="237" dir="1" index="1" bw="22" slack="1"/>
</pin_list>
<bind>
<opset="cast3 "/>
</bind>
</comp>

<comp id="240" class="1005" name="sub_i_i54_reg_240">
<pin_list>
<pin id="241" dir="0" index="0" bw="10" slack="1"/>
<pin id="242" dir="1" index="1" bw="10" slack="1"/>
</pin_list>
<bind>
<opset="sub_i_i54 "/>
</bind>
</comp>

<comp id="245" class="1005" name="sub_i_i_reg_245">
<pin_list>
<pin id="246" dir="0" index="0" bw="10" slack="1"/>
<pin id="247" dir="1" index="1" bw="10" slack="1"/>
</pin_list>
<bind>
<opset="sub_i_i "/>
</bind>
</comp>

<comp id="250" class="1005" name="bound4_reg_250">
<pin_list>
<pin id="251" dir="0" index="0" bw="22" slack="1"/>
<pin id="252" dir="1" index="1" bw="22" slack="1"/>
</pin_list>
<bind>
<opset="bound4 "/>
</bind>
</comp>

<comp id="255" class="1005" name="cmp_i_i31_mid111_reg_255">
<pin_list>
<pin id="256" dir="0" index="0" bw="1" slack="1"/>
<pin id="257" dir="1" index="1" bw="1" slack="1"/>
</pin_list>
<bind>
<opset="cmp_i_i31_mid111 "/>
</bind>
</comp>

<comp id="260" class="1005" name="icmp_ln1027_reg_260">
<pin_list>
<pin id="261" dir="0" index="0" bw="1" slack="1"/>
<pin id="262" dir="1" index="1" bw="1" slack="1"/>
</pin_list>
<bind>
<opset="icmp_ln1027 "/>
</bind>
</comp>

</comp_list>

<net_list>
<net id="75"><net_src comp="22" pin="0"/><net_sink comp="72" pin=0"/></net>

<net id="80"><net_src comp="16" pin="0"/><net_sink comp="76" pin=0"/></net>

<net id="81"><net_src comp="14" pin="0"/><net_sink comp="76" pin=1"/></net>

<net id="86"><net_src comp="16" pin="0"/><net_sink comp="82" pin=0"/></net>

<net id="87"><net_src comp="12" pin="0"/><net_sink comp="82" pin=1"/></net>

<net id="92"><net_src comp="18" pin="0"/><net_sink comp="88" pin=0"/></net>

<net id="93"><net_src comp="10" pin="0"/><net_sink comp="88" pin=1"/></net>

<net id="98"><net_src comp="20" pin="0"/><net_sink comp="94" pin=0"/></net>

<net id="99"><net_src comp="8" pin="0"/><net_sink comp="94" pin=1"/></net>

<net id="104"><net_src comp="20" pin="0"/><net_sink comp="100" pin=0"/></net>

<net id="105"><net_src comp="6" pin="0"/><net_sink comp="100" pin=1"/></net>

<net id="113"><net_src comp="26" pin="0"/><net_sink comp="106" pin=0"/></net>

<net id="114"><net_src comp="2" pin="0"/><net_sink comp="106" pin=4"/></net>

<net id="131"><net_src comp="34" pin="0"/><net_sink comp="115" pin=0"/></net>

<net id="132"><net_src comp="0" pin="0"/><net_sink comp="115" pin=8"/></net>

<net id="133"><net_src comp="2" pin="0"/><net_sink comp="115" pin=9"/></net>

<net id="134"><net_src comp="4" pin="0"/><net_sink comp="115" pin=13"/></net>

<net id="145"><net_src comp="135" pin="1"/><net_sink comp="141" pin=0"/></net>

<net id="146"><net_src comp="138" pin="1"/><net_sink comp="141" pin=1"/></net>

<net id="153"><net_src comp="141" pin="2"/><net_sink comp="150" pin=0"/></net>

<net id="161"><net_src comp="154" pin="1"/><net_sink comp="157" pin=0"/></net>

<net id="162"><net_src comp="28" pin="0"/><net_sink comp="157" pin=1"/></net>

<net id="163"><net_src comp="157" pin="2"/><net_sink comp="115" pin=2"/></net>

<net id="171"><net_src comp="164" pin="1"/><net_sink comp="167" pin=0"/></net>

<net id="172"><net_src comp="28" pin="0"/><net_sink comp="167" pin=1"/></net>

<net id="173"><net_src comp="167" pin="2"/><net_sink comp="115" pin=1"/></net>

<net id="178"><net_src comp="157" pin="2"/><net_sink comp="174" pin=0"/></net>

<net id="179"><net_src comp="30" pin="0"/><net_sink comp="174" pin=1"/></net>

<net id="180"><net_src comp="174" pin="2"/><net_sink comp="115" pin=5"/></net>

<net id="185"><net_src comp="32" pin="0"/><net_sink comp="181" pin=1"/></net>

<net id="186"><net_src comp="181" pin="2"/><net_sink comp="115" pin=7"/></net>

<net id="191"><net_src comp="147" pin="1"/><net_sink comp="187" pin=0"/></net>

<net id="192"><net_src comp="150" pin="1"/><net_sink comp="187" pin=1"/></net>

<net id="193"><net_src comp="187" pin="2"/><net_sink comp="115" pin=3"/></net>

<net id="197"><net_src comp="76" pin="2"/><net_sink comp="194" pin=0"/></net>

<net id="198"><net_src comp="194" pin="1"/><net_sink comp="106" pin=3"/></net>

<net id="199"><net_src comp="194" pin="1"/><net_sink comp="115" pin=11"/></net>

<net id="203"><net_src comp="82" pin="2"/><net_sink comp="200" pin=0"/></net>

<net id="204"><net_src comp="200" pin="1"/><net_sink comp="115" pin=12"/></net>

<net id="208"><net_src comp="88" pin="2"/><net_sink comp="205" pin=0"/></net>

<net id="209"><net_src comp="205" pin="1"/><net_sink comp="106" pin=1"/></net>

<net id="210"><net_src comp="205" pin="1"/><net_sink comp="138" pin=0"/></net>

<net id="211"><net_src comp="205" pin="1"/><net_sink comp="181" pin=0"/></net>

<net id="212"><net_src comp="205" pin="1"/><net_sink comp="115" pin=6"/></net>

<net id="216"><net_src comp="94" pin="2"/><net_sink comp="213" pin=0"/></net>

<net id="217"><net_src comp="213" pin="1"/><net_sink comp="135" pin=0"/></net>

<net id="218"><net_src comp="213" pin="1"/><net_sink comp="154" pin=0"/></net>

<net id="222"><net_src comp="100" pin="2"/><net_sink comp="219" pin=0"/></net>

<net id="223"><net_src comp="219" pin="1"/><net_sink comp="147" pin=0"/></net>

<net id="224"><net_src comp="219" pin="1"/><net_sink comp="164" pin=0"/></net>

<net id="228"><net_src comp="141" pin="2"/><net_sink comp="225" pin=0"/></net>

<net id="229"><net_src comp="225" pin="1"/><net_sink comp="115" pin=4"/></net>

<net id="233"><net_src comp="147" pin="1"/><net_sink comp="230" pin=0"/></net>

<net id="234"><net_src comp="230" pin="1"/><net_sink comp="187" pin=0"/></net>

<net id="238"><net_src comp="150" pin="1"/><net_sink comp="235" pin=0"/></net>

<net id="239"><net_src comp="235" pin="1"/><net_sink comp="187" pin=1"/></net>

<net id="243"><net_src comp="157" pin="2"/><net_sink comp="240" pin=0"/></net>

<net id="244"><net_src comp="240" pin="1"/><net_sink comp="115" pin=2"/></net>

<net id="248"><net_src comp="167" pin="2"/><net_sink comp="245" pin=0"/></net>

<net id="249"><net_src comp="245" pin="1"/><net_sink comp="115" pin=1"/></net>

<net id="253"><net_src comp="187" pin="2"/><net_sink comp="250" pin=0"/></net>

<net id="254"><net_src comp="250" pin="1"/><net_sink comp="115" pin=3"/></net>

<net id="258"><net_src comp="174" pin="2"/><net_sink comp="255" pin=0"/></net>

<net id="259"><net_src comp="255" pin="1"/><net_sink comp="115" pin=5"/></net>

<net id="263"><net_src comp="181" pin="2"/><net_sink comp="260" pin=0"/></net>

<net id="264"><net_src comp="260" pin="1"/><net_sink comp="115" pin=7"/></net>

</net_list>

</model> 
---------------- Datapath Model END ------------------

* FSMD analyzer results:
  - Output states:
	Port: outStream | {5 6 }
 - Input state : 
	Port: yolo_acc_top : inStream_a | {5 6 }
	Port: yolo_acc_top : inStream_b | {2 3 5 6 }
	Port: yolo_acc_top : input_h | {1 }
	Port: yolo_acc_top : input_w | {1 }
	Port: yolo_acc_top : fold_input_ch | {1 }
	Port: yolo_acc_top : leaky | {1 }
	Port: yolo_acc_top : bias_en | {1 }
  - Chain level:
	State 1
	State 2
		bound : 1
		cast3 : 2
		bound4 : 3
	State 3
	State 4
	State 5
		sub_i_i54 : 1
		sub_i_i : 1
		cmp_i_i31_mid111 : 2
		call_ln1027 : 3
	State 6
	State 7


============================================================
+ Verbose Summary: Datapath Resource usage 
============================================================

* Functional unit list:
|----------|----------------------------------------------------------------------------------|---------|---------|---------|---------|
| Operation|                                  Functional Unit                                 |   DSP   |  Delay  |    FF   |   LUT   |
|----------|----------------------------------------------------------------------------------|---------|---------|---------|---------|
|   call   |                 grp_yolo_acc_top_Pipeline_VITIS_LOOP_25_1_fu_106                 |    0    |  6.352  |    46   |    58   |
|          | grp_yolo_acc_top_Pipeline_VITIS_LOOP_42_2_VITIS_LOOP_45_3_VITIS_LOOP_48_4_fu_115 |    2    | 13.1812 |   547   |   1038  |
|----------|----------------------------------------------------------------------------------|---------|---------|---------|---------|
|    mul   |                                   bound_fu_141                                   |    0    |    0    |    0    |    51   |
|          |                                    grp_fu_187                                    |    1    |    0    |    0    |    0    |
|----------|----------------------------------------------------------------------------------|---------|---------|---------|---------|
|    add   |                                 sub_i_i54_fu_157                                 |    0    |    0    |    0    |    14   |
|          |                                  sub_i_i_fu_167                                  |    0    |    0    |    0    |    14   |
|----------|----------------------------------------------------------------------------------|---------|---------|---------|---------|
|   icmp   |                              cmp_i_i31_mid111_fu_174                             |    0    |    0    |    0    |    11   |
|          |                                icmp_ln1027_fu_181                                |    0    |    0    |    0    |    9    |
|----------|----------------------------------------------------------------------------------|---------|---------|---------|---------|
|          |                              bias_en_read_read_fu_76                             |    0    |    0    |    0    |    0    |
|          |                               leaky_read_read_fu_82                              |    0    |    0    |    0    |    0    |
|   read   |                           fold_input_ch_read_read_fu_88                          |    0    |    0    |    0    |    0    |
|          |                              input_w_read_read_fu_94                             |    0    |    0    |    0    |    0    |
|          |                             input_h_read_read_fu_100                             |    0    |    0    |    0    |    0    |
|----------|----------------------------------------------------------------------------------|---------|---------|---------|---------|
|          |                                    cast_fu_135                                   |    0    |    0    |    0    |    0    |
|          |                                   cast1_fu_138                                   |    0    |    0    |    0    |    0    |
|   zext   |                                   cast2_fu_147                                   |    0    |    0    |    0    |    0    |
|          |                                   cast3_fu_150                                   |    0    |    0    |    0    |    0    |
|          |                                input_w_cast_fu_154                               |    0    |    0    |    0    |    0    |
|          |                                input_h_cast_fu_164                               |    0    |    0    |    0    |    0    |
|----------|----------------------------------------------------------------------------------|---------|---------|---------|---------|
|   Total  |                                                                                  |    3    | 19.5332 |   593   |   1195  |
|----------|----------------------------------------------------------------------------------|---------|---------|---------|---------|

Memories:
+----------------+--------+--------+--------+--------+
|                |  BRAM  |   FF   |   LUT  |  URAM  |
+----------------+--------+--------+--------+--------+
|kernel_bias_fp_V|    0   |   32   |    8   |    0   |
+----------------+--------+--------+--------+--------+
|      Total     |    0   |   32   |    8   |    0   |
+----------------+--------+--------+--------+--------+

* Register list:
+--------------------------+--------+
|                          |   FF   |
+--------------------------+--------+
|   bias_en_read_reg_194   |    1   |
|      bound4_reg_250      |   22   |
|       bound_reg_225      |   13   |
|       cast2_reg_230      |   22   |
|       cast3_reg_235      |   22   |
| cmp_i_i31_mid111_reg_255 |    1   |
|fold_input_ch_read_reg_205|    4   |
|    icmp_ln1027_reg_260   |    1   |
|   input_h_read_reg_219   |    9   |
|   input_w_read_reg_213   |    9   |
|    leaky_read_reg_200    |    1   |
|     sub_i_i54_reg_240    |   10   |
|      sub_i_i_reg_245     |   10   |
+--------------------------+--------+
|           Total          |   125  |
+--------------------------+--------+

* Multiplexer (MUX) list: 
|----------------------------------------------------------------------------------|------|------|------|--------||---------||---------|
|                                       Comp                                       |  Pin | Size |  BW  | S x BW ||  Delay  ||   LUT   |
|----------------------------------------------------------------------------------|------|------|------|--------||---------||---------|
| grp_yolo_acc_top_Pipeline_VITIS_LOOP_42_2_VITIS_LOOP_45_3_VITIS_LOOP_48_4_fu_115 |  p1  |   2  |  10  |   20   ||    9    |
| grp_yolo_acc_top_Pipeline_VITIS_LOOP_42_2_VITIS_LOOP_45_3_VITIS_LOOP_48_4_fu_115 |  p2  |   2  |  10  |   20   ||    9    |
| grp_yolo_acc_top_Pipeline_VITIS_LOOP_42_2_VITIS_LOOP_45_3_VITIS_LOOP_48_4_fu_115 |  p3  |   2  |  22  |   44   ||    9    |
| grp_yolo_acc_top_Pipeline_VITIS_LOOP_42_2_VITIS_LOOP_45_3_VITIS_LOOP_48_4_fu_115 |  p5  |   2  |   1  |    2   ||    9    |
| grp_yolo_acc_top_Pipeline_VITIS_LOOP_42_2_VITIS_LOOP_45_3_VITIS_LOOP_48_4_fu_115 |  p7  |   2  |   1  |    2   ||    9    |
|                                    grp_fu_187                                    |  p0  |   2  |   9  |   18   ||    9    |
|                                    grp_fu_187                                    |  p1  |   2  |  13  |   26   ||    9    |
|----------------------------------------------------------------------------------|------|------|------|--------||---------||---------|
|                                       Total                                      |      |      |      |   132  ||  11.116 ||    63   |
|----------------------------------------------------------------------------------|------|------|------|--------||---------||---------|



* Summary:
+-----------+--------+--------+--------+--------+--------+--------+
|           |  BRAM  |   DSP  |  Delay |   FF   |   LUT  |  URAM  |
+-----------+--------+--------+--------+--------+--------+--------+
|  Function |    -   |    3   |   19   |   593  |  1195  |    -   |
|   Memory  |    0   |    -   |    -   |   32   |    8   |    0   |
|Multiplexer|    -   |    -   |   11   |    -   |   63   |    -   |
|  Register |    -   |    -   |    -   |   125  |    -   |    -   |
+-----------+--------+--------+--------+--------+--------+--------+
|   Total   |    0   |    3   |   30   |   750  |  1266  |    0   |
+-----------+--------+--------+--------+--------+--------+--------+
