

================================================================
== Vitis HLS Report for 'yolo_acc_top_Pipeline_VITIS_LOOP_42_2_VITIS_LOOP_45_3_VITIS_LOOP_48_4'
================================================================
* Date:           Sat Nov  2 18:43:14 2024

* Version:        2022.2.2 (Build 3779808 on Feb 17 2023)
* Project:        yolo_acc_prj
* Solution:       solution1 (Vivado IP Flow Target)
* Product family: zynq
* Target device:  xc7z020-clg400-1


================================================================
== Performance Estimates
================================================================
+ Timing: 
    * Summary: 
    +--------+----------+----------+------------+
    |  Clock |  Target  | Estimated| Uncertainty|
    +--------+----------+----------+------------+
    |ap_clk  |  10.00 ns|  6.547 ns|     2.70 ns|
    +--------+----------+----------+------------+

+ Latency: 
    * Summary: 
    +---------+---------+-----------+-----------+---------+---------+---------+
    |  Latency (cycles) |   Latency (absolute)  |      Interval     | Pipeline|
    |   min   |   max   |    min    |    max    |   min   |   max   |   Type  |
    +---------+---------+-----------+-----------+---------+---------+---------+
    |  1384456|  1384456|  13.845 ms|  13.845 ms|  1384456|  1384456|       no|
    +---------+---------+-----------+-----------+---------+---------+---------+

    + Detail: 
        * Instance: 
        N/A

        * Loop: 
        +---------------------------------------------------+---------+---------+----------+-----------+-----------+--------+----------+
        |                                                   |  Latency (cycles) | Iteration|  Initiation Interval  |  Trip  |          |
        |                     Loop Name                     |   min   |   max   |  Latency |  achieved |   target  |  Count | Pipelined|
        +---------------------------------------------------+---------+---------+----------+-----------+-----------+--------+----------+
        |- VITIS_LOOP_42_2_VITIS_LOOP_45_3_VITIS_LOOP_48_4  |  1384454|  1384454|         9|          2|          1|  692224|       yes|
        +---------------------------------------------------+---------+---------+----------+-----------+-----------+--------+----------+

============================================================
+ Verbose Summary: Synthesis Manager
============================================================
InlineROM: 1
ExposeGlobal: 0
============================================================
+ Verbose Summary: CDFG Model
============================================================
IsTopModel: 0
ResetActiveHigh: 1
IsCombinational: 0
IsDatapathOnly: 0
HasWiredReturn: 1
HasMFsm: 2
HasVarLatency: 1
IsPipeline: 0
IsRtlPipelined: 0
IsInstanceOverlapped: 0
IsDontTouch: 0
HasImplIP: 0
IsGatedGlobalClock: 0

+ Individual pipeline summary: 
  * Pipeline-0: initiation interval (II) = 2, depth = 10


============================================================
+ Verbose Summary: Schedule
============================================================
* Number of FSM states : 10
* Pipeline : 1
  Pipeline-0 : II = 2, D = 10, States = { 1 2 3 4 5 6 7 8 9 10 }
* Dataflow Pipeline: 0

* FSM state transitions: 
1 --> 2 
2 --> 3 
3 --> 4 
4 --> 5 
5 --> 6 
6 --> 7 
7 --> 8 
8 --> 9 
9 --> 10 
10 --> 

* FSM state operations: 

State 1 <SV = 0> <Delay = 1.58>
ST_1 : Operation 12 [1/1] (0.00ns)   --->   "%input_ch_idx = alloca i32 1"   --->   Operation 12 'alloca' 'input_ch_idx' <Predicate = true> <Delay = 0.00>
ST_1 : Operation 13 [1/1] (0.00ns)   --->   "%col_idx = alloca i32 1"   --->   Operation 13 'alloca' 'col_idx' <Predicate = true> <Delay = 0.00>
ST_1 : Operation 14 [1/1] (0.00ns)   --->   "%indvar_flatten = alloca i32 1"   --->   Operation 14 'alloca' 'indvar_flatten' <Predicate = true> <Delay = 0.00>
ST_1 : Operation 15 [1/1] (0.00ns)   --->   "%row_idx = alloca i32 1"   --->   Operation 15 'alloca' 'row_idx' <Predicate = true> <Delay = 0.00>
ST_1 : Operation 16 [1/1] (0.00ns)   --->   "%indvar_flatten15 = alloca i32 1"   --->   Operation 16 'alloca' 'indvar_flatten15' <Predicate = true> <Delay = 0.00>
ST_1 : Operation 17 [1/1] (0.00ns)   --->   "%specinterface_ln0 = specinterface void @_ssdm_op_SpecInterface, i112 %outStream, void @empty_2, i32 0, i32 0, void @empty_3, i32 0, i32 0, void @empty_4, void @empty_4, void @empty_4, i32 0, i32 0, i32 0, i32 0, void @empty_4, void @empty_4, i32 4294967295, i32 0"   --->   Operation 17 'specinterface' 'specinterface_ln0' <Predicate = true> <Delay = 0.00>
ST_1 : Operation 18 [1/1] (0.00ns)   --->   "%specinterface_ln0 = specinterface void @_ssdm_op_SpecInterface, i112 %inStream_b, void @empty_2, i32 0, i32 0, void @empty_3, i32 0, i32 0, void @empty_4, void @empty_4, void @empty_4, i32 0, i32 0, i32 0, i32 0, void @empty_4, void @empty_4, i32 4294967295, i32 0"   --->   Operation 18 'specinterface' 'specinterface_ln0' <Predicate = true> <Delay = 0.00>
ST_1 : Operation 19 [1/1] (0.00ns)   --->   "%specinterface_ln0 = specinterface void @_ssdm_op_SpecInterface, i112 %inStream_a, void @empty_2, i32 0, i32 0, void @empty_3, i32 0, i32 0, void @empty_4, void @empty_4, void @empty_4, i32 0, i32 0, i32 0, i32 0, void @empty_4, void @empty_4, i32 4294967295, i32 0"   --->   Operation 19 'specinterface' 'specinterface_ln0' <Predicate = true> <Delay = 0.00>
ST_1 : Operation 20 [1/1] (0.00ns)   --->   "%leaky_read = read i1 @_ssdm_op_Read.ap_auto.i1, i1 %leaky"   --->   Operation 20 'read' 'leaky_read' <Predicate = true> <Delay = 0.00>
ST_1 : Operation 21 [1/1] (0.00ns)   --->   "%bias_en_read = read i1 @_ssdm_op_Read.ap_auto.i1, i1 %bias_en"   --->   Operation 21 'read' 'bias_en_read' <Predicate = true> <Delay = 0.00>
ST_1 : Operation 22 [1/1] (0.00ns)   --->   "%icmp_ln1027_read = read i1 @_ssdm_op_Read.ap_auto.i1, i1 %icmp_ln1027"   --->   Operation 22 'read' 'icmp_ln1027_read' <Predicate = true> <Delay = 0.00>
ST_1 : Operation 23 [1/1] (0.00ns)   --->   "%fold_input_ch_read = read i4 @_ssdm_op_Read.ap_auto.i4, i4 %fold_input_ch"   --->   Operation 23 'read' 'fold_input_ch_read' <Predicate = true> <Delay = 0.00>
ST_1 : Operation 24 [1/1] (0.00ns)   --->   "%cmp_i_i31_mid111_read = read i1 @_ssdm_op_Read.ap_auto.i1, i1 %cmp_i_i31_mid111"   --->   Operation 24 'read' 'cmp_i_i31_mid111_read' <Predicate = true> <Delay = 0.00>
ST_1 : Operation 25 [1/1] (0.00ns)   --->   "%bound_read = read i13 @_ssdm_op_Read.ap_auto.i13, i13 %bound"   --->   Operation 25 'read' 'bound_read' <Predicate = true> <Delay = 0.00>
ST_1 : Operation 26 [1/1] (0.00ns)   --->   "%bound4_read = read i22 @_ssdm_op_Read.ap_auto.i22, i22 %bound4"   --->   Operation 26 'read' 'bound4_read' <Predicate = true> <Delay = 0.00>
ST_1 : Operation 27 [1/1] (0.00ns)   --->   "%sub_i_i54_read = read i10 @_ssdm_op_Read.ap_auto.i10, i10 %sub_i_i54"   --->   Operation 27 'read' 'sub_i_i54_read' <Predicate = true> <Delay = 0.00>
ST_1 : Operation 28 [1/1] (0.00ns)   --->   "%sub_i_i_read = read i10 @_ssdm_op_Read.ap_auto.i10, i10 %sub_i_i"   --->   Operation 28 'read' 'sub_i_i_read' <Predicate = true> <Delay = 0.00>
ST_1 : Operation 29 [1/1] (1.58ns)   --->   "%store_ln0 = store i22 0, i22 %indvar_flatten15"   --->   Operation 29 'store' 'store_ln0' <Predicate = true> <Delay = 1.58>
ST_1 : Operation 30 [1/1] (1.58ns)   --->   "%store_ln0 = store i9 0, i9 %row_idx"   --->   Operation 30 'store' 'store_ln0' <Predicate = true> <Delay = 1.58>
ST_1 : Operation 31 [1/1] (1.58ns)   --->   "%store_ln0 = store i13 0, i13 %indvar_flatten"   --->   Operation 31 'store' 'store_ln0' <Predicate = true> <Delay = 1.58>
ST_1 : Operation 32 [1/1] (1.58ns)   --->   "%store_ln0 = store i9 0, i9 %col_idx"   --->   Operation 32 'store' 'store_ln0' <Predicate = true> <Delay = 1.58>
ST_1 : Operation 33 [1/1] (1.58ns)   --->   "%store_ln0 = store i4 0, i4 %input_ch_idx"   --->   Operation 33 'store' 'store_ln0' <Predicate = true> <Delay = 1.58>
ST_1 : Operation 34 [1/1] (0.00ns)   --->   "%br_ln0 = br void %for.body37"   --->   Operation 34 'br' 'br_ln0' <Predicate = true> <Delay = 0.00>

State 2 <SV = 1> <Delay = 6.43>
ST_2 : Operation 35 [1/1] (0.00ns)   --->   "%indvar_flatten15_load = load i22 %indvar_flatten15"   --->   Operation 35 'load' 'indvar_flatten15_load' <Predicate = true> <Delay = 0.00>
ST_2 : Operation 36 [1/1] (2.44ns)   --->   "%icmp_ln1027_1 = icmp_eq  i22 %indvar_flatten15_load, i22 %bound4_read"   --->   Operation 36 'icmp' 'icmp_ln1027_1' <Predicate = true> <Delay = 2.44> <CoreInst = "Cmp">   --->   Core 9 'Cmp' <Latency = 0> <II = 1> <Delay = 2.44> <FuncUnit> <Opcode : 'icmp'> <InPorts = 2> <OutPorts = 1>
ST_2 : Operation 37 [1/1] (2.25ns)   --->   "%add_ln1027_1 = add i22 %indvar_flatten15_load, i22 1"   --->   Operation 37 'add' 'add_ln1027_1' <Predicate = true> <Delay = 2.25> <CoreInst = "Adder">   --->   Core 1 'Adder' <Latency = 0> <II = 1> <Delay = 2.25> <FuncUnit> <Opcode : 'add' 'sub'> <InPorts = 2> <OutPorts = 1>
ST_2 : Operation 38 [1/1] (0.00ns)   --->   "%br_ln1027 = br i1 %icmp_ln1027_1, void %for.inc126.loopexit, void %for.end128.loopexit.exitStub"   --->   Operation 38 'br' 'br_ln1027' <Predicate = true> <Delay = 0.00>
ST_2 : Operation 39 [1/1] (0.00ns)   --->   "%input_ch_idx_load = load i4 %input_ch_idx"   --->   Operation 39 'load' 'input_ch_idx_load' <Predicate = (!icmp_ln1027_1)> <Delay = 0.00>
ST_2 : Operation 40 [1/1] (0.00ns)   --->   "%indvar_flatten_load = load i13 %indvar_flatten"   --->   Operation 40 'load' 'indvar_flatten_load' <Predicate = (!icmp_ln1027_1)> <Delay = 0.00>
ST_2 : Operation 41 [1/1] (2.09ns)   --->   "%icmp_ln1027_2 = icmp_eq  i13 %indvar_flatten_load, i13 %bound_read"   --->   Operation 41 'icmp' 'icmp_ln1027_2' <Predicate = (!icmp_ln1027_1)> <Delay = 2.09> <CoreInst = "Cmp">   --->   Core 9 'Cmp' <Latency = 0> <II = 1> <Delay = 2.09> <FuncUnit> <Opcode : 'icmp'> <InPorts = 2> <OutPorts = 1>
ST_2 : Operation 42 [1/1] (1.30ns)   --->   "%icmp_ln1027_3 = icmp_eq  i4 %input_ch_idx_load, i4 %fold_input_ch_read"   --->   Operation 42 'icmp' 'icmp_ln1027_3' <Predicate = (!icmp_ln1027_1)> <Delay = 1.30> <CoreInst = "Cmp">   --->   Core 9 'Cmp' <Latency = 0> <II = 1> <Delay = 1.30> <FuncUnit> <Opcode : 'icmp'> <InPorts = 2> <OutPorts = 1>
ST_2 : Operation 43 [1/1] (0.99ns)   --->   "%select_ln42_3 = select i1 %icmp_ln1027_2, i1 %icmp_ln1027_read, i1 %icmp_ln1027_3" [src/yolo_acc.cpp:42]   --->   Operation 43 'select' 'select_ln42_3' <Predicate = (!icmp_ln1027_1)> <Delay = 0.99> <CoreInst = "Sel">   --->   Core 73 'Sel' <Latency = 0> <II = 1> <Delay = 0.99> <FuncUnit> <Opcode : 'select'> <InPorts = 3> <OutPorts = 1>
ST_2 : Operation 44 [1/1] (0.00ns) (grouped into LUT with out node select_ln45)   --->   "%or_ln45 = or i1 %select_ln42_3, i1 %icmp_ln1027_2" [src/yolo_acc.cpp:45]   --->   Operation 44 'or' 'or_ln45' <Predicate = (!icmp_ln1027_1)> <Delay = 0.00> <CoreInst = "LogicGate">   --->   Core 74 'LogicGate' <Latency = 0> <II = 1> <Delay = 0.97> <FuncUnit> <Opcode : 'and' 'or' 'xor'> <InPorts = 2> <OutPorts = 1>
ST_2 : Operation 45 [1/1] (1.02ns) (out node of the LUT)   --->   "%select_ln45 = select i1 %or_ln45, i4 0, i4 %input_ch_idx_load" [src/yolo_acc.cpp:45]   --->   Operation 45 'select' 'select_ln45' <Predicate = (!icmp_ln1027_1)> <Delay = 1.02> <CoreInst = "Sel">   --->   Core 73 'Sel' <Latency = 0> <II = 1> <Delay = 1.02> <FuncUnit> <Opcode : 'select'> <InPorts = 3> <OutPorts = 1>
ST_2 : Operation 46 [1/1] (0.00ns)   --->   "%trunc_ln65 = trunc i4 %select_ln45" [src/yolo_acc.cpp:65]   --->   Operation 46 'trunc' 'trunc_ln65' <Predicate = (!icmp_ln1027_1)> <Delay = 0.00>
ST_2 : Operation 47 [1/1] (0.00ns)   --->   "%shl_ln = bitconcatenate i5 @_ssdm_op_BitConcatenate.i5.i3.i2, i3 %trunc_ln65, i2 0" [src/yolo_acc.cpp:65]   --->   Operation 47 'bitconcatenate' 'shl_ln' <Predicate = (!icmp_ln1027_1)> <Delay = 0.00>
ST_2 : Operation 48 [1/1] (0.00ns)   --->   "%zext_ln65 = zext i5 %shl_ln" [src/yolo_acc.cpp:65]   --->   Operation 48 'zext' 'zext_ln65' <Predicate = (!icmp_ln1027_1)> <Delay = 0.00>
ST_2 : Operation 49 [1/1] (0.00ns)   --->   "%kernel_bias_fp_V_addr = getelementptr i16 %kernel_bias_fp_V, i64 0, i64 %zext_ln65" [src/yolo_acc.cpp:65]   --->   Operation 49 'getelementptr' 'kernel_bias_fp_V_addr' <Predicate = (!icmp_ln1027_1)> <Delay = 0.00>
ST_2 : Operation 50 [2/2] (2.32ns)   --->   "%kernel_bias_fp_V_load = load i5 %kernel_bias_fp_V_addr" [src/yolo_acc.cpp:65]   --->   Operation 50 'load' 'kernel_bias_fp_V_load' <Predicate = (!icmp_ln1027_1)> <Delay = 2.32> <CoreInst = "RAM">   --->   Core 82 'RAM' <Latency = 1> <II = 1> <Delay = 2.32> <Storage> <Opcode : 'load' 'store'> <Ports = 2> <Width = 16> <Depth = 32> <RAM>
ST_2 : Operation 51 [1/1] (0.00ns)   --->   "%or_ln66 = or i5 %shl_ln, i5 1" [src/yolo_acc.cpp:66]   --->   Operation 51 'or' 'or_ln66' <Predicate = (!icmp_ln1027_1)> <Delay = 0.00>
ST_2 : Operation 52 [1/1] (0.00ns)   --->   "%zext_ln66 = zext i5 %or_ln66" [src/yolo_acc.cpp:66]   --->   Operation 52 'zext' 'zext_ln66' <Predicate = (!icmp_ln1027_1)> <Delay = 0.00>
ST_2 : Operation 53 [1/1] (0.00ns)   --->   "%kernel_bias_fp_V_addr_1 = getelementptr i16 %kernel_bias_fp_V, i64 0, i64 %zext_ln66" [src/yolo_acc.cpp:66]   --->   Operation 53 'getelementptr' 'kernel_bias_fp_V_addr_1' <Predicate = (!icmp_ln1027_1)> <Delay = 0.00>
ST_2 : Operation 54 [2/2] (2.32ns)   --->   "%kernel_bias_fp_V_load_1 = load i5 %kernel_bias_fp_V_addr_1" [src/yolo_acc.cpp:66]   --->   Operation 54 'load' 'kernel_bias_fp_V_load_1' <Predicate = (!icmp_ln1027_1)> <Delay = 2.32> <CoreInst = "RAM">   --->   Core 82 'RAM' <Latency = 1> <II = 1> <Delay = 2.32> <Storage> <Opcode : 'load' 'store'> <Ports = 2> <Width = 16> <Depth = 32> <RAM>
ST_2 : Operation 55 [1/1] (1.58ns)   --->   "%store_ln48 = store i22 %add_ln1027_1, i22 %indvar_flatten15" [src/yolo_acc.cpp:48]   --->   Operation 55 'store' 'store_ln48' <Predicate = (!icmp_ln1027_1)> <Delay = 1.58>

State 3 <SV = 2> <Delay = 6.54>
ST_3 : Operation 56 [1/1] (0.00ns)   --->   "%col_idx_1 = load i9 %col_idx"   --->   Operation 56 'load' 'col_idx_1' <Predicate = true> <Delay = 0.00>
ST_3 : Operation 57 [1/1] (0.00ns)   --->   "%row_idx_1 = load i9 %row_idx" [src/yolo_acc.cpp:42]   --->   Operation 57 'load' 'row_idx_1' <Predicate = true> <Delay = 0.00>
ST_3 : Operation 58 [1/1] (0.00ns)   --->   "%row_idx_cast = zext i9 %row_idx_1" [src/yolo_acc.cpp:42]   --->   Operation 58 'zext' 'row_idx_cast' <Predicate = (!icmp_ln1027_2)> <Delay = 0.00>
ST_3 : Operation 59 [1/1] (1.77ns)   --->   "%cmp_i_i = icmp_eq  i10 %sub_i_i_read, i10 %row_idx_cast" [src/yolo_acc.cpp:42]   --->   Operation 59 'icmp' 'cmp_i_i' <Predicate = (!icmp_ln1027_2)> <Delay = 1.77> <CoreInst = "Cmp">   --->   Core 9 'Cmp' <Latency = 0> <II = 1> <Delay = 1.77> <FuncUnit> <Opcode : 'icmp'> <InPorts = 2> <OutPorts = 1>
ST_3 : Operation 60 [1/1] (0.00ns)   --->   "%col_idx_cast = zext i9 %col_idx_1"   --->   Operation 60 'zext' 'col_idx_cast' <Predicate = (!icmp_ln1027_2 & !select_ln42_3)> <Delay = 0.00>
ST_3 : Operation 61 [1/1] (1.77ns)   --->   "%cmp_i_i31 = icmp_eq  i10 %sub_i_i54_read, i10 %col_idx_cast"   --->   Operation 61 'icmp' 'cmp_i_i31' <Predicate = (!icmp_ln1027_2 & !select_ln42_3)> <Delay = 1.77> <CoreInst = "Cmp">   --->   Core 9 'Cmp' <Latency = 0> <II = 1> <Delay = 1.77> <FuncUnit> <Opcode : 'icmp'> <InPorts = 2> <OutPorts = 1>
ST_3 : Operation 62 [1/1] (0.96ns)   --->   "%select_ln42 = select i1 %icmp_ln1027_2, i9 0, i9 %col_idx_1" [src/yolo_acc.cpp:42]   --->   Operation 62 'select' 'select_ln42' <Predicate = (!icmp_ln1027_1)> <Delay = 0.96> <CoreInst = "Sel">   --->   Core 73 'Sel' <Latency = 0> <II = 1> <Delay = 0.96> <FuncUnit> <Opcode : 'select'> <InPorts = 3> <OutPorts = 1>
ST_3 : Operation 63 [1/1] (1.82ns)   --->   "%add_ln42 = add i9 %row_idx_1, i9 1" [src/yolo_acc.cpp:42]   --->   Operation 63 'add' 'add_ln42' <Predicate = (!icmp_ln1027_1)> <Delay = 1.82> <CoreInst = "Adder">   --->   Core 1 'Adder' <Latency = 0> <II = 1> <Delay = 1.82> <FuncUnit> <Opcode : 'add' 'sub'> <InPorts = 2> <OutPorts = 1>
ST_3 : Operation 64 [1/1] (0.00ns)   --->   "%row_idx_cast_mid1 = zext i9 %add_ln42" [src/yolo_acc.cpp:42]   --->   Operation 64 'zext' 'row_idx_cast_mid1' <Predicate = (!icmp_ln1027_1 & icmp_ln1027_2)> <Delay = 0.00>
ST_3 : Operation 65 [1/1] (1.77ns)   --->   "%cmp_i_i_mid1 = icmp_eq  i10 %sub_i_i_read, i10 %row_idx_cast_mid1" [src/yolo_acc.cpp:42]   --->   Operation 65 'icmp' 'cmp_i_i_mid1' <Predicate = (!icmp_ln1027_1 & icmp_ln1027_2)> <Delay = 1.77> <CoreInst = "Cmp">   --->   Core 9 'Cmp' <Latency = 0> <II = 1> <Delay = 1.77> <FuncUnit> <Opcode : 'icmp'> <InPorts = 2> <OutPorts = 1>
ST_3 : Operation 66 [1/1] (0.00ns) (grouped into LUT with out node curr_output_last_V)   --->   "%select_ln42_1 = select i1 %icmp_ln1027_2, i1 %cmp_i_i_mid1, i1 %cmp_i_i" [src/yolo_acc.cpp:42]   --->   Operation 66 'select' 'select_ln42_1' <Predicate = (!icmp_ln1027_1)> <Delay = 0.00> <CoreInst = "Sel">   --->   Core 73 'Sel' <Latency = 0> <II = 1> <Delay = 0.99> <FuncUnit> <Opcode : 'select'> <InPorts = 3> <OutPorts = 1>
ST_3 : Operation 67 [1/1] (0.00ns) (grouped into LUT with out node select_ln45_1)   --->   "%select_ln42_2 = select i1 %icmp_ln1027_2, i1 %cmp_i_i31_mid111_read, i1 %cmp_i_i31" [src/yolo_acc.cpp:42]   --->   Operation 67 'select' 'select_ln42_2' <Predicate = (!icmp_ln1027_1 & !select_ln42_3)> <Delay = 0.00> <CoreInst = "Sel">   --->   Core 73 'Sel' <Latency = 0> <II = 1> <Delay = 0.99> <FuncUnit> <Opcode : 'select'> <InPorts = 3> <OutPorts = 1>
ST_3 : Operation 68 [1/1] (0.96ns)   --->   "%select_ln1027 = select i1 %icmp_ln1027_2, i9 %add_ln42, i9 %row_idx_1"   --->   Operation 68 'select' 'select_ln1027' <Predicate = (!icmp_ln1027_1)> <Delay = 0.96> <CoreInst = "Sel">   --->   Core 73 'Sel' <Latency = 0> <II = 1> <Delay = 0.96> <FuncUnit> <Opcode : 'select'> <InPorts = 3> <OutPorts = 1>
ST_3 : Operation 69 [1/1] (1.82ns)   --->   "%col_idx_3 = add i9 %select_ln42, i9 1" [src/yolo_acc.cpp:45]   --->   Operation 69 'add' 'col_idx_3' <Predicate = (!icmp_ln1027_1)> <Delay = 1.82> <CoreInst = "Adder">   --->   Core 1 'Adder' <Latency = 0> <II = 1> <Delay = 1.82> <FuncUnit> <Opcode : 'add' 'sub'> <InPorts = 2> <OutPorts = 1>
ST_3 : Operation 70 [1/1] (0.00ns)   --->   "%col_idx_cast_mid1 = zext i9 %col_idx_3" [src/yolo_acc.cpp:45]   --->   Operation 70 'zext' 'col_idx_cast_mid1' <Predicate = (!icmp_ln1027_1 & select_ln42_3)> <Delay = 0.00>
ST_3 : Operation 71 [1/1] (1.77ns)   --->   "%cmp_i_i31_mid1 = icmp_eq  i10 %sub_i_i54_read, i10 %col_idx_cast_mid1" [src/yolo_acc.cpp:45]   --->   Operation 71 'icmp' 'cmp_i_i31_mid1' <Predicate = (!icmp_ln1027_1 & select_ln42_3)> <Delay = 1.77> <CoreInst = "Cmp">   --->   Core 9 'Cmp' <Latency = 0> <II = 1> <Delay = 1.77> <FuncUnit> <Opcode : 'icmp'> <InPorts = 2> <OutPorts = 1>
ST_3 : Operation 72 [1/1] (0.99ns) (out node of the LUT)   --->   "%select_ln45_1 = select i1 %select_ln42_3, i1 %cmp_i_i31_mid1, i1 %select_ln42_2" [src/yolo_acc.cpp:45]   --->   Operation 72 'select' 'select_ln45_1' <Predicate = (!icmp_ln1027_1)> <Delay = 0.99> <CoreInst = "Sel">   --->   Core 73 'Sel' <Latency = 0> <II = 1> <Delay = 0.99> <FuncUnit> <Opcode : 'select'> <InPorts = 3> <OutPorts = 1>
ST_3 : Operation 73 [1/1] (0.96ns)   --->   "%select_ln1027_1 = select i1 %select_ln42_3, i9 %col_idx_3, i9 %select_ln42"   --->   Operation 73 'select' 'select_ln1027_1' <Predicate = (!icmp_ln1027_1)> <Delay = 0.96> <CoreInst = "Sel">   --->   Core 73 'Sel' <Latency = 0> <II = 1> <Delay = 0.96> <FuncUnit> <Opcode : 'select'> <InPorts = 3> <OutPorts = 1>
ST_3 : Operation 74 [1/1] (0.00ns)   --->   "%inStream_a_read = read i112 @_ssdm_op_Read.axis.volatile.i112P128A, i112 %inStream_a" [src/yolo_acc.cpp:57]   --->   Operation 74 'read' 'inStream_a_read' <Predicate = (!icmp_ln1027_1)> <Delay = 0.00> <CoreInst = "axis">   --->   Core 115 'axis' <Latency = 0> <II = 1> <Delay = 1.00> <Adapter> <Opcode : >
ST_3 : Operation 75 [1/1] (0.00ns)   --->   "%curr_input_a_data_sub_data_0_V = trunc i112 %inStream_a_read" [src/yolo_acc.cpp:57]   --->   Operation 75 'trunc' 'curr_input_a_data_sub_data_0_V' <Predicate = (!icmp_ln1027_1)> <Delay = 0.00>
ST_3 : Operation 76 [1/1] (0.00ns)   --->   "%curr_input_a_data_sub_data_1_V = partselect i16 @_ssdm_op_PartSelect.i16.i112.i32.i32, i112 %inStream_a_read, i32 16, i32 31" [src/yolo_acc.cpp:57]   --->   Operation 76 'partselect' 'curr_input_a_data_sub_data_1_V' <Predicate = (!icmp_ln1027_1)> <Delay = 0.00>
ST_3 : Operation 77 [1/1] (0.00ns)   --->   "%curr_input_a_data_sub_data_2_V = partselect i16 @_ssdm_op_PartSelect.i16.i112.i32.i32, i112 %inStream_a_read, i32 32, i32 47" [src/yolo_acc.cpp:57]   --->   Operation 77 'partselect' 'curr_input_a_data_sub_data_2_V' <Predicate = (!icmp_ln1027_1)> <Delay = 0.00>
ST_3 : Operation 78 [1/1] (0.00ns)   --->   "%curr_input_a_data_sub_data_3_V = partselect i16 @_ssdm_op_PartSelect.i16.i112.i32.i32, i112 %inStream_a_read, i32 48, i32 63" [src/yolo_acc.cpp:57]   --->   Operation 78 'partselect' 'curr_input_a_data_sub_data_3_V' <Predicate = (!icmp_ln1027_1)> <Delay = 0.00>
ST_3 : Operation 79 [1/1] (0.00ns)   --->   "%inStream_b_read = read i112 @_ssdm_op_Read.axis.volatile.i112P128A, i112 %inStream_b" [src/yolo_acc.cpp:58]   --->   Operation 79 'read' 'inStream_b_read' <Predicate = (!icmp_ln1027_1)> <Delay = 0.00> <CoreInst = "axis">   --->   Core 115 'axis' <Latency = 0> <II = 1> <Delay = 1.00> <Adapter> <Opcode : >
ST_3 : Operation 80 [1/1] (0.00ns)   --->   "%curr_input_b_data_sub_data_0_V = trunc i112 %inStream_b_read" [src/yolo_acc.cpp:58]   --->   Operation 80 'trunc' 'curr_input_b_data_sub_data_0_V' <Predicate = (!icmp_ln1027_1)> <Delay = 0.00>
ST_3 : Operation 81 [1/1] (0.00ns)   --->   "%curr_input_b_data_sub_data_1_V = partselect i16 @_ssdm_op_PartSelect.i16.i112.i32.i32, i112 %inStream_b_read, i32 16, i32 31" [src/yolo_acc.cpp:58]   --->   Operation 81 'partselect' 'curr_input_b_data_sub_data_1_V' <Predicate = (!icmp_ln1027_1)> <Delay = 0.00>
ST_3 : Operation 82 [1/1] (0.00ns)   --->   "%curr_input_b_data_sub_data_2_V = partselect i16 @_ssdm_op_PartSelect.i16.i112.i32.i32, i112 %inStream_b_read, i32 32, i32 47" [src/yolo_acc.cpp:58]   --->   Operation 82 'partselect' 'curr_input_b_data_sub_data_2_V' <Predicate = (!icmp_ln1027_1)> <Delay = 0.00>
ST_3 : Operation 83 [1/1] (0.00ns)   --->   "%curr_input_b_data_sub_data_3_V = partselect i16 @_ssdm_op_PartSelect.i16.i112.i32.i32, i112 %inStream_b_read, i32 48, i32 63" [src/yolo_acc.cpp:58]   --->   Operation 83 'partselect' 'curr_input_b_data_sub_data_3_V' <Predicate = (!icmp_ln1027_1)> <Delay = 0.00>
ST_3 : Operation 84 [1/1] (0.00ns)   --->   "%sext_ln813 = sext i16 %curr_input_a_data_sub_data_0_V"   --->   Operation 84 'sext' 'sext_ln813' <Predicate = (!icmp_ln1027_1)> <Delay = 0.00>
ST_3 : Operation 85 [1/1] (0.00ns)   --->   "%sext_ln813_1 = sext i16 %curr_input_b_data_sub_data_0_V"   --->   Operation 85 'sext' 'sext_ln813_1' <Predicate = (!icmp_ln1027_1)> <Delay = 0.00>
ST_3 : Operation 86 [1/1] (2.07ns)   --->   "%ret_V = add i17 %sext_ln813_1, i17 %sext_ln813"   --->   Operation 86 'add' 'ret_V' <Predicate = (!icmp_ln1027_1)> <Delay = 2.07> <CoreInst = "Adder">   --->   Core 1 'Adder' <Latency = 0> <II = 1> <Delay = 2.07> <FuncUnit> <Opcode : 'add' 'sub'> <InPorts = 2> <OutPorts = 1>
ST_3 : Operation 87 [1/1] (0.00ns)   --->   "%p_Result_s = bitselect i1 @_ssdm_op_BitSelect.i1.i17.i32, i17 %ret_V, i32 16"   --->   Operation 87 'bitselect' 'p_Result_s' <Predicate = (!icmp_ln1027_1)> <Delay = 0.00>
ST_3 : Operation 88 [1/1] (2.07ns)   --->   "%p_Val2_1 = add i16 %curr_input_b_data_sub_data_0_V, i16 %curr_input_a_data_sub_data_0_V"   --->   Operation 88 'add' 'p_Val2_1' <Predicate = (!icmp_ln1027_1)> <Delay = 2.07> <CoreInst = "Adder">   --->   Core 1 'Adder' <Latency = 0> <II = 1> <Delay = 2.07> <FuncUnit> <Opcode : 'add' 'sub'> <InPorts = 2> <OutPorts = 1>
ST_3 : Operation 89 [1/1] (0.00ns)   --->   "%p_Result_1 = bitselect i1 @_ssdm_op_BitSelect.i1.i16.i32, i16 %p_Val2_1, i32 15"   --->   Operation 89 'bitselect' 'p_Result_1' <Predicate = (!icmp_ln1027_1)> <Delay = 0.00>
ST_3 : Operation 90 [1/1] (0.00ns) (grouped into LUT with out node select_ln302)   --->   "%xor_ln895 = xor i1 %p_Result_s, i1 1"   --->   Operation 90 'xor' 'xor_ln895' <Predicate = (!icmp_ln1027_1)> <Delay = 0.00> <CoreInst = "LogicGate">   --->   Core 74 'LogicGate' <Latency = 0> <II = 1> <Delay = 0.97> <FuncUnit> <Opcode : 'and' 'or' 'xor'> <InPorts = 2> <OutPorts = 1>
ST_3 : Operation 91 [1/1] (0.00ns) (grouped into LUT with out node select_ln302)   --->   "%overflow = and i1 %p_Result_1, i1 %xor_ln895"   --->   Operation 91 'and' 'overflow' <Predicate = (!icmp_ln1027_1)> <Delay = 0.00> <CoreInst = "LogicGate">   --->   Core 74 'LogicGate' <Latency = 0> <II = 1> <Delay = 0.97> <FuncUnit> <Opcode : 'and' 'or' 'xor'> <InPorts = 2> <OutPorts = 1>
ST_3 : Operation 92 [1/1] (0.00ns) (grouped into LUT with out node select_ln302)   --->   "%xor_ln302 = xor i1 %p_Result_s, i1 %p_Result_1"   --->   Operation 92 'xor' 'xor_ln302' <Predicate = (!icmp_ln1027_1)> <Delay = 0.00> <CoreInst = "LogicGate">   --->   Core 74 'LogicGate' <Latency = 0> <II = 1> <Delay = 0.97> <FuncUnit> <Opcode : 'and' 'or' 'xor'> <InPorts = 2> <OutPorts = 1>
ST_3 : Operation 93 [1/1] (0.00ns) (grouped into LUT with out node select_ln302)   --->   "%select_ln346 = select i1 %overflow, i16 32767, i16 32768"   --->   Operation 93 'select' 'select_ln346' <Predicate = (!icmp_ln1027_1)> <Delay = 0.00> <CoreInst = "Sel">   --->   Core 73 'Sel' <Latency = 0> <II = 1> <Delay = 0.80> <FuncUnit> <Opcode : 'select'> <InPorts = 3> <OutPorts = 1>
ST_3 : Operation 94 [1/1] (0.97ns) (out node of the LUT)   --->   "%select_ln302 = select i1 %xor_ln302, i16 %select_ln346, i16 %p_Val2_1"   --->   Operation 94 'select' 'select_ln302' <Predicate = (!icmp_ln1027_1)> <Delay = 0.97> <CoreInst = "Sel">   --->   Core 73 'Sel' <Latency = 0> <II = 1> <Delay = 0.80> <FuncUnit> <Opcode : 'select'> <InPorts = 3> <OutPorts = 1>
ST_3 : Operation 95 [1/1] (0.00ns)   --->   "%sext_ln813_2 = sext i16 %curr_input_a_data_sub_data_1_V"   --->   Operation 95 'sext' 'sext_ln813_2' <Predicate = (!icmp_ln1027_1)> <Delay = 0.00>
ST_3 : Operation 96 [1/1] (0.00ns)   --->   "%sext_ln813_3 = sext i16 %curr_input_b_data_sub_data_1_V"   --->   Operation 96 'sext' 'sext_ln813_3' <Predicate = (!icmp_ln1027_1)> <Delay = 0.00>
ST_3 : Operation 97 [1/1] (2.07ns)   --->   "%ret_V_1 = add i17 %sext_ln813_3, i17 %sext_ln813_2"   --->   Operation 97 'add' 'ret_V_1' <Predicate = (!icmp_ln1027_1)> <Delay = 2.07> <CoreInst = "Adder">   --->   Core 1 'Adder' <Latency = 0> <II = 1> <Delay = 2.07> <FuncUnit> <Opcode : 'add' 'sub'> <InPorts = 2> <OutPorts = 1>
ST_3 : Operation 98 [1/1] (0.00ns)   --->   "%p_Result_2 = bitselect i1 @_ssdm_op_BitSelect.i1.i17.i32, i17 %ret_V_1, i32 16"   --->   Operation 98 'bitselect' 'p_Result_2' <Predicate = (!icmp_ln1027_1)> <Delay = 0.00>
ST_3 : Operation 99 [1/1] (2.07ns)   --->   "%p_Val2_3 = add i16 %curr_input_b_data_sub_data_1_V, i16 %curr_input_a_data_sub_data_1_V"   --->   Operation 99 'add' 'p_Val2_3' <Predicate = (!icmp_ln1027_1)> <Delay = 2.07> <CoreInst = "Adder">   --->   Core 1 'Adder' <Latency = 0> <II = 1> <Delay = 2.07> <FuncUnit> <Opcode : 'add' 'sub'> <InPorts = 2> <OutPorts = 1>
ST_3 : Operation 100 [1/1] (0.00ns)   --->   "%p_Result_3 = bitselect i1 @_ssdm_op_BitSelect.i1.i16.i32, i16 %p_Val2_3, i32 15"   --->   Operation 100 'bitselect' 'p_Result_3' <Predicate = (!icmp_ln1027_1)> <Delay = 0.00>
ST_3 : Operation 101 [1/1] (0.00ns) (grouped into LUT with out node select_ln302_1)   --->   "%xor_ln895_1 = xor i1 %p_Result_2, i1 1"   --->   Operation 101 'xor' 'xor_ln895_1' <Predicate = (!icmp_ln1027_1)> <Delay = 0.00> <CoreInst = "LogicGate">   --->   Core 74 'LogicGate' <Latency = 0> <II = 1> <Delay = 0.97> <FuncUnit> <Opcode : 'and' 'or' 'xor'> <InPorts = 2> <OutPorts = 1>
ST_3 : Operation 102 [1/1] (0.00ns) (grouped into LUT with out node select_ln302_1)   --->   "%overflow_1 = and i1 %p_Result_3, i1 %xor_ln895_1"   --->   Operation 102 'and' 'overflow_1' <Predicate = (!icmp_ln1027_1)> <Delay = 0.00> <CoreInst = "LogicGate">   --->   Core 74 'LogicGate' <Latency = 0> <II = 1> <Delay = 0.97> <FuncUnit> <Opcode : 'and' 'or' 'xor'> <InPorts = 2> <OutPorts = 1>
ST_3 : Operation 103 [1/1] (0.00ns) (grouped into LUT with out node select_ln302_1)   --->   "%xor_ln302_1 = xor i1 %p_Result_2, i1 %p_Result_3"   --->   Operation 103 'xor' 'xor_ln302_1' <Predicate = (!icmp_ln1027_1)> <Delay = 0.00> <CoreInst = "LogicGate">   --->   Core 74 'LogicGate' <Latency = 0> <II = 1> <Delay = 0.97> <FuncUnit> <Opcode : 'and' 'or' 'xor'> <InPorts = 2> <OutPorts = 1>
ST_3 : Operation 104 [1/1] (0.00ns) (grouped into LUT with out node select_ln302_1)   --->   "%select_ln346_1 = select i1 %overflow_1, i16 32767, i16 32768"   --->   Operation 104 'select' 'select_ln346_1' <Predicate = (!icmp_ln1027_1)> <Delay = 0.00> <CoreInst = "Sel">   --->   Core 73 'Sel' <Latency = 0> <II = 1> <Delay = 0.80> <FuncUnit> <Opcode : 'select'> <InPorts = 3> <OutPorts = 1>
ST_3 : Operation 105 [1/1] (0.97ns) (out node of the LUT)   --->   "%select_ln302_1 = select i1 %xor_ln302_1, i16 %select_ln346_1, i16 %p_Val2_3"   --->   Operation 105 'select' 'select_ln302_1' <Predicate = (!icmp_ln1027_1)> <Delay = 0.97> <CoreInst = "Sel">   --->   Core 73 'Sel' <Latency = 0> <II = 1> <Delay = 0.80> <FuncUnit> <Opcode : 'select'> <InPorts = 3> <OutPorts = 1>
ST_3 : Operation 106 [1/1] (0.00ns)   --->   "%sext_ln813_4 = sext i16 %curr_input_a_data_sub_data_2_V"   --->   Operation 106 'sext' 'sext_ln813_4' <Predicate = (!icmp_ln1027_1)> <Delay = 0.00>
ST_3 : Operation 107 [1/1] (0.00ns)   --->   "%sext_ln813_5 = sext i16 %curr_input_b_data_sub_data_2_V"   --->   Operation 107 'sext' 'sext_ln813_5' <Predicate = (!icmp_ln1027_1)> <Delay = 0.00>
ST_3 : Operation 108 [1/1] (2.07ns)   --->   "%ret_V_2 = add i17 %sext_ln813_5, i17 %sext_ln813_4"   --->   Operation 108 'add' 'ret_V_2' <Predicate = (!icmp_ln1027_1)> <Delay = 2.07> <CoreInst = "Adder">   --->   Core 1 'Adder' <Latency = 0> <II = 1> <Delay = 2.07> <FuncUnit> <Opcode : 'add' 'sub'> <InPorts = 2> <OutPorts = 1>
ST_3 : Operation 109 [1/1] (0.00ns)   --->   "%p_Result_4 = bitselect i1 @_ssdm_op_BitSelect.i1.i17.i32, i17 %ret_V_2, i32 16"   --->   Operation 109 'bitselect' 'p_Result_4' <Predicate = (!icmp_ln1027_1)> <Delay = 0.00>
ST_3 : Operation 110 [1/1] (2.07ns)   --->   "%p_Val2_5 = add i16 %curr_input_b_data_sub_data_2_V, i16 %curr_input_a_data_sub_data_2_V"   --->   Operation 110 'add' 'p_Val2_5' <Predicate = (!icmp_ln1027_1)> <Delay = 2.07> <CoreInst = "Adder">   --->   Core 1 'Adder' <Latency = 0> <II = 1> <Delay = 2.07> <FuncUnit> <Opcode : 'add' 'sub'> <InPorts = 2> <OutPorts = 1>
ST_3 : Operation 111 [1/1] (0.00ns)   --->   "%p_Result_5 = bitselect i1 @_ssdm_op_BitSelect.i1.i16.i32, i16 %p_Val2_5, i32 15"   --->   Operation 111 'bitselect' 'p_Result_5' <Predicate = (!icmp_ln1027_1)> <Delay = 0.00>
ST_3 : Operation 112 [1/1] (0.00ns) (grouped into LUT with out node select_ln302_2)   --->   "%xor_ln895_2 = xor i1 %p_Result_4, i1 1"   --->   Operation 112 'xor' 'xor_ln895_2' <Predicate = (!icmp_ln1027_1)> <Delay = 0.00> <CoreInst = "LogicGate">   --->   Core 74 'LogicGate' <Latency = 0> <II = 1> <Delay = 0.97> <FuncUnit> <Opcode : 'and' 'or' 'xor'> <InPorts = 2> <OutPorts = 1>
ST_3 : Operation 113 [1/1] (0.00ns) (grouped into LUT with out node select_ln302_2)   --->   "%overflow_2 = and i1 %p_Result_5, i1 %xor_ln895_2"   --->   Operation 113 'and' 'overflow_2' <Predicate = (!icmp_ln1027_1)> <Delay = 0.00> <CoreInst = "LogicGate">   --->   Core 74 'LogicGate' <Latency = 0> <II = 1> <Delay = 0.97> <FuncUnit> <Opcode : 'and' 'or' 'xor'> <InPorts = 2> <OutPorts = 1>
ST_3 : Operation 114 [1/1] (0.00ns) (grouped into LUT with out node select_ln302_2)   --->   "%xor_ln302_2 = xor i1 %p_Result_4, i1 %p_Result_5"   --->   Operation 114 'xor' 'xor_ln302_2' <Predicate = (!icmp_ln1027_1)> <Delay = 0.00> <CoreInst = "LogicGate">   --->   Core 74 'LogicGate' <Latency = 0> <II = 1> <Delay = 0.97> <FuncUnit> <Opcode : 'and' 'or' 'xor'> <InPorts = 2> <OutPorts = 1>
ST_3 : Operation 115 [1/1] (0.00ns) (grouped into LUT with out node select_ln302_2)   --->   "%select_ln346_2 = select i1 %overflow_2, i16 32767, i16 32768"   --->   Operation 115 'select' 'select_ln346_2' <Predicate = (!icmp_ln1027_1)> <Delay = 0.00> <CoreInst = "Sel">   --->   Core 73 'Sel' <Latency = 0> <II = 1> <Delay = 0.80> <FuncUnit> <Opcode : 'select'> <InPorts = 3> <OutPorts = 1>
ST_3 : Operation 116 [1/1] (0.97ns) (out node of the LUT)   --->   "%select_ln302_2 = select i1 %xor_ln302_2, i16 %select_ln346_2, i16 %p_Val2_5"   --->   Operation 116 'select' 'select_ln302_2' <Predicate = (!icmp_ln1027_1)> <Delay = 0.97> <CoreInst = "Sel">   --->   Core 73 'Sel' <Latency = 0> <II = 1> <Delay = 0.80> <FuncUnit> <Opcode : 'select'> <InPorts = 3> <OutPorts = 1>
ST_3 : Operation 117 [1/1] (0.00ns)   --->   "%sext_ln813_6 = sext i16 %curr_input_a_data_sub_data_3_V"   --->   Operation 117 'sext' 'sext_ln813_6' <Predicate = (!icmp_ln1027_1)> <Delay = 0.00>
ST_3 : Operation 118 [1/1] (0.00ns)   --->   "%sext_ln813_7 = sext i16 %curr_input_b_data_sub_data_3_V"   --->   Operation 118 'sext' 'sext_ln813_7' <Predicate = (!icmp_ln1027_1)> <Delay = 0.00>
ST_3 : Operation 119 [1/1] (2.07ns)   --->   "%ret_V_3 = add i17 %sext_ln813_7, i17 %sext_ln813_6"   --->   Operation 119 'add' 'ret_V_3' <Predicate = (!icmp_ln1027_1)> <Delay = 2.07> <CoreInst = "Adder">   --->   Core 1 'Adder' <Latency = 0> <II = 1> <Delay = 2.07> <FuncUnit> <Opcode : 'add' 'sub'> <InPorts = 2> <OutPorts = 1>
ST_3 : Operation 120 [1/1] (0.00ns)   --->   "%p_Result_6 = bitselect i1 @_ssdm_op_BitSelect.i1.i17.i32, i17 %ret_V_3, i32 16"   --->   Operation 120 'bitselect' 'p_Result_6' <Predicate = (!icmp_ln1027_1)> <Delay = 0.00>
ST_3 : Operation 121 [1/1] (2.07ns)   --->   "%p_Val2_7 = add i16 %curr_input_b_data_sub_data_3_V, i16 %curr_input_a_data_sub_data_3_V"   --->   Operation 121 'add' 'p_Val2_7' <Predicate = (!icmp_ln1027_1)> <Delay = 2.07> <CoreInst = "Adder">   --->   Core 1 'Adder' <Latency = 0> <II = 1> <Delay = 2.07> <FuncUnit> <Opcode : 'add' 'sub'> <InPorts = 2> <OutPorts = 1>
ST_3 : Operation 122 [1/1] (0.00ns)   --->   "%p_Result_7 = bitselect i1 @_ssdm_op_BitSelect.i1.i16.i32, i16 %p_Val2_7, i32 15"   --->   Operation 122 'bitselect' 'p_Result_7' <Predicate = (!icmp_ln1027_1)> <Delay = 0.00>
ST_3 : Operation 123 [1/1] (0.00ns) (grouped into LUT with out node select_ln302_3)   --->   "%xor_ln895_3 = xor i1 %p_Result_6, i1 1"   --->   Operation 123 'xor' 'xor_ln895_3' <Predicate = (!icmp_ln1027_1)> <Delay = 0.00> <CoreInst = "LogicGate">   --->   Core 74 'LogicGate' <Latency = 0> <II = 1> <Delay = 0.97> <FuncUnit> <Opcode : 'and' 'or' 'xor'> <InPorts = 2> <OutPorts = 1>
ST_3 : Operation 124 [1/1] (0.00ns) (grouped into LUT with out node select_ln302_3)   --->   "%overflow_3 = and i1 %p_Result_7, i1 %xor_ln895_3"   --->   Operation 124 'and' 'overflow_3' <Predicate = (!icmp_ln1027_1)> <Delay = 0.00> <CoreInst = "LogicGate">   --->   Core 74 'LogicGate' <Latency = 0> <II = 1> <Delay = 0.97> <FuncUnit> <Opcode : 'and' 'or' 'xor'> <InPorts = 2> <OutPorts = 1>
ST_3 : Operation 125 [1/1] (0.00ns) (grouped into LUT with out node select_ln302_3)   --->   "%xor_ln302_3 = xor i1 %p_Result_6, i1 %p_Result_7"   --->   Operation 125 'xor' 'xor_ln302_3' <Predicate = (!icmp_ln1027_1)> <Delay = 0.00> <CoreInst = "LogicGate">   --->   Core 74 'LogicGate' <Latency = 0> <II = 1> <Delay = 0.97> <FuncUnit> <Opcode : 'and' 'or' 'xor'> <InPorts = 2> <OutPorts = 1>
ST_3 : Operation 126 [1/1] (0.00ns) (grouped into LUT with out node select_ln302_3)   --->   "%select_ln346_3 = select i1 %overflow_3, i16 32767, i16 32768"   --->   Operation 126 'select' 'select_ln346_3' <Predicate = (!icmp_ln1027_1)> <Delay = 0.00> <CoreInst = "Sel">   --->   Core 73 'Sel' <Latency = 0> <II = 1> <Delay = 0.80> <FuncUnit> <Opcode : 'select'> <InPorts = 3> <OutPorts = 1>
ST_3 : Operation 127 [1/1] (0.97ns) (out node of the LUT)   --->   "%select_ln302_3 = select i1 %xor_ln302_3, i16 %select_ln346_3, i16 %p_Val2_7"   --->   Operation 127 'select' 'select_ln302_3' <Predicate = (!icmp_ln1027_1)> <Delay = 0.97> <CoreInst = "Sel">   --->   Core 73 'Sel' <Latency = 0> <II = 1> <Delay = 0.80> <FuncUnit> <Opcode : 'select'> <InPorts = 3> <OutPorts = 1>
ST_3 : Operation 128 [1/2] (2.32ns)   --->   "%kernel_bias_fp_V_load = load i5 %kernel_bias_fp_V_addr" [src/yolo_acc.cpp:65]   --->   Operation 128 'load' 'kernel_bias_fp_V_load' <Predicate = (!icmp_ln1027_1)> <Delay = 2.32> <CoreInst = "RAM">   --->   Core 82 'RAM' <Latency = 1> <II = 1> <Delay = 2.32> <Storage> <Opcode : 'load' 'store'> <Ports = 2> <Width = 16> <Depth = 32> <RAM>
ST_3 : Operation 129 [1/2] (2.32ns)   --->   "%kernel_bias_fp_V_load_1 = load i5 %kernel_bias_fp_V_addr_1" [src/yolo_acc.cpp:66]   --->   Operation 129 'load' 'kernel_bias_fp_V_load_1' <Predicate = (!icmp_ln1027_1)> <Delay = 2.32> <CoreInst = "RAM">   --->   Core 82 'RAM' <Latency = 1> <II = 1> <Delay = 2.32> <Storage> <Opcode : 'load' 'store'> <Ports = 2> <Width = 16> <Depth = 32> <RAM>
ST_3 : Operation 130 [1/1] (0.00ns)   --->   "%or_ln67 = or i5 %shl_ln, i5 2" [src/yolo_acc.cpp:67]   --->   Operation 130 'or' 'or_ln67' <Predicate = (!icmp_ln1027_1)> <Delay = 0.00>
ST_3 : Operation 131 [1/1] (0.00ns)   --->   "%zext_ln67 = zext i5 %or_ln67" [src/yolo_acc.cpp:67]   --->   Operation 131 'zext' 'zext_ln67' <Predicate = (!icmp_ln1027_1)> <Delay = 0.00>
ST_3 : Operation 132 [1/1] (0.00ns)   --->   "%kernel_bias_fp_V_addr_2 = getelementptr i16 %kernel_bias_fp_V, i64 0, i64 %zext_ln67" [src/yolo_acc.cpp:67]   --->   Operation 132 'getelementptr' 'kernel_bias_fp_V_addr_2' <Predicate = (!icmp_ln1027_1)> <Delay = 0.00>
ST_3 : Operation 133 [2/2] (2.32ns)   --->   "%kernel_bias_fp_V_load_2 = load i5 %kernel_bias_fp_V_addr_2" [src/yolo_acc.cpp:67]   --->   Operation 133 'load' 'kernel_bias_fp_V_load_2' <Predicate = (!icmp_ln1027_1)> <Delay = 2.32> <CoreInst = "RAM">   --->   Core 82 'RAM' <Latency = 1> <II = 1> <Delay = 2.32> <Storage> <Opcode : 'load' 'store'> <Ports = 2> <Width = 16> <Depth = 32> <RAM>
ST_3 : Operation 134 [1/1] (0.00ns)   --->   "%or_ln68 = or i5 %shl_ln, i5 3" [src/yolo_acc.cpp:68]   --->   Operation 134 'or' 'or_ln68' <Predicate = (!icmp_ln1027_1)> <Delay = 0.00>
ST_3 : Operation 135 [1/1] (0.00ns)   --->   "%zext_ln68 = zext i5 %or_ln68" [src/yolo_acc.cpp:68]   --->   Operation 135 'zext' 'zext_ln68' <Predicate = (!icmp_ln1027_1)> <Delay = 0.00>
ST_3 : Operation 136 [1/1] (0.00ns)   --->   "%kernel_bias_fp_V_addr_3 = getelementptr i16 %kernel_bias_fp_V, i64 0, i64 %zext_ln68" [src/yolo_acc.cpp:68]   --->   Operation 136 'getelementptr' 'kernel_bias_fp_V_addr_3' <Predicate = (!icmp_ln1027_1)> <Delay = 0.00>
ST_3 : Operation 137 [2/2] (2.32ns)   --->   "%kernel_bias_fp_V_load_3 = load i5 %kernel_bias_fp_V_addr_3" [src/yolo_acc.cpp:68]   --->   Operation 137 'load' 'kernel_bias_fp_V_load_3' <Predicate = (!icmp_ln1027_1)> <Delay = 2.32> <CoreInst = "RAM">   --->   Core 82 'RAM' <Latency = 1> <II = 1> <Delay = 2.32> <Storage> <Opcode : 'load' 'store'> <Ports = 2> <Width = 16> <Depth = 32> <RAM>
ST_3 : Operation 138 [1/1] (1.30ns)   --->   "%icmp_ln75 = icmp_eq  i4 %select_ln45, i4 7" [src/yolo_acc.cpp:75]   --->   Operation 138 'icmp' 'icmp_ln75' <Predicate = (!icmp_ln1027_1)> <Delay = 1.30> <CoreInst = "Cmp">   --->   Core 9 'Cmp' <Latency = 0> <II = 1> <Delay = 1.30> <FuncUnit> <Opcode : 'icmp'> <InPorts = 2> <OutPorts = 1>
ST_3 : Operation 139 [1/1] (0.00ns) (grouped into LUT with out node curr_output_last_V)   --->   "%and_ln76 = and i1 %select_ln42_1, i1 %icmp_ln75" [src/yolo_acc.cpp:76]   --->   Operation 139 'and' 'and_ln76' <Predicate = (!icmp_ln1027_1)> <Delay = 0.00> <CoreInst = "LogicGate">   --->   Core 74 'LogicGate' <Latency = 0> <II = 1> <Delay = 0.97> <FuncUnit> <Opcode : 'and' 'or' 'xor'> <InPorts = 2> <OutPorts = 1>
ST_3 : Operation 140 [1/1] (0.99ns) (out node of the LUT)   --->   "%curr_output_last_V = and i1 %and_ln76, i1 %select_ln45_1" [src/yolo_acc.cpp:76]   --->   Operation 140 'and' 'curr_output_last_V' <Predicate = (!icmp_ln1027_1)> <Delay = 0.99> <CoreInst = "LogicGate">   --->   Core 74 'LogicGate' <Latency = 0> <II = 1> <Delay = 0.97> <FuncUnit> <Opcode : 'and' 'or' 'xor'> <InPorts = 2> <OutPorts = 1>
ST_3 : Operation 141 [1/1] (0.00ns)   --->   "%tmp_s = partselect i6 @_ssdm_op_PartSelect.i6.i112.i32.i32, i112 %inStream_a_read, i32 104, i32 109" [src/yolo_acc.cpp:85]   --->   Operation 141 'partselect' 'tmp_s' <Predicate = (!icmp_ln1027_1)> <Delay = 0.00>
ST_3 : Operation 142 [1/1] (0.00ns)   --->   "%tmp_1 = partselect i5 @_ssdm_op_PartSelect.i5.i112.i32.i32, i112 %inStream_a_read, i32 96, i32 100" [src/yolo_acc.cpp:85]   --->   Operation 142 'partselect' 'tmp_1' <Predicate = (!icmp_ln1027_1)> <Delay = 0.00>
ST_3 : Operation 143 [1/1] (0.00ns)   --->   "%tmp_4 = partselect i18 @_ssdm_op_PartSelect.i18.i112.i32.i32, i112 %inStream_a_read, i32 64, i32 81" [src/yolo_acc.cpp:85]   --->   Operation 143 'partselect' 'tmp_4' <Predicate = (!icmp_ln1027_1)> <Delay = 0.00>
ST_3 : Operation 144 [1/1] (1.73ns)   --->   "%add_ln48 = add i4 %select_ln45, i4 1" [src/yolo_acc.cpp:48]   --->   Operation 144 'add' 'add_ln48' <Predicate = (!icmp_ln1027_1)> <Delay = 1.73> <CoreInst = "Adder">   --->   Core 1 'Adder' <Latency = 0> <II = 1> <Delay = 1.73> <FuncUnit> <Opcode : 'add' 'sub'> <InPorts = 2> <OutPorts = 1>
ST_3 : Operation 145 [1/1] (1.67ns)   --->   "%add_ln1027 = add i13 %indvar_flatten_load, i13 1"   --->   Operation 145 'add' 'add_ln1027' <Predicate = (!icmp_ln1027_1 & !icmp_ln1027_2)> <Delay = 1.67> <CoreInst = "Adder">   --->   Core 1 'Adder' <Latency = 0> <II = 1> <Delay = 1.67> <FuncUnit> <Opcode : 'add' 'sub'> <InPorts = 2> <OutPorts = 1>
ST_3 : Operation 146 [1/1] (0.69ns)   --->   "%select_ln1027_2 = select i1 %icmp_ln1027_2, i13 1, i13 %add_ln1027"   --->   Operation 146 'select' 'select_ln1027_2' <Predicate = (!icmp_ln1027_1)> <Delay = 0.69> <CoreInst = "Sel">   --->   Core 73 'Sel' <Latency = 0> <II = 1> <Delay = 0.69> <FuncUnit> <Opcode : 'select'> <InPorts = 3> <OutPorts = 1>
ST_3 : Operation 147 [1/1] (1.58ns)   --->   "%store_ln48 = store i9 %select_ln1027, i9 %row_idx" [src/yolo_acc.cpp:48]   --->   Operation 147 'store' 'store_ln48' <Predicate = (!icmp_ln1027_1)> <Delay = 1.58>
ST_3 : Operation 148 [1/1] (1.58ns)   --->   "%store_ln48 = store i13 %select_ln1027_2, i13 %indvar_flatten" [src/yolo_acc.cpp:48]   --->   Operation 148 'store' 'store_ln48' <Predicate = (!icmp_ln1027_1)> <Delay = 1.58>
ST_3 : Operation 149 [1/1] (1.58ns)   --->   "%store_ln48 = store i9 %select_ln1027_1, i9 %col_idx" [src/yolo_acc.cpp:48]   --->   Operation 149 'store' 'store_ln48' <Predicate = (!icmp_ln1027_1)> <Delay = 1.58>
ST_3 : Operation 150 [1/1] (1.58ns)   --->   "%store_ln48 = store i4 %add_ln48, i4 %input_ch_idx" [src/yolo_acc.cpp:48]   --->   Operation 150 'store' 'store_ln48' <Predicate = (!icmp_ln1027_1)> <Delay = 1.58>

State 4 <SV = 3> <Delay = 5.20>
ST_4 : Operation 151 [6/6] (5.20ns)   --->   "%curr_output_data_sub_data_0_V = call i16 @post_process_unit, i16 %select_ln302, i16 %kernel_bias_fp_V_load, i1 %bias_en_read, i1 %leaky_read" [src/yolo_acc.cpp:65]   --->   Operation 151 'call' 'curr_output_data_sub_data_0_V' <Predicate = true> <Delay = 5.20> <CoreType = "Generic">   --->   Core 0 '' <Latency = 0> <II = 1> <Delay = 1.00> <Generic> <Opcode : >
ST_4 : Operation 152 [6/6] (5.20ns)   --->   "%curr_output_data_sub_data_1_V = call i16 @post_process_unit, i16 %select_ln302_1, i16 %kernel_bias_fp_V_load_1, i1 %bias_en_read, i1 %leaky_read" [src/yolo_acc.cpp:66]   --->   Operation 152 'call' 'curr_output_data_sub_data_1_V' <Predicate = true> <Delay = 5.20> <CoreType = "Generic">   --->   Core 0 '' <Latency = 0> <II = 1> <Delay = 1.00> <Generic> <Opcode : >
ST_4 : Operation 153 [1/2] (2.32ns)   --->   "%kernel_bias_fp_V_load_2 = load i5 %kernel_bias_fp_V_addr_2" [src/yolo_acc.cpp:67]   --->   Operation 153 'load' 'kernel_bias_fp_V_load_2' <Predicate = true> <Delay = 2.32> <CoreInst = "RAM">   --->   Core 82 'RAM' <Latency = 1> <II = 1> <Delay = 2.32> <Storage> <Opcode : 'load' 'store'> <Ports = 2> <Width = 16> <Depth = 32> <RAM>
ST_4 : Operation 154 [1/2] (2.32ns)   --->   "%kernel_bias_fp_V_load_3 = load i5 %kernel_bias_fp_V_addr_3" [src/yolo_acc.cpp:68]   --->   Operation 154 'load' 'kernel_bias_fp_V_load_3' <Predicate = true> <Delay = 2.32> <CoreInst = "RAM">   --->   Core 82 'RAM' <Latency = 1> <II = 1> <Delay = 2.32> <Storage> <Opcode : 'load' 'store'> <Ports = 2> <Width = 16> <Depth = 32> <RAM>

State 5 <SV = 4> <Delay = 5.20>
ST_5 : Operation 155 [5/6] (5.20ns)   --->   "%curr_output_data_sub_data_0_V = call i16 @post_process_unit, i16 %select_ln302, i16 %kernel_bias_fp_V_load, i1 %bias_en_read, i1 %leaky_read" [src/yolo_acc.cpp:65]   --->   Operation 155 'call' 'curr_output_data_sub_data_0_V' <Predicate = true> <Delay = 5.20> <CoreType = "Generic">   --->   Core 0 '' <Latency = 0> <II = 1> <Delay = 1.00> <Generic> <Opcode : >
ST_5 : Operation 156 [5/6] (5.20ns)   --->   "%curr_output_data_sub_data_1_V = call i16 @post_process_unit, i16 %select_ln302_1, i16 %kernel_bias_fp_V_load_1, i1 %bias_en_read, i1 %leaky_read" [src/yolo_acc.cpp:66]   --->   Operation 156 'call' 'curr_output_data_sub_data_1_V' <Predicate = true> <Delay = 5.20> <CoreType = "Generic">   --->   Core 0 '' <Latency = 0> <II = 1> <Delay = 1.00> <Generic> <Opcode : >
ST_5 : Operation 157 [6/6] (5.20ns)   --->   "%curr_output_data_sub_data_2_V = call i16 @post_process_unit, i16 %select_ln302_2, i16 %kernel_bias_fp_V_load_2, i1 %bias_en_read, i1 %leaky_read" [src/yolo_acc.cpp:67]   --->   Operation 157 'call' 'curr_output_data_sub_data_2_V' <Predicate = true> <Delay = 5.20> <CoreType = "Generic">   --->   Core 0 '' <Latency = 0> <II = 1> <Delay = 1.00> <Generic> <Opcode : >
ST_5 : Operation 158 [6/6] (5.20ns)   --->   "%curr_output_data_sub_data_3_V = call i16 @post_process_unit, i16 %select_ln302_3, i16 %kernel_bias_fp_V_load_3, i1 %bias_en_read, i1 %leaky_read" [src/yolo_acc.cpp:68]   --->   Operation 158 'call' 'curr_output_data_sub_data_3_V' <Predicate = true> <Delay = 5.20> <CoreType = "Generic">   --->   Core 0 '' <Latency = 0> <II = 1> <Delay = 1.00> <Generic> <Opcode : >

State 6 <SV = 5> <Delay = 5.20>
ST_6 : Operation 159 [4/6] (5.20ns)   --->   "%curr_output_data_sub_data_0_V = call i16 @post_process_unit, i16 %select_ln302, i16 %kernel_bias_fp_V_load, i1 %bias_en_read, i1 %leaky_read" [src/yolo_acc.cpp:65]   --->   Operation 159 'call' 'curr_output_data_sub_data_0_V' <Predicate = true> <Delay = 5.20> <CoreType = "Generic">   --->   Core 0 '' <Latency = 0> <II = 1> <Delay = 1.00> <Generic> <Opcode : >
ST_6 : Operation 160 [4/6] (5.20ns)   --->   "%curr_output_data_sub_data_1_V = call i16 @post_process_unit, i16 %select_ln302_1, i16 %kernel_bias_fp_V_load_1, i1 %bias_en_read, i1 %leaky_read" [src/yolo_acc.cpp:66]   --->   Operation 160 'call' 'curr_output_data_sub_data_1_V' <Predicate = true> <Delay = 5.20> <CoreType = "Generic">   --->   Core 0 '' <Latency = 0> <II = 1> <Delay = 1.00> <Generic> <Opcode : >
ST_6 : Operation 161 [5/6] (5.20ns)   --->   "%curr_output_data_sub_data_2_V = call i16 @post_process_unit, i16 %select_ln302_2, i16 %kernel_bias_fp_V_load_2, i1 %bias_en_read, i1 %leaky_read" [src/yolo_acc.cpp:67]   --->   Operation 161 'call' 'curr_output_data_sub_data_2_V' <Predicate = true> <Delay = 5.20> <CoreType = "Generic">   --->   Core 0 '' <Latency = 0> <II = 1> <Delay = 1.00> <Generic> <Opcode : >
ST_6 : Operation 162 [5/6] (5.20ns)   --->   "%curr_output_data_sub_data_3_V = call i16 @post_process_unit, i16 %select_ln302_3, i16 %kernel_bias_fp_V_load_3, i1 %bias_en_read, i1 %leaky_read" [src/yolo_acc.cpp:68]   --->   Operation 162 'call' 'curr_output_data_sub_data_3_V' <Predicate = true> <Delay = 5.20> <CoreType = "Generic">   --->   Core 0 '' <Latency = 0> <II = 1> <Delay = 1.00> <Generic> <Opcode : >

State 7 <SV = 6> <Delay = 5.20>
ST_7 : Operation 163 [3/6] (5.20ns)   --->   "%curr_output_data_sub_data_0_V = call i16 @post_process_unit, i16 %select_ln302, i16 %kernel_bias_fp_V_load, i1 %bias_en_read, i1 %leaky_read" [src/yolo_acc.cpp:65]   --->   Operation 163 'call' 'curr_output_data_sub_data_0_V' <Predicate = true> <Delay = 5.20> <CoreType = "Generic">   --->   Core 0 '' <Latency = 0> <II = 1> <Delay = 1.00> <Generic> <Opcode : >
ST_7 : Operation 164 [3/6] (5.20ns)   --->   "%curr_output_data_sub_data_1_V = call i16 @post_process_unit, i16 %select_ln302_1, i16 %kernel_bias_fp_V_load_1, i1 %bias_en_read, i1 %leaky_read" [src/yolo_acc.cpp:66]   --->   Operation 164 'call' 'curr_output_data_sub_data_1_V' <Predicate = true> <Delay = 5.20> <CoreType = "Generic">   --->   Core 0 '' <Latency = 0> <II = 1> <Delay = 1.00> <Generic> <Opcode : >
ST_7 : Operation 165 [4/6] (5.20ns)   --->   "%curr_output_data_sub_data_2_V = call i16 @post_process_unit, i16 %select_ln302_2, i16 %kernel_bias_fp_V_load_2, i1 %bias_en_read, i1 %leaky_read" [src/yolo_acc.cpp:67]   --->   Operation 165 'call' 'curr_output_data_sub_data_2_V' <Predicate = true> <Delay = 5.20> <CoreType = "Generic">   --->   Core 0 '' <Latency = 0> <II = 1> <Delay = 1.00> <Generic> <Opcode : >
ST_7 : Operation 166 [4/6] (5.20ns)   --->   "%curr_output_data_sub_data_3_V = call i16 @post_process_unit, i16 %select_ln302_3, i16 %kernel_bias_fp_V_load_3, i1 %bias_en_read, i1 %leaky_read" [src/yolo_acc.cpp:68]   --->   Operation 166 'call' 'curr_output_data_sub_data_3_V' <Predicate = true> <Delay = 5.20> <CoreType = "Generic">   --->   Core 0 '' <Latency = 0> <II = 1> <Delay = 1.00> <Generic> <Opcode : >

State 8 <SV = 7> <Delay = 5.20>
ST_8 : Operation 167 [2/6] (5.20ns)   --->   "%curr_output_data_sub_data_0_V = call i16 @post_process_unit, i16 %select_ln302, i16 %kernel_bias_fp_V_load, i1 %bias_en_read, i1 %leaky_read" [src/yolo_acc.cpp:65]   --->   Operation 167 'call' 'curr_output_data_sub_data_0_V' <Predicate = true> <Delay = 5.20> <CoreType = "Generic">   --->   Core 0 '' <Latency = 0> <II = 1> <Delay = 1.00> <Generic> <Opcode : >
ST_8 : Operation 168 [2/6] (5.20ns)   --->   "%curr_output_data_sub_data_1_V = call i16 @post_process_unit, i16 %select_ln302_1, i16 %kernel_bias_fp_V_load_1, i1 %bias_en_read, i1 %leaky_read" [src/yolo_acc.cpp:66]   --->   Operation 168 'call' 'curr_output_data_sub_data_1_V' <Predicate = true> <Delay = 5.20> <CoreType = "Generic">   --->   Core 0 '' <Latency = 0> <II = 1> <Delay = 1.00> <Generic> <Opcode : >
ST_8 : Operation 169 [3/6] (5.20ns)   --->   "%curr_output_data_sub_data_2_V = call i16 @post_process_unit, i16 %select_ln302_2, i16 %kernel_bias_fp_V_load_2, i1 %bias_en_read, i1 %leaky_read" [src/yolo_acc.cpp:67]   --->   Operation 169 'call' 'curr_output_data_sub_data_2_V' <Predicate = true> <Delay = 5.20> <CoreType = "Generic">   --->   Core 0 '' <Latency = 0> <II = 1> <Delay = 1.00> <Generic> <Opcode : >
ST_8 : Operation 170 [3/6] (5.20ns)   --->   "%curr_output_data_sub_data_3_V = call i16 @post_process_unit, i16 %select_ln302_3, i16 %kernel_bias_fp_V_load_3, i1 %bias_en_read, i1 %leaky_read" [src/yolo_acc.cpp:68]   --->   Operation 170 'call' 'curr_output_data_sub_data_3_V' <Predicate = true> <Delay = 5.20> <CoreType = "Generic">   --->   Core 0 '' <Latency = 0> <II = 1> <Delay = 1.00> <Generic> <Opcode : >
ST_8 : Operation 186 [1/1] (0.00ns)   --->   "%ret_ln0 = ret"   --->   Operation 186 'ret' 'ret_ln0' <Predicate = (icmp_ln1027_1)> <Delay = 0.00>

State 9 <SV = 8> <Delay = 5.20>
ST_9 : Operation 171 [1/6] (4.71ns)   --->   "%curr_output_data_sub_data_0_V = call i16 @post_process_unit, i16 %select_ln302, i16 %kernel_bias_fp_V_load, i1 %bias_en_read, i1 %leaky_read" [src/yolo_acc.cpp:65]   --->   Operation 171 'call' 'curr_output_data_sub_data_0_V' <Predicate = true> <Delay = 4.71> <CoreType = "Generic">   --->   Core 0 '' <Latency = 0> <II = 1> <Delay = 1.00> <Generic> <Opcode : >
ST_9 : Operation 172 [1/6] (4.71ns)   --->   "%curr_output_data_sub_data_1_V = call i16 @post_process_unit, i16 %select_ln302_1, i16 %kernel_bias_fp_V_load_1, i1 %bias_en_read, i1 %leaky_read" [src/yolo_acc.cpp:66]   --->   Operation 172 'call' 'curr_output_data_sub_data_1_V' <Predicate = true> <Delay = 4.71> <CoreType = "Generic">   --->   Core 0 '' <Latency = 0> <II = 1> <Delay = 1.00> <Generic> <Opcode : >
ST_9 : Operation 173 [2/6] (5.20ns)   --->   "%curr_output_data_sub_data_2_V = call i16 @post_process_unit, i16 %select_ln302_2, i16 %kernel_bias_fp_V_load_2, i1 %bias_en_read, i1 %leaky_read" [src/yolo_acc.cpp:67]   --->   Operation 173 'call' 'curr_output_data_sub_data_2_V' <Predicate = true> <Delay = 5.20> <CoreType = "Generic">   --->   Core 0 '' <Latency = 0> <II = 1> <Delay = 1.00> <Generic> <Opcode : >
ST_9 : Operation 174 [2/6] (5.20ns)   --->   "%curr_output_data_sub_data_3_V = call i16 @post_process_unit, i16 %select_ln302_3, i16 %kernel_bias_fp_V_load_3, i1 %bias_en_read, i1 %leaky_read" [src/yolo_acc.cpp:68]   --->   Operation 174 'call' 'curr_output_data_sub_data_3_V' <Predicate = true> <Delay = 5.20> <CoreType = "Generic">   --->   Core 0 '' <Latency = 0> <II = 1> <Delay = 1.00> <Generic> <Opcode : >

State 10 <SV = 9> <Delay = 4.71>
ST_10 : Operation 175 [1/1] (0.00ns)   --->   "%specloopname_ln0 = specloopname void @_ssdm_op_SpecLoopName, void @VITIS_LOOP_42_2_VITIS_LOOP_45_3_VITIS_LOOP_48_4_str"   --->   Operation 175 'specloopname' 'specloopname_ln0' <Predicate = true> <Delay = 0.00>
ST_10 : Operation 176 [1/1] (0.00ns)   --->   "%speclooptripcount_ln0 = speclooptripcount void @_ssdm_op_SpecLoopTripCount, i64 692224, i64 692224, i64 692224"   --->   Operation 176 'speclooptripcount' 'speclooptripcount_ln0' <Predicate = true> <Delay = 0.00>
ST_10 : Operation 177 [1/1] (0.00ns)   --->   "%specloopname_ln0 = specloopname void @_ssdm_op_SpecLoopName, void @VITIS_LOOP_45_3_VITIS_LOOP_48_4_str"   --->   Operation 177 'specloopname' 'specloopname_ln0' <Predicate = true> <Delay = 0.00>
ST_10 : Operation 178 [1/1] (0.00ns)   --->   "%specpipeline_ln51 = specpipeline void @_ssdm_op_SpecPipeline, i32 4294967295, i32 0, i32 0, i32 0, void @empty_4" [src/yolo_acc.cpp:51]   --->   Operation 178 'specpipeline' 'specpipeline_ln51' <Predicate = true> <Delay = 0.00>
ST_10 : Operation 179 [1/1] (0.00ns)   --->   "%specloopname_ln48 = specloopname void @_ssdm_op_SpecLoopName, void @empty_6" [src/yolo_acc.cpp:48]   --->   Operation 179 'specloopname' 'specloopname_ln48' <Predicate = true> <Delay = 0.00>
ST_10 : Operation 180 [1/6] (4.71ns)   --->   "%curr_output_data_sub_data_2_V = call i16 @post_process_unit, i16 %select_ln302_2, i16 %kernel_bias_fp_V_load_2, i1 %bias_en_read, i1 %leaky_read" [src/yolo_acc.cpp:67]   --->   Operation 180 'call' 'curr_output_data_sub_data_2_V' <Predicate = true> <Delay = 4.71> <CoreType = "Generic">   --->   Core 0 '' <Latency = 0> <II = 1> <Delay = 1.00> <Generic> <Opcode : >
ST_10 : Operation 181 [1/6] (4.71ns)   --->   "%curr_output_data_sub_data_3_V = call i16 @post_process_unit, i16 %select_ln302_3, i16 %kernel_bias_fp_V_load_3, i1 %bias_en_read, i1 %leaky_read" [src/yolo_acc.cpp:68]   --->   Operation 181 'call' 'curr_output_data_sub_data_3_V' <Predicate = true> <Delay = 4.71> <CoreType = "Generic">   --->   Core 0 '' <Latency = 0> <II = 1> <Delay = 1.00> <Generic> <Opcode : >
ST_10 : Operation 182 [1/1] (0.00ns)   --->   "%tmp_6 = bitconcatenate i110 @_ssdm_op_BitConcatenate.i110.i6.i3.i5.i7.i1.i6.i18.i16.i16.i16.i16, i6 %tmp_s, i3 0, i5 %tmp_1, i7 0, i1 %curr_output_last_V, i6 0, i18 %tmp_4, i16 %curr_output_data_sub_data_3_V, i16 %curr_output_data_sub_data_2_V, i16 %curr_output_data_sub_data_1_V, i16 %curr_output_data_sub_data_0_V" [src/yolo_acc.cpp:85]   --->   Operation 182 'bitconcatenate' 'tmp_6' <Predicate = true> <Delay = 0.00>
ST_10 : Operation 183 [1/1] (0.00ns)   --->   "%zext_ln85 = zext i110 %tmp_6" [src/yolo_acc.cpp:85]   --->   Operation 183 'zext' 'zext_ln85' <Predicate = true> <Delay = 0.00>
ST_10 : Operation 184 [1/1] (0.00ns)   --->   "%write_ln85 = write void @_ssdm_op_Write.axis.volatile.i112P128A, i112 %outStream, i112 %zext_ln85" [src/yolo_acc.cpp:85]   --->   Operation 184 'write' 'write_ln85' <Predicate = true> <Delay = 0.00> <CoreInst = "axis">   --->   Core 115 'axis' <Latency = 0> <II = 1> <Delay = 1.00> <Adapter> <Opcode : >
ST_10 : Operation 185 [1/1] (0.00ns)   --->   "%br_ln48 = br void %for.body37" [src/yolo_acc.cpp:48]   --->   Operation 185 'br' 'br_ln48' <Predicate = true> <Delay = 0.00>


============================================================
+ Verbose Summary: Timing violations
============================================================
Target clock period: 10ns, clock uncertainty: 2.7ns.

 <State 1>: 1.59ns
The critical path consists of the following:
	'alloca' operation ('indvar_flatten15') [18]  (0 ns)
	'store' operation ('store_ln0') of constant 0 on local variable 'indvar_flatten15' [31]  (1.59 ns)

 <State 2>: 6.44ns
The critical path consists of the following:
	'load' operation ('indvar_flatten_load') on local variable 'indvar_flatten' [50]  (0 ns)
	'icmp' operation ('icmp_ln1027_2') [53]  (2.1 ns)
	'select' operation ('select_ln42_3', src/yolo_acc.cpp:42) [61]  (0.993 ns)
	'or' operation ('or_ln45', src/yolo_acc.cpp:45) [65]  (0 ns)
	'select' operation ('select_ln45', src/yolo_acc.cpp:45) [66]  (1.02 ns)
	'getelementptr' operation ('kernel_bias_fp_V_addr', src/yolo_acc.cpp:65) [130]  (0 ns)
	'load' operation ('kernel_bias_fp_V_load', src/yolo_acc.cpp:65) on array 'kernel_bias_fp_V' [131]  (2.32 ns)

 <State 3>: 6.55ns
The critical path consists of the following:
	'load' operation ('col_idx') on local variable 'col_idx' [38]  (0 ns)
	'select' operation ('select_ln42', src/yolo_acc.cpp:42) [54]  (0.968 ns)
	'add' operation ('col_idx_3', src/yolo_acc.cpp:45) [63]  (1.82 ns)
	'icmp' operation ('cmp_i_i31_mid1', src/yolo_acc.cpp:45) [68]  (1.77 ns)
	'select' operation ('select_ln45_1', src/yolo_acc.cpp:45) [69]  (0.993 ns)
	'and' operation ('curr_output.last.V', src/yolo_acc.cpp:76) [150]  (0.993 ns)

 <State 4>: 5.21ns
The critical path consists of the following:
	'call' operation ('curr_output.data.sub_data_0.V', src/yolo_acc.cpp:65) to 'post_process_unit' [132]  (5.21 ns)

 <State 5>: 5.21ns
The critical path consists of the following:
	'call' operation ('curr_output.data.sub_data_0.V', src/yolo_acc.cpp:65) to 'post_process_unit' [132]  (5.21 ns)

 <State 6>: 5.21ns
The critical path consists of the following:
	'call' operation ('curr_output.data.sub_data_0.V', src/yolo_acc.cpp:65) to 'post_process_unit' [132]  (5.21 ns)

 <State 7>: 5.21ns
The critical path consists of the following:
	'call' operation ('curr_output.data.sub_data_0.V', src/yolo_acc.cpp:65) to 'post_process_unit' [132]  (5.21 ns)

 <State 8>: 5.21ns
The critical path consists of the following:
	'call' operation ('curr_output.data.sub_data_0.V', src/yolo_acc.cpp:65) to 'post_process_unit' [132]  (5.21 ns)

 <State 9>: 5.21ns
The critical path consists of the following:
	'call' operation ('curr_output.data.sub_data_2.V', src/yolo_acc.cpp:67) to 'post_process_unit' [142]  (5.21 ns)

 <State 10>: 4.72ns
The critical path consists of the following:
	'call' operation ('curr_output.data.sub_data_2.V', src/yolo_acc.cpp:67) to 'post_process_unit' [142]  (4.72 ns)


============================================================
+ Verbose Summary: Binding
============================================================
N/A
* FSMD analyzer results:
  - Output states:
 - Input state : 
  - Chain level:
	State 1
	State 2
	State 3
	State 4
	State 5
	State 6
	State 7
	State 8
	State 9
	State 10


============================================================
+ Verbose Summary: Datapath Resource usage 
============================================================
N/A
