/home/tony/Desktop/yolo_2022/Tiny_YOLO_v3_ZYNQ/code/hls/yolo_acc/yolo_acc_prj/solution1/.autopilot/db/yolo_acc.pp.0.cpp:1328:7: warning: Added loop label VITIS_LOOP_1211_1:   [xilinx-label-all-loops]
      for (i = 0; i < __N - 1; ++i) {
      ^~~
      VITIS_LOOP_1211_1: 
/home/tony/Desktop/yolo_2022/Tiny_YOLO_v3_ZYNQ/code/hls/yolo_acc/yolo_acc_prj/solution1/.autopilot/db/yolo_acc.pp.0.cpp:1328:7: note: FIX-IT applied suggested code changes
/home/tony/Desktop/yolo_2022/Tiny_YOLO_v3_ZYNQ/code/hls/yolo_acc/yolo_acc_prj/solution1/.autopilot/db/yolo_acc.pp.0.cpp:2302:5: warning: Added loop label VITIS_LOOP_676_1:   [xilinx-label-all-loops]
    for (unsigned i = low; i != high; ++i) {
    ^~~
    VITIS_LOOP_676_1: 
/home/tony/Desktop/yolo_2022/Tiny_YOLO_v3_ZYNQ/code/hls/yolo_acc/yolo_acc_prj/solution1/.autopilot/db/yolo_acc.pp.0.cpp:2302:5: note: FIX-IT applied suggested code changes
/home/tony/Desktop/yolo_2022/Tiny_YOLO_v3_ZYNQ/code/hls/yolo_acc/yolo_acc_prj/solution1/.autopilot/db/yolo_acc.pp.0.cpp:2316:5: warning: Added loop label VITIS_LOOP_690_1:   [xilinx-label-all-loops]
    for (unsigned i = low; i != high; ++i) {
    ^~~
    VITIS_LOOP_690_1: 
/home/tony/Desktop/yolo_2022/Tiny_YOLO_v3_ZYNQ/code/hls/yolo_acc/yolo_acc_prj/solution1/.autopilot/db/yolo_acc.pp.0.cpp:2316:5: note: FIX-IT applied suggested code changes
/home/tony/Desktop/yolo_2022/Tiny_YOLO_v3_ZYNQ/code/hls/yolo_acc/yolo_acc_prj/solution1/.autopilot/db/yolo_acc.pp.0.cpp:2330:5: warning: Added loop label VITIS_LOOP_704_1:   [xilinx-label-all-loops]
    for (unsigned i = low; i != high; ++i) {
    ^~~
    VITIS_LOOP_704_1: 
/home/tony/Desktop/yolo_2022/Tiny_YOLO_v3_ZYNQ/code/hls/yolo_acc/yolo_acc_prj/solution1/.autopilot/db/yolo_acc.pp.0.cpp:2330:5: note: FIX-IT applied suggested code changes
/home/tony/Desktop/yolo_2022/Tiny_YOLO_v3_ZYNQ/code/hls/yolo_acc/yolo_acc_prj/solution1/.autopilot/db/yolo_acc.pp.0.cpp:3941:7: warning: Added loop label VITIS_LOOP_1245_1:   [xilinx-label-all-loops]
      for (i = 0; i < __N - 1; ++i) {
      ^~~
      VITIS_LOOP_1245_1: 
/home/tony/Desktop/yolo_2022/Tiny_YOLO_v3_ZYNQ/code/hls/yolo_acc/yolo_acc_prj/solution1/.autopilot/db/yolo_acc.pp.0.cpp:3941:7: note: FIX-IT applied suggested code changes
/home/tony/Desktop/yolo_2022/Tiny_YOLO_v3_ZYNQ/code/hls/yolo_acc/yolo_acc_prj/solution1/.autopilot/db/yolo_acc.pp.0.cpp:6351:2: warning: Added loop label VITIS_LOOP_25_1:   [xilinx-label-all-loops]
 for(ap_uint<(5-2+1)> i=0;i<fold_input_ch;i++)
 ^~~
 VITIS_LOOP_25_1: 
/home/tony/Desktop/yolo_2022/Tiny_YOLO_v3_ZYNQ/code/hls/yolo_acc/yolo_acc_prj/solution1/.autopilot/db/yolo_acc.pp.0.cpp:6351:2: note: FIX-IT applied suggested code changes
/home/tony/Desktop/yolo_2022/Tiny_YOLO_v3_ZYNQ/code/hls/yolo_acc/yolo_acc_prj/solution1/.autopilot/db/yolo_acc.pp.0.cpp:6368:2: warning: Added loop label VITIS_LOOP_42_2:   [xilinx-label-all-loops]
 for(int row_idx=0;row_idx<input_h;row_idx++)
 ^~~
 VITIS_LOOP_42_2: 
/home/tony/Desktop/yolo_2022/Tiny_YOLO_v3_ZYNQ/code/hls/yolo_acc/yolo_acc_prj/solution1/.autopilot/db/yolo_acc.pp.0.cpp:6368:2: note: FIX-IT applied suggested code changes
/home/tony/Desktop/yolo_2022/Tiny_YOLO_v3_ZYNQ/code/hls/yolo_acc/yolo_acc_prj/solution1/.autopilot/db/yolo_acc.pp.0.cpp:6371:2: warning: Added loop label VITIS_LOOP_45_3:   [xilinx-label-all-loops]
 for(int col_idx=0;col_idx<input_w;col_idx++)
 ^~~
 VITIS_LOOP_45_3: 
/home/tony/Desktop/yolo_2022/Tiny_YOLO_v3_ZYNQ/code/hls/yolo_acc/yolo_acc_prj/solution1/.autopilot/db/yolo_acc.pp.0.cpp:6371:2: note: FIX-IT applied suggested code changes
/home/tony/Desktop/yolo_2022/Tiny_YOLO_v3_ZYNQ/code/hls/yolo_acc/yolo_acc_prj/solution1/.autopilot/db/yolo_acc.pp.0.cpp:6374:2: warning: Added loop label VITIS_LOOP_48_4:   [xilinx-label-all-loops]
 for(int input_ch_idx=0;input_ch_idx<fold_input_ch;input_ch_idx++)
 ^~~
 VITIS_LOOP_48_4: 
/home/tony/Desktop/yolo_2022/Tiny_YOLO_v3_ZYNQ/code/hls/yolo_acc/yolo_acc_prj/solution1/.autopilot/db/yolo_acc.pp.0.cpp:6374:2: note: FIX-IT applied suggested code changes
