Tue Nov  5 21:03:13 2024: Running xcd server. This server was built by gradle.
Tue Nov  5 21:03:13 2024: Server was asked to start on port: '34499'
Tue Nov  5 21:03:13 2024: Server is using token UUID: '7e999a3f-8873-4b56-ac2b-2ed22106bbe8'
Tue Nov  5 21:03:13 2024: SESSION_MGR: creating session with session uuid: '6d04a3e9-ade5-4ab9-8d63-1f78fcd2ec76' and name 'default'
Tue Nov  5 21:03:13 2024: Attempting to start server on port '34499'
Tue Nov  5 21:03:13 2024: XCD main fifo: created main fifo '/tmp/xcdmain7e999a3f-8873-4b56-ac2b-2ed22106bbe8', fd read = 13
Tue Nov  5 21:03:13 2024: Running Dispatch Server
Tue Nov  5 21:03:13 2024: Version 2.2.0
Tue Nov  5 21:03:22 2024: Dispatch Server: Accepted socket connection from client
Tue Nov  5 21:03:22 2024: Starting Socket connection
Tue Nov  5 21:03:22 2024: EXCHANGE_TOKEN received, server token: 7e999a3f-8873-4b56-ac2b-2ed22106bbe8, passed token: 7e999a3f-8873-4b56-ac2b-2ed22106bbe8
Tue Nov  5 21:03:22 2024: SESSION_MGR: creating session with session uuid: '6be3f3ed-2603-498e-a4b3-891d1f70ac1a' and name 'vitis_hls'
Tue Nov  5 21:03:22 2024: KERNEL_SVC: creating session with uuid: '6be3f3ed-2603-498e-a4b3-891d1f70ac1a' and name 'vitis_hls'
Tue Nov  5 21:03:22 2024: GUIDANCE_SMGR: creating guidance session with uuid: '6be3f3ed-2603-498e-a4b3-891d1f70ac1a' and name 'vitis_hls'
Tue Nov  5 21:04:44 2024: STOP_SERVER received, server token: 7e999a3f-8873-4b56-ac2b-2ed22106bbe8, passed token: 7e999a3f-8873-4b56-ac2b-2ed22106bbe8
Tue Nov  5 21:04:44 2024: Socket received request to stop server.
Tue Nov  5 21:04:44 2024: Dispatch Server: do_await_stop
Tue Nov  5 21:04:44 2024: Dispatch Server: stopping mainFifo_
Tue Nov  5 21:04:44 2024: XCD main fifo: Stopping
Tue Nov  5 21:04:44 2024: XCD main fifo: do_read error code: Operation canceled
Tue Nov  5 21:04:44 2024: XCD main fifo: bytes_transferred: 0
Tue Nov  5 21:04:44 2024: SERVER: destructor for server bound to port 34499
Tue Nov  5 21:04:44 2024: XCD main fifo: Good unlink of /tmp/xcdmain7e999a3f-8873-4b56-ac2b-2ed22106bbe8
Tue Nov  5 21:04:44 2024: Server exiting with status 0.
Tue Nov  5 21:04:44 2024: Closing log file.
