173055
INFO [HLS SIM]: The maximum depth reached by any hls::stream() instance in the design is 692224
Vivado Simulator v2022.2
Copyright 1986-1999, 2001-2022 Xilinx, Inc. All Rights Reserved.
Running: /tools/Xilinx/Vivado/2022.2/bin/unwrapped/lnx64.o/xelab xil_defaultlib.apatb_yolo_max_pool_top_top glbl -Oenable_linking_all_libraries -prj yolo_max_pool_top.prj -L smartconnect_v1_0 -L axi_protocol_checker_v1_1_12 -L axi_protocol_checker_v1_1_13 -L axis_protocol_checker_v1_1_11 -L axis_protocol_checker_v1_1_12 -L xil_defaultlib -L unisims_ver -L xpm -L floating_point_v7_0_20 -L floating_point_v7_1_15 --lib ieee_proposed=./ieee_proposed -s yolo_max_pool_top 
Multi-threading is on. Using 18 slave threads.
INFO: [VRFC 10-2263] Analyzing SystemVerilog file "/home/tony/Desktop/yolo_2022/Tiny_YOLO_v3_ZYNQ/code/hls/yolo_max_pool/yolo_max_pool_prj/solution1/sim/verilog/glbl.v" into library work
INFO: [VRFC 10-311] analyzing module glbl
INFO: [VRFC 10-2263] Analyzing SystemVerilog file "/home/tony/Desktop/yolo_2022/Tiny_YOLO_v3_ZYNQ/code/hls/yolo_max_pool/yolo_max_pool_prj/solution1/sim/verilog/yolo_max_pool_top.autotb.v" into library xil_defaultlib
INFO: [VRFC 10-311] analyzing module apatb_yolo_max_pool_top_top
INFO: [VRFC 10-2263] Analyzing SystemVerilog file "/home/tony/Desktop/yolo_2022/Tiny_YOLO_v3_ZYNQ/code/hls/yolo_max_pool/yolo_max_pool_prj/solution1/sim/verilog/AESL_fifo.v" into library xil_defaultlib
INFO: [VRFC 10-311] analyzing module fifo
INFO: [VRFC 10-2263] Analyzing SystemVerilog file "/home/tony/Desktop/yolo_2022/Tiny_YOLO_v3_ZYNQ/code/hls/yolo_max_pool/yolo_max_pool_prj/solution1/sim/verilog/AESL_axi_s_inStream.v" into library xil_defaultlib
INFO: [VRFC 10-311] analyzing module AESL_axi_s_inStream
INFO: [VRFC 10-2263] Analyzing SystemVerilog file "/home/tony/Desktop/yolo_2022/Tiny_YOLO_v3_ZYNQ/code/hls/yolo_max_pool/yolo_max_pool_prj/solution1/sim/verilog/AESL_axi_s_outStream.v" into library xil_defaultlib
INFO: [VRFC 10-311] analyzing module AESL_axi_s_outStream
INFO: [VRFC 10-2263] Analyzing SystemVerilog file "/home/tony/Desktop/yolo_2022/Tiny_YOLO_v3_ZYNQ/code/hls/yolo_max_pool/yolo_max_pool_prj/solution1/sim/verilog/AESL_axi_slave_CTRL_BUS.v" into library xil_defaultlib
INFO: [VRFC 10-311] analyzing module AESL_axi_slave_CTRL_BUS
INFO: [VRFC 10-2263] Analyzing SystemVerilog file "/home/tony/Desktop/yolo_2022/Tiny_YOLO_v3_ZYNQ/code/hls/yolo_max_pool/yolo_max_pool_prj/solution1/sim/verilog/AESL_deadlock_kernel_monitor_top.v" into library xil_defaultlib
INFO: [VRFC 10-311] analyzing module AESL_deadlock_kernel_monitor_top
INFO: [VRFC 10-2263] Analyzing SystemVerilog file "/home/tony/Desktop/yolo_2022/Tiny_YOLO_v3_ZYNQ/code/hls/yolo_max_pool/yolo_max_pool_prj/solution1/sim/verilog/AESL_deadlock_idx0_monitor.v" into library xil_defaultlib
INFO: [VRFC 10-311] analyzing module AESL_deadlock_idx0_monitor
INFO: [VRFC 10-2263] Analyzing SystemVerilog file "/home/tony/Desktop/yolo_2022/Tiny_YOLO_v3_ZYNQ/code/hls/yolo_max_pool/yolo_max_pool_prj/solution1/sim/verilog/AESL_deadlock_idx1_monitor.v" into library xil_defaultlib
INFO: [VRFC 10-311] analyzing module AESL_deadlock_idx1_monitor
INFO: [VRFC 10-2263] Analyzing SystemVerilog file "/home/tony/Desktop/yolo_2022/Tiny_YOLO_v3_ZYNQ/code/hls/yolo_max_pool/yolo_max_pool_prj/solution1/sim/verilog/yolo_max_pool_top_window_max_pool.v" into library xil_defaultlib
INFO: [VRFC 10-311] analyzing module yolo_max_pool_top_window_max_pool
INFO: [VRFC 10-2263] Analyzing SystemVerilog file "/home/tony/Desktop/yolo_2022/Tiny_YOLO_v3_ZYNQ/code/hls/yolo_max_pool/yolo_max_pool_prj/solution1/sim/verilog/yolo_max_pool_top_yolo_max_pool_top_Pipeline_VITIS_LOOP_27_1_VITIS_LOOP_33_3_VITIS_LOOP_36_4_VITIS.v" into library xil_defaultlib
INFO: [VRFC 10-311] analyzing module yolo_max_pool_top_yolo_max_pool_top_Pipeline_VITIS_LOOP_27_1_VITIS_LOOP_33_3_VITIS_LOOP_36_4_VITIS
INFO: [VRFC 10-2263] Analyzing SystemVerilog file "/home/tony/Desktop/yolo_2022/Tiny_YOLO_v3_ZYNQ/code/hls/yolo_max_pool/yolo_max_pool_prj/solution1/sim/verilog/yolo_max_pool_top.v" into library xil_defaultlib
INFO: [VRFC 10-311] analyzing module yolo_max_pool_top
INFO: [VRFC 10-2263] Analyzing SystemVerilog file "/home/tony/Desktop/yolo_2022/Tiny_YOLO_v3_ZYNQ/code/hls/yolo_max_pool/yolo_max_pool_prj/solution1/sim/verilog/yolo_max_pool_top_flow_control_loop_pipe_sequential_init.v" into library xil_defaultlib
INFO: [VRFC 10-311] analyzing module yolo_max_pool_top_flow_control_loop_pipe_sequential_init
INFO: [VRFC 10-2263] Analyzing SystemVerilog file "/home/tony/Desktop/yolo_2022/Tiny_YOLO_v3_ZYNQ/code/hls/yolo_max_pool/yolo_max_pool_prj/solution1/sim/verilog/yolo_max_pool_top_regslice_both.v" into library xil_defaultlib
INFO: [VRFC 10-311] analyzing module yolo_max_pool_top_regslice_both
INFO: [VRFC 10-311] analyzing module yolo_max_pool_top_regslice_both_w1
INFO: [VRFC 10-2263] Analyzing SystemVerilog file "/home/tony/Desktop/yolo_2022/Tiny_YOLO_v3_ZYNQ/code/hls/yolo_max_pool/yolo_max_pool_prj/solution1/sim/verilog/yolo_max_pool_top_mul_9ns_2ns_11_1_1.v" into library xil_defaultlib
INFO: [VRFC 10-311] analyzing module yolo_max_pool_top_mul_9ns_2ns_11_1_1
INFO: [VRFC 10-2263] Analyzing SystemVerilog file "/home/tony/Desktop/yolo_2022/Tiny_YOLO_v3_ZYNQ/code/hls/yolo_max_pool/yolo_max_pool_prj/solution1/sim/verilog/yolo_max_pool_top_mul_4ns_10ns_12_1_1.v" into library xil_defaultlib
INFO: [VRFC 10-311] analyzing module yolo_max_pool_top_mul_4ns_10ns_12_1_1
INFO: [VRFC 10-2263] Analyzing SystemVerilog file "/home/tony/Desktop/yolo_2022/Tiny_YOLO_v3_ZYNQ/code/hls/yolo_max_pool/yolo_max_pool_prj/solution1/sim/verilog/yolo_max_pool_top_mul_2ns_4ns_6_1_1.v" into library xil_defaultlib
INFO: [VRFC 10-311] analyzing module yolo_max_pool_top_mul_2ns_4ns_6_1_1
INFO: [VRFC 10-2263] Analyzing SystemVerilog file "/home/tony/Desktop/yolo_2022/Tiny_YOLO_v3_ZYNQ/code/hls/yolo_max_pool/yolo_max_pool_prj/solution1/sim/verilog/yolo_max_pool_top_mul_9ns_6ns_15_1_1.v" into library xil_defaultlib
INFO: [VRFC 10-311] analyzing module yolo_max_pool_top_mul_9ns_6ns_15_1_1
INFO: [VRFC 10-2263] Analyzing SystemVerilog file "/home/tony/Desktop/yolo_2022/Tiny_YOLO_v3_ZYNQ/code/hls/yolo_max_pool/yolo_max_pool_prj/solution1/sim/verilog/yolo_max_pool_top_mul_2ns_15ns_17_1_1.v" into library xil_defaultlib
INFO: [VRFC 10-311] analyzing module yolo_max_pool_top_mul_2ns_15ns_17_1_1
INFO: [VRFC 10-2263] Analyzing SystemVerilog file "/home/tony/Desktop/yolo_2022/Tiny_YOLO_v3_ZYNQ/code/hls/yolo_max_pool/yolo_max_pool_prj/solution1/sim/verilog/yolo_max_pool_top_line_buff_group_0_val_V_RAM_S2P_BRAM_1R1W.v" into library xil_defaultlib
INFO: [VRFC 10-311] analyzing module yolo_max_pool_top_line_buff_group_0_val_V_RAM_S2P_BRAM_1R1W
INFO: [VRFC 10-2263] Analyzing SystemVerilog file "/home/tony/Desktop/yolo_2022/Tiny_YOLO_v3_ZYNQ/code/hls/yolo_max_pool/yolo_max_pool_prj/solution1/sim/verilog/yolo_max_pool_top_mul_mul_9ns_17ns_26_4_1.v" into library xil_defaultlib
INFO: [VRFC 10-311] analyzing module yolo_max_pool_top_mul_mul_9ns_17ns_26_4_1_DSP48_0
INFO: [VRFC 10-311] analyzing module yolo_max_pool_top_mul_mul_9ns_17ns_26_4_1
INFO: [VRFC 10-2263] Analyzing SystemVerilog file "/home/tony/Desktop/yolo_2022/Tiny_YOLO_v3_ZYNQ/code/hls/yolo_max_pool/yolo_max_pool_prj/solution1/sim/verilog/yolo_max_pool_top_CTRL_BUS_s_axi.v" into library xil_defaultlib
INFO: [VRFC 10-311] analyzing module yolo_max_pool_top_CTRL_BUS_s_axi
INFO: [VRFC 10-2263] Analyzing SystemVerilog file "/home/tony/Desktop/yolo_2022/Tiny_YOLO_v3_ZYNQ/code/hls/yolo_max_pool/yolo_max_pool_prj/solution1/sim/verilog/dataflow_monitor.sv" into library xil_defaultlib
INFO: [VRFC 10-311] analyzing module dataflow_monitor
Starting static elaboration
Pass Through NonSizing Optimizer
WARNING: [VRFC 10-3645] port 'axis_block_info' remains unconnected for this instance [/home/tony/Desktop/yolo_2022/Tiny_YOLO_v3_ZYNQ/code/hls/yolo_max_pool/yolo_max_pool_prj/solution1/sim/verilog/AESL_deadlock_kernel_monitor_top.v:20]
Completed static elaboration
Starting simulation data flow analysis
WARNING: [XSIM 43-3980] File "/home/tony/Desktop/yolo_2022/Tiny_YOLO_v3_ZYNQ/code/hls/yolo_max_pool/yolo_max_pool_prj/solution1/sim/verilog/AESL_fifo.v" Line 81 : The SystemVerilog feature ": Sensitivity on Associative Array" is not supported yet for simulation.
Completed simulation data flow analysis
Time Resolution for simulation is 1ps
Compiling package xil_defaultlib.$unit_dataflow_monitor_sv
Compiling module xil_defaultlib.yolo_max_pool_top_line_buff_grou...
Compiling module xil_defaultlib.yolo_max_pool_top_window_max_poo...
Compiling module xil_defaultlib.yolo_max_pool_top_mul_9ns_2ns_11...
Compiling module xil_defaultlib.yolo_max_pool_top_mul_4ns_10ns_1...
Compiling module xil_defaultlib.yolo_max_pool_top_flow_control_l...
Compiling module xil_defaultlib.yolo_max_pool_top_yolo_max_pool_...
Compiling module xil_defaultlib.yolo_max_pool_top_CTRL_BUS_s_axi
Compiling module xil_defaultlib.yolo_max_pool_top_mul_2ns_4ns_6_...
Compiling module xil_defaultlib.yolo_max_pool_top_mul_9ns_6ns_15...
Compiling module xil_defaultlib.yolo_max_pool_top_mul_2ns_15ns_1...
Compiling module xil_defaultlib.yolo_max_pool_top_mul_mul_9ns_17...
Compiling module xil_defaultlib.yolo_max_pool_top_mul_mul_9ns_17...
Compiling module xil_defaultlib.yolo_max_pool_top_regslice_both(...
Compiling module xil_defaultlib.yolo_max_pool_top
Compiling module xil_defaultlib.fifo(DEPTH=692224,WIDTH=112)
Compiling module xil_defaultlib.AESL_axi_s_inStream
Compiling module xil_defaultlib.fifo(DEPTH=173056,WIDTH=112)
Compiling module xil_defaultlib.AESL_axi_s_outStream
Compiling module xil_defaultlib.AESL_axi_slave_CTRL_BUS
Compiling module xil_defaultlib.AESL_deadlock_idx1_monitor
Compiling module xil_defaultlib.AESL_deadlock_idx0_monitor
Compiling module xil_defaultlib.AESL_deadlock_kernel_monitor_top...
Compiling module xil_defaultlib.nodf_module_intf
Compiling module xil_defaultlib.upc_loop_intf(FSM_WIDTH=3)
Compiling module xil_defaultlib.dataflow_monitor_1
Compiling module xil_defaultlib.apatb_yolo_max_pool_top_top
Compiling module work.glbl
Built simulation snapshot yolo_max_pool_top

****** xsim v2022.2 (64-bit)
  **** SW Build 3671981 on Fri Oct 14 04:59:54 MDT 2022
  **** IP Build 3669848 on Fri Oct 14 08:30:02 MDT 2022
    ** Copyright 1986-2022 Xilinx, Inc. All Rights Reserved.

source xsim.dir/yolo_max_pool_top/xsim_script.tcl
# xsim {yolo_max_pool_top} -autoloadwcfg -tclbatch {yolo_max_pool_top.tcl}
Time resolution is 1 ps
source yolo_max_pool_top.tcl
## run all
////////////////////////////////////////////////////////////////////////////////////
// Inter-Transaction Progress: Completed Transaction / Total Transaction
// Intra-Transaction Progress: Measured Latency / Latency Estimation * 100%
//
// RTL Simulation : "Inter-Transaction Progress" ["Intra-Transaction Progress"] @ "Simulation Time"
////////////////////////////////////////////////////////////////////////////////////
// RTL Simulation : 0 / 1 [0.00%] @ "125000"
// RTL Simulation : 1 / 1 [100.00%] @ "20767625000"
////////////////////////////////////////////////////////////////////////////////////
$finish called at time : 20767685 ns : File "/home/tony/Desktop/yolo_2022/Tiny_YOLO_v3_ZYNQ/code/hls/yolo_max_pool/yolo_max_pool_prj/solution1/sim/verilog/yolo_max_pool_top.autotb.v" Line 382
run: Time (s): cpu = 00:00:00 ; elapsed = 00:00:33 . Memory (MB): peak = 1475.250 ; gain = 0.000 ; free physical = 18320 ; free virtual = 60155
## quit
INFO: xsimkernel Simulation Memory Usage: 306036 KB (Peak: 306036 KB), Simulation CPU Usage: 32860 ms
INFO: [Common 17-206] Exiting xsim at Mon Nov 18 23:58:51 2024...
WARNING: [SIM 212-201] RTL produces unknown value 'x' or 'X' on some port, possible cause: There are uninitialized variables in the design.
173055
INFO [HLS SIM]: The maximum depth reached by any hls::stream() instance in the design is 692224
