
*** Running vivado
    with args -log design_1_axis_switch_2_0.vds -m64 -product Vivado -mode batch -messageDb vivado.pb -notrace -source design_1_axis_switch_2_0.tcl


****** Vivado v2022.2 (64-bit)
  **** SW Build 3671981 on Fri Oct 14 04:59:54 MDT 2022
  **** IP Build 3669848 on Fri Oct 14 08:30:02 MDT 2022
    ** Copyright 1986-2022 Xilinx, Inc. All Rights Reserved.

source design_1_axis_switch_2_0.tcl -notrace
create_project: Time (s): cpu = 00:00:05 ; elapsed = 00:00:05 . Memory (MB): peak = 1557.305 ; gain = 122.984 ; free physical = 9868 ; free virtual = 51519
INFO: [IP_Flow 19-234] Refreshing IP repositories
INFO: [IP_Flow 19-1700] Loaded user IP repository '/home/tony/Desktop/yolo_2022/Tiny_YOLO_v3_ZYNQ/code/ip'.
INFO: [IP_Flow 19-2313] Loaded Vivado IP repository '/tools/Xilinx/Vivado/2022.2/data/ip'.
INFO: [IP_Flow 19-6924] IPCACHE: Running cache check for IP inst: design_1_axis_switch_2_0
Command: synth_design -top design_1_axis_switch_2_0 -part xc7z020clg400-1 -incremental_mode off -mode out_of_context
Starting synth_design
Attempting to get a license for feature 'Synthesis' and/or device 'xc7z020'
INFO: [Common 17-349] Got license for feature 'Synthesis' and/or device 'xc7z020'
INFO: [Device 21-403] Loading part xc7z020clg400-1
INFO: [Synth 8-7079] Multithreading enabled for synth_design using a maximum of 4 processes.
INFO: [Synth 8-7078] Launching helper process for spawning children vivado processes
INFO: [Synth 8-7075] Helper process launched with PID 522377
INFO: [Synth 8-11241] undeclared symbol 'REGCCE', assumed default net type 'wire' [/tools/Xilinx/Vivado/2022.2/data/verilog/src/unimacro/BRAM_SINGLE_MACRO.v:2170]
---------------------------------------------------------------------------------
Starting RTL Elaboration : Time (s): cpu = 00:00:05 ; elapsed = 00:00:07 . Memory (MB): peak = 2195.676 ; gain = 369.801 ; free physical = 301 ; free virtual = 39903
Synthesis current peak Physical Memory [PSS] (MB): peak = 1169.990; parent = 1046.210; children = 123.780
Synthesis current peak Virtual Memory [VSS] (MB): peak = 3812.547; parent = 2203.617; children = 1608.930
---------------------------------------------------------------------------------
INFO: [Synth 8-6157] synthesizing module 'design_1_axis_switch_2_0' [/home/tony/Desktop/yolo_2022/Tiny_YOLO_v3_ZYNQ/code/sys/myproj/project_1.gen/sources_1/bd/design_1/ip/design_1_axis_switch_2_0/synth/design_1_axis_switch_2_0.v:53]
INFO: [Synth 8-6157] synthesizing module 'axis_switch_v1_1_27_axis_switch' [/home/tony/Desktop/yolo_2022/Tiny_YOLO_v3_ZYNQ/code/sys/myproj/project_1.gen/sources_1/bd/design_1/ipshared/1b0f/hdl/axis_switch_v1_1_vl_rfs.v:3089]
INFO: [Synth 8-6157] synthesizing module 'axis_infrastructure_v1_1_0_util_axis2vector' [/home/tony/Desktop/yolo_2022/Tiny_YOLO_v3_ZYNQ/code/sys/myproj/project_1.gen/sources_1/bd/design_1/ipshared/8713/hdl/axis_infrastructure_v1_1_vl_rfs.v:809]
INFO: [Synth 8-6155] done synthesizing module 'axis_infrastructure_v1_1_0_util_axis2vector' (0#1) [/home/tony/Desktop/yolo_2022/Tiny_YOLO_v3_ZYNQ/code/sys/myproj/project_1.gen/sources_1/bd/design_1/ipshared/8713/hdl/axis_infrastructure_v1_1_vl_rfs.v:809]
INFO: [Synth 8-6157] synthesizing module 'axis_switch_v1_1_27_axisc_decoder' [/home/tony/Desktop/yolo_2022/Tiny_YOLO_v3_ZYNQ/code/sys/myproj/project_1.gen/sources_1/bd/design_1/ipshared/1b0f/hdl/axis_switch_v1_1_vl_rfs.v:478]
INFO: [Synth 8-6157] synthesizing module 'axis_register_slice_v1_1_27_axisc_register_slice' [/home/tony/Desktop/yolo_2022/Tiny_YOLO_v3_ZYNQ/code/sys/myproj/project_1.gen/sources_1/bd/design_1/ipshared/6ba3/hdl/axis_register_slice_v1_1_vl_rfs.v:1935]
INFO: [Synth 8-6155] done synthesizing module 'axis_register_slice_v1_1_27_axisc_register_slice' (0#1) [/home/tony/Desktop/yolo_2022/Tiny_YOLO_v3_ZYNQ/code/sys/myproj/project_1.gen/sources_1/bd/design_1/ipshared/6ba3/hdl/axis_register_slice_v1_1_vl_rfs.v:1935]
WARNING: [Synth 8-7071] port 'ACLK2X' of module 'axis_register_slice_v1_1_27_axisc_register_slice' is unconnected for instance 'inst_decoder_pipeline' [/home/tony/Desktop/yolo_2022/Tiny_YOLO_v3_ZYNQ/code/sys/myproj/project_1.gen/sources_1/bd/design_1/ipshared/1b0f/hdl/axis_switch_v1_1_vl_rfs.v:727]
WARNING: [Synth 8-7023] instance 'inst_decoder_pipeline' of module 'axis_register_slice_v1_1_27_axisc_register_slice' has 10 connections declared, but only 9 given [/home/tony/Desktop/yolo_2022/Tiny_YOLO_v3_ZYNQ/code/sys/myproj/project_1.gen/sources_1/bd/design_1/ipshared/1b0f/hdl/axis_switch_v1_1_vl_rfs.v:727]
INFO: [Synth 8-6155] done synthesizing module 'axis_switch_v1_1_27_axisc_decoder' (0#1) [/home/tony/Desktop/yolo_2022/Tiny_YOLO_v3_ZYNQ/code/sys/myproj/project_1.gen/sources_1/bd/design_1/ipshared/1b0f/hdl/axis_switch_v1_1_vl_rfs.v:478]
INFO: [Synth 8-6157] synthesizing module 'axis_switch_v1_1_27_axisc_transfer_mux' [/home/tony/Desktop/yolo_2022/Tiny_YOLO_v3_ZYNQ/code/sys/myproj/project_1.gen/sources_1/bd/design_1/ipshared/1b0f/hdl/axis_switch_v1_1_vl_rfs.v:818]
INFO: [Synth 8-6155] done synthesizing module 'axis_switch_v1_1_27_axisc_transfer_mux' (0#1) [/home/tony/Desktop/yolo_2022/Tiny_YOLO_v3_ZYNQ/code/sys/myproj/project_1.gen/sources_1/bd/design_1/ipshared/1b0f/hdl/axis_switch_v1_1_vl_rfs.v:818]
INFO: [Synth 8-6157] synthesizing module 'axis_infrastructure_v1_1_0_util_vector2axis' [/home/tony/Desktop/yolo_2022/Tiny_YOLO_v3_ZYNQ/code/sys/myproj/project_1.gen/sources_1/bd/design_1/ipshared/8713/hdl/axis_infrastructure_v1_1_vl_rfs.v:991]
INFO: [Synth 8-6155] done synthesizing module 'axis_infrastructure_v1_1_0_util_vector2axis' (0#1) [/home/tony/Desktop/yolo_2022/Tiny_YOLO_v3_ZYNQ/code/sys/myproj/project_1.gen/sources_1/bd/design_1/ipshared/8713/hdl/axis_infrastructure_v1_1_vl_rfs.v:991]
INFO: [Synth 8-6157] synthesizing module 'axis_infrastructure_v1_1_0_clock_synchronizer' [/home/tony/Desktop/yolo_2022/Tiny_YOLO_v3_ZYNQ/code/sys/myproj/project_1.gen/sources_1/bd/design_1/ipshared/8713/hdl/axis_infrastructure_v1_1_vl_rfs.v:1172]
INFO: [Synth 8-6157] synthesizing module 'xpm_cdc_single' [/tools/Xilinx/Vivado/2022.2/data/ip/xpm/xpm_cdc/hdl/xpm_cdc.sv:152]
INFO: [Synth 8-6155] done synthesizing module 'xpm_cdc_single' (0#1) [/tools/Xilinx/Vivado/2022.2/data/ip/xpm/xpm_cdc/hdl/xpm_cdc.sv:152]
INFO: [Synth 8-6155] done synthesizing module 'axis_infrastructure_v1_1_0_clock_synchronizer' (0#1) [/home/tony/Desktop/yolo_2022/Tiny_YOLO_v3_ZYNQ/code/sys/myproj/project_1.gen/sources_1/bd/design_1/ipshared/8713/hdl/axis_infrastructure_v1_1_vl_rfs.v:1172]
INFO: [Synth 8-6157] synthesizing module 'axis_infrastructure_v1_1_0_cdc_handshake' [/home/tony/Desktop/yolo_2022/Tiny_YOLO_v3_ZYNQ/code/sys/myproj/project_1.gen/sources_1/bd/design_1/ipshared/8713/hdl/axis_infrastructure_v1_1_vl_rfs.v:1265]
INFO: [Synth 8-6157] synthesizing module 'xpm_cdc_handshake' [/tools/Xilinx/Vivado/2022.2/data/ip/xpm/xpm_cdc/hdl/xpm_cdc.sv:468]
INFO: [Synth 8-6155] done synthesizing module 'xpm_cdc_handshake' (0#1) [/tools/Xilinx/Vivado/2022.2/data/ip/xpm/xpm_cdc/hdl/xpm_cdc.sv:468]
INFO: [Synth 8-6155] done synthesizing module 'axis_infrastructure_v1_1_0_cdc_handshake' (0#1) [/home/tony/Desktop/yolo_2022/Tiny_YOLO_v3_ZYNQ/code/sys/myproj/project_1.gen/sources_1/bd/design_1/ipshared/8713/hdl/axis_infrastructure_v1_1_vl_rfs.v:1265]
INFO: [Synth 8-6157] synthesizing module 'axis_switch_v1_1_27_static_router' [/home/tony/Desktop/yolo_2022/Tiny_YOLO_v3_ZYNQ/code/sys/myproj/project_1.gen/sources_1/bd/design_1/ipshared/1b0f/hdl/axis_switch_v1_1_vl_rfs.v:2786]
INFO: [Synth 8-6157] synthesizing module 'axis_switch_v1_1_27_axi_ctrl_top' [/home/tony/Desktop/yolo_2022/Tiny_YOLO_v3_ZYNQ/code/sys/myproj/project_1.gen/sources_1/bd/design_1/ipshared/1b0f/hdl/axis_switch_v1_1_vl_rfs.v:2077]
INFO: [Synth 8-6157] synthesizing module 'axis_switch_v1_1_27_axi_ctrl_read' [/home/tony/Desktop/yolo_2022/Tiny_YOLO_v3_ZYNQ/code/sys/myproj/project_1.gen/sources_1/bd/design_1/ipshared/1b0f/hdl/axis_switch_v1_1_vl_rfs.v:1745]
INFO: [Synth 8-6155] done synthesizing module 'axis_switch_v1_1_27_axi_ctrl_read' (0#1) [/home/tony/Desktop/yolo_2022/Tiny_YOLO_v3_ZYNQ/code/sys/myproj/project_1.gen/sources_1/bd/design_1/ipshared/1b0f/hdl/axis_switch_v1_1_vl_rfs.v:1745]
INFO: [Synth 8-6157] synthesizing module 'axis_switch_v1_1_27_axi_ctrl_write' [/home/tony/Desktop/yolo_2022/Tiny_YOLO_v3_ZYNQ/code/sys/myproj/project_1.gen/sources_1/bd/design_1/ipshared/1b0f/hdl/axis_switch_v1_1_vl_rfs.v:1920]
INFO: [Synth 8-6155] done synthesizing module 'axis_switch_v1_1_27_axi_ctrl_write' (0#1) [/home/tony/Desktop/yolo_2022/Tiny_YOLO_v3_ZYNQ/code/sys/myproj/project_1.gen/sources_1/bd/design_1/ipshared/1b0f/hdl/axis_switch_v1_1_vl_rfs.v:1920]
INFO: [Synth 8-6157] synthesizing module 'axis_switch_v1_1_27_reg_bank_16x32' [/home/tony/Desktop/yolo_2022/Tiny_YOLO_v3_ZYNQ/code/sys/myproj/project_1.gen/sources_1/bd/design_1/ipshared/1b0f/hdl/axis_switch_v1_1_vl_rfs.v:2971]
INFO: [Synth 8-6155] done synthesizing module 'axis_switch_v1_1_27_reg_bank_16x32' (0#1) [/home/tony/Desktop/yolo_2022/Tiny_YOLO_v3_ZYNQ/code/sys/myproj/project_1.gen/sources_1/bd/design_1/ipshared/1b0f/hdl/axis_switch_v1_1_vl_rfs.v:2971]
INFO: [Synth 8-6157] synthesizing module 'axis_switch_v1_1_27_reg_bank_16x32__parameterized0' [/home/tony/Desktop/yolo_2022/Tiny_YOLO_v3_ZYNQ/code/sys/myproj/project_1.gen/sources_1/bd/design_1/ipshared/1b0f/hdl/axis_switch_v1_1_vl_rfs.v:2971]
INFO: [Synth 8-6155] done synthesizing module 'axis_switch_v1_1_27_reg_bank_16x32__parameterized0' (0#1) [/home/tony/Desktop/yolo_2022/Tiny_YOLO_v3_ZYNQ/code/sys/myproj/project_1.gen/sources_1/bd/design_1/ipshared/1b0f/hdl/axis_switch_v1_1_vl_rfs.v:2971]
INFO: [Synth 8-6155] done synthesizing module 'axis_switch_v1_1_27_axi_ctrl_top' (0#1) [/home/tony/Desktop/yolo_2022/Tiny_YOLO_v3_ZYNQ/code/sys/myproj/project_1.gen/sources_1/bd/design_1/ipshared/1b0f/hdl/axis_switch_v1_1_vl_rfs.v:2077]
INFO: [Synth 8-6157] synthesizing module 'axis_switch_v1_1_27_static_router_config' [/home/tony/Desktop/yolo_2022/Tiny_YOLO_v3_ZYNQ/code/sys/myproj/project_1.gen/sources_1/bd/design_1/ipshared/1b0f/hdl/axis_switch_v1_1_vl_rfs.v:2578]
INFO: [Synth 8-6157] synthesizing module 'axis_switch_v1_1_27_static_router_config_dp' [/home/tony/Desktop/yolo_2022/Tiny_YOLO_v3_ZYNQ/code/sys/myproj/project_1.gen/sources_1/bd/design_1/ipshared/1b0f/hdl/axis_switch_v1_1_vl_rfs.v:2346]
INFO: [Synth 8-6155] done synthesizing module 'axis_switch_v1_1_27_static_router_config_dp' (0#1) [/home/tony/Desktop/yolo_2022/Tiny_YOLO_v3_ZYNQ/code/sys/myproj/project_1.gen/sources_1/bd/design_1/ipshared/1b0f/hdl/axis_switch_v1_1_vl_rfs.v:2346]
INFO: [Synth 8-6155] done synthesizing module 'axis_switch_v1_1_27_static_router_config' (0#1) [/home/tony/Desktop/yolo_2022/Tiny_YOLO_v3_ZYNQ/code/sys/myproj/project_1.gen/sources_1/bd/design_1/ipshared/1b0f/hdl/axis_switch_v1_1_vl_rfs.v:2578]
INFO: [Synth 8-6155] done synthesizing module 'axis_switch_v1_1_27_static_router' (0#1) [/home/tony/Desktop/yolo_2022/Tiny_YOLO_v3_ZYNQ/code/sys/myproj/project_1.gen/sources_1/bd/design_1/ipshared/1b0f/hdl/axis_switch_v1_1_vl_rfs.v:2786]
INFO: [Synth 8-6155] done synthesizing module 'axis_switch_v1_1_27_axis_switch' (0#1) [/home/tony/Desktop/yolo_2022/Tiny_YOLO_v3_ZYNQ/code/sys/myproj/project_1.gen/sources_1/bd/design_1/ipshared/1b0f/hdl/axis_switch_v1_1_vl_rfs.v:3089]
INFO: [Synth 8-6155] done synthesizing module 'design_1_axis_switch_2_0' (0#1) [/home/tony/Desktop/yolo_2022/Tiny_YOLO_v3_ZYNQ/code/sys/myproj/project_1.gen/sources_1/bd/design_1/ip/design_1_axis_switch_2_0/synth/design_1_axis_switch_2_0.v:53]
WARNING: [Synth 8-7129] Port reg_mi_mux[511] in module axis_switch_v1_1_27_static_router_config_dp is either unconnected or has no load
WARNING: [Synth 8-7129] Port reg_mi_mux[510] in module axis_switch_v1_1_27_static_router_config_dp is either unconnected or has no load
WARNING: [Synth 8-7129] Port reg_mi_mux[509] in module axis_switch_v1_1_27_static_router_config_dp is either unconnected or has no load
WARNING: [Synth 8-7129] Port reg_mi_mux[508] in module axis_switch_v1_1_27_static_router_config_dp is either unconnected or has no load
WARNING: [Synth 8-7129] Port reg_mi_mux[507] in module axis_switch_v1_1_27_static_router_config_dp is either unconnected or has no load
WARNING: [Synth 8-7129] Port reg_mi_mux[506] in module axis_switch_v1_1_27_static_router_config_dp is either unconnected or has no load
WARNING: [Synth 8-7129] Port reg_mi_mux[505] in module axis_switch_v1_1_27_static_router_config_dp is either unconnected or has no load
WARNING: [Synth 8-7129] Port reg_mi_mux[504] in module axis_switch_v1_1_27_static_router_config_dp is either unconnected or has no load
WARNING: [Synth 8-7129] Port reg_mi_mux[503] in module axis_switch_v1_1_27_static_router_config_dp is either unconnected or has no load
WARNING: [Synth 8-7129] Port reg_mi_mux[502] in module axis_switch_v1_1_27_static_router_config_dp is either unconnected or has no load
WARNING: [Synth 8-7129] Port reg_mi_mux[501] in module axis_switch_v1_1_27_static_router_config_dp is either unconnected or has no load
WARNING: [Synth 8-7129] Port reg_mi_mux[500] in module axis_switch_v1_1_27_static_router_config_dp is either unconnected or has no load
WARNING: [Synth 8-7129] Port reg_mi_mux[499] in module axis_switch_v1_1_27_static_router_config_dp is either unconnected or has no load
WARNING: [Synth 8-7129] Port reg_mi_mux[498] in module axis_switch_v1_1_27_static_router_config_dp is either unconnected or has no load
WARNING: [Synth 8-7129] Port reg_mi_mux[497] in module axis_switch_v1_1_27_static_router_config_dp is either unconnected or has no load
WARNING: [Synth 8-7129] Port reg_mi_mux[496] in module axis_switch_v1_1_27_static_router_config_dp is either unconnected or has no load
WARNING: [Synth 8-7129] Port reg_mi_mux[495] in module axis_switch_v1_1_27_static_router_config_dp is either unconnected or has no load
WARNING: [Synth 8-7129] Port reg_mi_mux[494] in module axis_switch_v1_1_27_static_router_config_dp is either unconnected or has no load
WARNING: [Synth 8-7129] Port reg_mi_mux[493] in module axis_switch_v1_1_27_static_router_config_dp is either unconnected or has no load
WARNING: [Synth 8-7129] Port reg_mi_mux[492] in module axis_switch_v1_1_27_static_router_config_dp is either unconnected or has no load
WARNING: [Synth 8-7129] Port reg_mi_mux[491] in module axis_switch_v1_1_27_static_router_config_dp is either unconnected or has no load
WARNING: [Synth 8-7129] Port reg_mi_mux[490] in module axis_switch_v1_1_27_static_router_config_dp is either unconnected or has no load
WARNING: [Synth 8-7129] Port reg_mi_mux[489] in module axis_switch_v1_1_27_static_router_config_dp is either unconnected or has no load
WARNING: [Synth 8-7129] Port reg_mi_mux[488] in module axis_switch_v1_1_27_static_router_config_dp is either unconnected or has no load
WARNING: [Synth 8-7129] Port reg_mi_mux[487] in module axis_switch_v1_1_27_static_router_config_dp is either unconnected or has no load
WARNING: [Synth 8-7129] Port reg_mi_mux[486] in module axis_switch_v1_1_27_static_router_config_dp is either unconnected or has no load
WARNING: [Synth 8-7129] Port reg_mi_mux[485] in module axis_switch_v1_1_27_static_router_config_dp is either unconnected or has no load
WARNING: [Synth 8-7129] Port reg_mi_mux[484] in module axis_switch_v1_1_27_static_router_config_dp is either unconnected or has no load
WARNING: [Synth 8-7129] Port reg_mi_mux[483] in module axis_switch_v1_1_27_static_router_config_dp is either unconnected or has no load
WARNING: [Synth 8-7129] Port reg_mi_mux[482] in module axis_switch_v1_1_27_static_router_config_dp is either unconnected or has no load
WARNING: [Synth 8-7129] Port reg_mi_mux[481] in module axis_switch_v1_1_27_static_router_config_dp is either unconnected or has no load
WARNING: [Synth 8-7129] Port reg_mi_mux[480] in module axis_switch_v1_1_27_static_router_config_dp is either unconnected or has no load
WARNING: [Synth 8-7129] Port reg_mi_mux[479] in module axis_switch_v1_1_27_static_router_config_dp is either unconnected or has no load
WARNING: [Synth 8-7129] Port reg_mi_mux[478] in module axis_switch_v1_1_27_static_router_config_dp is either unconnected or has no load
WARNING: [Synth 8-7129] Port reg_mi_mux[477] in module axis_switch_v1_1_27_static_router_config_dp is either unconnected or has no load
WARNING: [Synth 8-7129] Port reg_mi_mux[476] in module axis_switch_v1_1_27_static_router_config_dp is either unconnected or has no load
WARNING: [Synth 8-7129] Port reg_mi_mux[475] in module axis_switch_v1_1_27_static_router_config_dp is either unconnected or has no load
WARNING: [Synth 8-7129] Port reg_mi_mux[474] in module axis_switch_v1_1_27_static_router_config_dp is either unconnected or has no load
WARNING: [Synth 8-7129] Port reg_mi_mux[473] in module axis_switch_v1_1_27_static_router_config_dp is either unconnected or has no load
WARNING: [Synth 8-7129] Port reg_mi_mux[472] in module axis_switch_v1_1_27_static_router_config_dp is either unconnected or has no load
WARNING: [Synth 8-7129] Port reg_mi_mux[471] in module axis_switch_v1_1_27_static_router_config_dp is either unconnected or has no load
WARNING: [Synth 8-7129] Port reg_mi_mux[470] in module axis_switch_v1_1_27_static_router_config_dp is either unconnected or has no load
WARNING: [Synth 8-7129] Port reg_mi_mux[469] in module axis_switch_v1_1_27_static_router_config_dp is either unconnected or has no load
WARNING: [Synth 8-7129] Port reg_mi_mux[468] in module axis_switch_v1_1_27_static_router_config_dp is either unconnected or has no load
WARNING: [Synth 8-7129] Port reg_mi_mux[467] in module axis_switch_v1_1_27_static_router_config_dp is either unconnected or has no load
WARNING: [Synth 8-7129] Port reg_mi_mux[466] in module axis_switch_v1_1_27_static_router_config_dp is either unconnected or has no load
WARNING: [Synth 8-7129] Port reg_mi_mux[465] in module axis_switch_v1_1_27_static_router_config_dp is either unconnected or has no load
WARNING: [Synth 8-7129] Port reg_mi_mux[464] in module axis_switch_v1_1_27_static_router_config_dp is either unconnected or has no load
WARNING: [Synth 8-7129] Port reg_mi_mux[463] in module axis_switch_v1_1_27_static_router_config_dp is either unconnected or has no load
WARNING: [Synth 8-7129] Port reg_mi_mux[462] in module axis_switch_v1_1_27_static_router_config_dp is either unconnected or has no load
WARNING: [Synth 8-7129] Port reg_mi_mux[461] in module axis_switch_v1_1_27_static_router_config_dp is either unconnected or has no load
WARNING: [Synth 8-7129] Port reg_mi_mux[460] in module axis_switch_v1_1_27_static_router_config_dp is either unconnected or has no load
WARNING: [Synth 8-7129] Port reg_mi_mux[459] in module axis_switch_v1_1_27_static_router_config_dp is either unconnected or has no load
WARNING: [Synth 8-7129] Port reg_mi_mux[458] in module axis_switch_v1_1_27_static_router_config_dp is either unconnected or has no load
WARNING: [Synth 8-7129] Port reg_mi_mux[457] in module axis_switch_v1_1_27_static_router_config_dp is either unconnected or has no load
WARNING: [Synth 8-7129] Port reg_mi_mux[456] in module axis_switch_v1_1_27_static_router_config_dp is either unconnected or has no load
WARNING: [Synth 8-7129] Port reg_mi_mux[455] in module axis_switch_v1_1_27_static_router_config_dp is either unconnected or has no load
WARNING: [Synth 8-7129] Port reg_mi_mux[454] in module axis_switch_v1_1_27_static_router_config_dp is either unconnected or has no load
WARNING: [Synth 8-7129] Port reg_mi_mux[453] in module axis_switch_v1_1_27_static_router_config_dp is either unconnected or has no load
WARNING: [Synth 8-7129] Port reg_mi_mux[452] in module axis_switch_v1_1_27_static_router_config_dp is either unconnected or has no load
WARNING: [Synth 8-7129] Port reg_mi_mux[451] in module axis_switch_v1_1_27_static_router_config_dp is either unconnected or has no load
WARNING: [Synth 8-7129] Port reg_mi_mux[450] in module axis_switch_v1_1_27_static_router_config_dp is either unconnected or has no load
WARNING: [Synth 8-7129] Port reg_mi_mux[449] in module axis_switch_v1_1_27_static_router_config_dp is either unconnected or has no load
WARNING: [Synth 8-7129] Port reg_mi_mux[448] in module axis_switch_v1_1_27_static_router_config_dp is either unconnected or has no load
WARNING: [Synth 8-7129] Port reg_mi_mux[447] in module axis_switch_v1_1_27_static_router_config_dp is either unconnected or has no load
WARNING: [Synth 8-7129] Port reg_mi_mux[446] in module axis_switch_v1_1_27_static_router_config_dp is either unconnected or has no load
WARNING: [Synth 8-7129] Port reg_mi_mux[445] in module axis_switch_v1_1_27_static_router_config_dp is either unconnected or has no load
WARNING: [Synth 8-7129] Port reg_mi_mux[444] in module axis_switch_v1_1_27_static_router_config_dp is either unconnected or has no load
WARNING: [Synth 8-7129] Port reg_mi_mux[443] in module axis_switch_v1_1_27_static_router_config_dp is either unconnected or has no load
WARNING: [Synth 8-7129] Port reg_mi_mux[442] in module axis_switch_v1_1_27_static_router_config_dp is either unconnected or has no load
WARNING: [Synth 8-7129] Port reg_mi_mux[441] in module axis_switch_v1_1_27_static_router_config_dp is either unconnected or has no load
WARNING: [Synth 8-7129] Port reg_mi_mux[440] in module axis_switch_v1_1_27_static_router_config_dp is either unconnected or has no load
WARNING: [Synth 8-7129] Port reg_mi_mux[439] in module axis_switch_v1_1_27_static_router_config_dp is either unconnected or has no load
WARNING: [Synth 8-7129] Port reg_mi_mux[438] in module axis_switch_v1_1_27_static_router_config_dp is either unconnected or has no load
WARNING: [Synth 8-7129] Port reg_mi_mux[437] in module axis_switch_v1_1_27_static_router_config_dp is either unconnected or has no load
WARNING: [Synth 8-7129] Port reg_mi_mux[436] in module axis_switch_v1_1_27_static_router_config_dp is either unconnected or has no load
WARNING: [Synth 8-7129] Port reg_mi_mux[435] in module axis_switch_v1_1_27_static_router_config_dp is either unconnected or has no load
WARNING: [Synth 8-7129] Port reg_mi_mux[434] in module axis_switch_v1_1_27_static_router_config_dp is either unconnected or has no load
WARNING: [Synth 8-7129] Port reg_mi_mux[433] in module axis_switch_v1_1_27_static_router_config_dp is either unconnected or has no load
WARNING: [Synth 8-7129] Port reg_mi_mux[432] in module axis_switch_v1_1_27_static_router_config_dp is either unconnected or has no load
WARNING: [Synth 8-7129] Port reg_mi_mux[431] in module axis_switch_v1_1_27_static_router_config_dp is either unconnected or has no load
WARNING: [Synth 8-7129] Port reg_mi_mux[430] in module axis_switch_v1_1_27_static_router_config_dp is either unconnected or has no load
WARNING: [Synth 8-7129] Port reg_mi_mux[429] in module axis_switch_v1_1_27_static_router_config_dp is either unconnected or has no load
WARNING: [Synth 8-7129] Port reg_mi_mux[428] in module axis_switch_v1_1_27_static_router_config_dp is either unconnected or has no load
WARNING: [Synth 8-7129] Port reg_mi_mux[427] in module axis_switch_v1_1_27_static_router_config_dp is either unconnected or has no load
WARNING: [Synth 8-7129] Port reg_mi_mux[426] in module axis_switch_v1_1_27_static_router_config_dp is either unconnected or has no load
WARNING: [Synth 8-7129] Port reg_mi_mux[425] in module axis_switch_v1_1_27_static_router_config_dp is either unconnected or has no load
WARNING: [Synth 8-7129] Port reg_mi_mux[424] in module axis_switch_v1_1_27_static_router_config_dp is either unconnected or has no load
WARNING: [Synth 8-7129] Port reg_mi_mux[423] in module axis_switch_v1_1_27_static_router_config_dp is either unconnected or has no load
WARNING: [Synth 8-7129] Port reg_mi_mux[422] in module axis_switch_v1_1_27_static_router_config_dp is either unconnected or has no load
WARNING: [Synth 8-7129] Port reg_mi_mux[421] in module axis_switch_v1_1_27_static_router_config_dp is either unconnected or has no load
WARNING: [Synth 8-7129] Port reg_mi_mux[420] in module axis_switch_v1_1_27_static_router_config_dp is either unconnected or has no load
WARNING: [Synth 8-7129] Port reg_mi_mux[419] in module axis_switch_v1_1_27_static_router_config_dp is either unconnected or has no load
WARNING: [Synth 8-7129] Port reg_mi_mux[418] in module axis_switch_v1_1_27_static_router_config_dp is either unconnected or has no load
WARNING: [Synth 8-7129] Port reg_mi_mux[417] in module axis_switch_v1_1_27_static_router_config_dp is either unconnected or has no load
WARNING: [Synth 8-7129] Port reg_mi_mux[416] in module axis_switch_v1_1_27_static_router_config_dp is either unconnected or has no load
WARNING: [Synth 8-7129] Port reg_mi_mux[415] in module axis_switch_v1_1_27_static_router_config_dp is either unconnected or has no load
WARNING: [Synth 8-7129] Port reg_mi_mux[414] in module axis_switch_v1_1_27_static_router_config_dp is either unconnected or has no load
WARNING: [Synth 8-7129] Port reg_mi_mux[413] in module axis_switch_v1_1_27_static_router_config_dp is either unconnected or has no load
WARNING: [Synth 8-7129] Port reg_mi_mux[412] in module axis_switch_v1_1_27_static_router_config_dp is either unconnected or has no load
INFO: [Common 17-14] Message 'Synth 8-7129' appears 100 times and further instances of the messages will be disabled. Use the Tcl command set_msg_config to change the current settings.
---------------------------------------------------------------------------------
Finished RTL Elaboration : Time (s): cpu = 00:00:07 ; elapsed = 00:00:10 . Memory (MB): peak = 2276.582 ; gain = 450.707 ; free physical = 378 ; free virtual = 38335
Synthesis current peak Physical Memory [PSS] (MB): peak = 1263.834; parent = 1141.996; children = 123.780
Synthesis current peak Virtual Memory [VSS] (MB): peak = 3885.516; parent = 2276.586; children = 1608.930
---------------------------------------------------------------------------------
---------------------------------------------------------------------------------
Start Handling Custom Attributes
---------------------------------------------------------------------------------
---------------------------------------------------------------------------------
Finished Handling Custom Attributes : Time (s): cpu = 00:00:07 ; elapsed = 00:00:11 . Memory (MB): peak = 2291.426 ; gain = 465.551 ; free physical = 461 ; free virtual = 38387
Synthesis current peak Physical Memory [PSS] (MB): peak = 1263.834; parent = 1141.996; children = 123.780
Synthesis current peak Virtual Memory [VSS] (MB): peak = 3900.359; parent = 2291.430; children = 1608.930
---------------------------------------------------------------------------------
---------------------------------------------------------------------------------
Finished RTL Optimization Phase 1 : Time (s): cpu = 00:00:07 ; elapsed = 00:00:11 . Memory (MB): peak = 2291.426 ; gain = 465.551 ; free physical = 416 ; free virtual = 38342
Synthesis current peak Physical Memory [PSS] (MB): peak = 1263.834; parent = 1141.996; children = 123.780
Synthesis current peak Virtual Memory [VSS] (MB): peak = 3900.359; parent = 2291.430; children = 1608.930
---------------------------------------------------------------------------------
Netlist sorting complete. Time (s): cpu = 00:00:00.03 ; elapsed = 00:00:00.04 . Memory (MB): peak = 2291.426 ; gain = 0.000 ; free physical = 361 ; free virtual = 38110
INFO: [Project 1-570] Preparing netlist for logic optimization

Processing XDC Constraints
Initializing timing engine
Parsing XDC File [/home/tony/Desktop/yolo_2022/Tiny_YOLO_v3_ZYNQ/code/sys/myproj/project_1.gen/sources_1/bd/design_1/ip/design_1_axis_switch_2_0/design_1_axis_switch_2_0_ooc.xdc] for cell 'inst'
Finished Parsing XDC File [/home/tony/Desktop/yolo_2022/Tiny_YOLO_v3_ZYNQ/code/sys/myproj/project_1.gen/sources_1/bd/design_1/ip/design_1_axis_switch_2_0/design_1_axis_switch_2_0_ooc.xdc] for cell 'inst'
Parsing XDC File [/home/tony/Desktop/yolo_2022/Tiny_YOLO_v3_ZYNQ/code/sys/myproj/project_1.runs/design_1_axis_switch_2_0_synth_1/dont_touch.xdc]
Finished Parsing XDC File [/home/tony/Desktop/yolo_2022/Tiny_YOLO_v3_ZYNQ/code/sys/myproj/project_1.runs/design_1_axis_switch_2_0_synth_1/dont_touch.xdc]
INFO: [Project 1-236] Implementation specific constraints were found while reading constraint file [/tools/Xilinx/Vivado/2022.2/data/ip/xpm/xpm_cdc/tcl/xpm_cdc_handshake.tcl]. These constraints will be ignored for synthesis but will be used in implementation. Impacted constraints are listed in the file [.Xil/design_1_axis_switch_2_0_propImpl.xdc].
Resolution: To avoid this warning, move constraints listed in [.Xil/design_1_axis_switch_2_0_propImpl.xdc] to another XDC file and exclude this new file from synthesis with the used_in_synthesis property (File Properties dialog in GUI) and re-run elaboration/synthesis.
INFO: [Project 1-236] Implementation specific constraints were found while reading constraint file [/tools/Xilinx/Vivado/2022.2/data/ip/xpm/xpm_cdc/tcl/xpm_cdc_single.tcl]. These constraints will be ignored for synthesis but will be used in implementation. Impacted constraints are listed in the file [.Xil/design_1_axis_switch_2_0_propImpl.xdc].
Resolution: To avoid this warning, move constraints listed in [.Xil/design_1_axis_switch_2_0_propImpl.xdc] to another XDC file and exclude this new file from synthesis with the used_in_synthesis property (File Properties dialog in GUI) and re-run elaboration/synthesis.
INFO: [Project 1-1714] 4 XPM XDC files have been applied to the design.
Completed Processing XDC Constraints

Netlist sorting complete. Time (s): cpu = 00:00:00 ; elapsed = 00:00:00 . Memory (MB): peak = 2446.176 ; gain = 0.000 ; free physical = 672 ; free virtual = 38288
INFO: [Project 1-111] Unisim Transformation Summary:
No Unisim elements were transformed.

Constraint Validation Runtime : Time (s): cpu = 00:00:00.02 ; elapsed = 00:00:00.03 . Memory (MB): peak = 2446.176 ; gain = 0.000 ; free physical = 663 ; free virtual = 38279
INFO: [Designutils 20-5008] Incremental synthesis strategy off
INFO: [Synth 8-11241] undeclared symbol 'REGCCE', assumed default net type 'wire' [/tools/Xilinx/Vivado/2022.2/data/verilog/src/unimacro/BRAM_SINGLE_MACRO.v:2170]
---------------------------------------------------------------------------------
Finished Constraint Validation : Time (s): cpu = 00:00:15 ; elapsed = 00:00:19 . Memory (MB): peak = 2446.176 ; gain = 620.301 ; free physical = 872 ; free virtual = 38125
Synthesis current peak Physical Memory [PSS] (MB): peak = 1263.834; parent = 1141.996; children = 123.780
Synthesis current peak Virtual Memory [VSS] (MB): peak = 4023.094; parent = 2414.164; children = 1608.930
---------------------------------------------------------------------------------
---------------------------------------------------------------------------------
Start Loading Part and Timing Information
---------------------------------------------------------------------------------
Loading part: xc7z020clg400-1
---------------------------------------------------------------------------------
Finished Loading Part and Timing Information : Time (s): cpu = 00:00:15 ; elapsed = 00:00:19 . Memory (MB): peak = 2446.176 ; gain = 620.301 ; free physical = 868 ; free virtual = 38121
Synthesis current peak Physical Memory [PSS] (MB): peak = 1263.834; parent = 1141.996; children = 123.780
Synthesis current peak Virtual Memory [VSS] (MB): peak = 4023.094; parent = 2414.164; children = 1608.930
---------------------------------------------------------------------------------
---------------------------------------------------------------------------------
Start Applying 'set_property' XDC Constraints
---------------------------------------------------------------------------------
Applied set_property KEEP_HIERARCHY = SOFT for inst. (constraint file  /home/tony/Desktop/yolo_2022/Tiny_YOLO_v3_ZYNQ/code/sys/myproj/project_1.runs/design_1_axis_switch_2_0_synth_1/dont_touch.xdc, line 9).
Applied set_property KEEP_HIERARCHY = SOFT for inst/\gen_static_router.gen_synch.inst_cdc_handshake /inst_xpm_cdc_handshake. (constraint file  auto generated constraint).
Applied set_property KEEP_HIERARCHY = SOFT for inst/\gen_static_router.gen_synch.inst_rst_synch /inst_xpm_cdc_single. (constraint file  auto generated constraint).
Applied set_property KEEP_HIERARCHY = SOFT for inst/\gen_static_router.gen_synch.inst_cdc_handshake /inst_xpm_cdc_handshake/xpm_cdc_single_dest2src_inst. (constraint file  auto generated constraint).
Applied set_property KEEP_HIERARCHY = SOFT for inst/\gen_static_router.gen_synch.inst_cdc_handshake /inst_xpm_cdc_handshake/xpm_cdc_single_src2dest_inst. (constraint file  auto generated constraint).
---------------------------------------------------------------------------------
Finished applying 'set_property' XDC Constraints : Time (s): cpu = 00:00:15 ; elapsed = 00:00:19 . Memory (MB): peak = 2446.176 ; gain = 620.301 ; free physical = 856 ; free virtual = 38109
Synthesis current peak Physical Memory [PSS] (MB): peak = 1263.834; parent = 1141.996; children = 123.780
Synthesis current peak Virtual Memory [VSS] (MB): peak = 4023.094; parent = 2414.164; children = 1608.930
---------------------------------------------------------------------------------
INFO: [Synth 8-802] inferred FSM for state register 'state_reg' in module 'axis_switch_v1_1_27_axi_ctrl_read'
INFO: [Synth 8-4490] FSM extraction disabled for register 'state_reg' through user attribute
INFO: [Synth 8-802] inferred FSM for state register 'state_reg' in module 'axis_switch_v1_1_27_static_router_config'
---------------------------------------------------------------------------------------------------
                   State |                     New Encoding |                Previous Encoding 
---------------------------------------------------------------------------------------------------
                 SM_IDLE |                              001 |                               00
                 SM_READ |                              010 |                               01
                 SM_RESP |                              100 |                               10
---------------------------------------------------------------------------------------------------
INFO: [Synth 8-3354] encoded FSM with state register 'state_reg' using encoding 'one-hot' in module 'axis_switch_v1_1_27_axi_ctrl_read'
---------------------------------------------------------------------------------------------------
                   State |                     New Encoding |                Previous Encoding 
---------------------------------------------------------------------------------------------------
                 SM_IDLE |                            00001 |                              000
                SM_START |                            00010 |                              001
                 SM_WAIT |                            00100 |                              010
               SM_COMMIT |                            01000 |                              011
             SM_COMPLETE |                            10000 |                              100
---------------------------------------------------------------------------------------------------
INFO: [Synth 8-3354] encoded FSM with state register 'state_reg' using encoding 'one-hot' in module 'axis_switch_v1_1_27_static_router_config'
---------------------------------------------------------------------------------
Finished RTL Optimization Phase 2 : Time (s): cpu = 00:00:16 ; elapsed = 00:00:20 . Memory (MB): peak = 2446.176 ; gain = 620.301 ; free physical = 905 ; free virtual = 38164
Synthesis current peak Physical Memory [PSS] (MB): peak = 1263.834; parent = 1141.996; children = 123.780
Synthesis current peak Virtual Memory [VSS] (MB): peak = 4023.094; parent = 2414.164; children = 1608.930
---------------------------------------------------------------------------------
---------------------------------------------------------------------------------
Start RTL Component Statistics 
---------------------------------------------------------------------------------
Detailed RTL Component Info : 
+---Adders : 
	   2 Input    4 Bit       Adders := 2     
+---Registers : 
	               32 Bit    Registers := 6     
	               25 Bit    Registers := 4     
	               16 Bit    Registers := 1     
	                7 Bit    Registers := 2     
	                4 Bit    Registers := 12    
	                3 Bit    Registers := 1     
	                1 Bit    Registers := 31    
+---Muxes : 
	   2 Input   32 Bit        Muxes := 2     
	   5 Input    5 Bit        Muxes := 1     
	   2 Input    5 Bit        Muxes := 4     
	   2 Input    4 Bit        Muxes := 1     
	   3 Input    3 Bit        Muxes := 1     
	   2 Input    3 Bit        Muxes := 2     
	   6 Input    3 Bit        Muxes := 1     
	   2 Input    2 Bit        Muxes := 1     
	   2 Input    1 Bit        Muxes := 6     
	   5 Input    1 Bit        Muxes := 2     
---------------------------------------------------------------------------------
Finished RTL Component Statistics 
---------------------------------------------------------------------------------
---------------------------------------------------------------------------------
Start Part Resource Summary
---------------------------------------------------------------------------------
Part Resources:
DSPs: 220 (col length:60)
BRAMs: 280 (col length: RAMB18 60 RAMB36 30)
---------------------------------------------------------------------------------
Finished Part Resource Summary
---------------------------------------------------------------------------------
---------------------------------------------------------------------------------
Start Cross Boundary and Area Optimization
---------------------------------------------------------------------------------
WARNING: [Synth 8-7080] Parallel synthesis criteria is not met
---------------------------------------------------------------------------------
Finished Cross Boundary and Area Optimization : Time (s): cpu = 00:00:20 ; elapsed = 00:00:24 . Memory (MB): peak = 2446.176 ; gain = 620.301 ; free physical = 1523 ; free virtual = 38839
Synthesis current peak Physical Memory [PSS] (MB): peak = 1263.834; parent = 1141.996; children = 123.780
Synthesis current peak Virtual Memory [VSS] (MB): peak = 4023.094; parent = 2414.164; children = 1608.930
---------------------------------------------------------------------------------
---------------------------------------------------------------------------------
Start Applying XDC Timing Constraints
---------------------------------------------------------------------------------
---------------------------------------------------------------------------------
Finished Applying XDC Timing Constraints : Time (s): cpu = 00:00:26 ; elapsed = 00:00:31 . Memory (MB): peak = 2446.176 ; gain = 620.301 ; free physical = 844 ; free virtual = 38194
Synthesis current peak Physical Memory [PSS] (MB): peak = 1263.834; parent = 1141.996; children = 123.780
Synthesis current peak Virtual Memory [VSS] (MB): peak = 4023.094; parent = 2414.164; children = 1608.930
---------------------------------------------------------------------------------
---------------------------------------------------------------------------------
Start Timing Optimization
---------------------------------------------------------------------------------
---------------------------------------------------------------------------------
Finished Timing Optimization : Time (s): cpu = 00:00:27 ; elapsed = 00:00:31 . Memory (MB): peak = 2446.176 ; gain = 620.301 ; free physical = 811 ; free virtual = 38165
Synthesis current peak Physical Memory [PSS] (MB): peak = 1263.834; parent = 1141.996; children = 123.780
Synthesis current peak Virtual Memory [VSS] (MB): peak = 4023.094; parent = 2414.164; children = 1608.930
---------------------------------------------------------------------------------
---------------------------------------------------------------------------------
Start Technology Mapping
---------------------------------------------------------------------------------
---------------------------------------------------------------------------------
Finished Technology Mapping : Time (s): cpu = 00:00:27 ; elapsed = 00:00:32 . Memory (MB): peak = 2446.176 ; gain = 620.301 ; free physical = 915 ; free virtual = 38266
Synthesis current peak Physical Memory [PSS] (MB): peak = 1263.834; parent = 1141.996; children = 123.780
Synthesis current peak Virtual Memory [VSS] (MB): peak = 4023.094; parent = 2414.164; children = 1608.930
---------------------------------------------------------------------------------
---------------------------------------------------------------------------------
Start IO Insertion
---------------------------------------------------------------------------------
---------------------------------------------------------------------------------
Start Flattening Before IO Insertion
---------------------------------------------------------------------------------
---------------------------------------------------------------------------------
Finished Flattening Before IO Insertion
---------------------------------------------------------------------------------
---------------------------------------------------------------------------------
Start Final Netlist Cleanup
---------------------------------------------------------------------------------
---------------------------------------------------------------------------------
Finished Final Netlist Cleanup
---------------------------------------------------------------------------------
---------------------------------------------------------------------------------
Finished IO Insertion : Time (s): cpu = 00:00:31 ; elapsed = 00:00:36 . Memory (MB): peak = 2446.176 ; gain = 620.301 ; free physical = 960 ; free virtual = 38318
Synthesis current peak Physical Memory [PSS] (MB): peak = 1263.834; parent = 1141.996; children = 123.780
Synthesis current peak Virtual Memory [VSS] (MB): peak = 4023.094; parent = 2414.164; children = 1608.930
---------------------------------------------------------------------------------
---------------------------------------------------------------------------------
Start Renaming Generated Instances
---------------------------------------------------------------------------------
---------------------------------------------------------------------------------
Finished Renaming Generated Instances : Time (s): cpu = 00:00:31 ; elapsed = 00:00:36 . Memory (MB): peak = 2446.176 ; gain = 620.301 ; free physical = 1025 ; free virtual = 38384
Synthesis current peak Physical Memory [PSS] (MB): peak = 1263.834; parent = 1141.996; children = 123.780
Synthesis current peak Virtual Memory [VSS] (MB): peak = 4023.094; parent = 2414.164; children = 1608.930
---------------------------------------------------------------------------------
---------------------------------------------------------------------------------
Start Rebuilding User Hierarchy
---------------------------------------------------------------------------------
---------------------------------------------------------------------------------
Finished Rebuilding User Hierarchy : Time (s): cpu = 00:00:31 ; elapsed = 00:00:36 . Memory (MB): peak = 2446.176 ; gain = 620.301 ; free physical = 1064 ; free virtual = 38422
Synthesis current peak Physical Memory [PSS] (MB): peak = 1263.834; parent = 1141.996; children = 123.780
Synthesis current peak Virtual Memory [VSS] (MB): peak = 4023.094; parent = 2414.164; children = 1608.930
---------------------------------------------------------------------------------
---------------------------------------------------------------------------------
Start Renaming Generated Ports
---------------------------------------------------------------------------------
---------------------------------------------------------------------------------
Finished Renaming Generated Ports : Time (s): cpu = 00:00:31 ; elapsed = 00:00:36 . Memory (MB): peak = 2446.176 ; gain = 620.301 ; free physical = 1054 ; free virtual = 38412
Synthesis current peak Physical Memory [PSS] (MB): peak = 1263.834; parent = 1141.996; children = 123.780
Synthesis current peak Virtual Memory [VSS] (MB): peak = 4023.094; parent = 2414.164; children = 1608.930
---------------------------------------------------------------------------------
---------------------------------------------------------------------------------
Start Handling Custom Attributes
---------------------------------------------------------------------------------
---------------------------------------------------------------------------------
Finished Handling Custom Attributes : Time (s): cpu = 00:00:31 ; elapsed = 00:00:36 . Memory (MB): peak = 2446.176 ; gain = 620.301 ; free physical = 1060 ; free virtual = 38418
Synthesis current peak Physical Memory [PSS] (MB): peak = 1263.834; parent = 1141.996; children = 123.780
Synthesis current peak Virtual Memory [VSS] (MB): peak = 4023.094; parent = 2414.164; children = 1608.930
---------------------------------------------------------------------------------
---------------------------------------------------------------------------------
Start Renaming Generated Nets
---------------------------------------------------------------------------------
---------------------------------------------------------------------------------
Finished Renaming Generated Nets : Time (s): cpu = 00:00:31 ; elapsed = 00:00:37 . Memory (MB): peak = 2446.176 ; gain = 620.301 ; free physical = 1061 ; free virtual = 38420
Synthesis current peak Physical Memory [PSS] (MB): peak = 1263.834; parent = 1141.996; children = 123.780
Synthesis current peak Virtual Memory [VSS] (MB): peak = 4023.094; parent = 2414.164; children = 1608.930
---------------------------------------------------------------------------------
---------------------------------------------------------------------------------
Start Writing Synthesis Report
---------------------------------------------------------------------------------

Report BlackBoxes: 
+-+--------------+----------+
| |BlackBox name |Instances |
+-+--------------+----------+
+-+--------------+----------+

Report Cell Usage: 
+------+------+------+
|      |Cell  |Count |
+------+------+------+
|1     |LUT1  |     9|
|2     |LUT2  |    44|
|3     |LUT3  |    37|
|4     |LUT4  |   106|
|5     |LUT5  |   190|
|6     |LUT6  |   109|
|7     |MUXF7 |   186|
|8     |MUXF8 |    93|
|9     |FDRE  |   296|
|10    |FDSE  |     4|
+------+------+------+
---------------------------------------------------------------------------------
Finished Writing Synthesis Report : Time (s): cpu = 00:00:31 ; elapsed = 00:00:37 . Memory (MB): peak = 2446.176 ; gain = 620.301 ; free physical = 1051 ; free virtual = 38410
Synthesis current peak Physical Memory [PSS] (MB): peak = 1263.834; parent = 1141.996; children = 123.780
Synthesis current peak Virtual Memory [VSS] (MB): peak = 4023.094; parent = 2414.164; children = 1608.930
---------------------------------------------------------------------------------
Synthesis finished with 0 errors, 0 critical warnings and 17 warnings.
Synthesis Optimization Runtime : Time (s): cpu = 00:00:29 ; elapsed = 00:00:34 . Memory (MB): peak = 2446.176 ; gain = 465.551 ; free physical = 1078 ; free virtual = 38436
Synthesis Optimization Complete : Time (s): cpu = 00:00:32 ; elapsed = 00:00:37 . Memory (MB): peak = 2446.176 ; gain = 620.301 ; free physical = 1059 ; free virtual = 38417
INFO: [Project 1-571] Translating synthesized netlist
Netlist sorting complete. Time (s): cpu = 00:00:00.02 ; elapsed = 00:00:00.02 . Memory (MB): peak = 2446.176 ; gain = 0.000 ; free physical = 1166 ; free virtual = 38519
INFO: [Netlist 29-17] Analyzing 279 Unisim elements for replacement
INFO: [Netlist 29-28] Unisim Transformation completed in 0 CPU seconds
INFO: [Project 1-570] Preparing netlist for logic optimization
INFO: [Opt 31-138] Pushed 0 inverter(s) to 0 load pin(s).
Netlist sorting complete. Time (s): cpu = 00:00:00 ; elapsed = 00:00:00 . Memory (MB): peak = 2446.176 ; gain = 0.000 ; free physical = 1154 ; free virtual = 38539
INFO: [Project 1-111] Unisim Transformation Summary:
No Unisim elements were transformed.

Synth Design complete, checksum: 24646c0e
INFO: [Common 17-83] Releasing license: Synthesis
68 Infos, 103 Warnings, 0 Critical Warnings and 0 Errors encountered.
synth_design completed successfully
synth_design: Time (s): cpu = 00:00:40 ; elapsed = 00:00:42 . Memory (MB): peak = 2446.176 ; gain = 888.871 ; free physical = 1312 ; free virtual = 38696
INFO: [Common 17-1381] The checkpoint '/home/tony/Desktop/yolo_2022/Tiny_YOLO_v3_ZYNQ/code/sys/myproj/project_1.runs/design_1_axis_switch_2_0_synth_1/design_1_axis_switch_2_0.dcp' has been generated.
INFO: [Coretcl 2-1648] Added synthesis output to IP cache for IP design_1_axis_switch_2_0, cache-ID = 5a4180c0d87f9b99
INFO: [Coretcl 2-1174] Renamed 15 cell refs.
INFO: [Common 17-1381] The checkpoint '/home/tony/Desktop/yolo_2022/Tiny_YOLO_v3_ZYNQ/code/sys/myproj/project_1.runs/design_1_axis_switch_2_0_synth_1/design_1_axis_switch_2_0.dcp' has been generated.
INFO: [runtcl-4] Executing : report_utilization -file design_1_axis_switch_2_0_utilization_synth.rpt -pb design_1_axis_switch_2_0_utilization_synth.pb
INFO: [Common 17-206] Exiting Vivado at Wed Nov 20 01:56:23 2024...
