last:1351
INFO [HLS SIM]: The maximum depth reached by any hls::stream() instance in the design is 1352
Vivado Simulator v2022.2
Copyright 1986-1999, 2001-2022 Xilinx, Inc. All Rights Reserved.
Running: /tools/Xilinx/Vivado/2022.2/bin/unwrapped/lnx64.o/xelab xil_defaultlib.apatb_yolo_yolo_top_top glbl -Oenable_linking_all_libraries -prj yolo_yolo_top.prj -L smartconnect_v1_0 -L axi_protocol_checker_v1_1_12 -L axi_protocol_checker_v1_1_13 -L axis_protocol_checker_v1_1_11 -L axis_protocol_checker_v1_1_12 -L xil_defaultlib -L unisims_ver -L xpm -L floating_point_v7_0_20 -L floating_point_v7_1_15 --lib ieee_proposed=./ieee_proposed -s yolo_yolo_top 
Multi-threading is on. Using 18 slave threads.
INFO: [VRFC 10-2263] Analyzing SystemVerilog file "/home/tony/Desktop/yolo_2022/Tiny_YOLO_v3_ZYNQ/code/hls/yolo_yolo/yolo_yolo_prj/solution1/sim/verilog/glbl.v" into library work
INFO: [VRFC 10-311] analyzing module glbl
INFO: [VRFC 10-2263] Analyzing SystemVerilog file "/home/tony/Desktop/yolo_2022/Tiny_YOLO_v3_ZYNQ/code/hls/yolo_yolo/yolo_yolo_prj/solution1/sim/verilog/yolo_yolo_top.autotb.v" into library xil_defaultlib
INFO: [VRFC 10-311] analyzing module apatb_yolo_yolo_top_top
INFO: [VRFC 10-2263] Analyzing SystemVerilog file "/home/tony/Desktop/yolo_2022/Tiny_YOLO_v3_ZYNQ/code/hls/yolo_yolo/yolo_yolo_prj/solution1/sim/verilog/AESL_fifo.v" into library xil_defaultlib
INFO: [VRFC 10-311] analyzing module fifo
INFO: [VRFC 10-2263] Analyzing SystemVerilog file "/home/tony/Desktop/yolo_2022/Tiny_YOLO_v3_ZYNQ/code/hls/yolo_yolo/yolo_yolo_prj/solution1/sim/verilog/AESL_axi_s_inStream.v" into library xil_defaultlib
INFO: [VRFC 10-311] analyzing module AESL_axi_s_inStream
INFO: [VRFC 10-2263] Analyzing SystemVerilog file "/home/tony/Desktop/yolo_2022/Tiny_YOLO_v3_ZYNQ/code/hls/yolo_yolo/yolo_yolo_prj/solution1/sim/verilog/AESL_axi_s_outStream.v" into library xil_defaultlib
INFO: [VRFC 10-311] analyzing module AESL_axi_s_outStream
INFO: [VRFC 10-2263] Analyzing SystemVerilog file "/home/tony/Desktop/yolo_2022/Tiny_YOLO_v3_ZYNQ/code/hls/yolo_yolo/yolo_yolo_prj/solution1/sim/verilog/AESL_axi_slave_CTRL_BUS.v" into library xil_defaultlib
INFO: [VRFC 10-311] analyzing module AESL_axi_slave_CTRL_BUS
INFO: [VRFC 10-2263] Analyzing SystemVerilog file "/home/tony/Desktop/yolo_2022/Tiny_YOLO_v3_ZYNQ/code/hls/yolo_yolo/yolo_yolo_prj/solution1/sim/verilog/AESL_deadlock_kernel_monitor_top.v" into library xil_defaultlib
INFO: [VRFC 10-311] analyzing module AESL_deadlock_kernel_monitor_top
INFO: [VRFC 10-2263] Analyzing SystemVerilog file "/home/tony/Desktop/yolo_2022/Tiny_YOLO_v3_ZYNQ/code/hls/yolo_yolo/yolo_yolo_prj/solution1/sim/verilog/AESL_deadlock_idx0_monitor.v" into library xil_defaultlib
INFO: [VRFC 10-311] analyzing module AESL_deadlock_idx0_monitor
INFO: [VRFC 10-2263] Analyzing SystemVerilog file "/home/tony/Desktop/yolo_2022/Tiny_YOLO_v3_ZYNQ/code/hls/yolo_yolo/yolo_yolo_prj/solution1/sim/verilog/AESL_deadlock_idx1_monitor.v" into library xil_defaultlib
INFO: [VRFC 10-311] analyzing module AESL_deadlock_idx1_monitor
INFO: [VRFC 10-2263] Analyzing SystemVerilog file "/home/tony/Desktop/yolo_2022/Tiny_YOLO_v3_ZYNQ/code/hls/yolo_yolo/yolo_yolo_prj/solution1/sim/verilog/yolo_yolo_top_exp_16_8_s.v" into library xil_defaultlib
INFO: [VRFC 10-311] analyzing module yolo_yolo_top_exp_16_8_s
INFO: [VRFC 10-2263] Analyzing SystemVerilog file "/home/tony/Desktop/yolo_2022/Tiny_YOLO_v3_ZYNQ/code/hls/yolo_yolo/yolo_yolo_prj/solution1/sim/verilog/yolo_yolo_top_logistic_activate.v" into library xil_defaultlib
INFO: [VRFC 10-311] analyzing module yolo_yolo_top_logistic_activate
INFO: [VRFC 10-2263] Analyzing SystemVerilog file "/home/tony/Desktop/yolo_2022/Tiny_YOLO_v3_ZYNQ/code/hls/yolo_yolo/yolo_yolo_prj/solution1/sim/verilog/yolo_yolo_top_yolo_yolo_top_Pipeline_VITIS_LOOP_14_1_VITIS_LOOP_17_2_VITIS_LOOP_20_3.v" into library xil_defaultlib
INFO: [VRFC 10-311] analyzing module yolo_yolo_top_yolo_yolo_top_Pipeline_VITIS_LOOP_14_1_VITIS_LOOP_17_2_VITIS_LOOP_20_3
INFO: [VRFC 10-2263] Analyzing SystemVerilog file "/home/tony/Desktop/yolo_2022/Tiny_YOLO_v3_ZYNQ/code/hls/yolo_yolo/yolo_yolo_prj/solution1/sim/verilog/yolo_yolo_top.v" into library xil_defaultlib
INFO: [VRFC 10-311] analyzing module yolo_yolo_top
INFO: [VRFC 10-2263] Analyzing SystemVerilog file "/home/tony/Desktop/yolo_2022/Tiny_YOLO_v3_ZYNQ/code/hls/yolo_yolo/yolo_yolo_prj/solution1/sim/verilog/yolo_yolo_top_flow_control_loop_pipe_sequential_init.v" into library xil_defaultlib
INFO: [VRFC 10-311] analyzing module yolo_yolo_top_flow_control_loop_pipe_sequential_init
INFO: [VRFC 10-2263] Analyzing SystemVerilog file "/home/tony/Desktop/yolo_2022/Tiny_YOLO_v3_ZYNQ/code/hls/yolo_yolo/yolo_yolo_prj/solution1/sim/verilog/yolo_yolo_top_regslice_both.v" into library xil_defaultlib
INFO: [VRFC 10-311] analyzing module yolo_yolo_top_regslice_both
INFO: [VRFC 10-311] analyzing module yolo_yolo_top_regslice_both_w1
INFO: [VRFC 10-2263] Analyzing SystemVerilog file "/home/tony/Desktop/yolo_2022/Tiny_YOLO_v3_ZYNQ/code/hls/yolo_yolo/yolo_yolo_prj/solution1/sim/verilog/yolo_yolo_top_mul_25ns_18ns_43_1_1.v" into library xil_defaultlib
INFO: [VRFC 10-311] analyzing module yolo_yolo_top_mul_25ns_18ns_43_1_1
INFO: [VRFC 10-2263] Analyzing SystemVerilog file "/home/tony/Desktop/yolo_2022/Tiny_YOLO_v3_ZYNQ/code/hls/yolo_yolo/yolo_yolo_prj/solution1/sim/verilog/yolo_yolo_top_mul_25ns_25ns_50_1_1.v" into library xil_defaultlib
INFO: [VRFC 10-311] analyzing module yolo_yolo_top_mul_25ns_25ns_50_1_1
INFO: [VRFC 10-2263] Analyzing SystemVerilog file "/home/tony/Desktop/yolo_2022/Tiny_YOLO_v3_ZYNQ/code/hls/yolo_yolo/yolo_yolo_prj/solution1/sim/verilog/yolo_yolo_top_exp_16_8_s_f_x_lsb_table_V_ROM_AUTO_1R.v" into library xil_defaultlib
INFO: [VRFC 10-311] analyzing module yolo_yolo_top_exp_16_8_s_f_x_lsb_table_V_ROM_AUTO_1R
INFO: [VRFC 10-2263] Analyzing SystemVerilog file "/home/tony/Desktop/yolo_2022/Tiny_YOLO_v3_ZYNQ/code/hls/yolo_yolo/yolo_yolo_prj/solution1/sim/verilog/yolo_yolo_top_exp_16_8_s_exp_x_msb_2_m_1_table_V_ROM_AUTO_1R.v" into library xil_defaultlib
INFO: [VRFC 10-311] analyzing module yolo_yolo_top_exp_16_8_s_exp_x_msb_2_m_1_table_V_ROM_AUTO_1R
INFO: [VRFC 10-2263] Analyzing SystemVerilog file "/home/tony/Desktop/yolo_2022/Tiny_YOLO_v3_ZYNQ/code/hls/yolo_yolo/yolo_yolo_prj/solution1/sim/verilog/yolo_yolo_top_exp_16_8_s_exp_x_msb_1_table_V_ROM_AUTO_1R.v" into library xil_defaultlib
INFO: [VRFC 10-311] analyzing module yolo_yolo_top_exp_16_8_s_exp_x_msb_1_table_V_ROM_AUTO_1R
INFO: [VRFC 10-2263] Analyzing SystemVerilog file "/home/tony/Desktop/yolo_2022/Tiny_YOLO_v3_ZYNQ/code/hls/yolo_yolo/yolo_yolo_prj/solution1/sim/verilog/yolo_yolo_top_sdiv_18ns_17s_18_22_1.v" into library xil_defaultlib
INFO: [VRFC 10-311] analyzing module yolo_yolo_top_sdiv_18ns_17s_18_22_1_divider
INFO: [VRFC 10-311] analyzing module yolo_yolo_top_sdiv_18ns_17s_18_22_1
INFO: [VRFC 10-2263] Analyzing SystemVerilog file "/home/tony/Desktop/yolo_2022/Tiny_YOLO_v3_ZYNQ/code/hls/yolo_yolo/yolo_yolo_prj/solution1/sim/verilog/yolo_yolo_top_mul_5ns_8ns_13_1_1.v" into library xil_defaultlib
INFO: [VRFC 10-311] analyzing module yolo_yolo_top_mul_5ns_8ns_13_1_1
INFO: [VRFC 10-2263] Analyzing SystemVerilog file "/home/tony/Desktop/yolo_2022/Tiny_YOLO_v3_ZYNQ/code/hls/yolo_yolo/yolo_yolo_prj/solution1/sim/verilog/yolo_yolo_top_CTRL_BUS_s_axi.v" into library xil_defaultlib
INFO: [VRFC 10-311] analyzing module yolo_yolo_top_CTRL_BUS_s_axi
INFO: [VRFC 10-2263] Analyzing SystemVerilog file "/home/tony/Desktop/yolo_2022/Tiny_YOLO_v3_ZYNQ/code/hls/yolo_yolo/yolo_yolo_prj/solution1/sim/verilog/dataflow_monitor.sv" into library xil_defaultlib
INFO: [VRFC 10-311] analyzing module dataflow_monitor
Starting static elaboration
Pass Through NonSizing Optimizer
WARNING: [VRFC 10-3645] port 'axis_block_info' remains unconnected for this instance [/home/tony/Desktop/yolo_2022/Tiny_YOLO_v3_ZYNQ/code/hls/yolo_yolo/yolo_yolo_prj/solution1/sim/verilog/AESL_deadlock_kernel_monitor_top.v:20]
Completed static elaboration
Starting simulation data flow analysis
Completed simulation data flow analysis
Time Resolution for simulation is 1ps
Compiling package xil_defaultlib.$unit_dataflow_monitor_sv
Compiling module xil_defaultlib.yolo_yolo_top_exp_16_8_s_f_x_lsb...
Compiling module xil_defaultlib.yolo_yolo_top_exp_16_8_s_exp_x_m...
Compiling module xil_defaultlib.yolo_yolo_top_exp_16_8_s_exp_x_m...
Compiling module xil_defaultlib.yolo_yolo_top_mul_25ns_18ns_43_1...
Compiling module xil_defaultlib.yolo_yolo_top_mul_25ns_25ns_50_1...
Compiling module xil_defaultlib.yolo_yolo_top_exp_16_8_s
Compiling module xil_defaultlib.yolo_yolo_top_sdiv_18ns_17s_18_2...
Compiling module xil_defaultlib.yolo_yolo_top_sdiv_18ns_17s_18_2...
Compiling module xil_defaultlib.yolo_yolo_top_logistic_activate
Compiling module xil_defaultlib.yolo_yolo_top_flow_control_loop_...
Compiling module xil_defaultlib.yolo_yolo_top_yolo_yolo_top_Pipe...
Compiling module xil_defaultlib.yolo_yolo_top_CTRL_BUS_s_axi
Compiling module xil_defaultlib.yolo_yolo_top_mul_5ns_8ns_13_1_1...
Compiling module xil_defaultlib.yolo_yolo_top_regslice_both(Data...
Compiling module xil_defaultlib.yolo_yolo_top
Compiling module xil_defaultlib.fifo(DEPTH=1352,WIDTH=112)
Compiling module xil_defaultlib.AESL_axi_s_inStream
Compiling module xil_defaultlib.AESL_axi_s_outStream
Compiling module xil_defaultlib.AESL_axi_slave_CTRL_BUS
Compiling module xil_defaultlib.AESL_deadlock_idx1_monitor
Compiling module xil_defaultlib.AESL_deadlock_idx0_monitor
Compiling module xil_defaultlib.AESL_deadlock_kernel_monitor_top...
Compiling module xil_defaultlib.nodf_module_intf
Compiling module xil_defaultlib.upc_loop_intf(FSM_WIDTH=4)
Compiling module xil_defaultlib.dataflow_monitor_1
Compiling module xil_defaultlib.apatb_yolo_yolo_top_top
Compiling module work.glbl
Built simulation snapshot yolo_yolo_top

****** xsim v2022.2 (64-bit)
  **** SW Build 3671981 on Fri Oct 14 04:59:54 MDT 2022
  **** IP Build 3669848 on Fri Oct 14 08:30:02 MDT 2022
    ** Copyright 1986-2022 Xilinx, Inc. All Rights Reserved.

source xsim.dir/yolo_yolo_top/xsim_script.tcl
# xsim {yolo_yolo_top} -autoloadwcfg -tclbatch {yolo_yolo_top.tcl}
Time resolution is 1 ps
source yolo_yolo_top.tcl
## run all
////////////////////////////////////////////////////////////////////////////////////
// Inter-Transaction Progress: Completed Transaction / Total Transaction
// Intra-Transaction Progress: Measured Latency / Latency Estimation * 100%
//
// RTL Simulation : "Inter-Transaction Progress" ["Intra-Transaction Progress"] @ "Simulation Time"
////////////////////////////////////////////////////////////////////////////////////
// RTL Simulation : 0 / 1 [0.00%] @ "125000"
// RTL Simulation : 1 / 1 [100.00%] @ "55025000"
////////////////////////////////////////////////////////////////////////////////////
$finish called at time : 55085 ns : File "/home/tony/Desktop/yolo_2022/Tiny_YOLO_v3_ZYNQ/code/hls/yolo_yolo/yolo_yolo_prj/solution1/sim/verilog/yolo_yolo_top.autotb.v" Line 367
## quit
INFO: [Common 17-206] Exiting xsim at Tue Nov 19 00:01:15 2024...
last:1351
INFO [HLS SIM]: The maximum depth reached by any hls::stream() instance in the design is 1352
